
Gurobi 9.1.2 (linux64) logging started Mon Jun 28 13:02:29 2021


Gurobi 9.1.2 (linux64) logging started Mon Jun 28 13:02:32 2021

Gurobi Optimizer version 9.1.2 build v9.1.2rc0 (linux64)
Thread count: 40 physical cores, 40 logical processors, using up to 32 threads
Optimize a model with 3390066 rows, 1314095 columns and 9752159 nonzeros
Model fingerprint: 0x1f9fc358
Coefficient statistics:
  Matrix range     [3e-04, 1e+00]
  Objective range  [1e+01, 4e+05]
  Bounds range     [1e+03, 8e+06]
  RHS range        [6e+00, 1e+09]
Presolve removed 283740 rows and 940552 columns (presolve time = 7s) ...
Presolve removed 284301 rows and 959278 columns (presolve time = 10s) ...
Presolve removed 284301 rows and 959278 columns
Presolve time: 10.97s
Presolved: 1029794 rows, 2430788 columns, 8152295 nonzeros
Elapsed ordering time = 179s
Elapsed ordering time = 183s
Elapsed ordering time = 185s
Elapsed ordering time = 190s
Elapsed ordering time = 195s
Elapsed ordering time = 200s
Elapsed ordering time = 205s
Elapsed ordering time = 210s
Elapsed ordering time = 215s
Ordering time: 234.00s

Barrier statistics:
 Dense cols : 2
 Free vars  : 93440
 AA' NZ     : 1.102e+07
 Factor NZ  : 1.341e+08 (roughly 2.5 GBytes of memory)
 Factor Ops : 3.826e+10 (less than 1 second per iteration)
 Threads    : 32

                  Objective                Residual
Iter       Primal          Dual         Primal    Dual     Compl     Time
   0  -1.09302231e+16  1.69509874e+12  5.68e+08 4.78e+06  2.25e+12   297s
   1  -8.70628809e+15  1.12153145e+14  1.91e+08 5.13e+07  9.01e+11   354s
   2  -7.45197332e+15  1.86314744e+14  8.42e+07 4.73e+07  5.95e+11   417s
   3  -6.15486098e+15  2.10494766e+15  3.03e+07 9.93e+06  1.64e+11   493s
   4  -5.98427459e+15  2.69476013e+15  2.89e+07 3.00e+06  1.17e+11   553s
   5  -3.16780006e+15  2.81473916e+15  1.08e+07 1.80e+06  4.86e+10   598s
   6  -1.40677112e+15  2.80810351e+15  3.84e+06 7.42e+05  1.84e+10   646s
   7  -5.64613407e+14  2.55768993e+15  1.23e+06 2.95e+05  6.55e+09   691s
   8  -1.14034976e+14  2.05331394e+15  7.58e+04 1.54e+05  1.72e+09   746s
   9  -8.02661539e+13  1.10557812e+15  2.83e+04 6.58e+04  7.70e+08   795s
  10  -5.82412063e+13  5.14485439e+14  5.08e+03 2.65e+04  3.18e+08   852s
  11  -4.74357577e+13  2.93007610e+14  1.65e+03 1.43e+04  1.73e+08   901s
  12  -3.56226708e+13  1.27812089e+14  5.25e+02 5.89e+03  7.42e+07   958s
  13  -2.34996184e+13  4.83528484e+13  1.44e+02 2.03e+03  2.86e+07  1032s
  14  -1.29888250e+13  2.28205273e+13  4.58e+01 8.98e+02  1.31e+07  1090s
  15  -8.38400283e+12  7.85427172e+12  2.66e+01 2.85e+02  5.52e+06  1140s
  16  -3.57146868e+12  4.19680100e+12  9.64e+00 1.44e+02  2.55e+06  1185s
  17  -1.08298305e+12  2.12656330e+12  2.81e+00 6.74e+01  1.03e+06  1231s
  18  -4.00736407e+11  7.69542178e+11  1.06e+00 2.21e+01  3.69e+05  1280s
  19  -2.49706947e+11  4.79039809e+11  7.55e-01 1.19e+01  2.29e+05  1339s
  20  -6.58328178e+10  3.58553826e+11  3.67e-01 7.80e+00  1.33e+05  1388s
  21   2.20367428e+10  2.85796477e+11  1.91e-01 5.29e+00  8.26e+04  1448s
  22   6.78660220e+10  2.21316715e+11  1.07e-01 2.96e+00  4.80e+04  1521s
  23   8.52016289e+10  1.98102178e+11  7.31e-02 2.21e+00  3.53e+04  1584s
  24   9.54356152e+10  1.88295348e+11  5.49e-02 1.91e+00  2.90e+04  1630s
  25   9.78733084e+10  1.83232471e+11  5.05e-02 1.75e+00  2.67e+04  1681s
  26   1.02358402e+11  1.77525757e+11  4.24e-02 1.57e+00  2.35e+04  1728s
  27   1.04157529e+11  1.69895309e+11  3.90e-02 1.35e+00  2.05e+04  1790s
  28   1.07832269e+11  1.62401479e+11  3.27e-02 1.11e+00  1.70e+04  1862s
  29   1.12208206e+11  1.59089913e+11  2.54e-02 1.01e+00  1.46e+04  1953s
  30   1.13706382e+11  1.57674353e+11  2.31e-02 9.61e-01  1.37e+04  2044s
  31   1.14319385e+11  1.56696711e+11  2.21e-02 9.27e-01  1.32e+04  2126s
  32   1.16699605e+11  1.52991017e+11  1.84e-02 8.07e-01  1.13e+04  2221s
  33   1.18583558e+11  1.50841281e+11  1.55e-02 7.37e-01  1.01e+04  2316s
  34   1.19582788e+11  1.45674289e+11  1.40e-02 5.69e-01  8.15e+03  2409s
  35   1.20384922e+11  1.42925943e+11  1.28e-02 4.74e-01  7.04e+03  2501s
  36   1.21564998e+11  1.41691185e+11  1.11e-02 4.33e-01  6.29e+03  2589s
  37   1.22368827e+11  1.40403425e+11  9.91e-03 3.89e-01  5.63e+03  2682s
  38   1.22877000e+11  1.38214321e+11  9.16e-03 3.15e-01  4.79e+03  2771s
  39   1.23303853e+11  1.38014520e+11  8.50e-03 3.08e-01  4.59e+03  2835s
  40   1.23667993e+11  1.37402220e+11  7.91e-03 2.87e-01  4.29e+03  2913s
  41   1.24043526e+11  1.36920046e+11  7.33e-03 2.70e-01  4.02e+03  2993s
  42   1.24929221e+11  1.36089481e+11  6.00e-03 2.42e-01  3.49e+03  3086s
  43   1.25891372e+11  1.34981121e+11  4.54e-03 2.04e-01  2.84e+03  3178s
  44   1.26080568e+11  1.34011918e+11  4.26e-03 1.71e-01  2.48e+03  3263s
  45   1.26711277e+11  1.33358383e+11  3.38e-03 1.49e-01  2.08e+03  3351s
  46   1.27075914e+11  1.32920540e+11  2.85e-03 1.33e-01  1.83e+03  3439s
  47   1.27507289e+11  1.32757043e+11  2.24e-03 1.27e-01  1.64e+03  3530s
  48   1.27715834e+11  1.32009538e+11  1.96e-03 1.01e-01  1.34e+03  3619s
  49   1.28043779e+11  1.31683960e+11  1.51e-03 9.03e-02  1.14e+03  3707s
  50   1.28291817e+11  1.31100636e+11  1.17e-03 6.95e-02  8.77e+02  3796s
  51   1.28445578e+11  1.30788166e+11  1.45e-03 5.82e-02  7.32e+02  3886s
  52   1.28535239e+11  1.30492085e+11  2.20e-03 4.76e-02  6.11e+02  3973s
  53   1.28586970e+11  1.30389981e+11  2.65e-03 4.39e-02  5.63e+02  4057s
  54   1.28665748e+11  1.30202970e+11  3.47e-03 3.70e-02  4.80e+02  4143s
  55   1.28748096e+11  1.30069664e+11  4.75e-03 3.21e-02  4.13e+02  4230s
  56   1.28814400e+11  1.29928283e+11  7.21e-03 2.71e-02  3.48e+02  4318s
  57   1.28893530e+11  1.29833492e+11  9.19e-03 2.36e-02  2.94e+02  4407s
  58   1.28926539e+11  1.29725758e+11  9.86e-03 1.97e-02  2.50e+02  4493s
  59   1.28952979e+11  1.29643957e+11  1.16e-02 1.67e-02  2.16e+02  4578s
  60   1.28958943e+11  1.29610852e+11  1.19e-02 1.56e-02  2.04e+02  4665s
  61   1.28979557e+11  1.29558101e+11  1.17e-02 1.37e-02  1.81e+02  4753s
  62   1.29008163e+11  1.29537941e+11  1.28e-02 1.30e-02  1.65e+02  4842s
  63   1.29021404e+11  1.29467205e+11  1.31e-02 1.04e-02  1.39e+02  4930s
  64   1.29048636e+11  1.29428685e+11  1.38e-02 8.99e-03  1.19e+02  5007s
  65   1.29056185e+11  1.29404328e+11  1.41e-02 8.12e-03  1.09e+02  5090s
  66   1.29075598e+11  1.29377681e+11  1.69e-02 9.46e-03  9.43e+01  5175s
  67   1.29088209e+11  1.29355242e+11  1.51e-02 1.03e-02  8.34e+01  5262s
  68   1.29105926e+11  1.29333507e+11  1.71e-02 1.19e-02  7.11e+01  5349s
  69   1.29112468e+11  1.29312584e+11  1.80e-02 1.38e-02  6.25e+01  5437s
  70   1.29122430e+11  1.29296792e+11  1.85e-02 1.52e-02  5.45e+01  5524s
  71   1.29127981e+11  1.29288506e+11  1.94e-02 1.60e-02  5.01e+01  5598s
  72   1.29134232e+11  1.29265435e+11  1.92e-02 1.78e-02  4.10e+01  5685s
  73   1.29137807e+11  1.29257454e+11  1.89e-02 1.86e-02  3.74e+01  5770s
  74   1.29142719e+11  1.29241024e+11  1.80e-02 2.00e-02  3.07e+01  5854s
  75   1.29145394e+11  1.29236957e+11  1.78e-02 2.05e-02  2.86e+01  5938s
  76   1.29150209e+11  1.29230143e+11  1.62e-02 2.12e-02  2.50e+01  6012s
  77   1.29151993e+11  1.29222963e+11  1.59e-02 2.19e-02  2.22e+01  6100s
  78   1.29156528e+11  1.29217718e+11  1.51e-02 2.24e-02  1.91e+01  6187s
  79   1.29158122e+11  1.29212693e+11  1.57e-02 2.29e-02  1.70e+01  6274s
  80   1.29160729e+11  1.29208357e+11  1.65e-02 2.32e-02  1.49e+01  6362s
  81   1.29163285e+11  1.29204609e+11  1.72e-02 2.35e-02  1.29e+01  6448s
  82   1.29165517e+11  1.29202093e+11  1.72e-02 2.36e-02  1.14e+01  6531s
  83   1.29166807e+11  1.29198910e+11  1.95e-02 2.39e-02  1.00e+01  6617s
  84   1.29167694e+11  1.29195216e+11  2.03e-02 2.41e-02  8.60e+00  6703s
  85   1.29168534e+11  1.29193030e+11  2.11e-02 2.41e-02  7.65e+00  6788s
  86   1.29168870e+11  1.29191264e+11  2.11e-02 2.42e-02  7.00e+00  6877s
  87   1.29169595e+11  1.29188967e+11  2.12e-02 2.41e-02  6.05e+00  6965s
  88   1.29170408e+11  1.29187693e+11  2.25e-02 2.42e-02  5.40e+00  7050s
  89   1.29170676e+11  1.29186094e+11  2.32e-02 2.41e-02  4.82e+00  7121s
  90   1.29171097e+11  1.29185039e+11  2.38e-02 2.37e-02  4.36e+00  7190s
  91   1.29171982e+11  1.29184154e+11  2.48e-02 2.34e-02  3.81e+00  7277s
  92   1.29172294e+11  1.29183294e+11  2.48e-02 2.27e-02  3.44e+00  7362s
  93   1.29172438e+11  1.29182132e+11  2.48e-02 2.16e-02  3.03e+00  7446s
  94   1.29172920e+11  1.29181144e+11  2.09e-02 1.81e-02  2.57e+00  7526s
  95   1.29173250e+11  1.29179953e+11  1.80e-02 1.42e-02  2.10e+00  7618s
  96   1.29173538e+11  1.29179328e+11  1.56e-02 1.23e-02  1.81e+00  7717s
  97   1.29173785e+11  1.29178812e+11  1.36e-02 1.08e-02  1.57e+00  7817s
  98   1.29174148e+11  1.29178262e+11  1.07e-02 9.06e-03  1.29e+00  7916s
  99   1.29174362e+11  1.29177804e+11  9.05e-03 7.64e-03  1.08e+00  8014s
 100   1.29174524e+11  1.29177557e+11  7.76e-03 6.88e-03  9.48e-01  8113s
 101   1.29174636e+11  1.29177324e+11  6.84e-03 6.13e-03  8.40e-01  8236s
 102   1.29174742e+11  1.29177129e+11  5.99e-03 5.50e-03  7.46e-01  8370s
 103   1.29174826e+11  1.29176685e+11  5.30e-03 4.16e-03  5.81e-01  8537s
 104   1.29174939e+11  1.29176512e+11  8.03e-03 3.57e-03  4.92e-01  8684s
 105   1.29174978e+11  1.29176421e+11  1.09e-02 3.26e-03  4.51e-01  8840s
 106   1.29175090e+11  1.29176258e+11  1.90e-02 2.69e-03  3.65e-01  8994s
 107   1.29175110e+11  1.29176231e+11  1.99e-02 2.60e-03  3.51e-01  9179s
 108   1.29175159e+11  1.29176143e+11  1.77e-02 2.29e-03  3.08e-01  9441s
 109   1.29175239e+11  1.29175969e+11  1.35e-02 1.71e-03  2.28e-01  9558s
 110   1.29175259e+11  1.29175882e+11  1.26e-02 1.42e-03  1.95e-01  9673s
 111   1.29175345e+11  1.29175695e+11  7.90e-03 7.99e-04  1.10e-01  9789s
 112   1.29175345e+11  1.29175695e+11  7.90e-03 7.99e-04  1.10e-01  9875s
 113   1.29175393e+11  1.29175665e+11  4.54e-03 6.82e-04  8.51e-02  9997s
 114   1.29175393e+11  1.29175665e+11  4.53e-03 6.81e-04  8.49e-02  10075s
 115   1.29175393e+11  1.29175665e+11  4.53e-03 6.81e-04  8.49e-02  10152s
 116   1.29175393e+11  1.29175665e+11  4.53e-03 6.81e-04  8.49e-02  10232s
 117   1.29175393e+11  1.29175665e+11  4.53e-03 6.81e-04  8.49e-02  10310s
 118   1.29175393e+11  1.29175664e+11  4.49e-03 6.78e-04  8.44e-02  10391s
 119   1.29175393e+11  1.29175664e+11  4.49e-03 6.78e-04  8.44e-02  10474s
 120   1.29175393e+11  1.29175664e+11  4.49e-03 6.77e-04  8.44e-02  10559s
 121   1.29175393e+11  1.29175664e+11  4.48e-03 6.76e-04  8.43e-02  10639s
 122   1.29175393e+11  1.29175664e+11  4.48e-03 6.76e-04  8.43e-02  10719s
 123   1.29175395e+11  1.29175661e+11  4.38e-03 6.68e-04  8.32e-02  10802s

Barrier performed 123 iterations in 10801.54 seconds
Time limit reached


User-callback calls 1286464, time in user-callback 1.15 sec

Gurobi 9.1.2 (linux64) logging started Mon Jun 28 16:09:54 2021


Gurobi 9.1.2 (linux64) logging started Mon Jun 28 16:09:56 2021

Gurobi Optimizer version 9.1.2 build v9.1.2rc0 (linux64)
Thread count: 40 physical cores, 40 logical processors, using up to 32 threads
Optimize a model with 3390066 rows, 1314095 columns and 9752159 nonzeros
Model fingerprint: 0x1f9fc358
Coefficient statistics:
  Matrix range     [3e-04, 1e+00]
  Objective range  [1e+01, 4e+05]
  Bounds range     [1e+03, 8e+06]
  RHS range        [6e+00, 1e+09]
Presolve removed 283740 rows and 940552 columns (presolve time = 6s) ...
Presolve removed 284301 rows and 959278 columns
Presolve time: 8.89s
Presolved: 1029794 rows, 2430788 columns, 8152295 nonzeros
Elapsed ordering time = 156s
Elapsed ordering time = 160s
Elapsed ordering time = 165s
Elapsed ordering time = 170s
Elapsed ordering time = 175s
Elapsed ordering time = 180s
Elapsed ordering time = 185s
Ordering time: 188.51s

Barrier statistics:
 Dense cols : 2
 Free vars  : 93440
 AA' NZ     : 1.102e+07
 Factor NZ  : 1.341e+08 (roughly 2.5 GBytes of memory)
 Factor Ops : 3.826e+10 (less than 1 second per iteration)
 Threads    : 32

                  Objective                Residual
Iter       Primal          Dual         Primal    Dual     Compl     Time
   0  -1.09302231e+16  1.69509874e+12  5.68e+08 4.78e+06  2.25e+12   241s
   1  -8.70628809e+15  1.12153145e+14  1.91e+08 5.13e+07  9.01e+11   287s
   2  -7.45197332e+15  1.86314744e+14  8.42e+07 4.73e+07  5.95e+11   341s
   3  -6.15486098e+15  2.10494766e+15  3.03e+07 9.93e+06  1.64e+11   405s
   4  -5.98427459e+15  2.69476013e+15  2.89e+07 3.00e+06  1.17e+11   453s
   5  -3.16780006e+15  2.81473916e+15  1.08e+07 1.80e+06  4.86e+10   495s
   6  -1.40677112e+15  2.80810351e+15  3.84e+06 7.42e+05  1.84e+10   534s
   7  -5.64613407e+14  2.55768993e+15  1.23e+06 2.95e+05  6.55e+09   572s
   8  -1.14034976e+14  2.05331394e+15  7.58e+04 1.54e+05  1.72e+09   623s
   9  -8.02661539e+13  1.10557812e+15  2.83e+04 6.58e+04  7.70e+08   663s
  10  -5.82412063e+13  5.14485439e+14  5.08e+03 2.65e+04  3.18e+08   714s
  11  -4.74357577e+13  2.93007610e+14  1.65e+03 1.43e+04  1.73e+08   753s
  12  -3.56226708e+13  1.27812089e+14  5.25e+02 5.89e+03  7.42e+07   803s
  13  -2.34996184e+13  4.83528484e+13  1.44e+02 2.03e+03  2.86e+07   863s
  14  -1.29888250e+13  2.28205273e+13  4.58e+01 8.98e+02  1.31e+07   913s
  15  -8.38400283e+12  7.85427172e+12  2.66e+01 2.85e+02  5.52e+06   953s
  16  -3.57146868e+12  4.19680100e+12  9.64e+00 1.44e+02  2.55e+06   995s
  17  -1.08298305e+12  2.12656330e+12  2.81e+00 6.74e+01  1.03e+06  1033s
  18  -4.00736407e+11  7.69542178e+11  1.06e+00 2.21e+01  3.69e+05  1071s
  19  -2.49706947e+11  4.79039809e+11  7.55e-01 1.19e+01  2.29e+05  1122s
  20  -6.58328178e+10  3.58553826e+11  3.67e-01 7.80e+00  1.33e+05  1159s
  21   2.20367428e+10  2.85796477e+11  1.91e-01 5.29e+00  8.26e+04  1209s
  22   6.78660220e+10  2.21316715e+11  1.07e-01 2.96e+00  4.80e+04  1267s
  23   8.52016289e+10  1.98102178e+11  7.31e-02 2.21e+00  3.53e+04  1317s
  24   9.54356152e+10  1.88295348e+11  5.49e-02 1.91e+00  2.90e+04  1355s
  25   9.78733084e+10  1.83232471e+11  5.05e-02 1.75e+00  2.67e+04  1395s
  26   1.02358402e+11  1.77525757e+11  4.24e-02 1.57e+00  2.35e+04  1433s
  27   1.04157529e+11  1.69895309e+11  3.90e-02 1.35e+00  2.05e+04  1484s
  28   1.07832269e+11  1.62401479e+11  3.27e-02 1.11e+00  1.70e+04  1543s
  29   1.12208206e+11  1.59089913e+11  2.54e-02 1.01e+00  1.46e+04  1617s
  30   1.13706382e+11  1.57674353e+11  2.31e-02 9.61e-01  1.37e+04  1688s
  31   1.14319385e+11  1.56696711e+11  2.21e-02 9.27e-01  1.32e+04  1751s
  32   1.16699605e+11  1.52991017e+11  1.84e-02 8.07e-01  1.13e+04  1826s
  33   1.18583558e+11  1.50841281e+11  1.55e-02 7.37e-01  1.01e+04  1901s
  34   1.19582788e+11  1.45674289e+11  1.40e-02 5.69e-01  8.15e+03  1973s
  35   1.20384922e+11  1.42925943e+11  1.28e-02 4.74e-01  7.04e+03  2047s
  36   1.21564998e+11  1.41691185e+11  1.11e-02 4.33e-01  6.29e+03  2122s
  37   1.22368827e+11  1.40403425e+11  9.91e-03 3.89e-01  5.63e+03  2193s
  38   1.22877000e+11  1.38214321e+11  9.16e-03 3.15e-01  4.79e+03  2267s
  39   1.23303853e+11  1.38014520e+11  8.50e-03 3.08e-01  4.59e+03  2320s
  40   1.23667993e+11  1.37402220e+11  7.91e-03 2.87e-01  4.29e+03  2379s
  41   1.24043526e+11  1.36920046e+11  7.33e-03 2.70e-01  4.02e+03  2443s
  42   1.24929221e+11  1.36089481e+11  6.00e-03 2.42e-01  3.49e+03  2520s
  43   1.25891372e+11  1.34981121e+11  4.54e-03 2.04e-01  2.84e+03  2590s
  44   1.26080568e+11  1.34011918e+11  4.26e-03 1.71e-01  2.48e+03  2664s
  45   1.26711277e+11  1.33358383e+11  3.38e-03 1.49e-01  2.08e+03  2739s
  46   1.27075914e+11  1.32920540e+11  2.85e-03 1.33e-01  1.83e+03  2814s
  47   1.27507289e+11  1.32757043e+11  2.24e-03 1.27e-01  1.64e+03  2886s
  48   1.27715834e+11  1.32009538e+11  1.96e-03 1.01e-01  1.34e+03  2961s
  49   1.28043779e+11  1.31683960e+11  1.51e-03 9.03e-02  1.14e+03  3035s
  50   1.28291817e+11  1.31100636e+11  1.17e-03 6.95e-02  8.77e+02  3110s
  51   1.28445578e+11  1.30788166e+11  1.45e-03 5.82e-02  7.32e+02  3186s
  52   1.28535239e+11  1.30492085e+11  2.20e-03 4.76e-02  6.11e+02  3255s
  53   1.28586970e+11  1.30389981e+11  2.65e-03 4.39e-02  5.63e+02  3328s
  54   1.28665748e+11  1.30202970e+11  3.47e-03 3.70e-02  4.80e+02  3404s
  55   1.28748096e+11  1.30069664e+11  4.75e-03 3.21e-02  4.13e+02  3479s
  56   1.28814400e+11  1.29928283e+11  7.21e-03 2.71e-02  3.48e+02  3550s
  57   1.28893530e+11  1.29833492e+11  9.19e-03 2.36e-02  2.94e+02  3623s
  58   1.28926539e+11  1.29725758e+11  9.86e-03 1.97e-02  2.50e+02  3695s
  59   1.28952979e+11  1.29643957e+11  1.16e-02 1.67e-02  2.16e+02  3765s
  60   1.28958943e+11  1.29610852e+11  1.19e-02 1.56e-02  2.04e+02  3838s
  61   1.28979557e+11  1.29558101e+11  1.17e-02 1.37e-02  1.81e+02  3915s
  62   1.29008163e+11  1.29537941e+11  1.28e-02 1.30e-02  1.65e+02  3985s
  63   1.29021404e+11  1.29467205e+11  1.31e-02 1.04e-02  1.39e+02  4060s
  64   1.29048636e+11  1.29428685e+11  1.38e-02 8.99e-03  1.19e+02  4124s
  65   1.29056185e+11  1.29404328e+11  1.41e-02 8.12e-03  1.09e+02  4195s
  66   1.29075598e+11  1.29377681e+11  1.69e-02 9.46e-03  9.43e+01  4269s
  67   1.29088209e+11  1.29355242e+11  1.51e-02 1.03e-02  8.34e+01  4341s
  68   1.29105926e+11  1.29333507e+11  1.71e-02 1.19e-02  7.11e+01  4413s
  69   1.29112468e+11  1.29312584e+11  1.80e-02 1.38e-02  6.25e+01  4486s
  70   1.29122430e+11  1.29296792e+11  1.85e-02 1.52e-02  5.45e+01  4557s
  71   1.29127981e+11  1.29288506e+11  1.94e-02 1.60e-02  5.01e+01  4620s
  72   1.29134232e+11  1.29265435e+11  1.92e-02 1.78e-02  4.10e+01  4691s
  73   1.29137807e+11  1.29257454e+11  1.89e-02 1.86e-02  3.74e+01  4764s
  74   1.29142719e+11  1.29241024e+11  1.80e-02 2.00e-02  3.07e+01  4838s
  75   1.29145394e+11  1.29236957e+11  1.78e-02 2.05e-02  2.86e+01  4908s
  76   1.29150209e+11  1.29230143e+11  1.62e-02 2.12e-02  2.50e+01  4971s
  77   1.29151993e+11  1.29222963e+11  1.59e-02 2.19e-02  2.22e+01  5045s
  78   1.29156528e+11  1.29217718e+11  1.51e-02 2.24e-02  1.91e+01  5120s
  79   1.29158122e+11  1.29212693e+11  1.57e-02 2.29e-02  1.70e+01  5190s
  80   1.29160729e+11  1.29208357e+11  1.65e-02 2.32e-02  1.49e+01  5265s
  81   1.29163285e+11  1.29204609e+11  1.72e-02 2.35e-02  1.29e+01  5339s
  82   1.29165517e+11  1.29202093e+11  1.72e-02 2.36e-02  1.14e+01  5415s
  83   1.29166807e+11  1.29198910e+11  1.95e-02 2.39e-02  1.00e+01  5487s
  84   1.29167694e+11  1.29195216e+11  2.03e-02 2.41e-02  8.60e+00  5560s
  85   1.29168534e+11  1.29193030e+11  2.11e-02 2.41e-02  7.65e+00  5634s
  86   1.29168870e+11  1.29191264e+11  2.11e-02 2.42e-02  7.00e+00  5708s
  87   1.29169595e+11  1.29188967e+11  2.12e-02 2.41e-02  6.05e+00  5779s
  88   1.29170408e+11  1.29187693e+11  2.25e-02 2.42e-02  5.40e+00  5853s
  89   1.29170676e+11  1.29186094e+11  2.32e-02 2.41e-02  4.82e+00  5916s
  90   1.29171097e+11  1.29185039e+11  2.38e-02 2.37e-02  4.36e+00  5975s
  91   1.29171982e+11  1.29184154e+11  2.48e-02 2.34e-02  3.81e+00  6047s
  92   1.29172294e+11  1.29183294e+11  2.48e-02 2.27e-02  3.44e+00  6121s
  93   1.29172438e+11  1.29182132e+11  2.48e-02 2.16e-02  3.03e+00  6192s
  94   1.29172920e+11  1.29181144e+11  2.09e-02 1.81e-02  2.57e+00  6259s
  95   1.29173250e+11  1.29179953e+11  1.80e-02 1.42e-02  2.10e+00  6339s
  96   1.29173538e+11  1.29179328e+11  1.56e-02 1.23e-02  1.81e+00  6425s
  97   1.29173785e+11  1.29178812e+11  1.36e-02 1.08e-02  1.57e+00  6512s
  98   1.29174148e+11  1.29178262e+11  1.07e-02 9.06e-03  1.29e+00  6593s
  99   1.29174362e+11  1.29177804e+11  9.05e-03 7.64e-03  1.08e+00  6676s
 100   1.29174524e+11  1.29177557e+11  7.76e-03 6.88e-03  9.48e-01  6759s
 101   1.29174636e+11  1.29177324e+11  6.84e-03 6.13e-03  8.40e-01  6862s
 102   1.29174742e+11  1.29177129e+11  5.99e-03 5.50e-03  7.46e-01  6970s
 103   1.29174826e+11  1.29176685e+11  5.30e-03 4.16e-03  5.81e-01  7111s
 104   1.29174939e+11  1.29176512e+11  8.03e-03 3.57e-03  4.92e-01  7257s
 105   1.29174978e+11  1.29176421e+11  1.09e-02 3.26e-03  4.51e-01  7418s
 106   1.29175090e+11  1.29176258e+11  1.90e-02 2.69e-03  3.65e-01  7582s
 107   1.29175110e+11  1.29176231e+11  1.99e-02 2.60e-03  3.51e-01  7775s
 108   1.29175159e+11  1.29176143e+11  1.77e-02 2.29e-03  3.08e-01  8061s
 109   1.29175239e+11  1.29175969e+11  1.35e-02 1.71e-03  2.28e-01  8185s
 110   1.29175259e+11  1.29175882e+11  1.26e-02 1.42e-03  1.95e-01  8307s
 111   1.29175345e+11  1.29175695e+11  7.90e-03 7.99e-04  1.10e-01  8430s
 112   1.29175345e+11  1.29175695e+11  7.90e-03 7.99e-04  1.10e-01  8521s
 113   1.29175393e+11  1.29175665e+11  4.54e-03 6.82e-04  8.51e-02  8652s
 114   1.29175393e+11  1.29175665e+11  4.53e-03 6.81e-04  8.49e-02  8735s
 115   1.29175393e+11  1.29175665e+11  4.53e-03 6.81e-04  8.49e-02  8818s
 116   1.29175393e+11  1.29175665e+11  4.53e-03 6.81e-04  8.49e-02  8904s
 117   1.29175393e+11  1.29175665e+11  4.53e-03 6.81e-04  8.49e-02  8990s
 118   1.29175393e+11  1.29175664e+11  4.49e-03 6.78e-04  8.44e-02  9073s
 119   1.29175393e+11  1.29175664e+11  4.49e-03 6.78e-04  8.44e-02  9159s
 120   1.29175393e+11  1.29175664e+11  4.49e-03 6.77e-04  8.44e-02  9244s
 121   1.29175393e+11  1.29175664e+11  4.48e-03 6.76e-04  8.43e-02  9331s
 122   1.29175393e+11  1.29175664e+11  4.48e-03 6.76e-04  8.43e-02  9414s
 123   1.29175395e+11  1.29175661e+11  4.38e-03 6.68e-04  8.32e-02  9497s

Barrier performed 123 iterations in 9497.19 seconds
Sub-optimal termination - objective 1.29175393e+11


User-callback calls 1268723, time in user-callback 0.95 sec
