
Gurobi 9.1.2 (linux64) logging started Thu Aug  5 16:10:59 2021


Gurobi 9.1.2 (linux64) logging started Thu Aug  5 16:11:08 2021

Gurobi Optimizer version 9.1.2 build v9.1.2rc0 (linux64)
Thread count: 40 physical cores, 40 logical processors, using up to 32 threads
Optimize a model with 3188514 rows, 1314095 columns and 9550615 nonzeros
Model fingerprint: 0x89173238
Coefficient statistics:
  Matrix range     [1e-06, 1e-03]
  Objective range  [1e-02, 4e+02]
  Bounds range     [1e+02, 8e+06]
  RHS range        [6e-03, 8e+05]

Concurrent LP optimizer: primal simplex, dual simplex, and barrier
Showing barrier log only...

Presolve removed 2751302 rows and 678844 columns (presolve time = 6s) ...
Presolve removed 2793350 rows and 720886 columns (presolve time = 10s) ...
Presolve removed 2880940 rows and 720886 columns
Presolve time: 12.50s
Presolved: 307574 rows, 680799 columns, 1983658 nonzeros

Ordering time: 0.49s

Barrier statistics:
 AA' NZ     : 1.717e+06
 Factor NZ  : 9.044e+06 (roughly 500 MBytes of memory)
 Factor Ops : 5.958e+08 (less than 1 second per iteration)
 Threads    : 30

                  Objective                Residual
Iter       Primal          Dual         Primal    Dual     Compl     Time
   0   5.54611488e+11 -1.61495878e+13  1.23e+12 4.07e-14  1.39e+10    22s
   1   1.85385115e+11 -1.71060124e+13  3.11e+11 5.09e+02  3.60e+09    40s
   2   5.47662501e+10 -1.81844169e+13  6.14e+10 6.74e+01  8.46e+08    66s
   3   7.66422436e+09 -1.77291881e+13  5.95e+09 8.48e+01  1.02e+08    88s
   4   2.92049058e+09 -8.54472304e+12  4.94e+08 1.36e-12  1.99e+07   113s
   5   2.00247945e+09 -3.28027846e+12  1.05e+04 1.14e-12  4.01e+06   134s
   6   1.88621211e+09 -7.10906326e+11  1.40e+03 1.14e-12  6.60e+05   153s
   7   1.83455051e+09 -1.02569909e+11  1.39e+02 9.09e-13  8.42e+04   177s
   8   1.58481477e+09 -2.64012801e+10  1.38e+01 5.68e-13  2.13e+04   194s
   9   9.88945559e+08 -7.20736596e+09  3.18e+00 3.98e-13  6.20e+03   216s
  10   6.08203398e+08 -3.22291721e+09  1.06e+00 1.99e-13  2.89e+03   233s
  11   3.42082110e+08 -1.24436778e+09  3.10e-01 8.53e-14  1.20e+03   257s
  12   2.68132795e+08 -5.14212372e+08  2.00e-01 3.91e-14  5.90e+02   277s
  13   2.11624772e+08 -2.75666526e+08  1.21e-01 2.49e-14  3.68e+02   300s
  14   1.83546191e+08 -5.91925255e+07  7.91e-02 1.60e-14  1.83e+02   317s
  15   1.63107920e+08  5.56034105e+07  4.33e-02 7.99e-15  8.11e+01   346s
  16   1.52037224e+08  9.03799023e+07  2.63e-02 4.00e-15  4.65e+01   366s
  17   1.43861995e+08  1.05656249e+08  1.44e-02 3.55e-15  2.88e+01   393s
  18   1.41207133e+08  1.14570754e+08  1.10e-02 2.66e-15  2.01e+01   415s
  19   1.36938976e+08  1.20475613e+08  6.16e-03 1.78e-15  1.24e+01   446s
  20   1.34586331e+08  1.25349596e+08  3.70e-03 1.78e-15  6.97e+00   488s
  21   1.33493055e+08  1.27628464e+08  2.64e-03 1.78e-15  4.42e+00   520s
  22   1.32440558e+08  1.28613399e+08  1.65e-03 1.60e-15  2.89e+00   543s
  23   1.31856472e+08  1.29241838e+08  1.12e-03 1.64e-15  1.97e+00   564s
  24   1.31509458e+08  1.29664226e+08  7.97e-04 1.13e-15  1.39e+00   586s
  25   1.31330690e+08  1.29930890e+08  6.28e-04 9.89e-16  1.06e+00   605s
  26   1.31050013e+08  1.30162321e+08  3.73e-04 8.88e-16  6.70e-01   637s
  27   1.30980583e+08  1.30237525e+08  3.06e-04 8.98e-16  5.61e-01   659s
  28   1.30924457e+08  1.30378743e+08  2.53e-04 1.36e-15  4.12e-01   689s
  29   1.30804687e+08  1.30516272e+08  1.41e-04 1.09e-15  2.18e-01   726s
  30   1.30755016e+08  1.30598662e+08  9.44e-05 1.78e-15  1.18e-01   774s
  31   1.30729566e+08  1.30614568e+08  7.06e-05 1.78e-15  8.67e-02   813s
  32   1.30702296e+08  1.30627893e+08  4.52e-05 1.78e-15  5.61e-02   842s
  33   1.30687580e+08  1.30634816e+08  3.16e-05 1.78e-15  3.98e-02   879s
  34   1.30683203e+08  1.30638012e+08  2.76e-05 1.78e-15  3.41e-02   914s
  35   1.30678641e+08  1.30642533e+08  2.34e-05 1.33e-15  2.72e-02   947s
  36   1.30669298e+08  1.30645836e+08  1.49e-05 8.97e-16  1.77e-02   986s
  37   1.30661817e+08  1.30648832e+08  8.21e-06 8.98e-16  9.80e-03  1047s
  38   1.30657505e+08  1.30649888e+08  4.52e-06 1.16e-15  5.75e-03  1147s
  39   1.30656232e+08  1.30650341e+08  3.43e-06 1.25e-15  4.44e-03  1238s
  40   1.30655925e+08  1.30651177e+08  3.10e-06 9.48e-16  3.58e-03  1305s
  41   1.30655202e+08  1.30651844e+08  2.36e-06 1.28e-15  2.53e-03  1379s
  42   1.30654312e+08  1.30652227e+08  1.45e-06 1.19e-15  1.57e-03  1504s
  43   1.30653613e+08  1.30652517e+08  7.36e-07 1.74e-12  8.27e-04  1630s
  44   1.30653437e+08  1.30652717e+08  5.72e-07 6.64e-13  5.43e-04  1791s
  45   1.30653267e+08  1.30652792e+08  3.99e-07 8.46e-09  3.69e-04  1824s
  46   1.30653188e+08  1.30652817e+08  3.18e-07 6.19e-09  2.88e-04  1862s
  47   1.30653156e+08  1.30652831e+08  2.85e-07 7.39e-09  2.54e-04  1909s
  48   1.30653019e+08  1.30652854e+08  1.47e-07 5.43e-09  1.31e-04  1958s
  49   1.30652971e+08  1.30652860e+08  9.83e-08 3.86e-09  8.82e-05  1998s
  50   1.30652957e+08  1.30652868e+08  8.40e-08 3.90e-09  7.18e-05  2051s
  51   1.30652929e+08  1.30652871e+08  5.63e-08 2.50e-09  4.71e-05  2125s
  52   1.30652912e+08  1.30652873e+08  3.92e-08 2.25e-09  3.20e-05  2172s
  53   1.30652897e+08  1.30652873e+08  2.44e-08 1.33e-09  2.01e-05  2209s
  54   1.30652887e+08  1.30652873e+08  1.89e-08 1.01e-09  1.18e-05  2253s
  55   1.30652881e+08  1.30652873e+08  4.34e-08 6.92e-10  6.88e-06  2310s
  56   1.30652879e+08  1.30652873e+08  3.09e-08 4.60e-10  4.86e-06  2392s
  57   1.30652877e+08  1.30652873e+08  5.90e-07 3.73e-10  3.63e-06  2443s
  58   1.30652876e+08  1.30652873e+08  4.15e-07 4.26e-10  2.52e-06  2478s
  59   1.30652875e+08  1.30652873e+08  3.22e-07 5.01e-10  1.91e-06  2509s
  60   1.30652874e+08  1.30652873e+08  1.49e-07 5.52e-10  8.64e-07  2543s
  61   1.30652873e+08  1.30652873e+08  4.04e-07 6.28e-10  4.15e-07  2584s
  62   1.30652873e+08  1.30652873e+08  2.73e-07 6.73e-10  2.70e-07  2612s

Barrier solved model in 62 iterations and 2612.62 seconds
Optimal objective 1.30652873e+08

Crossover log...

  127748 variables added to crossover basis                     2628s

   86218 DPushes remaining with DInf 0.0000000e+00              2636s
   10662 DPushes remaining with DInf 0.0000000e+00              2645s
       0 DPushes remaining with DInf 0.0000000e+00              2649s

  529608 PPushes remaining with PInf 5.0408452e-02              2649s
  370357 PPushes remaining with PInf 7.4724534e-02              2652s
  339896 PPushes remaining with PInf 6.0625818e-02              2655s
  334446 PPushes remaining with PInf 4.0698867e-02              2660s
  332566 PPushes remaining with PInf 3.9826529e-02              2665s
  330639 PPushes remaining with PInf 3.9132657e-02              2670s
  328699 PPushes remaining with PInf 3.5163532e-02              2675s
  326789 PPushes remaining with PInf 3.1739291e-02              2680s
  324819 PPushes remaining with PInf 3.1040398e-02              2685s
  322707 PPushes remaining with PInf 3.0034618e-02              2690s
  278587 PPushes remaining with PInf 4.2335779e-02              2695s
  275563 PPushes remaining with PInf 4.1992938e-02              2700s
  272464 PPushes remaining with PInf 4.1475871e-02              2705s
  269480 PPushes remaining with PInf 3.9287442e-02              2710s
  266604 PPushes remaining with PInf 3.8126375e-02              2715s
  263443 PPushes remaining with PInf 3.6960369e-02              2720s
  260342 PPushes remaining with PInf 3.5879518e-02              2725s
  257228 PPushes remaining with PInf 3.5366872e-02              2730s
  254508 PPushes remaining with PInf 3.4789072e-02              2735s
  251438 PPushes remaining with PInf 3.4099515e-02              2740s
  248681 PPushes remaining with PInf 3.3319667e-02              2745s
  245885 PPushes remaining with PInf 3.3076319e-02              2750s
  242816 PPushes remaining with PInf 3.2860535e-02              2755s
  240332 PPushes remaining with PInf 3.2668086e-02              2760s
  237861 PPushes remaining with PInf 3.1960782e-02              2765s
  235652 PPushes remaining with PInf 3.1507847e-02              2770s
  233141 PPushes remaining with PInf 3.1033147e-02              2775s
  230665 PPushes remaining with PInf 2.9649776e-02              2780s
  228267 PPushes remaining with PInf 2.7954087e-02              2785s
  225877 PPushes remaining with PInf 2.7556949e-02              2790s
  223171 PPushes remaining with PInf 2.5695434e-02              2795s
  220627 PPushes remaining with PInf 2.4205256e-02              2800s
  217763 PPushes remaining with PInf 2.3321796e-02              2805s
  213635 PPushes remaining with PInf 1.9847798e-02              2810s
  208587 PPushes remaining with PInf 1.9578430e-02              2815s
  202277 PPushes remaining with PInf 1.9275443e-02              2820s
  198434 PPushes remaining with PInf 1.8583571e-02              2825s
  115832 PPushes remaining with PInf 1.9756266e-02              2830s
   61377 PPushes remaining with PInf 1.4716453e-02              2836s
   51516 PPushes remaining with PInf 1.0857591e-02              2840s
   48165 PPushes remaining with PInf 1.0344846e-02              2845s
   44965 PPushes remaining with PInf 1.0163959e-02              2850s
   41896 PPushes remaining with PInf 1.0037532e-02              2855s
   39456 PPushes remaining with PInf 9.7528198e-03              2860s
   36490 PPushes remaining with PInf 9.2179942e-03              2865s
   33769 PPushes remaining with PInf 8.7691604e-03              2870s
   31135 PPushes remaining with PInf 8.4909941e-03              2875s
   28862 PPushes remaining with PInf 8.2580032e-03              2880s
   12155 PPushes remaining with PInf 1.0123711e-02              2885s
     925 PPushes remaining with PInf 5.6037860e-03              2890s
       0 PPushes remaining with PInf 4.4757818e-04              2894s

  Push phase complete: Pinf 4.4757818e-04, Dinf 4.6981609e+00   2894s

Iteration    Objective       Primal Inf.    Dual Inf.      Time
  586427    1.3065287e+08   0.000000e+00   4.698161e+00   2895s
  586528    1.3065287e+08   0.000000e+00   6.787440e-01   2895s
  586758    1.3065287e+08   0.000000e+00   2.000000e-06   2907s
Extra simplex iterations after uncrush: 66
  586825    1.3065287e+08   0.000000e+00   0.000000e+00   2919s

Solved with barrier
Solved in 586825 iterations and 2918.86 seconds
Optimal objective  1.306528730e+08

User-callback calls 694191, time in user-callback 0.58 sec
