
Gurobi 9.5.0 (linux64) logging started Fri Feb  4 09:58:05 2022

Set parameter LogFile to value "/scratch/work/condeil1/EnergySystemModeling.jl/examples/structures/8nodes/instances/.big_files/08n8760h_ftr/output_tri_noflex/gurobi.log"
Set parameter NumericFocus to value 1
Set parameter ScaleFlag to value 2

Gurobi 9.5.0 (linux64) logging started Fri Feb  4 09:58:05 2022

Set parameter LogFile to value "/scratch/work/condeil1/EnergySystemModeling.jl/examples/structures/8nodes/instances/.big_files/08n8760h_ftr/output_tri_noflex/gurobi.log"
Gurobi Optimizer version 9.5.0 build v9.5.0rc5 (linux64)
Thread count: 24 physical cores, 24 logical processors, using up to 24 threads
Optimize a model with 2277474 rows, 893599 columns and 7238032 nonzeros
Model fingerprint: 0x23861aea
Coefficient statistics:
  Matrix range     [3e-04, 1e+00]
  Objective range  [1e-05, 4e-01]
  Bounds range     [1e+05, 3e+05]
  RHS range        [4e+00, 2e+05]

Concurrent LP optimizer: primal simplex, dual simplex, and barrier
Showing barrier log only...

Presolve removed 359936 rows and 163784 columns (presolve time = 6s) ...
Presolve removed 359936 rows and 163784 columns
Presolve time: 11.19s
Presolved: 1917538 rows, 729815 columns, 6415240 nonzeros

Ordering time: 1.24s

Barrier statistics:
 Dense cols : 79
 AA' NZ     : 1.257e+07
 Factor NZ  : 6.299e+07 (roughly 1.6 GB of memory)
 Factor Ops : 1.536e+10 (less than 1 second per iteration)
 Threads    : 22

                  Objective                Residual
Iter       Primal          Dual         Primal    Dual     Compl     Time
   0   4.31056163e+08  1.24823198e+06  1.01e+12 9.06e-03  6.52e+06    17s
   1   3.51657587e+08 -1.22829053e+08  7.43e+11 2.88e-01  3.18e+06    19s
   2   3.45726473e+08 -1.73583039e+08  7.27e+11 2.88e-01  3.25e+06    21s
   3   3.10655910e+08 -6.20769038e+08  6.59e+11 8.62e-02  2.38e+06    24s
   4   2.53745209e+08 -6.44960627e+08  5.33e+11 8.42e-02  1.95e+06    26s
   5   1.45400699e+08 -1.81062113e+09  3.03e+11 6.70e-09  1.51e+06    29s
   6   5.65443345e+06 -1.68969311e+09  4.75e+09 5.73e-09  6.41e+04    33s
   7   4.11463855e+06 -5.17426149e+08  8.64e+08 1.46e-08  1.50e+04    34s
   8   3.68300237e+06 -8.51525245e+07  7.86e-09 4.38e-09  2.21e+03    36s
   9   3.45359889e+06 -1.17368433e+07  2.33e-10 3.24e-07  3.77e+02    39s
  10   2.71530441e+06 -9.82435101e+06  2.33e-10 4.79e-07  3.11e+02    42s
  11   2.48412354e+06 -9.06974695e+06  1.75e-10 1.57e-07  2.87e+02    45s
  12   1.75681719e+06 -3.82697270e+06  2.33e-10 1.71e-06  1.39e+02    49s
  13   1.19743815e+06 -1.87211675e+06  1.16e-10 9.99e-11  7.62e+01    52s
  14   8.04662836e+05 -1.06752826e+06  1.75e-10 5.83e-11  4.65e+01    56s
  15   5.97816247e+05 -6.38830330e+05  1.75e-10 6.78e-07  3.07e+01    60s
  16   4.15153117e+05 -3.57889242e+05  1.16e-10 1.52e-06  1.92e+01    66s
  17   3.53713905e+05 -1.83819621e+05  1.16e-10 1.93e-06  1.33e+01    70s
  18   2.94509029e+05 -8.14856467e+04  1.16e-10 3.08e-06  9.34e+00    75s
  19   2.52977811e+05 -1.07881147e+03  1.16e-10 4.56e-06  6.31e+00    81s
  20   2.31263041e+05  2.78329044e+04  1.78e-09 5.72e-06  5.06e+00    85s
  21   2.14217969e+05  4.67298182e+04  6.75e-09 6.06e-06  4.16e+00    90s
  22   1.98430329e+05  6.37662069e+04  3.58e-08 6.06e-06  3.35e+00    94s
  23   1.91761887e+05  8.10925915e+04  3.00e-08 6.47e-06  2.75e+00    99s
  24   1.87715855e+05  8.62830835e+04  2.65e-08 6.66e-06  2.52e+00   103s
  25   1.86298893e+05  9.90179523e+04  2.52e-08 6.85e-06  2.17e+00   109s
  26   1.84077540e+05  1.04323581e+05  2.34e-08 7.05e-06  1.99e+00   115s
  27   1.82222258e+05  1.06651622e+05  2.16e-08 7.16e-06  1.88e+00   121s
  28   1.80479691e+05  1.10662556e+05  1.98e-08 7.36e-06  1.74e+00   126s
  29   1.78603162e+05  1.13733895e+05  1.80e-08 7.42e-06  1.62e+00   130s
  30   1.76732530e+05  1.16252903e+05  1.65e-08 7.56e-06  1.51e+00   135s
  31   1.75722542e+05  1.17646952e+05  1.57e-08 7.43e-06  1.45e+00   140s
  32   1.75443798e+05  1.17822691e+05  1.53e-08 7.43e-06  1.44e+00   146s
  33   1.74178351e+05  1.21606883e+05  1.43e-08 7.64e-06  1.31e+00   152s
  34   1.73096791e+05  1.22211249e+05  1.32e-08 7.70e-06  1.27e+00   159s
  35   1.72108449e+05  1.24393165e+05  4.58e-07 9.84e-06  1.19e+00   164s
  36   1.71330206e+05  1.25453242e+05  4.33e-07 9.82e-06  1.15e+00   172s
  37   1.70960115e+05  1.26283391e+05  4.19e-07 9.82e-06  1.12e+00   177s
  38   1.70310237e+05  1.27718473e+05  3.97e-07 9.80e-06  1.07e+00   184s
  39   1.69987543e+05  1.27922604e+05  3.85e-07 9.79e-06  1.05e+00   189s
  40   1.69610600e+05  1.29395587e+05  3.71e-07 9.85e-06  1.01e+00   194s
  41   1.68697286e+05  1.31699304e+05  3.42e-07 9.88e-06  9.28e-01   200s
  42   1.68230095e+05  1.32001082e+05  3.28e-07 9.88e-06  9.09e-01   206s
  43   1.67910193e+05  1.33536261e+05  3.17e-07 9.86e-06  8.62e-01   210s
  44   1.67097619e+05  1.34588599e+05  2.89e-07 1.00e-05  8.16e-01   217s
  45   1.66658039e+05  1.35246078e+05  2.75e-07 9.95e-06  7.89e-01   223s
  46   1.65960435e+05  1.37876154e+05  2.52e-07 9.77e-06  7.06e-01   228s
  47   1.65256462e+05  1.39309105e+05  2.28e-07 9.71e-06  6.53e-01   235s
  48   1.64411918e+05  1.40015887e+05  2.00e-07 9.62e-06  6.15e-01   240s
  49   1.63736414e+05  1.41298295e+05  1.77e-07 9.43e-06  5.66e-01   245s
  50   1.63276630e+05  1.42776656e+05  1.62e-07 9.23e-06  5.18e-01   250s
  51   1.63116179e+05  1.43517436e+05  1.57e-07 9.11e-06  4.95e-01   257s
  52   1.62725844e+05  1.44450861e+05  1.44e-07 8.99e-06  4.62e-01   262s
  53   1.62595940e+05  1.45181008e+05  2.66e-07 9.77e-06  4.42e-01   267s
  54   1.62042779e+05  1.45781945e+05  2.33e-07 9.64e-06  4.13e-01   272s
  55   1.61608888e+05  1.46449380e+05  2.04e-07 9.55e-06  3.85e-01   278s
  56   1.61196148e+05  1.47067246e+05  1.78e-07 9.39e-06  3.60e-01   285s
  57   1.60679085e+05  1.47671175e+05  1.47e-07 9.20e-06  3.32e-01   290s
  58   1.60371577e+05  1.48091102e+05  1.32e-07 8.96e-06  3.13e-01   297s
  59   1.60108297e+05  1.48940440e+05  1.16e-07 8.53e-06  2.85e-01   305s
  60   1.59976428e+05  1.49380545e+05  1.09e-07 8.27e-06  2.71e-01   310s
  61   1.59776976e+05  1.49753491e+05  9.79e-08 8.01e-06  2.57e-01   318s
  62   1.59544601e+05  1.50680525e+05  8.70e-08 7.50e-06  2.27e-01   323s
  63   1.59442010e+05  1.51502608e+05  8.19e-08 7.03e-06  2.04e-01   329s
  64   1.59373093e+05  1.51931389e+05  7.86e-08 6.73e-06  1.91e-01   335s
  65   1.59335265e+05  1.52341448e+05  7.63e-08 6.55e-06  1.80e-01   342s
  66   1.59103523e+05  1.52610761e+05  6.50e-08 6.37e-06  1.67e-01   348s
  67   1.59009092e+05  1.52931093e+05  6.04e-08 6.13e-06  1.57e-01   355s
  68   1.58964051e+05  1.53254455e+05  7.24e-07 6.25e-06  1.48e-01   361s
  69   1.58907723e+05  1.53431563e+05  6.99e-07 6.05e-06  1.42e-01   366s
  70   1.58805274e+05  1.53553492e+05  1.84e-06 6.12e-06  1.36e-01   372s
  71   1.58768521e+05  1.53843289e+05  1.78e-06 5.84e-06  1.28e-01   379s
  72   1.58640931e+05  1.54162128e+05  2.67e-06 5.82e-06  1.17e-01   385s
  73   1.58586139e+05  1.54482663e+05  3.81e-06 5.88e-06  1.08e-01   391s
  74   1.58555941e+05  1.54628541e+05  3.38e-06 5.98e-06  1.03e-01   399s
  75   1.58487272e+05  1.54829275e+05  3.13e-06 6.10e-06  9.67e-02   406s
  76   1.58402777e+05  1.54947684e+05  2.79e-06 5.94e-06  9.16e-02   413s
  77   1.58393623e+05  1.55090846e+05  2.75e-06 5.98e-06  8.78e-02   418s
  78   1.58311205e+05  1.55286344e+05  2.99e-06 6.00e-06  8.09e-02   425s
  79   1.58268355e+05  1.55494463e+05  2.78e-06 5.56e-06  7.43e-02   432s
  80   1.58222661e+05  1.55641737e+05  2.55e-06 5.21e-06  6.91e-02   439s
  81   1.58177909e+05  1.55768070e+05  2.36e-06 5.06e-06  6.48e-02   447s
  82   1.58157609e+05  1.55836994e+05  2.26e-06 4.98e-06  6.25e-02   453s
  83   1.58134111e+05  1.56172038e+05  2.05e-06 5.08e-06  5.37e-02   460s
  84   1.58093294e+05  1.56267410e+05  1.87e-06 4.92e-06  5.01e-02   468s
  85   1.58048672e+05  1.56375659e+05  1.68e-06 4.84e-06  4.63e-02   474s
  86   1.58024044e+05  1.56549404e+05  1.56e-06 4.63e-06  4.11e-02   482s
  87   1.57993363e+05  1.56627874e+05  1.42e-06 4.49e-06  3.83e-02   490s
  88   1.57986832e+05  1.56663055e+05  1.39e-06 4.53e-06  3.73e-02   495s
  89   1.57969095e+05  1.56845398e+05  1.31e-06 4.73e-06  3.25e-02   500s
  90   1.57934366e+05  1.56897527e+05  1.90e-06 4.70e-06  3.03e-02   506s
  91   1.57926727e+05  1.56921618e+05  2.42e-06 4.71e-06  2.96e-02   513s
  92   1.57906547e+05  1.57019884e+05  2.69e-06 4.72e-06  2.66e-02   520s
  93   1.57891166e+05  1.57085662e+05  2.50e-06 4.45e-06  2.44e-02   528s
  94   1.57881605e+05  1.57130965e+05  2.40e-06 4.45e-06  2.30e-02   534s
  95   1.57876557e+05  1.57143118e+05  2.31e-06 4.45e-06  2.26e-02   539s
  96   1.57858121e+05  1.57184537e+05  2.13e-06 4.36e-06  2.10e-02   546s
  97   1.57846098e+05  1.57199692e+05  2.00e-06 4.23e-06  2.02e-02   554s
  98   1.57831553e+05  1.57239129e+05  1.83e-06 3.98e-06  1.86e-02   560s
  99   1.57814581e+05  1.57257704e+05  1.64e-06 3.84e-06  1.76e-02   567s
 100   1.57805526e+05  1.57285913e+05  1.54e-06 3.64e-06  1.65e-02   572s
 101   1.57796576e+05  1.57306829e+05  1.44e-06 3.52e-06  1.56e-02   579s
 102   1.57789187e+05  1.57330177e+05  1.35e-06 3.36e-06  1.47e-02   587s
 103   1.57780579e+05  1.57353730e+05  1.26e-06 3.18e-06  1.37e-02   592s
 104   1.57771070e+05  1.57375435e+05  1.15e-06 3.07e-06  1.28e-02   599s
 105   1.57765242e+05  1.57385752e+05  1.09e-06 2.99e-06  1.24e-02   607s
 106   1.57757496e+05  1.57401495e+05  9.96e-07 2.86e-06  1.16e-02   616s
 107   1.57750522e+05  1.57417465e+05  9.17e-07 2.73e-06  1.09e-02   624s
 108   1.57746245e+05  1.57429477e+05  8.71e-07 2.64e-06  1.05e-02   631s
 109   1.57739840e+05  1.57446121e+05  7.98e-07 2.54e-06  9.79e-03   640s
 110   1.57735567e+05  1.57460274e+05  7.51e-07 2.55e-06  9.34e-03   646s
 111   1.57731927e+05  1.57480973e+05  8.25e-07 2.60e-06  8.78e-03   651s
 112   1.57728767e+05  1.57492024e+05  9.76e-07 2.62e-06  8.45e-03   656s
 113   1.57724244e+05  1.57506502e+05  1.07e-06 2.63e-06  7.99e-03   661s
 114   1.57723504e+05  1.57512936e+05  1.06e-06 2.58e-06  7.76e-03   666s
 115   1.57719564e+05  1.57525652e+05  9.92e-07 2.51e-06  7.28e-03   671s
 116   1.57716729e+05  1.57534760e+05  9.39e-07 2.41e-06  6.89e-03   678s
 117   1.57712561e+05  1.57543930e+05  1.22e-06 2.42e-06  6.56e-03   684s
 118   1.57709542e+05  1.57551420e+05  1.16e-06 2.35e-06  6.23e-03   691s
 119   1.57707000e+05  1.57557451e+05  1.09e-06 2.28e-06  5.95e-03   698s
 120   1.57705612e+05  1.57573002e+05  1.26e-06 2.31e-06  5.56e-03   704s
 121   1.57704097e+05  1.57577731e+05  1.21e-06 2.24e-06  5.34e-03   712s
 122   1.57701258e+05  1.57585990e+05  1.11e-06 2.09e-06  4.92e-03   719s
 123   1.57698017e+05  1.57589236e+05  1.01e-06 2.05e-06  4.72e-03   727s
 124   1.57695828e+05  1.57593889e+05  9.39e-07 1.98e-06  4.48e-03   735s
 125   1.57694195e+05  1.57598672e+05  8.84e-07 1.91e-06  4.25e-03   740s
 126   1.57692760e+05  1.57606746e+05  8.61e-07 1.91e-06  4.02e-03   747s
 127   1.57690826e+05  1.57611106e+05  7.95e-07 1.83e-06  3.78e-03   754s
 128   1.57689083e+05  1.57620075e+05  7.40e-07 1.83e-06  3.51e-03   762s
 129   1.57687727e+05  1.57623606e+05  6.97e-07 1.83e-06  3.39e-03   769s
 130   1.57686779e+05  1.57629239e+05  6.66e-07 1.81e-06  3.21e-03   775s
 131   1.57685155e+05  1.57636185e+05  6.13e-07 1.79e-06  2.98e-03   781s
 132   1.57683673e+05  1.57642080e+05  5.62e-07 1.79e-06  2.79e-03   788s
 133   1.57682520e+05  1.57647823e+05  5.23e-07 1.78e-06  2.62e-03   796s
 134   1.57681655e+05  1.57649709e+05  4.93e-07 1.71e-06  2.48e-03   803s
 135   1.57680855e+05  1.57652056e+05  4.67e-07 1.64e-06  2.33e-03   812s
 136   1.57680389e+05  1.57652940e+05  4.51e-07 1.57e-06  2.22e-03   819s
 137   1.57678397e+05  1.57653955e+05  3.81e-07 1.51e-06  2.09e-03   827s
 138   1.57677129e+05  1.57654935e+05  3.39e-07 1.46e-06  1.98e-03   834s
 139   1.57676620e+05  1.57655332e+05  3.22e-07 1.41e-06  1.92e-03   842s
 140   1.57675839e+05  1.57656460e+05  2.95e-07 1.33e-06  1.80e-03   849s
 141   1.57674997e+05  1.57657311e+05  2.66e-07 1.27e-06  1.69e-03   854s
 142   1.57674694e+05  1.57658495e+05  2.56e-07 1.20e-06  1.59e-03   859s
 143   1.57673970e+05  1.57660025e+05  2.30e-07 1.18e-06  1.51e-03   866s
 144   1.57673126e+05  1.57661008e+05  2.01e-07 1.13e-06  1.41e-03   873s
 145   1.57672909e+05  1.57662167e+05  1.94e-07 1.08e-06  1.33e-03   880s
 146   1.57672677e+05  1.57662566e+05  1.86e-07 1.05e-06  1.28e-03   887s
 147   1.57671777e+05  1.57663212e+05  1.56e-07 1.01e-06  1.21e-03   895s
 148   1.57671286e+05  1.57663252e+05  1.40e-07 9.63e-07  1.15e-03   900s
 149   1.57671085e+05  1.57664497e+05  1.32e-07 8.40e-07  9.92e-04   908s
 150   1.57670523e+05  1.57665520e+05  1.14e-07 7.64e-07  8.77e-04   916s
 151   1.57670317e+05  1.57665974e+05  1.06e-07 7.01e-07  7.99e-04   924s
 152   1.57670093e+05  1.57666021e+05  9.77e-08 6.42e-07  7.34e-04   931s
 153   1.57669846e+05  1.57666875e+05  9.00e-08 6.14e-07  6.79e-04   938s
 154   1.57669428e+05  1.57667674e+05  7.76e-08 5.86e-07  6.21e-04   945s
 155   1.57669112e+05  1.57668199e+05  6.85e-08 5.75e-07  5.89e-04   951s
 156   1.57668938e+05  1.57670402e+05  6.32e-08 5.67e-07  5.22e-04   957s
 157   1.57668755e+05  1.57670460e+05  5.78e-08 5.48e-07  4.98e-04   962s
 158   1.57668589e+05  1.57672390e+05  1.26e-07 5.50e-07  4.47e-04   965s
 159   1.57668527e+05  1.57672364e+05  1.22e-07 5.34e-07  4.31e-04   970s
 160   1.57668282e+05  1.57672517e+05  1.05e-07 5.11e-07  3.98e-04   977s
 161   1.57668169e+05  1.57672874e+05  9.67e-08 4.92e-07  3.68e-04   984s
 162   1.57668000e+05  1.57672803e+05  8.25e-08 4.58e-07  3.32e-04   990s
 163   1.57667970e+05  1.57673277e+05  8.07e-08 4.57e-07  3.18e-04   995s
 164   1.57667853e+05  1.57672789e+05  7.38e-08 4.32e-07  3.03e-04  1002s
 165   1.57667792e+05  1.57672647e+05  7.01e-08 4.17e-07  2.90e-04  1009s
 166   1.57667669e+05  1.57672574e+05  1.05e-07 3.86e-07  2.58e-04  1015s
 167   1.57667602e+05  1.57672734e+05  9.45e-08 3.75e-07  2.42e-04  1022s
 168   1.57667584e+05  1.57672530e+05  8.78e-08 3.58e-07  2.30e-04  1029s
 169   1.57667526e+05  1.57672486e+05  8.13e-08 3.30e-07  2.02e-04  1036s
 170   1.57667482e+05  1.57672431e+05  7.59e-08 3.21e-07  1.93e-04  1043s
 171   1.57667438e+05  1.57672379e+05  7.08e-08 3.18e-07  1.90e-04  1050s
 172   1.57667388e+05  1.57672296e+05  6.51e-08 3.13e-07  1.86e-04  1056s
 173   1.57667326e+05  1.57671823e+05  5.87e-08 2.84e-07  1.68e-04  1062s
 174   1.57667258e+05  1.57671723e+05  5.17e-08 2.73e-07  1.59e-04  1070s
 175   1.57667176e+05  1.57672080e+05  1.66e-07 2.68e-07  1.43e-04  1075s
 176   1.57667169e+05  1.57672025e+05  1.63e-07 2.64e-07  1.40e-04  1082s
 177   1.57667157e+05  1.57671974e+05  1.58e-07 2.59e-07  1.36e-04  1089s
 178   1.57667142e+05  1.57671482e+05  1.52e-07 2.29e-07  1.18e-04  1096s
 179   1.57667120e+05  1.57671655e+05  1.34e-07 2.31e-07  1.15e-04  1102s
 180   1.57667105e+05  1.57671460e+05  1.28e-07 2.22e-07  1.11e-04  1107s
 181   1.57667073e+05  1.57671119e+05  1.15e-07 2.05e-07  1.01e-04  1115s
 182   1.57667038e+05  1.57670775e+05  1.01e-07 1.88e-07  9.26e-05  1122s
 183   1.57666990e+05  1.57671440e+05  2.88e-07 1.86e-07  7.32e-05  1128s
 184   1.57666978e+05  1.57671624e+05  2.73e-07 1.89e-07  7.07e-05  1135s
 185   1.57666965e+05  1.57671951e+05  2.57e-07 1.94e-07  6.78e-05  1141s
 186   1.57666934e+05  1.57672304e+05  2.07e-07 1.94e-07  5.75e-05  1148s
 187   1.57666923e+05  1.57672145e+05  1.94e-07 1.89e-07  5.67e-05  1152s
 188   1.57666892e+05  1.57672412e+05  1.55e-07 1.88e-07  4.77e-05  1157s
 189   1.57666884e+05  1.57672559e+05  1.46e-07 1.85e-07  4.09e-05  1161s
 190   1.57666864e+05  1.57672844e+05  1.25e-07 1.80e-07  2.84e-05  1166s
 191   1.57666859e+05  1.57672869e+05  1.18e-07 1.77e-07  2.53e-05  1173s
 192   1.57666845e+05  1.57672854e+05  1.02e-07 1.69e-07  1.69e-05  1180s
 193   1.57666822e+05  1.57672752e+05  7.93e-08 1.66e-07  1.59e-05  1186s
 194   1.57666820e+05  1.57672606e+05  7.74e-08 1.61e-07  1.51e-05  1192s
 195   1.57666809e+05  1.57672481e+05  2.84e-07 1.56e-07  1.31e-05  1197s
 196   1.57666804e+05  1.57672405e+05  2.65e-07 1.54e-07  1.24e-05  1202s
 197   1.57666789e+05  1.57672296e+05  2.09e-07 1.50e-07  1.14e-05  1208s
 198   1.57666784e+05  1.57672111e+05  1.89e-07 1.45e-07  1.02e-05  1213s
 199   1.57666782e+05  1.57671990e+05  1.80e-07 1.41e-07  9.70e-06  1219s
 200   1.57666779e+05  1.57671821e+05  1.65e-07 1.36e-07  9.13e-06  1226s
 201   1.57666776e+05  1.57670646e+05  1.55e-07 1.03e-07  5.64e-06  1236s
 202   1.57666764e+05  1.57670630e+05  1.01e-07 1.02e-07  4.93e-06  1242s
 203   1.57666745e+05  1.57670383e+05  7.46e-08 9.46e-08  2.90e-06  1247s
 204   1.57666744e+05  1.57669970e+05  6.87e-08 8.39e-08  2.56e-06  1253s
 205   1.57666744e+05  1.57669933e+05  6.66e-08 8.30e-08  2.53e-06  1259s
 206   1.57666743e+05  1.57669589e+05  6.50e-08 7.40e-08  2.29e-06  1264s
 207   1.57666742e+05  1.57669555e+05  5.97e-08 7.32e-08  2.24e-06  1269s
 208   1.57666740e+05  1.57669514e+05  5.16e-08 7.21e-08  2.16e-06  1273s
 209   1.57666740e+05  1.57669189e+05  4.87e-08 6.37e-08  1.93e-06  1277s
 210   1.57666738e+05  1.57668822e+05  4.12e-08 5.42e-08  1.64e-06  1281s
 211   1.57666738e+05  1.57668772e+05  3.89e-08 5.29e-08  1.59e-06  1285s
 212   1.57666738e+05  1.57668763e+05  3.83e-08 5.26e-08  1.54e-06  1289s
 213   1.57666736e+05  1.57667438e+05  2.86e-08 1.83e-08  6.13e-07  1292s
 214   1.57666735e+05  1.57667433e+05  2.25e-08 1.82e-08  5.87e-07  1296s
 215   1.57666735e+05  1.57667326e+05  2.15e-08 1.54e-08  5.12e-07  1300s
 216   1.57666734e+05  1.57667289e+05  1.17e-08 1.45e-08  4.48e-07  1303s
 217   1.57666733e+05  1.57667395e+05  6.02e-09 1.68e-08  7.67e-08  1305s
 218   1.57666732e+05  1.57667325e+05  6.43e-09 1.50e-08  3.74e-08  1308s
 219   1.57666732e+05  1.57667156e+05  5.94e-09 1.07e-08  3.16e-08  1312s

Barrier solved model in 219 iterations and 1311.75 seconds (693.48 work units)
Optimal objective 1.57666732e+05

Crossover log...

  498208 DPushes remaining with DInf 0.0000000e+00              1314s
   92886 DPushes remaining with DInf 0.0000000e+00              1329s
   65215 DPushes remaining with DInf 0.0000000e+00              1330s
   59491 DPushes remaining with DInf 0.0000000e+00              1335s
   55445 DPushes remaining with DInf 0.0000000e+00              1340s
   51628 DPushes remaining with DInf 0.0000000e+00              1345s
   48008 DPushes remaining with DInf 0.0000000e+00              1351s
   45942 DPushes remaining with DInf 0.0000000e+00              1356s
   44589 DPushes remaining with DInf 0.0000000e+00              1360s
   42552 DPushes remaining with DInf 0.0000000e+00              1367s
   41192 DPushes remaining with DInf 0.0000000e+00              1372s
   39168 DPushes remaining with DInf 0.0000000e+00              1377s
   37824 DPushes remaining with DInf 0.0000000e+00              1380s
   36480 DPushes remaining with DInf 0.0000000e+00              1386s
   35310 DPushes remaining with DInf 0.0000000e+00              1392s
   34700 DPushes remaining with DInf 0.0000000e+00              1396s
   33356 DPushes remaining with DInf 0.0000000e+00              1403s
   32684 DPushes remaining with DInf 0.0000000e+00              1407s
   32012 DPushes remaining with DInf 0.0000000e+00              1411s
   30668 DPushes remaining with DInf 0.0000000e+00              1419s
   29996 DPushes remaining with DInf 0.0000000e+00              1423s
   29324 DPushes remaining with DInf 0.0000000e+00              1426s
   27980 DPushes remaining with DInf 0.0000000e+00              1431s
   26636 DPushes remaining with DInf 0.0000000e+00              1435s
   24620 DPushes remaining with DInf 0.0000000e+00              1442s
   23276 DPushes remaining with DInf 0.0000000e+00              1448s
   22604 DPushes remaining with DInf 0.0000000e+00              1450s

Gurobi 9.5.0 (linux64) logging started Fri Feb  4 13:35:55 2022

Set parameter LogFile to value "/scratch/work/condeil1/EnergySystemModeling.jl/examples/structures/8nodes/instances/.big_files/08n8760h_ftr/output_tri_noflex/gurobi.log"
Set parameter NumericFocus to value 1
Set parameter ScaleFlag to value 2

Gurobi 9.5.0 (linux64) logging started Fri Feb  4 13:36:02 2022

Set parameter LogFile to value "/scratch/work/condeil1/EnergySystemModeling.jl/examples/structures/8nodes/instances/.big_files/08n8760h_ftr/output_tri_noflex/gurobi.log"
Gurobi Optimizer version 9.5.0 build v9.5.0rc5 (linux64)
Thread count: 40 physical cores, 40 logical processors, using up to 32 threads
Optimize a model with 2277474 rows, 893599 columns and 7238032 nonzeros
Model fingerprint: 0x23861aea
Coefficient statistics:
  Matrix range     [3e-04, 1e+00]
  Objective range  [1e-05, 4e-01]
  Bounds range     [1e+05, 3e+05]
  RHS range        [4e+00, 2e+05]

Concurrent LP optimizer: primal simplex, dual simplex, and barrier
Showing barrier log only...

Presolve removed 359936 rows and 163784 columns (presolve time = 5s) ...
Presolve removed 359936 rows and 163784 columns (presolve time = 16s) ...
Presolve removed 359936 rows and 163784 columns
Presolve time: 26.64s
Presolved: 1917538 rows, 729815 columns, 6415240 nonzeros

Ordering time: 3.51s

Barrier statistics:
 Dense cols : 79
 AA' NZ     : 1.257e+07
 Factor NZ  : 6.299e+07 (roughly 1.6 GB of memory)
 Factor Ops : 1.536e+10 (less than 1 second per iteration)
 Threads    : 30

                  Objective                Residual
Iter       Primal          Dual         Primal    Dual     Compl     Time
   0   4.31056163e+08  1.24823198e+06  1.01e+12 9.06e-03  6.52e+06    67s
   1   3.51657587e+08 -1.22829053e+08  7.43e+11 2.88e-01  3.18e+06   103s
   2   3.45726473e+08 -1.73583039e+08  7.27e+11 2.88e-01  3.25e+06   147s
   3   3.10655910e+08 -6.20769038e+08  6.59e+11 8.62e-02  2.38e+06   200s
   4   2.53745209e+08 -6.44960627e+08  5.33e+11 8.42e-02  1.95e+06   242s
   5   1.45400699e+08 -1.81062113e+09  3.03e+11 7.12e-09  1.51e+06   290s
   6   5.65443345e+06 -1.68969311e+09  4.75e+09 4.13e-09  6.41e+04   342s
   7   4.11463854e+06 -5.17426149e+08  8.64e+08 1.32e-08  1.50e+04   380s
   8   3.68300237e+06 -8.51525245e+07  8.50e-09 4.00e-09  2.21e+03   411s
   9   3.45359926e+06 -1.17368559e+07  2.33e-10 3.56e-07  3.77e+02   458s
  10   2.71530476e+06 -9.82435796e+06  2.33e-10 4.12e-07  3.11e+02   526s
  11   2.48412342e+06 -9.06975827e+06  2.33e-10 9.68e-08  2.87e+02   585s
  12   1.75681815e+06 -3.82696576e+06  2.33e-10 1.08e-06  1.39e+02   673s
  13   1.19741784e+06 -1.87220340e+06  2.33e-10 9.13e-11  7.62e+01   762s
  14   8.04605691e+05 -1.06752313e+06  2.33e-10 6.68e-07  4.65e+01   845s
  15   5.97820989e+05 -6.38942673e+05  2.33e-10 1.76e-06  3.07e+01   933s
  16   4.68733221e+05 -4.00559365e+05  1.16e-10 3.53e-06  2.16e+01  1017s
  17   3.46071407e+05 -1.91808418e+05  1.19e-09 3.80e-06  1.34e+01  1108s
  18   2.80650786e+05 -8.62654588e+04  7.57e-10 3.34e-06  9.11e+00  1253s
  19   2.48339798e+05 -2.83988931e+04  1.34e-09 3.65e-06  6.87e+00  1354s
  20   2.24320300e+05  2.15395421e+04  3.03e-09 4.41e-06  5.04e+00  1476s
  21   2.15768500e+05  3.33522062e+04  2.62e-09 4.77e-06  4.53e+00  1578s
  22   2.02970049e+05  6.66634331e+04  5.76e-09 5.60e-06  3.39e+00  1706s
  23   1.97942709e+05  9.15038640e+04  5.12e-09 7.42e-06  2.65e+00  1827s
  24   1.89199950e+05  1.00545827e+05  1.36e-08 8.58e-06  2.21e+00  1936s
  25   1.86372039e+05  1.09889308e+05  1.25e-08 9.29e-06  1.91e+00  2064s
  26   1.84032129e+05  1.14318495e+05  1.15e-08 1.02e-05  1.74e+00  2181s
  27   1.82483216e+05  1.17106458e+05  1.09e-08 1.03e-05  1.63e+00  2290s
  28   1.81379308e+05  1.17774064e+05  1.04e-08 1.05e-05  1.59e+00  2456s
  29   1.80309230e+05  1.18838715e+05  9.95e-09 1.05e-05  1.54e+00  2629s
  30   1.78348838e+05  1.19953588e+05  9.02e-09 1.06e-05  1.46e+00  2734s
  31   1.77328005e+05  1.22036070e+05  8.50e-09 1.07e-05  1.38e+00  2892s
  32   1.76036247e+05  1.23620646e+05  8.03e-09 1.07e-05  1.31e+00  3045s
  33   1.74909338e+05  1.25259312e+05  7.51e-09 1.08e-05  1.24e+00  3153s
  34   1.74299321e+05  1.25988737e+05  7.22e-09 1.07e-05  1.21e+00  3326s
  35   1.73158623e+05  1.27664901e+05  6.81e-09 1.10e-05  1.14e+00  3472s
  36   1.71387505e+05  1.28813887e+05  5.88e-09 1.10e-05  1.07e+00  3611s
  37   1.70865414e+05  1.30022470e+05  5.70e-09 1.10e-05  1.02e+00  3777s
  38   1.70166311e+05  1.30494324e+05  5.41e-09 1.10e-05  9.95e-01  3897s
  39   1.69893662e+05  1.31363535e+05  5.18e-09 1.09e-05  9.67e-01  4064s
  40   1.69020595e+05  1.32048550e+05  4.86e-09 1.09e-05  9.28e-01  4190s
  41   1.67603321e+05  1.33187219e+05  4.19e-09 1.08e-05  8.64e-01  4334s
  42   1.66999086e+05  1.34507777e+05  3.90e-09 1.07e-05  8.17e-01  4456s
  43   1.66698065e+05  1.35046911e+05  3.75e-09 1.07e-05  7.96e-01  4619s
  44   1.65944391e+05  1.36070002e+05  3.43e-09 1.06e-05  7.52e-01  4754s
  45   1.65814157e+05  1.36790126e+05  2.23e-07 1.14e-05  7.31e-01  4840s
  46   1.65314399e+05  1.37435985e+05  2.08e-07 1.13e-05  7.03e-01  5012s
  47   1.64879374e+05  1.37903095e+05  1.95e-07 1.12e-05  6.80e-01  5167s
  48   1.64532294e+05  1.39231289e+05  1.84e-07 1.09e-05  6.38e-01  5340s
  49   1.64226725e+05  1.39781842e+05  1.75e-07 1.08e-05  6.17e-01  5492s
  50   1.63662657e+05  1.41236540e+05  1.56e-07 1.05e-05  5.67e-01  5613s
  51   1.63264109e+05  1.42030528e+05  1.45e-07 1.04e-05  5.37e-01  5735s
  52   1.63174885e+05  1.42199137e+05  1.42e-07 1.03e-05  5.30e-01  5840s
  53   1.62924605e+05  1.42543793e+05  8.83e-07 1.07e-05  5.16e-01  5940s
  54   1.62334621e+05  1.43409348e+05  7.61e-07 1.04e-05  4.80e-01  6057s
  55   1.61803528e+05  1.43931503e+05  6.66e-07 1.02e-05  4.53e-01  6219s
  56   1.61559531e+05  1.45536006e+05  6.21e-07 9.71e-06  4.07e-01  6317s
  57   1.61344418e+05  1.46098066e+05  5.74e-07 9.48e-06  3.88e-01  6485s
  58   1.61096610e+05  1.46450185e+05  5.31e-07 9.32e-06  3.73e-01  6606s
  59   1.60987109e+05  1.47073869e+05  5.13e-07 9.15e-06  3.54e-01  6777s
  60   1.60880561e+05  1.47242235e+05  4.95e-07 9.02e-06  3.47e-01  6946s
  61   1.60774058e+05  1.47637565e+05  4.75e-07 8.88e-06  3.35e-01  7079s
  62   1.60551038e+05  1.48259662e+05  4.35e-07 8.62e-06  3.13e-01  7224s
  63   1.60319072e+05  1.49208916e+05  3.99e-07 8.21e-06  2.84e-01  7357s
  64   1.60239847e+05  1.49670077e+05  3.84e-07 8.01e-06  2.70e-01  7487s
  65   1.59923646e+05  1.50364486e+05  3.33e-07 7.72e-06  2.45e-01  7607s
  66   1.59782603e+05  1.50740726e+05  3.11e-07 7.55e-06  2.32e-01  7735s
  67   1.59704191e+05  1.51091001e+05  2.99e-07 7.24e-06  2.21e-01  7905s
  68   1.59626298e+05  1.51253458e+05  2.86e-07 7.13e-06  2.15e-01  8071s
  69   1.59473368e+05  1.52052953e+05  2.63e-07 6.63e-06  1.91e-01  8240s
  70   1.59428576e+05  1.52283019e+05  2.56e-07 6.48e-06  1.84e-01  8397s
  71   1.59325924e+05  1.52484172e+05  2.42e-07 6.36e-06  1.76e-01  8526s
  72   1.59238228e+05  1.52735624e+05  2.27e-07 6.18e-06  1.67e-01  8694s
  73   1.59120022e+05  1.53096637e+05  1.92e-06 6.23e-06  1.56e-01  8838s
  74   1.59034760e+05  1.53301488e+05  1.79e-06 6.19e-06  1.48e-01  9008s
  75   1.58985472e+05  1.53644063e+05  2.32e-06 6.29e-06  1.39e-01  9153s
  76   1.58859122e+05  1.54033417e+05  2.10e-06 6.05e-06  1.26e-01  9320s
  77   1.58762057e+05  1.54341648e+05  1.92e-06 5.73e-06  1.15e-01  9489s
  78   1.58745835e+05  1.54480059e+05  2.14e-06 5.72e-06  1.11e-01  9595s
  79   1.58705288e+05  1.54509504e+05  3.57e-06 5.74e-06  1.10e-01  9738s
  80   1.58663898e+05  1.54765926e+05  3.15e-06 5.78e-06  1.02e-01  9862s
  81   1.58629495e+05  1.54888831e+05  2.95e-06 5.75e-06  9.85e-02  10005s
  82   1.58587652e+05  1.55098036e+05  2.81e-06 5.44e-06  9.19e-02  10173s
  83   1.58566860e+05  1.55123100e+05  2.74e-06 5.44e-06  9.08e-02  10345s
  84   1.58467678e+05  1.55284393e+05  2.43e-06 5.26e-06  8.42e-02  10466s
  85   1.58453429e+05  1.55330911e+05  2.36e-06 5.27e-06  8.27e-02  10572s
  86   1.58386296e+05  1.55589340e+05  2.51e-06 5.29e-06  7.46e-02  10715s
  87   1.58339398e+05  1.55884241e+05  2.43e-06 5.35e-06  6.62e-02  10829s
  88   1.58250494e+05  1.55990085e+05  3.94e-06 5.38e-06  6.14e-02  10919s
  89   1.58213104e+05  1.56116351e+05  5.98e-06 5.42e-06  5.73e-02  11035s
  90   1.58162566e+05  1.56181314e+05  4.81e-06 5.38e-06  5.44e-02  11173s
  91   1.58101631e+05  1.56308100e+05  3.36e-06 5.46e-06  4.99e-02  11285s
  92   1.58076744e+05  1.56507971e+05  2.88e-06 5.55e-06  4.44e-02  11426s
  93   1.58046021e+05  1.56616085e+05  2.62e-06 5.28e-06  4.07e-02  11596s
  94   1.58020073e+05  1.56638007e+05  2.91e-06 5.32e-06  3.95e-02  11719s
  95   1.57978158e+05  1.56764195e+05  2.61e-06 5.10e-06  3.51e-02  11878s
  96   1.57974009e+05  1.56856919e+05  2.56e-06 5.21e-06  3.28e-02  12024s
  97   1.57942148e+05  1.56919475e+05  2.66e-06 5.21e-06  3.05e-02  12169s
  98   1.57922187e+05  1.56969084e+05  2.48e-06 4.97e-06  2.85e-02  12337s
  99   1.57905044e+05  1.57008198e+05  2.31e-06 4.77e-06  2.69e-02  12505s
 100   1.57891111e+05  1.57057514e+05  2.18e-06 4.58e-06  2.52e-02  12676s
 101   1.57868849e+05  1.57083217e+05  4.14e-06 4.60e-06  2.40e-02  12785s
 102   1.57854558e+05  1.57162027e+05  3.73e-06 4.57e-06  2.17e-02  12930s
 103   1.57841897e+05  1.57194530e+05  3.46e-06 4.40e-06  2.04e-02  13102s
 104   1.57827807e+05  1.57211868e+05  3.18e-06 4.27e-06  1.95e-02  13270s
 105   1.57815430e+05  1.57237258e+05  2.93e-06 4.12e-06  1.84e-02  13414s
 106   1.57805611e+05  1.57261726e+05  2.73e-06 3.94e-06  1.74e-02  13567s
 107   1.57794041e+05  1.57282226e+05  2.50e-06 3.79e-06  1.64e-02  13729s
 108   1.57788152e+05  1.57301971e+05  2.38e-06 3.63e-06  1.56e-02  13873s
 109   1.57779969e+05  1.57328689e+05  2.22e-06 3.41e-06  1.46e-02  14040s
 110   1.57773921e+05  1.57353442e+05  2.10e-06 3.23e-06  1.36e-02  14211s
 111   1.57766995e+05  1.57369886e+05  1.96e-06 3.12e-06  1.29e-02  14377s
 112   1.57759820e+05  1.57390560e+05  1.80e-06 3.09e-06  1.22e-02  14519s
 113   1.57755139e+05  1.57402743e+05  1.71e-06 2.98e-06  1.17e-02  14686s
 114   1.57749078e+05  1.57417406e+05  1.59e-06 2.86e-06  1.10e-02  14854s
 115   1.57743629e+05  1.57428776e+05  1.48e-06 2.76e-06  1.05e-02  15026s
 116   1.57742749e+05  1.57439917e+05  1.46e-06 2.66e-06  1.01e-02  15171s
 117   1.57740650e+05  1.57443575e+05  1.42e-06 2.65e-06  9.98e-03  15270s
 118   1.57734751e+05  1.57462020e+05  1.30e-06 2.49e-06  9.22e-03  15394s
 119   1.57732492e+05  1.57470469e+05  1.26e-06 2.49e-06  8.95e-03  15537s
 120   1.57728675e+05  1.57484244e+05  1.18e-06 2.50e-06  8.53e-03  15678s
 121   1.57723596e+05  1.57494391e+05  1.08e-06 2.47e-06  8.12e-03  15810s
 122   1.57722234e+05  1.57508496e+05  1.06e-06 2.50e-06  7.77e-03  15918s
 123   1.57717995e+05  1.57525145e+05  9.72e-07 2.54e-06  7.29e-03  16040s
 124   1.57715068e+05  1.57531534e+05  9.16e-07 2.47e-06  6.98e-03  16212s
 125   1.57712826e+05  1.57540854e+05  8.74e-07 2.37e-06  6.60e-03  16380s
 126   1.57711441e+05  1.57544337e+05  8.48e-07 2.33e-06  6.44e-03  16552s
 127   1.57709886e+05  1.57555060e+05  8.07e-07 2.32e-06  6.12e-03  16660s
 128   1.57706602e+05  1.57565353e+05  7.46e-07 2.32e-06  5.79e-03  16806s
 129   1.57704480e+05  1.57569501e+05  7.07e-07 2.33e-06  5.65e-03  16953s
 130   1.57701623e+05  1.57576011e+05  6.51e-07 2.24e-06  5.32e-03  17125s
 131   1.57700218e+05  1.57587433e+05  6.25e-07 2.24e-06  5.00e-03  17269s
 132   1.57698124e+05  1.57590175e+05  5.86e-07 2.18e-06  4.82e-03  17438s
 133   1.57696273e+05  1.57593676e+05  5.53e-07 2.11e-06  4.63e-03  17585s
 134   1.57694657e+05  1.57597989e+05  5.21e-07 2.03e-06  4.40e-03  17730s
 135   1.57692974e+05  1.57602097e+05  4.89e-07 1.96e-06  4.18e-03  17845s
 136   1.57691225e+05  1.57608096e+05  4.56e-07 1.86e-06  3.89e-03  18016s
 137   1.57689857e+05  1.57613743e+05  4.30e-07 1.86e-06  3.73e-03  18137s
 138   1.57688791e+05  1.57619766e+05  4.10e-07 1.86e-06  3.54e-03  18284s
 139   1.57687211e+05  1.57620452e+05  3.82e-07 1.84e-06  3.47e-03  18436s
 140   1.57686664e+05  1.57623503e+05  3.71e-07 1.77e-06  3.31e-03  18585s
 141   1.57685246e+05  1.57627976e+05  3.44e-07 1.68e-06  3.08e-03  18731s
 142   1.57684130e+05  1.57632998e+05  3.66e-07 1.70e-06  2.94e-03  18876s
 143   1.57683050e+05  1.57637346e+05  3.43e-07 1.66e-06  2.77e-03  19042s
 144   1.57682130e+05  1.57641389e+05  3.24e-07 1.62e-06  2.61e-03  19190s
 145   1.57681540e+05  1.57645639e+05  3.11e-07 1.56e-06  2.43e-03  19361s
 146   1.57680857e+05  1.57648187e+05  2.97e-07 1.53e-06  2.32e-03  19531s
 147   1.57679818e+05  1.57649688e+05  2.74e-07 1.46e-06  2.19e-03  19703s
 148   1.57679133e+05  1.57651179e+05  2.59e-07 1.37e-06  2.04e-03  19876s
 149   1.57678366e+05  1.57651751e+05  2.41e-07 1.30e-06  1.94e-03  20028s
 150   1.57677144e+05  1.57652780e+05  2.15e-07 1.27e-06  1.86e-03  20175s
 151   1.57676067e+05  1.57654497e+05  1.91e-07 1.20e-06  1.72e-03  20315s
 152   1.57675248e+05  1.57656099e+05  1.74e-07 1.15e-06  1.61e-03  20481s
 153   1.57674908e+05  1.57658517e+05  1.66e-07 1.10e-06  1.50e-03  20622s
 154   1.57674279e+05  1.57658929e+05  1.52e-07 1.05e-06  1.41e-03  20791s
 155   1.57673672e+05  1.57660677e+05  1.42e-07 9.62e-07  1.27e-03  20929s
 156   1.57673130e+05  1.57661798e+05  1.55e-07 9.20e-07  1.19e-03  21059s
 157   1.57673026e+05  1.57662356e+05  1.52e-07 8.93e-07  1.14e-03  21213s
 158   1.57672761e+05  1.57663393e+05  1.46e-07 8.48e-07  1.07e-03  21386s
 159   1.57672634e+05  1.57664142e+05  1.42e-07 8.15e-07  1.01e-03  21557s
 160   1.57672249e+05  1.57664111e+05  1.32e-07 7.66e-07  9.57e-04  21730s
 161   1.57671476e+05  1.57664528e+05  1.13e-07 7.25e-07  8.87e-04  21901s
 162   1.57671351e+05  1.57664913e+05  1.09e-07 6.59e-07  8.10e-04  22032s
 163   1.57670992e+05  1.57665955e+05  9.95e-08 6.21e-07  7.37e-04  22154s
 164   1.57670566e+05  1.57667079e+05  8.89e-08 6.25e-07  7.03e-04  22326s
 165   1.57670057e+05  1.57667725e+05  7.62e-08 6.03e-07  6.52e-04  22474s
 166   1.57669990e+05  1.57667868e+05  7.45e-08 5.92e-07  6.36e-04  22606s
 167   1.57669844e+05  1.57667918e+05  7.09e-08 5.67e-07  6.07e-04  22751s
 168   1.57669767e+05  1.57667985e+05  6.87e-08 5.60e-07  5.96e-04  22886s
 169   1.57669468e+05  1.57668943e+05  6.10e-08 5.47e-07  5.52e-04  23056s
 170   1.57669203e+05  1.57669940e+05  5.39e-08 5.23e-07  4.97e-04  23225s
 171   1.57669026e+05  1.57670236e+05  4.93e-08 4.95e-07  4.58e-04  23377s
 172   1.57668722e+05  1.57671343e+05  2.55e-07 4.93e-07  4.21e-04  23456s
 173   1.57668647e+05  1.57671721e+05  2.44e-07 4.69e-07  3.86e-04  23586s
 174   1.57668459e+05  1.57672274e+05  2.17e-07 4.46e-07  3.46e-04  23705s
 175   1.57668323e+05  1.57672373e+05  1.99e-07 4.35e-07  3.28e-04  23868s
 176   1.57667972e+05  1.57672935e+05  3.60e-07 4.29e-07  2.99e-04  24014s
 177   1.57667910e+05  1.57672964e+05  3.41e-07 4.02e-07  2.70e-04  24162s
 178   1.57667788e+05  1.57672792e+05  3.05e-07 3.72e-07  2.42e-04  24308s
 179   1.57667707e+05  1.57672216e+05  2.79e-07 3.37e-07  2.20e-04  24471s
 180   1.57667625e+05  1.57672097e+05  2.52e-07 3.20e-07  2.04e-04  24627s
 181   1.57667568e+05  1.57671892e+05  2.33e-07 3.04e-07  1.92e-04  24788s
 182   1.57667401e+05  1.57672399e+05  2.60e-07 2.95e-07  1.67e-04  24893s
 183   1.57667371e+05  1.57672966e+05  2.54e-07 2.96e-07  1.53e-04  25019s
 184   1.57667289e+05  1.57673648e+05  2.31e-07 2.94e-07  1.32e-04  25137s
 185   1.57667244e+05  1.57674291e+05  2.12e-07 2.93e-07  1.14e-04  25271s
 186   1.57667215e+05  1.57674563e+05  2.01e-07 2.92e-07  1.06e-04  25415s
 187   1.57667211e+05  1.57674601e+05  1.99e-07 2.92e-07  1.05e-04  25517s
 188   1.57667203e+05  1.57674774e+05  1.95e-07 2.90e-07  9.85e-05  25662s
 189   1.57667131e+05  1.57674721e+05  2.21e-07 2.86e-07  9.35e-05  25785s
 190   1.57667073e+05  1.57675037e+05  1.66e-07 2.83e-07  8.15e-05  25926s
 191   1.57667063e+05  1.57674991e+05  1.66e-07 2.77e-07  7.65e-05  26071s
 192   1.57667004e+05  1.57674339e+05  1.35e-07 2.54e-07  6.82e-05  26234s
 193   1.57666918e+05  1.57674192e+05  3.60e-07 2.38e-07  5.41e-05  26379s
 194   1.57666913e+05  1.57674566e+05  3.50e-07 2.36e-07  4.28e-05  26520s
 195   1.57666897e+05  1.57674663e+05  3.17e-07 2.37e-07  4.12e-05  26653s
 196   1.57666883e+05  1.57674701e+05  2.90e-07 2.35e-07  3.75e-05  26817s
 197   1.57666864e+05  1.57674960e+05  2.51e-07 2.39e-07  3.48e-05  26963s
 198   1.57666860e+05  1.57675520e+05  2.45e-07 2.48e-07  2.91e-05  27084s
 199   1.57666840e+05  1.57676131e+05  1.94e-07 2.58e-07  2.39e-05  27190s
 200   1.57666836e+05  1.57675671e+05  1.86e-07 2.44e-07  2.11e-05  27286s
 201   1.57666807e+05  1.57675115e+05  1.24e-07 2.28e-07  1.88e-05  27457s
 202   1.57666798e+05  1.57675107e+05  1.09e-07 2.24e-07  1.42e-05  27543s
 203   1.57666787e+05  1.57674524e+05  8.69e-08 2.08e-07  1.31e-05  27713s
 204   1.57666778e+05  1.57673571e+05  7.40e-08 1.83e-07  1.12e-05  27881s
 205   1.57666775e+05  1.57672470e+05  7.01e-08 1.52e-07  8.85e-06  28046s
 206   1.57666760e+05  1.57672426e+05  4.58e-08 1.50e-07  7.47e-06  28151s
 207   1.57666758e+05  1.57672112e+05  4.38e-08 1.41e-07  6.39e-06  28317s
 208   1.57666755e+05  1.57671973e+05  3.94e-08 1.38e-07  6.14e-06  28451s
 209   1.57666750e+05  1.57671575e+05  3.63e-08 1.27e-07  5.33e-06  28568s
 210   1.57666748e+05  1.57671177e+05  3.06e-08 1.16e-07  4.26e-06  28702s
 211   1.57666745e+05  1.57670922e+05  2.59e-08 1.07e-07  2.01e-06  28804s
 212   1.57666739e+05  1.57670338e+05  6.73e-08 9.14e-08  6.74e-07  28905s
 213   1.57666738e+05  1.57670236e+05  5.66e-08 8.88e-08  6.26e-07  29032s
 214   1.57666738e+05  1.57669908e+05  5.60e-08 8.05e-08  5.66e-07  29160s
 215   1.57666737e+05  1.57669748e+05  5.10e-08 7.65e-08  5.29e-07  29241s
 216   1.57666736e+05  1.57669583e+05  4.73e-08 7.23e-08  4.88e-07  29310s
 217   1.57666736e+05  1.57669535e+05  4.58e-08 7.11e-08  4.78e-07  29404s
 218   1.57666736e+05  1.57669506e+05  4.45e-08 7.03e-08  4.67e-07  29501s
 219   1.57666735e+05  1.57668999e+05  3.88e-08 5.75e-08  3.87e-07  29592s
 220   1.57666733e+05  1.57668071e+05  1.31e-08 3.39e-08  2.12e-07  29675s
 221   1.57666732e+05  1.57668013e+05  3.29e-09 3.25e-08  1.78e-07  29747s
 222   1.57666732e+05  1.57667316e+05  1.98e-09 1.48e-08  8.61e-08  29797s
 223   1.57666731e+05  1.57667315e+05  1.56e-08 1.48e-08  8.21e-08  29880s
 224   1.57666731e+05  1.57667303e+05  7.13e-09 1.44e-08  7.92e-09  29915s

Barrier solved model in 224 iterations and 29916.14 seconds (711.27 work units)
Optimal objective 1.57666731e+05

Crossover log...

  498012 DPushes remaining with DInf 0.0000000e+00             29927s
   92348 DPushes remaining with DInf 0.0000000e+00             29979s
   71734 DPushes remaining with DInf 0.0000000e+00             29982s
   61854 DPushes remaining with DInf 0.0000000e+00             29986s
   60943 DPushes remaining with DInf 0.0000000e+00             29992s
   59596 DPushes remaining with DInf 0.0000000e+00             29997s
   58249 DPushes remaining with DInf 0.0000000e+00             30002s
   56605 DPushes remaining with DInf 0.0000000e+00             30007s
   55815 DPushes remaining with DInf 0.0000000e+00             30010s
   54242 DPushes remaining with DInf 0.0000000e+00             30018s
   53457 DPushes remaining with DInf 0.0000000e+00             30022s
   52707 DPushes remaining with DInf 0.0000000e+00             30025s
   51214 DPushes remaining with DInf 0.0000000e+00             30032s
   50473 DPushes remaining with DInf 0.0000000e+00             30035s
   49022 DPushes remaining with DInf 0.0000000e+00             30042s
   47608 DPushes remaining with DInf 0.0000000e+00             30049s
   46918 DPushes remaining with DInf 0.0000000e+00             30053s
   46219 DPushes remaining with DInf 0.0000000e+00             30059s
   45544 DPushes remaining with DInf 0.0000000e+00             30066s
   44864 DPushes remaining with DInf 0.0000000e+00             30077s
   44189 DPushes remaining with DInf 0.0000000e+00             30086s
   43513 DPushes remaining with DInf 0.0000000e+00             30094s
   42833 DPushes remaining with DInf 0.0000000e+00             30103s
   42153 DPushes remaining with DInf 0.0000000e+00             30112s
   41473 DPushes remaining with DInf 0.0000000e+00             30120s
   40793 DPushes remaining with DInf 0.0000000e+00             30127s
   40117 DPushes remaining with DInf 0.0000000e+00             30132s
   38769 DPushes remaining with DInf 0.0000000e+00             30139s
   38097 DPushes remaining with DInf 0.0000000e+00             30144s
   37425 DPushes remaining with DInf 0.0000000e+00             30150s
   36753 DPushes remaining with DInf 0.0000000e+00             30157s
   36081 DPushes remaining with DInf 0.0000000e+00             30165s
   35441 DPushes remaining with DInf 0.0000000e+00             30177s
   34821 DPushes remaining with DInf 0.0000000e+00             30185s
   34201 DPushes remaining with DInf 0.0000000e+00             30195s
   33541 DPushes remaining with DInf 0.0000000e+00             30204s
   32869 DPushes remaining with DInf 0.0000000e+00             30213s
   32197 DPushes remaining with DInf 0.0000000e+00             30222s
   31525 DPushes remaining with DInf 0.0000000e+00             30231s
   30853 DPushes remaining with DInf 0.0000000e+00             30240s
   30181 DPushes remaining with DInf 0.0000000e+00             30248s
   29509 DPushes remaining with DInf 0.0000000e+00             30258s
   28837 DPushes remaining with DInf 0.0000000e+00             30267s
   28165 DPushes remaining with DInf 0.0000000e+00             30277s
   27493 DPushes remaining with DInf 0.0000000e+00             30288s
   26821 DPushes remaining with DInf 0.0000000e+00             30299s
   26149 DPushes remaining with DInf 0.0000000e+00             30309s
   25477 DPushes remaining with DInf 0.0000000e+00             30321s
   24805 DPushes remaining with DInf 0.0000000e+00             30332s
   24133 DPushes remaining with DInf 0.0000000e+00             30343s
   23461 DPushes remaining with DInf 0.0000000e+00             30354s
   22789 DPushes remaining with DInf 0.0000000e+00             30363s
   22117 DPushes remaining with DInf 0.0000000e+00             30370s
   21445 DPushes remaining with DInf 0.0000000e+00             30378s
   20773 DPushes remaining with DInf 0.0000000e+00             30385s
   20101 DPushes remaining with DInf 0.0000000e+00             30393s
   19429 DPushes remaining with DInf 0.0000000e+00             30401s
   18757 DPushes remaining with DInf 0.0000000e+00             30409s
   18085 DPushes remaining with DInf 0.0000000e+00             30417s
   17413 DPushes remaining with DInf 0.0000000e+00             30425s
   16741 DPushes remaining with DInf 0.0000000e+00             30432s
   16069 DPushes remaining with DInf 0.0000000e+00             30438s
   15397 DPushes remaining with DInf 0.0000000e+00             30443s
   14725 DPushes remaining with DInf 0.0000000e+00             30448s
   14053 DPushes remaining with DInf 0.0000000e+00             30451s
   12709 DPushes remaining with DInf 0.0000000e+00             30458s
   12037 DPushes remaining with DInf 0.0000000e+00             30461s
    9363 DPushes remaining with DInf 0.0000000e+00             30467s
    7361 DPushes remaining with DInf 0.0000000e+00             30470s
    6017 DPushes remaining with DInf 0.0000000e+00             30476s
    5345 DPushes remaining with DInf 0.0000000e+00             30483s
    4795 DPushes remaining with DInf 0.0000000e+00             30493s
    4315 DPushes remaining with DInf 0.0000000e+00             30502s
    3775 DPushes remaining with DInf 0.0000000e+00             30513s
    3295 DPushes remaining with DInf 0.0000000e+00             30523s
    2623 DPushes remaining with DInf 0.0000000e+00             30533s
    1951 DPushes remaining with DInf 0.0000000e+00             30543s
    1279 DPushes remaining with DInf 0.0000000e+00             30549s
     607 DPushes remaining with DInf 0.0000000e+00             30552s
       0 DPushes remaining with DInf 0.0000000e+00             30560s

  506582 PPushes remaining with PInf 2.4075972e+00             30562s
  294630 PPushes remaining with PInf 3.1948919e+00             30568s
  272631 PPushes remaining with PInf 1.2993798e+00             30572s
  239000 PPushes remaining with PInf 6.3328678e-01             30584s
  227932 PPushes remaining with PInf 6.3522049e-01             30589s
  220331 PPushes remaining with PInf 6.4663029e-01             30600s
   41115 PPushes remaining with PInf 6.6985731e-01             30616s
   22557 PPushes remaining with PInf 6.9076616e-01             30626s
   12600 PPushes remaining with PInf 6.9472221e-01             30638s
    7192 PPushes remaining with PInf 7.0068882e-01             30651s
    4283 PPushes remaining with PInf 7.0178242e-01             30660s
    1495 PPushes remaining with PInf 6.9688475e-01             30670s
       0 PPushes remaining with PInf 0.0000000e+00             30802s

  Push phase complete: Pinf 0.0000000e+00, Dinf 4.4058223e+00  30803s

Iteration    Objective       Primal Inf.    Dual Inf.      Time
  615950    1.5766673e+05   0.000000e+00   4.405822e+00  30846s
  616622    1.5766673e+05   0.000000e+00   1.350099e+00  30929s
  617294    1.5766673e+05   0.000000e+00   6.303062e-01  31023s
  617966    1.5766673e+05   0.000000e+00   3.141234e-01  31113s
  618638    1.5766673e+05   0.000000e+00   8.881297e-02  31214s
  619310    1.5766673e+05   0.000000e+00   7.722042e-03  31301s
  619663    1.5766673e+05   0.000000e+00   0.000000e+00  31411s
  619663    1.5766673e+05   0.000000e+00   3.000000e-06  31457s
Extra simplex iterations after uncrush: 2
  619665    1.5766673e+05   0.000000e+00   0.000000e+00  31494s

Solved with barrier
Solved in 619665 iterations and 31495.58 seconds (1526.14 work units)
Optimal objective  1.576667312e+05

User-callback calls 2501060, time in user-callback 5.91 sec
