
Gurobi 9.1.2 (linux64) logging started Thu Aug  5 16:10:59 2021


Gurobi 9.1.2 (linux64) logging started Thu Aug  5 16:11:07 2021

Gurobi Optimizer version 9.1.2 build v9.1.2rc0 (linux64)
Thread count: 40 physical cores, 40 logical processors, using up to 32 threads
Optimize a model with 3188514 rows, 1314095 columns and 9550615 nonzeros
Model fingerprint: 0x9facb98e
Coefficient statistics:
  Matrix range     [1e-06, 1e-03]
  Objective range  [1e-02, 4e+02]
  Bounds range     [3e+01, 8e+06]
  RHS range        [6e-03, 8e+05]

Concurrent LP optimizer: primal simplex, dual simplex, and barrier
Showing barrier log only...

Presolve removed 2812612 rows and 744312 columns (presolve time = 6s) ...
Presolve removed 2929985 rows and 765347 columns (presolve time = 11s) ...
Presolve removed 2929985 rows and 765347 columns
Presolve time: 11.98s
Presolved: 258529 rows, 645097 columns, 1714358 nonzeros

Ordering time: 0.37s

Barrier statistics:
 AA' NZ     : 1.282e+06
 Factor NZ  : 7.961e+06 (roughly 400 MBytes of memory)
 Factor Ops : 5.200e+08 (less than 1 second per iteration)
 Threads    : 30

                  Objective                Residual
Iter       Primal          Dual         Primal    Dual     Compl     Time
   0   5.46900604e+11 -1.65728876e+13  1.26e+12 4.07e-14  1.39e+10    20s
   1   1.73384310e+11 -1.72395597e+13  3.21e+11 5.24e+02  3.58e+09    34s
   2   5.25568619e+10 -1.76715951e+13  6.25e+10 1.18e+02  8.46e+08    54s
   3   8.07028725e+09 -1.72986194e+13  6.13e+09 1.28e+02  1.08e+08    69s
   4   3.02478264e+09 -9.02910668e+12  3.46e+08 1.14e-12  2.09e+07    89s
   5   2.00374638e+09 -3.29171221e+12  9.99e+03 1.36e-12  4.04e+06   104s
   6   1.88112759e+09 -5.76043374e+11  1.14e+03 1.14e-12  5.48e+05   127s
   7   1.84090126e+09 -8.63077181e+10  1.15e+02 7.96e-13  7.40e+04   142s
   8   1.51670890e+09 -1.80649058e+10  1.14e+01 6.82e-13  1.58e+04   164s
   9   9.41274152e+08 -6.93109604e+09  2.35e+00 6.82e-13  6.29e+03   178s
  10   4.82664441e+08 -2.35898445e+09  5.13e-01 4.55e-13  2.27e+03   197s
  11   3.02549242e+08 -9.00846524e+08  2.18e-01 4.55e-13  9.60e+02   210s
  12   2.14396404e+08 -3.67268397e+08  1.12e-01 3.41e-13  4.64e+02   231s
  13   1.77965389e+08 -3.29135582e+07  5.50e-02 3.41e-13  1.68e+02   259s
  14   1.54599627e+08  6.05844693e+07  2.28e-02 1.71e-13  7.50e+01   287s
  15   1.45340587e+08  9.40990048e+07  1.25e-02 1.14e-13  4.09e+01   304s
  16   1.40422780e+08  1.09366578e+08  7.95e-03 5.68e-14  2.48e+01   323s
  17   1.37134029e+08  1.18038810e+08  5.21e-03 4.26e-14  1.52e+01   340s
  18   1.34575181e+08  1.21612017e+08  3.38e-03 2.84e-14  1.03e+01   359s
  19   1.32687749e+08  1.25050527e+08  2.11e-03 1.42e-14  6.09e+00   382s
  20   1.32020323e+08  1.26126805e+08  1.67e-03 1.42e-14  4.70e+00   399s
  21   1.31189352e+08  1.27332588e+08  1.13e-03 1.07e-14  3.08e+00   424s
  22   1.30854576e+08  1.27916870e+08  9.13e-04 7.11e-15  2.34e+00   441s
  23   1.30422486e+08  1.28212817e+08  6.37e-04 7.11e-15  1.76e+00   467s
  24   1.30197686e+08  1.28549767e+08  4.93e-04 5.33e-15  1.31e+00   500s
  25   1.29962390e+08  1.28910516e+08  3.44e-04 4.44e-15  8.39e-01   535s
  26   1.29697221e+08  1.29169991e+08  1.66e-04 2.22e-15  4.20e-01   574s
  27   1.29591660e+08  1.29284439e+08  9.75e-05 1.33e-15  2.45e-01   600s
  28   1.29536695e+08  1.29342004e+08  6.07e-05 1.33e-15  1.55e-01   620s
  29   1.29508340e+08  1.29375508e+08  4.20e-05 8.88e-16  1.06e-01   641s
  30   1.29489226e+08  1.29400074e+08  2.94e-05 8.88e-16  7.11e-02   663s
  31   1.29474618e+08  1.29417148e+08  1.99e-05 8.88e-16  4.58e-02   687s
  32   1.29463298e+08  1.29428335e+08  1.26e-05 9.30e-16  2.79e-02   708s
  33   1.29456790e+08  1.29431740e+08  8.44e-06 8.88e-16  2.00e-02   733s
  34   1.29452069e+08  1.29436853e+08  5.44e-06 8.88e-16  1.21e-02   761s
  35   1.29450060e+08  1.29438388e+08  4.18e-06 8.88e-16  9.31e-03   799s
  36   1.29446658e+08  1.29441273e+08  2.06e-06 2.13e-15  4.29e-03   851s
  37   1.29445213e+08  1.29441986e+08  1.17e-06 3.22e-15  2.57e-03   906s
  38   1.29444518e+08  1.29442571e+08  7.43e-07 1.72e-15  1.55e-03   990s
  39   1.29443971e+08  1.29442772e+08  4.16e-07 7.02e-14  9.56e-04  1050s
  40   1.29443606e+08  1.29443034e+08  1.98e-07 4.19e-14  4.56e-04  1169s
  41   1.29443387e+08  1.29443160e+08  7.18e-08 1.74e-11  1.81e-04  1290s
  42   1.29443318e+08  1.29443218e+08  3.36e-08 1.68e-09  8.20e-05  1334s
  43   1.29443301e+08  1.29443238e+08  2.38e-08 1.70e-09  5.29e-05  1369s
  44   1.29443288e+08  1.29443247e+08  1.66e-08 1.35e-09  3.47e-05  1417s
  45   1.29443273e+08  1.29443252e+08  2.89e-08 1.57e-09  1.87e-05  1450s
  46   1.29443266e+08  1.29443255e+08  1.84e-08 1.54e-09  9.75e-06  1489s
  47   1.29443263e+08  1.29443257e+08  1.50e-08 1.65e-09  5.47e-06  1517s
  48   1.29443260e+08  1.29443258e+08  3.33e-08 1.28e-09  2.08e-06  1564s
  49   1.29443259e+08  1.29443258e+08  3.01e-08 1.25e-09  1.03e-06  1591s
  50   1.29443259e+08  1.29443258e+08  8.30e-08 1.30e-09  4.05e-07  1628s
  51   1.29443259e+08  1.29443258e+08  1.58e-07 1.31e-09  2.42e-07  1660s

Barrier solved model in 51 iterations and 1659.77 seconds
Optimal objective 1.29443259e+08

Crossover log...

  142120 variables added to crossover basis                     1671s

   85469 DPushes remaining with DInf 0.0000000e+00              1675s
    8927 DPushes remaining with DInf 0.0000000e+00              1681s
     830 DPushes remaining with DInf 0.0000000e+00              1687s
       0 DPushes remaining with DInf 0.0000000e+00              1690s

  499068 PPushes remaining with PInf 1.6013077e-02              1690s
   35465 PPushes remaining with PInf 5.3020894e-03              1695s
       0 PPushes remaining with PInf 5.0312209e-04              1698s

  Push phase complete: Pinf 5.0312209e-04, Dinf 1.3187120e+01   1698s

Iteration    Objective       Primal Inf.    Dual Inf.      Time
  547892    1.2944326e+08   0.000000e+00   1.318712e+01   1699s
  548195    1.2944326e+08   2.629072e-04   0.000000e+00   1700s
  548238    1.2944326e+08   0.000000e+00   1.910825e-03   1709s
Extra simplex iterations after uncrush: 20
  548258    1.2944326e+08   0.000000e+00   0.000000e+00   1712s

Solved with barrier
Solved in 548258 iterations and 1712.20 seconds
Optimal objective  1.294432584e+08

User-callback calls 630838, time in user-callback 0.55 sec
