
Gurobi 9.1.2 (linux64) logging started Thu Jul  1 13:32:28 2021


Gurobi 9.1.2 (linux64) logging started Thu Jul  1 13:32:31 2021

Gurobi Optimizer version 9.1.2 build v9.1.2rc0 (linux64)
Thread count: 40 physical cores, 40 logical processors, using up to 32 threads
Optimize a model with 3390066 rows, 1314095 columns and 9752159 nonzeros
Model fingerprint: 0x1f9fc358
Coefficient statistics:
  Matrix range     [3e-04, 1e+00]
  Objective range  [1e+01, 4e+05]
  Bounds range     [1e+03, 8e+06]
  RHS range        [6e+00, 1e+09]

Concurrent LP optimizer: primal simplex, dual simplex, and barrier
Showing barrier log only...

Presolve removed 1006787 rows and 216381 columns (presolve time = 5s) ...
Presolve removed 1155708 rows and 277680 columns (presolve time = 13s) ...
Presolve removed 1158028 rows and 280000 columns (presolve time = 16s) ...
Presolve removed 1208276 rows and 330248 columns (presolve time = 26s) ...
Presolve removed 1208324 rows and 330280 columns (presolve time = 30s) ...
Presolve removed 1208324 rows and 330280 columns
Presolve removed 216374 rows and 671717 columns (presolve time = 8s) ...
Presolve removed 216374 rows and 873186 columns (presolve time = 13s) ...
Presolve removed 223188 rows and 880000 columns (presolve time = 17s) ...
Presolve removed 294322 rows and 951134 columns (presolve time = 30s) ...
Presolve removed 294322 rows and 951134 columns (presolve time = 32s) ...
Presolve removed 294882 rows and 969542 columns (presolve time = 36s) ...
Presolve removed 294883 rows and 969548 columns (presolve time = 41s) ...
Presolve removed 294883 rows and 969548 columns (presolve time = 46s) ...
Presolve removed 294883 rows and 969548 columns
Presolve time: 84.63s
Presolved: 1019212 rows, 2420518 columns, 8433143 nonzeros

Elapsed ordering time = 5s
Elapsed ordering time = 265s
Elapsed ordering time = 269s
Elapsed ordering time = 270s
Elapsed ordering time = 275s
Elapsed ordering time = 280s
Elapsed ordering time = 285s
Elapsed ordering time = 290s
Elapsed ordering time = 295s
Elapsed ordering time = 300s
Ordering time: 303.22s

Barrier statistics:
 Dense cols : 2
 Free vars  : 83463
 AA' NZ     : 1.179e+07
 Factor NZ  : 1.319e+08 (roughly 2.5 GBytes of memory)
 Factor Ops : 3.520e+10 (roughly 1 second per iteration)
 Threads    : 30

                  Objective                Residual
Iter       Primal          Dual         Primal    Dual     Compl     Time
   0  -1.10023218e+16  1.61995763e+12  5.68e+08 4.79e+06  2.25e+12   473s
   1  -8.73144651e+15  1.10356609e+14  1.91e+08 5.14e+07  9.02e+11   551s
   2  -7.46266404e+15  1.83270946e+14  8.41e+07 4.74e+07  5.96e+11   650s
   3  -6.16071457e+15  2.10868218e+15  3.02e+07 9.93e+06  1.64e+11   763s
   4  -5.99641694e+15  2.66701665e+15  2.89e+07 3.84e+06  1.23e+11   853s
   5  -3.23386801e+15  2.81846913e+15  1.01e+07 2.45e+06  5.04e+10   922s
   6  -1.47119432e+15  2.84723848e+15  3.48e+06 1.16e+06  1.96e+10   995s
   7  -5.90399396e+14  2.60917205e+15  1.03e+06 5.05e+05  7.10e+09  1065s
   8  -1.36887918e+14  1.90635401e+15  7.47e+04 1.54e+05  1.66e+09  1157s
   9  -7.02981363e+13  1.60880008e+15  6.08e+03 1.26e+05  1.19e+09  1230s
  10  -5.75537027e+13  5.76580664e+14  6.29e+02 3.20e+04  3.62e+08  1324s
  11  -4.97759556e+13  3.37713938e+14  2.38e+02 1.80e+04  2.08e+08  1398s
  12  -3.97246031e+13  1.55137316e+14  7.51e+01 7.66e+03  9.32e+07  1488s
  13  -2.70094953e+13  8.10865896e+13  2.27e+01 3.87e+03  4.67e+07  1599s
  14  -2.00099143e+13  4.37267384e+13  1.16e+01 2.00e+03  2.55e+07  1688s
  15  -1.43332569e+13  2.92977692e+13  7.07e+00 1.30e+03  1.66e+07  1760s
  16  -1.05161376e+13  1.59212181e+13  4.47e+00 6.79e+02  9.52e+06  1829s
  17  -6.94859275e+12  4.60932810e+12  2.72e+00 1.75e+02  3.85e+06  1901s
  18  -2.09824206e+12  2.28019592e+12  7.47e-01 8.10e+01  1.41e+06  1974s
  19  -7.48820782e+11  6.98069100e+11  2.69e-01 1.91e+01  4.56e+05  2065s
  20  -3.31993362e+11  4.10638350e+11  1.37e-01 8.73e+00  2.33e+05  2169s
  21  -7.09543561e+10  3.24877668e+11  5.53e-02 5.95e+00  1.24e+05  2251s
  22   1.63540686e+10  2.68119034e+11  3.14e-02 4.08e+00  7.87e+04  2312s
  23   3.89132106e+10  2.31480402e+11  2.51e-02 2.96e+00  6.02e+04  2369s
  24   6.30950549e+10  2.09254074e+11  1.84e-02 2.27e+00  4.57e+04  2450s
  25   7.81952229e+10  2.00019867e+11  1.43e-02 2.00e+00  3.81e+04  2527s
  26   9.54384878e+10  1.86026089e+11  9.55e-03 1.60e+00  2.83e+04  2627s
  27   1.03826210e+11  1.72103607e+11  7.10e-03 1.22e+00  2.13e+04  2753s
  28   1.09053484e+11  1.65288743e+11  5.58e-03 1.03e+00  1.76e+04  2897s
  29   1.11465777e+11  1.60069975e+11  4.89e-03 8.78e-01  1.52e+04  3041s
  30   1.12314451e+11  1.56642132e+11  4.68e-03 7.83e-01  1.38e+04  3187s
  31   1.14701849e+11  1.54253035e+11  4.04e-03 7.15e-01  1.23e+04  3310s
  32   1.15242068e+11  1.52096536e+11  3.89e-03 6.54e-01  1.15e+04  3438s
  33   1.17142235e+11  1.49989212e+11  3.37e-03 5.94e-01  1.03e+04  3507s
  34   1.18840091e+11  1.46622893e+11  2.90e-03 5.00e-01  8.67e+03  3577s
  35   1.21194082e+11  1.44923480e+11  2.24e-03 4.55e-01  7.41e+03  3657s
  36   1.22162863e+11  1.42529872e+11  1.97e-03 3.90e-01  6.36e+03  3790s
  37   1.22974827e+11  1.40155515e+11  1.72e-03 3.25e-01  5.36e+03  3921s
  38   1.23853506e+11  1.38274653e+11  1.46e-03 2.72e-01  4.50e+03  4059s
  39   1.24808462e+11  1.36752711e+11  1.18e-03 2.28e-01  3.73e+03  4195s
  40   1.25555917e+11  1.35118718e+11  9.63e-04 1.80e-01  2.99e+03  4328s
  41   1.26289403e+11  1.34241176e+11  7.62e-04 1.54e-01  2.48e+03  4463s
  42   1.26709086e+11  1.33473778e+11  6.43e-04 1.31e-01  2.11e+03  4597s
  43   1.27036129e+11  1.33013690e+11  5.53e-04 1.18e-01  1.87e+03  4729s
  44   1.27406656e+11  1.32195485e+11  4.57e-04 9.37e-02  1.50e+03  4861s
  45   1.27723395e+11  1.31585382e+11  3.74e-04 7.43e-02  1.21e+03  4994s
  46   1.28036580e+11  1.31078844e+11  5.55e-04 5.85e-02  9.50e+02  5128s
  47   1.28313701e+11  1.30739803e+11  6.59e-04 4.76e-02  7.57e+02  5258s
  48   1.28397254e+11  1.30542579e+11  1.07e-03 4.18e-02  6.70e+02  5389s
  49   1.28414938e+11  1.30517928e+11  1.16e-03 4.10e-02  6.57e+02  5482s
  50   1.28549551e+11  1.30313219e+11  1.81e-03 3.47e-02  5.51e+02  5614s
  51   1.28721560e+11  1.30143356e+11  2.31e-03 2.94e-02  4.44e+02  5747s
  52   1.28773699e+11  1.29961002e+11  2.93e-03 2.39e-02  3.71e+02  5881s
  53   1.28822493e+11  1.29833270e+11  5.09e-03 2.00e-02  3.16e+02  6013s
  54   1.28862622e+11  1.29715173e+11  6.61e-03 1.64e-02  2.66e+02  6144s
  55   1.28892652e+11  1.29630618e+11  7.92e-03 1.37e-02  2.30e+02  6281s
  56   1.28928046e+11  1.29572066e+11  8.54e-03 1.19e-02  2.01e+02  6415s
  57   1.28980614e+11  1.29554586e+11  1.04e-02 1.14e-02  1.79e+02  6550s
  58   1.29001262e+11  1.29465677e+11  1.26e-02 8.77e-03  1.45e+02  6682s
  59   1.29030257e+11  1.29428018e+11  1.44e-02 8.95e-03  1.24e+02  6812s
  60   1.29056826e+11  1.29400159e+11  1.52e-02 1.00e-02  1.07e+02  6944s
  61   1.29066181e+11  1.29369174e+11  1.34e-02 1.08e-02  9.46e+01  7081s
  62   1.29078864e+11  1.29346206e+11  1.31e-02 1.19e-02  8.35e+01  7217s
  63   1.29085353e+11  1.29341514e+11  1.39e-02 1.22e-02  8.00e+01  7351s
  64   1.29095438e+11  1.29323989e+11  1.48e-02 1.34e-02  7.14e+01  7489s
  65   1.29103719e+11  1.29309031e+11  1.63e-02 1.47e-02  6.41e+01  7625s
  66   1.29113189e+11  1.29294496e+11  1.73e-02 1.62e-02  5.66e+01  7758s
  67   1.29117678e+11  1.29291414e+11  1.83e-02 1.65e-02  5.42e+01  7893s
  68   1.29130257e+11  1.29275379e+11  2.05e-02 1.82e-02  4.53e+01  8030s
  69   1.29133870e+11  1.29257735e+11  1.98e-02 1.97e-02  3.87e+01  8161s
  70   1.29144403e+11  1.29246847e+11  2.03e-02 2.08e-02  3.20e+01  8292s
  71   1.29149533e+11  1.29236796e+11  1.89e-02 2.19e-02  2.72e+01  8429s
  72   1.29151610e+11  1.29228784e+11  1.83e-02 2.27e-02  2.41e+01  8565s
  73   1.29152395e+11  1.29222307e+11  1.80e-02 2.34e-02  2.18e+01  8676s
  74   1.29153380e+11  1.29221689e+11  1.77e-02 2.35e-02  2.13e+01  8806s
  75   1.29156039e+11  1.29217133e+11  1.94e-02 2.40e-02  1.91e+01  8941s
  76   1.29157922e+11  1.29215826e+11  2.04e-02 2.41e-02  1.81e+01  9073s
  77   1.29159162e+11  1.29213561e+11  2.10e-02 2.43e-02  1.70e+01  9208s
  78   1.29160773e+11  1.29207091e+11  2.15e-02 2.49e-02  1.45e+01  9340s
  79   1.29162608e+11  1.29204190e+11  2.18e-02 2.52e-02  1.30e+01  9473s
  80   1.29163413e+11  1.29200998e+11  2.16e-02 2.54e-02  1.17e+01  9602s
  81   1.29166115e+11  1.29198809e+11  2.10e-02 2.56e-02  1.02e+01  9742s
  82   1.29167703e+11  1.29196631e+11  2.46e-02 2.58e-02  9.04e+00  9875s
  83   1.29168178e+11  1.29194170e+11  2.55e-02 2.59e-02  8.12e+00  10007s
  84   1.29169578e+11  1.29192081e+11  2.60e-02 2.61e-02  7.03e+00  10138s
  85   1.29170224e+11  1.29189431e+11  2.59e-02 2.61e-02  6.00e+00  10274s
  86   1.29170995e+11  1.29188374e+11  2.61e-02 2.62e-02  5.43e+00  10410s
  87   1.29171718e+11  1.29186504e+11  2.52e-02 2.64e-02  4.62e+00  10543s
  88   1.29172090e+11  1.29185350e+11  2.28e-02 2.59e-02  4.14e+00  10694s
  89   1.29172490e+11  1.29184213e+11  2.01e-02 2.46e-02  3.66e+00  10839s
  90   1.29172673e+11  1.29182964e+11  1.88e-02 2.29e-02  3.22e+00  10997s
  91   1.29172939e+11  1.29182173e+11  1.71e-02 2.12e-02  2.89e+00  11147s
  92   1.29173148e+11  1.29181192e+11  1.56e-02 1.89e-02  2.51e+00  11304s
  93   1.29173562e+11  1.29180304e+11  1.28e-02 1.59e-02  2.11e+00  11464s
  94   1.29173832e+11  1.29179638e+11  1.10e-02 1.39e-02  1.82e+00  11622s
  95   1.29174070e+11  1.29179024e+11  9.35e-03 1.20e-02  1.55e+00  11783s
  96   1.29174231e+11  1.29178387e+11  8.35e-03 9.78e-03  1.30e+00  11997s
  97   1.29174499e+11  1.29177927e+11  6.69e-03 8.22e-03  1.07e+00  12223s
  98   1.29174687e+11  1.29177644e+11  5.41e-03 7.31e-03  9.25e-01  12476s
  99   1.29174806e+11  1.29177415e+11  4.60e-03 6.55e-03  8.16e-01  12745s
 100   1.29174922e+11  1.29177210e+11  1.19e-02 5.83e-03  7.15e-01  13036s
 101   1.29175004e+11  1.29176687e+11  1.83e-02 4.11e-03  5.26e-01  13304s
 102   1.29175107e+11  1.29176454e+11  2.20e-02 3.31e-03  4.21e-01  13583s
 103   1.29175150e+11  1.29176302e+11  1.89e-02 2.82e-03  3.60e-01  13878s
 104   1.29175202e+11  1.29176218e+11  1.61e-02 2.56e-03  3.18e-01  14072s
 105   1.29175204e+11  1.29176215e+11  1.60e-02 2.55e-03  3.16e-01  14204s
 106   1.29175252e+11  1.29176031e+11  1.20e-02 1.95e-03  2.44e-01  14375s
 107   1.29175252e+11  1.29176031e+11  1.20e-02 1.95e-03  2.43e-01  14507s
 108   1.29175271e+11  1.29176013e+11  1.06e-02 1.89e-03  2.32e-01  14650s
 109   1.29175338e+11  1.29175779e+11  7.26e-03 1.11e-03  1.37e-01  14836s
 110   1.29175342e+11  1.29175773e+11  7.05e-03 1.09e-03  1.34e-01  14964s
 111   1.29175342e+11  1.29175773e+11  7.05e-03 1.09e-03  1.34e-01  15097s
 112   1.29175342e+11  1.29175773e+11  7.05e-03 1.09e-03  1.34e-01  15244s
 113   1.29175342e+11  1.29175773e+11  7.05e-03 1.09e-03  1.34e-01  15391s
 114   1.29175342e+11  1.29175773e+11  7.05e-03 1.09e-03  1.34e-01  15537s
 115   1.29175342e+11  1.29175773e+11  7.05e-03 1.09e-03  1.34e-01  15681s
 116   1.29175342e+11  1.29175773e+11  7.05e-03 1.09e-03  1.34e-01  15829s
 117   1.29175344e+11  1.29175770e+11  6.97e-03 1.08e-03  1.33e-01  15973s
 118   1.29175344e+11  1.29175770e+11  6.97e-03 1.08e-03  1.33e-01  16119s
 119   1.29175344e+11  1.29175770e+11  6.97e-03 1.08e-03  1.33e-01  16269s

Barrier performed 119 iterations in 16269.16 seconds
Sub-optimal termination - objective 1.29175338e+11

Crossover log...

  863568 DPushes remaining with DInf 0.0000000e+00             16275s
  862035 DPushes remaining with DInf 0.0000000e+00             16277s
  857405 DPushes remaining with DInf 0.0000000e+00             16285s
  857142 DPushes remaining with DInf 0.0000000e+00             16294s
  856929 DPushes remaining with DInf 0.0000000e+00             16302s
  856718 DPushes remaining with DInf 0.0000000e+00             16310s
  856505 DPushes remaining with DInf 0.0000000e+00             16319s
  856291 DPushes remaining with DInf 0.0000000e+00             16327s
  856081 DPushes remaining with DInf 0.0000000e+00             16335s
  855868 DPushes remaining with DInf 0.0000000e+00             16344s
  855657 DPushes remaining with DInf 0.0000000e+00             16353s
  855446 DPushes remaining with DInf 0.0000000e+00             16361s
  855227 DPushes remaining with DInf 0.0000000e+00             16370s
  854997 DPushes remaining with DInf 0.0000000e+00             16379s
  854733 DPushes remaining with DInf 0.0000000e+00             16387s
  854438 DPushes remaining with DInf 0.0000000e+00             16396s
  854191 DPushes remaining with DInf 0.0000000e+00             16405s
  853949 DPushes remaining with DInf 0.0000000e+00             16413s
  853696 DPushes remaining with DInf 0.0000000e+00             16422s
  853290 DPushes remaining with DInf 0.0000000e+00             16431s
  852323 DPushes remaining with DInf 0.0000000e+00             16439s
  851369 DPushes remaining with DInf 0.0000000e+00             16447s
  850822 DPushes remaining with DInf 0.0000000e+00             16456s
  849868 DPushes remaining with DInf 0.0000000e+00             16461s
  848883 DPushes remaining with DInf 0.0000000e+00             16466s
  848164 DPushes remaining with DInf 0.0000000e+00             16472s
  847307 DPushes remaining with DInf 0.0000000e+00             16479s
  839521 DPushes remaining with DInf 0.0000000e+00             16482s
  828125 DPushes remaining with DInf 0.0000000e+00             16487s
  826728 DPushes remaining with DInf 0.0000000e+00             16492s
  816519 DPushes remaining with DInf 0.0000000e+00             16496s
  813804 DPushes remaining with DInf 0.0000000e+00             16500s
  808358 DPushes remaining with DInf 0.0000000e+00             16506s
  806318 DPushes remaining with DInf 0.0000000e+00             16511s
  803355 DPushes remaining with DInf 0.0000000e+00             16515s
  801424 DPushes remaining with DInf 0.0000000e+00             16520s
  798895 DPushes remaining with DInf 0.0000000e+00             16526s
  797017 DPushes remaining with DInf 0.0000000e+00             16530s
  795611 DPushes remaining with DInf 0.0000000e+00             16536s
  794199 DPushes remaining with DInf 0.0000000e+00             16542s
  793480 DPushes remaining with DInf 0.0000000e+00             16550s
  792920 DPushes remaining with DInf 0.0000000e+00             16559s
  792434 DPushes remaining with DInf 0.0000000e+00             16569s
  791957 DPushes remaining with DInf 0.0000000e+00             16579s
  791474 DPushes remaining with DInf 0.0000000e+00             16589s
  791048 DPushes remaining with DInf 0.0000000e+00             16599s
  790608 DPushes remaining with DInf 0.0000000e+00             16609s
  790166 DPushes remaining with DInf 0.0000000e+00             16618s
  789733 DPushes remaining with DInf 0.0000000e+00             16629s
  789260 DPushes remaining with DInf 0.0000000e+00             16638s
  788798 DPushes remaining with DInf 0.0000000e+00             16649s
  788366 DPushes remaining with DInf 0.0000000e+00             16659s
  787886 DPushes remaining with DInf 0.0000000e+00             16669s
  787453 DPushes remaining with DInf 0.0000000e+00             16679s
  786999 DPushes remaining with DInf 0.0000000e+00             16689s
  786573 DPushes remaining with DInf 0.0000000e+00             16699s
  786105 DPushes remaining with DInf 0.0000000e+00             16709s
  785644 DPushes remaining with DInf 0.0000000e+00             16719s
  785255 DPushes remaining with DInf 0.0000000e+00             16729s
  784787 DPushes remaining with DInf 0.0000000e+00             16739s
  784336 DPushes remaining with DInf 0.0000000e+00             16749s
  783927 DPushes remaining with DInf 0.0000000e+00             16759s
  783519 DPushes remaining with DInf 0.0000000e+00             16769s
  783118 DPushes remaining with DInf 0.0000000e+00             16779s
  782707 DPushes remaining with DInf 0.0000000e+00             16789s
  782316 DPushes remaining with DInf 0.0000000e+00             16799s
  781925 DPushes remaining with DInf 0.0000000e+00             16809s
  781540 DPushes remaining with DInf 0.0000000e+00             16819s
  781102 DPushes remaining with DInf 0.0000000e+00             16829s
  780719 DPushes remaining with DInf 0.0000000e+00             16838s
  780325 DPushes remaining with DInf 0.0000000e+00             16848s
  779910 DPushes remaining with DInf 0.0000000e+00             16859s
  779485 DPushes remaining with DInf 0.0000000e+00             16868s
  779123 DPushes remaining with DInf 0.0000000e+00             16878s
  778765 DPushes remaining with DInf 0.0000000e+00             16888s
  778315 DPushes remaining with DInf 0.0000000e+00             16898s
  777888 DPushes remaining with DInf 0.0000000e+00             16908s
  777445 DPushes remaining with DInf 0.0000000e+00             16918s
  777094 DPushes remaining with DInf 0.0000000e+00             16928s
  776689 DPushes remaining with DInf 0.0000000e+00             16938s
  776244 DPushes remaining with DInf 0.0000000e+00             16948s
  775805 DPushes remaining with DInf 0.0000000e+00             16957s
  775387 DPushes remaining with DInf 0.0000000e+00             16964s
  774974 DPushes remaining with DInf 0.0000000e+00             16973s
  774551 DPushes remaining with DInf 0.0000000e+00             16982s
  774077 DPushes remaining with DInf 0.0000000e+00             16991s
  773578 DPushes remaining with DInf 0.0000000e+00             17000s
  773103 DPushes remaining with DInf 0.0000000e+00             17009s
  772655 DPushes remaining with DInf 0.0000000e+00             17018s
  772244 DPushes remaining with DInf 0.0000000e+00             17027s
  771825 DPushes remaining with DInf 0.0000000e+00             17036s
  771405 DPushes remaining with DInf 0.0000000e+00             17045s
  770943 DPushes remaining with DInf 0.0000000e+00             17054s
  770530 DPushes remaining with DInf 0.0000000e+00             17063s
  770088 DPushes remaining with DInf 0.0000000e+00             17072s
  769631 DPushes remaining with DInf 0.0000000e+00             17081s
  769198 DPushes remaining with DInf 0.0000000e+00             17090s
  768781 DPushes remaining with DInf 0.0000000e+00             17099s
  768395 DPushes remaining with DInf 0.0000000e+00             17108s
  767930 DPushes remaining with DInf 0.0000000e+00             17116s
  767514 DPushes remaining with DInf 0.0000000e+00             17125s
  767078 DPushes remaining with DInf 0.0000000e+00             17134s
  766663 DPushes remaining with DInf 0.0000000e+00             17143s
  766245 DPushes remaining with DInf 0.0000000e+00             17151s
  765839 DPushes remaining with DInf 0.0000000e+00             17160s
  765468 DPushes remaining with DInf 0.0000000e+00             17169s
  764997 DPushes remaining with DInf 0.0000000e+00             17178s
  764476 DPushes remaining with DInf 0.0000000e+00             17186s
  763855 DPushes remaining with DInf 0.0000000e+00             17193s
  763220 DPushes remaining with DInf 0.0000000e+00             17196s
  761246 DPushes remaining with DInf 0.0000000e+00             17200s
  757387 DPushes remaining with DInf 0.0000000e+00             17206s
  756030 DPushes remaining with DInf 0.0000000e+00             17211s
  743691 DPushes remaining with DInf 0.0000000e+00             17217s
  742247 DPushes remaining with DInf 0.0000000e+00             17222s
  741675 DPushes remaining with DInf 0.0000000e+00             17225s
  740515 DPushes remaining with DInf 0.0000000e+00             17233s
  739925 DPushes remaining with DInf 0.0000000e+00             17240s
  739341 DPushes remaining with DInf 0.0000000e+00             17247s
  738746 DPushes remaining with DInf 0.0000000e+00             17252s
  738150 DPushes remaining with DInf 0.0000000e+00             17258s
  737569 DPushes remaining with DInf 0.0000000e+00             17263s
  736872 DPushes remaining with DInf 0.0000000e+00             17266s
  735666 DPushes remaining with DInf 0.0000000e+00             17272s
  735062 DPushes remaining with DInf 0.0000000e+00             17278s
  734483 DPushes remaining with DInf 0.0000000e+00             17284s
  733895 DPushes remaining with DInf 0.0000000e+00             17290s
  733311 DPushes remaining with DInf 0.0000000e+00             17296s
  732114 DPushes remaining with DInf 0.0000000e+00             17306s
  730942 DPushes remaining with DInf 0.0000000e+00             17316s
  729739 DPushes remaining with DInf 0.0000000e+00             17323s
  729135 DPushes remaining with DInf 0.0000000e+00             17327s
  728496 DPushes remaining with DInf 0.0000000e+00             17333s
  727898 DPushes remaining with DInf 0.0000000e+00             17341s
  727285 DPushes remaining with DInf 0.0000000e+00             17347s
  726648 DPushes remaining with DInf 0.0000000e+00             17351s
  726002 DPushes remaining with DInf 0.0000000e+00             17357s
  725358 DPushes remaining with DInf 0.0000000e+00             17364s
  724715 DPushes remaining with DInf 0.0000000e+00             17371s
  723341 DPushes remaining with DInf 0.0000000e+00             17378s
  722565 DPushes remaining with DInf 0.0000000e+00             17387s
  721765 DPushes remaining with DInf 0.0000000e+00             17397s
  721016 DPushes remaining with DInf 0.0000000e+00             17403s
  720279 DPushes remaining with DInf 0.0000000e+00             17413s
  719555 DPushes remaining with DInf 0.0000000e+00             17422s
  718834 DPushes remaining with DInf 0.0000000e+00             17431s
  718123 DPushes remaining with DInf 0.0000000e+00             17440s
  717400 DPushes remaining with DInf 0.0000000e+00             17449s
  716678 DPushes remaining with DInf 0.0000000e+00             17457s
  715972 DPushes remaining with DInf 0.0000000e+00             17462s
  715304 DPushes remaining with DInf 0.0000000e+00             17470s
  714622 DPushes remaining with DInf 0.0000000e+00             17480s
  713931 DPushes remaining with DInf 0.0000000e+00             17489s
  713244 DPushes remaining with DInf 0.0000000e+00             17497s
  712590 DPushes remaining with DInf 0.0000000e+00             17505s
  711922 DPushes remaining with DInf 0.0000000e+00             17511s
  711252 DPushes remaining with DInf 0.0000000e+00             17518s
  710525 DPushes remaining with DInf 0.0000000e+00             17523s
  709776 DPushes remaining with DInf 0.0000000e+00             17527s
  708992 DPushes remaining with DInf 0.0000000e+00             17532s
  708264 DPushes remaining with DInf 0.0000000e+00             17537s
  707543 DPushes remaining with DInf 0.0000000e+00             17540s
  706799 DPushes remaining with DInf 0.0000000e+00             17546s
  705310 DPushes remaining with DInf 0.0000000e+00             17554s
  704546 DPushes remaining with DInf 0.0000000e+00             17558s
  703804 DPushes remaining with DInf 0.0000000e+00             17561s
  703081 DPushes remaining with DInf 0.0000000e+00             17568s
  702373 DPushes remaining with DInf 0.0000000e+00             17574s
  701643 DPushes remaining with DInf 0.0000000e+00             17579s
  700923 DPushes remaining with DInf 0.0000000e+00             17587s
  700191 DPushes remaining with DInf 0.0000000e+00             17592s
  699471 DPushes remaining with DInf 0.0000000e+00             17596s
  698740 DPushes remaining with DInf 0.0000000e+00             17605s
  698003 DPushes remaining with DInf 0.0000000e+00             17609s
  697290 DPushes remaining with DInf 0.0000000e+00             17614s
  696557 DPushes remaining with DInf 0.0000000e+00             17617s
  695847 DPushes remaining with DInf 0.0000000e+00             17623s
  695453 DPushes remaining with DInf 0.0000000e+00             17635s
  695131 DPushes remaining with DInf 0.0000000e+00             17647s
  694831 DPushes remaining with DInf 0.0000000e+00             17660s
  694122 DPushes remaining with DInf 0.0000000e+00             17663s
  693463 DPushes remaining with DInf 0.0000000e+00             17667s
  692806 DPushes remaining with DInf 0.0000000e+00             17671s
  692164 DPushes remaining with DInf 0.0000000e+00             17676s
  691492 DPushes remaining with DInf 0.0000000e+00             17686s
  690816 DPushes remaining with DInf 0.0000000e+00             17691s
  690178 DPushes remaining with DInf 0.0000000e+00             17702s
  689521 DPushes remaining with DInf 0.0000000e+00             17708s
  688878 DPushes remaining with DInf 0.0000000e+00             17717s
  688265 DPushes remaining with DInf 0.0000000e+00             17728s
  687704 DPushes remaining with DInf 0.0000000e+00             17742s
  687084 DPushes remaining with DInf 0.0000000e+00             17754s
  686505 DPushes remaining with DInf 0.0000000e+00             17766s
  686140 DPushes remaining with DInf 0.0000000e+00             17779s
  685548 DPushes remaining with DInf 0.0000000e+00             17792s
  684920 DPushes remaining with DInf 0.0000000e+00             17797s
  684319 DPushes remaining with DInf 0.0000000e+00             17809s
  683717 DPushes remaining with DInf 0.0000000e+00             17815s
  683136 DPushes remaining with DInf 0.0000000e+00             17827s
  682530 DPushes remaining with DInf 0.0000000e+00             17834s
  681923 DPushes remaining with DInf 0.0000000e+00             17839s
  681291 DPushes remaining with DInf 0.0000000e+00             17843s
  680642 DPushes remaining with DInf 0.0000000e+00             17847s
  680050 DPushes remaining with DInf 0.0000000e+00             17859s
  679472 DPushes remaining with DInf 0.0000000e+00             17866s
  678920 DPushes remaining with DInf 0.0000000e+00             17880s
  678320 DPushes remaining with DInf 0.0000000e+00             17894s
  677742 DPushes remaining with DInf 0.0000000e+00             17908s
  677143 DPushes remaining with DInf 0.0000000e+00             17921s
  676573 DPushes remaining with DInf 0.0000000e+00             17928s
  675992 DPushes remaining with DInf 0.0000000e+00             17940s
  675392 DPushes remaining with DInf 0.0000000e+00             17946s
  674792 DPushes remaining with DInf 0.0000000e+00             17952s
  674247 DPushes remaining with DInf 0.0000000e+00             17965s
  673797 DPushes remaining with DInf 0.0000000e+00             17979s
  673179 DPushes remaining with DInf 0.0000000e+00             17987s
  672583 DPushes remaining with DInf 0.0000000e+00             18001s
  672080 DPushes remaining with DInf 0.0000000e+00             18014s
  671738 DPushes remaining with DInf 0.0000000e+00             18027s
  671214 DPushes remaining with DInf 0.0000000e+00             18041s
  670651 DPushes remaining with DInf 0.0000000e+00             18055s
  670106 DPushes remaining with DInf 0.0000000e+00             18069s
  669626 DPushes remaining with DInf 0.0000000e+00             18083s
  669045 DPushes remaining with DInf 0.0000000e+00             18096s
  668701 DPushes remaining with DInf 0.0000000e+00             18109s
  668183 DPushes remaining with DInf 0.0000000e+00             18123s
  667716 DPushes remaining with DInf 0.0000000e+00             18137s
  667131 DPushes remaining with DInf 0.0000000e+00             18151s
  666776 DPushes remaining with DInf 0.0000000e+00             18164s
  666272 DPushes remaining with DInf 0.0000000e+00             18171s
  665933 DPushes remaining with DInf 0.0000000e+00             18184s
  665633 DPushes remaining with DInf 0.0000000e+00             18197s
  665118 DPushes remaining with DInf 0.0000000e+00             18211s
  664604 DPushes remaining with DInf 0.0000000e+00             18225s
  664020 DPushes remaining with DInf 0.0000000e+00             18239s
  663545 DPushes remaining with DInf 0.0000000e+00             18253s
  663087 DPushes remaining with DInf 0.0000000e+00             18267s
  662651 DPushes remaining with DInf 0.0000000e+00             18281s
  662048 DPushes remaining with DInf 0.0000000e+00             18295s
  661486 DPushes remaining with DInf 0.0000000e+00             18305s
  660920 DPushes remaining with DInf 0.0000000e+00             18308s
  660390 DPushes remaining with DInf 0.0000000e+00             18312s
  659807 DPushes remaining with DInf 0.0000000e+00             18316s
  658780 DPushes remaining with DInf 0.0000000e+00             18324s
  658250 DPushes remaining with DInf 0.0000000e+00             18328s
  657834 DPushes remaining with DInf 0.0000000e+00             18330s
  656961 DPushes remaining with DInf 0.0000000e+00             18338s
  656530 DPushes remaining with DInf 0.0000000e+00             18342s
  655988 DPushes remaining with DInf 0.0000000e+00             18346s
  655444 DPushes remaining with DInf 0.0000000e+00             18350s
  654513 DPushes remaining with DInf 0.0000000e+00             18358s
  654001 DPushes remaining with DInf 0.0000000e+00             18362s
  653494 DPushes remaining with DInf 0.0000000e+00             18366s
  653195 DPushes remaining with DInf 0.0000000e+00             18370s
  652247 DPushes remaining with DInf 0.0000000e+00             18378s
  651815 DPushes remaining with DInf 0.0000000e+00             18382s
  651284 DPushes remaining with DInf 0.0000000e+00             18386s
  650741 DPushes remaining with DInf 0.0000000e+00             18390s
  649653 DPushes remaining with DInf 0.0000000e+00             18398s
  649194 DPushes remaining with DInf 0.0000000e+00             18403s
  648218 DPushes remaining with DInf 0.0000000e+00             18409s
  647674 DPushes remaining with DInf 0.0000000e+00             18414s
  647106 DPushes remaining with DInf 0.0000000e+00             18418s
  646671 DPushes remaining with DInf 0.0000000e+00             18422s
  646166 DPushes remaining with DInf 0.0000000e+00             18425s
  645196 DPushes remaining with DInf 0.0000000e+00             18431s
  644658 DPushes remaining with DInf 0.0000000e+00             18435s
  644179 DPushes remaining with DInf 0.0000000e+00             18440s
  643862 DPushes remaining with DInf 0.0000000e+00             18446s
  643358 DPushes remaining with DInf 0.0000000e+00             18451s
  642864 DPushes remaining with DInf 0.0000000e+00             18457s
  642304 DPushes remaining with DInf 0.0000000e+00             18462s
  641803 DPushes remaining with DInf 0.0000000e+00             18468s
  641361 DPushes remaining with DInf 0.0000000e+00             18473s
  640972 DPushes remaining with DInf 0.0000000e+00             18479s
  640472 DPushes remaining with DInf 0.0000000e+00             18484s
  640032 DPushes remaining with DInf 0.0000000e+00             18490s
  639531 DPushes remaining with DInf 0.0000000e+00             18497s
  638973 DPushes remaining with DInf 0.0000000e+00             18511s
  638459 DPushes remaining with DInf 0.0000000e+00             18525s
  637901 DPushes remaining with DInf 0.0000000e+00             18539s
  637398 DPushes remaining with DInf 0.0000000e+00             18554s
  636929 DPushes remaining with DInf 0.0000000e+00             18568s
  636485 DPushes remaining with DInf 0.0000000e+00             18583s
  635967 DPushes remaining with DInf 0.0000000e+00             18597s
  635509 DPushes remaining with DInf 0.0000000e+00             18612s
  634980 DPushes remaining with DInf 0.0000000e+00             18621s
  634485 DPushes remaining with DInf 0.0000000e+00             18625s
  633613 DPushes remaining with DInf 0.0000000e+00             18639s
  633065 DPushes remaining with DInf 0.0000000e+00             18651s
  632548 DPushes remaining with DInf 0.0000000e+00             18657s
  632040 DPushes remaining with DInf 0.0000000e+00             18669s
  631506 DPushes remaining with DInf 0.0000000e+00             18682s
  631002 DPushes remaining with DInf 0.0000000e+00             18694s
  630523 DPushes remaining with DInf 0.0000000e+00             18707s
  630043 DPushes remaining with DInf 0.0000000e+00             18718s
  629440 DPushes remaining with DInf 0.0000000e+00             18730s
  628916 DPushes remaining with DInf 0.0000000e+00             18742s
  628395 DPushes remaining with DInf 0.0000000e+00             18755s
  627891 DPushes remaining with DInf 0.0000000e+00             18768s
  627494 DPushes remaining with DInf 0.0000000e+00             18780s
  626976 DPushes remaining with DInf 0.0000000e+00             18793s
  626463 DPushes remaining with DInf 0.0000000e+00             18805s
  625908 DPushes remaining with DInf 0.0000000e+00             18817s
  625343 DPushes remaining with DInf 0.0000000e+00             18830s
  624836 DPushes remaining with DInf 0.0000000e+00             18842s
  624374 DPushes remaining with DInf 0.0000000e+00             18854s
  623900 DPushes remaining with DInf 0.0000000e+00             18867s
  623398 DPushes remaining with DInf 0.0000000e+00             18873s
  622874 DPushes remaining with DInf 0.0000000e+00             18886s
  622332 DPushes remaining with DInf 0.0000000e+00             18898s
  621797 DPushes remaining with DInf 0.0000000e+00             18910s
  621261 DPushes remaining with DInf 0.0000000e+00             18922s
  620737 DPushes remaining with DInf 0.0000000e+00             18932s
  620214 DPushes remaining with DInf 0.0000000e+00             18939s
  619689 DPushes remaining with DInf 0.0000000e+00             18947s
  619170 DPushes remaining with DInf 0.0000000e+00             18952s
  618656 DPushes remaining with DInf 0.0000000e+00             18962s
  618139 DPushes remaining with DInf 0.0000000e+00             18966s
  617110 DPushes remaining with DInf 0.0000000e+00             18973s
  616595 DPushes remaining with DInf 0.0000000e+00             18976s
  616081 DPushes remaining with DInf 0.0000000e+00             18980s
  615051 DPushes remaining with DInf 0.0000000e+00             18987s
  614540 DPushes remaining with DInf 0.0000000e+00             18990s
  613517 DPushes remaining with DInf 0.0000000e+00             18996s
  612997 DPushes remaining with DInf 0.0000000e+00             19000s
  611971 DPushes remaining with DInf 0.0000000e+00             19009s
  611459 DPushes remaining with DInf 0.0000000e+00             19012s
  610433 DPushes remaining with DInf 0.0000000e+00             19018s
  609923 DPushes remaining with DInf 0.0000000e+00             19022s
  609411 DPushes remaining with DInf 0.0000000e+00             19025s
  608393 DPushes remaining with DInf 0.0000000e+00             19033s
  607880 DPushes remaining with DInf 0.0000000e+00             19035s
  606855 DPushes remaining with DInf 0.0000000e+00             19042s
  606345 DPushes remaining with DInf 0.0000000e+00             19046s
  605833 DPushes remaining with DInf 0.0000000e+00             19051s
  604808 DPushes remaining with DInf 0.0000000e+00             19058s
  604294 DPushes remaining with DInf 0.0000000e+00             19063s
  603780 DPushes remaining with DInf 0.0000000e+00             19069s
  603269 DPushes remaining with DInf 0.0000000e+00             19073s
  602755 DPushes remaining with DInf 0.0000000e+00             19078s
  602238 DPushes remaining with DInf 0.0000000e+00             19082s
  601723 DPushes remaining with DInf 0.0000000e+00             19087s
  601206 DPushes remaining with DInf 0.0000000e+00             19091s
  600693 DPushes remaining with DInf 0.0000000e+00             19096s
  600174 DPushes remaining with DInf 0.0000000e+00             19100s
  599140 DPushes remaining with DInf 0.0000000e+00             19109s
  598622 DPushes remaining with DInf 0.0000000e+00             19112s
  598104 DPushes remaining with DInf 0.0000000e+00             19117s
  597584 DPushes remaining with DInf 0.0000000e+00             19120s
  596538 DPushes remaining with DInf 0.0000000e+00             19128s
  596012 DPushes remaining with DInf 0.0000000e+00             19132s
  595481 DPushes remaining with DInf 0.0000000e+00             19136s
  594409 DPushes remaining with DInf 0.0000000e+00             19141s
  593255 DPushes remaining with DInf 0.0000000e+00             19148s
  592617 DPushes remaining with DInf 0.0000000e+00             19152s
  592101 DPushes remaining with DInf 0.0000000e+00             19158s
  591733 DPushes remaining with DInf 0.0000000e+00             19171s
  591383 DPushes remaining with DInf 0.0000000e+00             19185s
  591140 DPushes remaining with DInf 0.0000000e+00             19197s
  590851 DPushes remaining with DInf 0.0000000e+00             19209s
  590528 DPushes remaining with DInf 0.0000000e+00             19222s
  590197 DPushes remaining with DInf 0.0000000e+00             19235s
  589891 DPushes remaining with DInf 0.0000000e+00             19247s
  589554 DPushes remaining with DInf 0.0000000e+00             19260s
  589274 DPushes remaining with DInf 0.0000000e+00             19273s
  589001 DPushes remaining with DInf 0.0000000e+00             19285s
  588685 DPushes remaining with DInf 0.0000000e+00             19298s
  588416 DPushes remaining with DInf 0.0000000e+00             19310s
  588110 DPushes remaining with DInf 0.0000000e+00             19323s
  587834 DPushes remaining with DInf 0.0000000e+00             19336s
  587599 DPushes remaining with DInf 0.0000000e+00             19349s
  587324 DPushes remaining with DInf 0.0000000e+00             19361s
  587012 DPushes remaining with DInf 0.0000000e+00             19374s
  586750 DPushes remaining with DInf 0.0000000e+00             19386s
  586442 DPushes remaining with DInf 0.0000000e+00             19400s
  586201 DPushes remaining with DInf 0.0000000e+00             19405s
  585860 DPushes remaining with DInf 0.0000000e+00             19418s
  585591 DPushes remaining with DInf 0.0000000e+00             19430s
  585325 DPushes remaining with DInf 0.0000000e+00             19443s
  585086 DPushes remaining with DInf 0.0000000e+00             19455s
  584844 DPushes remaining with DInf 0.0000000e+00             19468s
  584583 DPushes remaining with DInf 0.0000000e+00             19481s
  584309 DPushes remaining with DInf 0.0000000e+00             19494s
  584006 DPushes remaining with DInf 0.0000000e+00             19506s
  583726 DPushes remaining with DInf 0.0000000e+00             19519s
  583489 DPushes remaining with DInf 0.0000000e+00             19532s
  583228 DPushes remaining with DInf 0.0000000e+00             19545s
  582966 DPushes remaining with DInf 0.0000000e+00             19558s
  582698 DPushes remaining with DInf 0.0000000e+00             19571s
  582408 DPushes remaining with DInf 0.0000000e+00             19583s
  582154 DPushes remaining with DInf 0.0000000e+00             19597s
  581913 DPushes remaining with DInf 0.0000000e+00             19609s
  581664 DPushes remaining with DInf 0.0000000e+00             19622s
  581333 DPushes remaining with DInf 0.0000000e+00             19628s
  581078 DPushes remaining with DInf 0.0000000e+00             19640s
  580816 DPushes remaining with DInf 0.0000000e+00             19653s
  580560 DPushes remaining with DInf 0.0000000e+00             19666s
  580309 DPushes remaining with DInf 0.0000000e+00             19679s
  580057 DPushes remaining with DInf 0.0000000e+00             19692s
  579794 DPushes remaining with DInf 0.0000000e+00             19705s
  579523 DPushes remaining with DInf 0.0000000e+00             19718s
  579266 DPushes remaining with DInf 0.0000000e+00             19731s
  578977 DPushes remaining with DInf 0.0000000e+00             19743s
  578711 DPushes remaining with DInf 0.0000000e+00             19756s
  578440 DPushes remaining with DInf 0.0000000e+00             19770s
  578153 DPushes remaining with DInf 0.0000000e+00             19782s
  577925 DPushes remaining with DInf 0.0000000e+00             19795s
  577642 DPushes remaining with DInf 0.0000000e+00             19807s
  577406 DPushes remaining with DInf 0.0000000e+00             19820s
  577129 DPushes remaining with DInf 0.0000000e+00             19833s
  576870 DPushes remaining with DInf 0.0000000e+00             19846s
  576613 DPushes remaining with DInf 0.0000000e+00             19859s
  576361 DPushes remaining with DInf 0.0000000e+00             19872s
  576071 DPushes remaining with DInf 0.0000000e+00             19878s
  575802 DPushes remaining with DInf 0.0000000e+00             19891s
  575539 DPushes remaining with DInf 0.0000000e+00             19904s
  575269 DPushes remaining with DInf 0.0000000e+00             19917s
  575022 DPushes remaining with DInf 0.0000000e+00             19930s
  574775 DPushes remaining with DInf 0.0000000e+00             19943s
  574528 DPushes remaining with DInf 0.0000000e+00             19956s
  574301 DPushes remaining with DInf 0.0000000e+00             19969s
  574100 DPushes remaining with DInf 0.0000000e+00             19982s
  573873 DPushes remaining with DInf 0.0000000e+00             19995s
  573637 DPushes remaining with DInf 0.0000000e+00             20008s
  573465 DPushes remaining with DInf 0.0000000e+00             20021s
  573192 DPushes remaining with DInf 0.0000000e+00             20034s
  572975 DPushes remaining with DInf 0.0000000e+00             20047s
  572741 DPushes remaining with DInf 0.0000000e+00             20059s
  572513 DPushes remaining with DInf 0.0000000e+00             20073s
  572252 DPushes remaining with DInf 0.0000000e+00             20086s
  571998 DPushes remaining with DInf 0.0000000e+00             20099s
  571764 DPushes remaining with DInf 0.0000000e+00             20111s
  571504 DPushes remaining with DInf 0.0000000e+00             20124s
  571299 DPushes remaining with DInf 0.0000000e+00             20137s
  571071 DPushes remaining with DInf 0.0000000e+00             20150s
  570838 DPushes remaining with DInf 0.0000000e+00             20163s
  570435 DPushes remaining with DInf 0.0000000e+00             20176s
  570192 DPushes remaining with DInf 0.0000000e+00             20189s
  569947 DPushes remaining with DInf 0.0000000e+00             20202s
  569710 DPushes remaining with DInf 0.0000000e+00             20215s
  569478 DPushes remaining with DInf 0.0000000e+00             20221s
  569275 DPushes remaining with DInf 0.0000000e+00             20234s
  569014 DPushes remaining with DInf 0.0000000e+00             20247s
  568735 DPushes remaining with DInf 0.0000000e+00             20260s
  568493 DPushes remaining with DInf 0.0000000e+00             20273s
  568246 DPushes remaining with DInf 0.0000000e+00             20285s
  568005 DPushes remaining with DInf 0.0000000e+00             20298s
  567806 DPushes remaining with DInf 0.0000000e+00             20311s
  567517 DPushes remaining with DInf 0.0000000e+00             20325s
  567284 DPushes remaining with DInf 0.0000000e+00             20337s
  567072 DPushes remaining with DInf 0.0000000e+00             20351s
  566828 DPushes remaining with DInf 0.0000000e+00             20363s
  566570 DPushes remaining with DInf 0.0000000e+00             20376s
  566331 DPushes remaining with DInf 0.0000000e+00             20389s
  566103 DPushes remaining with DInf 0.0000000e+00             20402s
  565854 DPushes remaining with DInf 0.0000000e+00             20415s
  565584 DPushes remaining with DInf 0.0000000e+00             20429s
  565334 DPushes remaining with DInf 0.0000000e+00             20442s
  565113 DPushes remaining with DInf 0.0000000e+00             20455s
  564892 DPushes remaining with DInf 0.0000000e+00             20468s
  564672 DPushes remaining with DInf 0.0000000e+00             20481s
  564413 DPushes remaining with DInf 0.0000000e+00             20494s
  564178 DPushes remaining with DInf 0.0000000e+00             20507s
  563977 DPushes remaining with DInf 0.0000000e+00             20520s
  563800 DPushes remaining with DInf 0.0000000e+00             20533s
  563562 DPushes remaining with DInf 0.0000000e+00             20546s
  563313 DPushes remaining with DInf 0.0000000e+00             20559s
  563070 DPushes remaining with DInf 0.0000000e+00             20572s
  562816 DPushes remaining with DInf 0.0000000e+00             20586s
  562626 DPushes remaining with DInf 0.0000000e+00             20598s
  562385 DPushes remaining with DInf 0.0000000e+00             20611s
  562142 DPushes remaining with DInf 0.0000000e+00             20624s
  561910 DPushes remaining with DInf 0.0000000e+00             20637s
  561698 DPushes remaining with DInf 0.0000000e+00             20650s
  561527 DPushes remaining with DInf 0.0000000e+00             20663s
  561273 DPushes remaining with DInf 0.0000000e+00             20676s
  560999 DPushes remaining with DInf 0.0000000e+00             20689s
  560724 DPushes remaining with DInf 0.0000000e+00             20703s
  560500 DPushes remaining with DInf 0.0000000e+00             20715s
  560265 DPushes remaining with DInf 0.0000000e+00             20728s
  560021 DPushes remaining with DInf 0.0000000e+00             20741s
  559792 DPushes remaining with DInf 0.0000000e+00             20754s
  559546 DPushes remaining with DInf 0.0000000e+00             20767s
  559299 DPushes remaining with DInf 0.0000000e+00             20781s
  559018 DPushes remaining with DInf 0.0000000e+00             20794s
  558793 DPushes remaining with DInf 0.0000000e+00             20807s
  558581 DPushes remaining with DInf 0.0000000e+00             20820s
  558337 DPushes remaining with DInf 0.0000000e+00             20834s
  558100 DPushes remaining with DInf 0.0000000e+00             20847s
  557853 DPushes remaining with DInf 0.0000000e+00             20859s
  557578 DPushes remaining with DInf 0.0000000e+00             20873s
  557354 DPushes remaining with DInf 0.0000000e+00             20886s
  557091 DPushes remaining with DInf 0.0000000e+00             20899s
  556771 DPushes remaining with DInf 0.0000000e+00             20913s
  556558 DPushes remaining with DInf 0.0000000e+00             20926s
  556322 DPushes remaining with DInf 0.0000000e+00             20939s
  556154 DPushes remaining with DInf 0.0000000e+00             20953s
  555889 DPushes remaining with DInf 0.0000000e+00             20966s
  555633 DPushes remaining with DInf 0.0000000e+00             20979s
  555460 DPushes remaining with DInf 0.0000000e+00             20993s
  555274 DPushes remaining with DInf 0.0000000e+00             21006s
  554431 DPushes remaining with DInf 0.0000000e+00             21011s
  550168 DPushes remaining with DInf 0.0000000e+00             21018s
  549493 DPushes remaining with DInf 0.0000000e+00             21021s
  547932 DPushes remaining with DInf 0.0000000e+00             21027s
  546722 DPushes remaining with DInf 0.0000000e+00             21030s
  519472 DPushes remaining with DInf 0.0000000e+00             21051s
  496320 DPushes remaining with DInf 0.0000000e+00             21072s
  472782 DPushes remaining with DInf 0.0000000e+00             21097s
  449542 DPushes remaining with DInf 0.0000000e+00             21110s
  431697 DPushes remaining with DInf 0.0000000e+00             21138s
  419975 DPushes remaining with DInf 0.0000000e+00             21156s
  419638 DPushes remaining with DInf 0.0000000e+00             21170s
  419423 DPushes remaining with DInf 0.0000000e+00             21191s
  419168 DPushes remaining with DInf 0.0000000e+00             21210s
  418887 DPushes remaining with DInf 0.0000000e+00             21240s
  418302 DPushes remaining with DInf 0.0000000e+00             21328s
  417544 DPushes remaining with DInf 0.0000000e+00             21418s
  416716 DPushes remaining with DInf 0.0000000e+00             21501s
  416023 DPushes remaining with DInf 0.0000000e+00             21559s
  415424 DPushes remaining with DInf 0.0000000e+00             21671s
  414809 DPushes remaining with DInf 0.0000000e+00             21802s
  414114 DPushes remaining with DInf 0.0000000e+00             21927s
  413257 DPushes remaining with DInf 0.0000000e+00             22070s
  412431 DPushes remaining with DInf 0.0000000e+00             22308s
  411696 DPushes remaining with DInf 0.0000000e+00             22516s
  411135 DPushes remaining with DInf 0.0000000e+00             22675s
  410593 DPushes remaining with DInf 0.0000000e+00             22832s
  410067 DPushes remaining with DInf 0.0000000e+00             22992s
  409537 DPushes remaining with DInf 0.0000000e+00             23145s
  408990 DPushes remaining with DInf 0.0000000e+00             23304s
  408448 DPushes remaining with DInf 0.0000000e+00             23461s
  407901 DPushes remaining with DInf 0.0000000e+00             23628s
  407365 DPushes remaining with DInf 0.0000000e+00             23778s
  406827 DPushes remaining with DInf 0.0000000e+00             23935s
  406281 DPushes remaining with DInf 0.0000000e+00             24097s
  405733 DPushes remaining with DInf 0.0000000e+00             24229s
  404156 DPushes remaining with DInf 0.0000000e+00             24412s
  403441 DPushes remaining with DInf 0.0000000e+00             24506s
  402299 DPushes remaining with DInf 0.0000000e+00             24645s
  401232 DPushes remaining with DInf 0.0000000e+00             24770s
  400430 DPushes remaining with DInf 0.0000000e+00             24870s
  399488 DPushes remaining with DInf 0.0000000e+00             24978s
  398547 DPushes remaining with DInf 0.0000000e+00             25087s
  397727 DPushes remaining with DInf 0.0000000e+00             25182s
  396957 DPushes remaining with DInf 0.0000000e+00             25279s
  395996 DPushes remaining with DInf 0.0000000e+00             25398s
  394977 DPushes remaining with DInf 0.0000000e+00             25519s
  393082 DPushes remaining with DInf 0.0000000e+00             25726s
  391696 DPushes remaining with DInf 0.0000000e+00             25882s
  390641 DPushes remaining with DInf 0.0000000e+00             26007s
  389779 DPushes remaining with DInf 0.0000000e+00             26115s
  388327 DPushes remaining with DInf 0.0000000e+00             26280s
  387423 DPushes remaining with DInf 0.0000000e+00             26403s
  386460 DPushes remaining with DInf 0.0000000e+00             26537s
  385509 DPushes remaining with DInf 0.0000000e+00             26660s
  384559 DPushes remaining with DInf 0.0000000e+00             26790s
  383613 DPushes remaining with DInf 0.0000000e+00             26924s
  382637 DPushes remaining with DInf 0.0000000e+00             27061s
  381781 DPushes remaining with DInf 0.0000000e+00             27186s
  380894 DPushes remaining with DInf 0.0000000e+00             27308s
  379998 DPushes remaining with DInf 0.0000000e+00             27432s
  379113 DPushes remaining with DInf 0.0000000e+00             27566s
  378270 DPushes remaining with DInf 0.0000000e+00             27740s
  377435 DPushes remaining with DInf 0.0000000e+00             27985s
  376588 DPushes remaining with DInf 0.0000000e+00             28238s
  375706 DPushes remaining with DInf 0.0000000e+00             28490s
  374856 DPushes remaining with DInf 0.0000000e+00             28724s
  374083 DPushes remaining with DInf 0.0000000e+00             28941s
  373371 DPushes remaining with DInf 0.0000000e+00             29056s
  372789 DPushes remaining with DInf 0.0000000e+00             29369s
  372114 DPushes remaining with DInf 0.0000000e+00             29685s
  371370 DPushes remaining with DInf 0.0000000e+00             29947s
  370681 DPushes remaining with DInf 0.0000000e+00             30197s
  369947 DPushes remaining with DInf 0.0000000e+00             30459s
  369232 DPushes remaining with DInf 0.0000000e+00             30717s
  368540 DPushes remaining with DInf 0.0000000e+00             30963s
  367835 DPushes remaining with DInf 0.0000000e+00             31229s
  367177 DPushes remaining with DInf 0.0000000e+00             31482s
  366495 DPushes remaining with DInf 0.0000000e+00             31748s
  365836 DPushes remaining with DInf 0.0000000e+00             31996s
  365212 DPushes remaining with DInf 0.0000000e+00             32190s
  364626 DPushes remaining with DInf 0.0000000e+00             32480s
  364093 DPushes remaining with DInf 0.0000000e+00             32558s
  363579 DPushes remaining with DInf 0.0000000e+00             32579s
  363067 DPushes remaining with DInf 0.0000000e+00             32627s
  362549 DPushes remaining with DInf 0.0000000e+00             32644s
  356489 DPushes remaining with DInf 0.0000000e+00             32669s
  355977 DPushes remaining with DInf 0.0000000e+00             32687s
  355464 DPushes remaining with DInf 0.0000000e+00             32698s
  354957 DPushes remaining with DInf 0.0000000e+00             32712s
  354445 DPushes remaining with DInf 0.0000000e+00             32791s
  353928 DPushes remaining with DInf 0.0000000e+00             32873s
  353408 DPushes remaining with DInf 0.0000000e+00             33025s
  352880 DPushes remaining with DInf 0.0000000e+00             33264s
  352361 DPushes remaining with DInf 0.0000000e+00             33353s
  351848 DPushes remaining with DInf 0.0000000e+00             33519s
  351331 DPushes remaining with DInf 0.0000000e+00             33754s
  350806 DPushes remaining with DInf 0.0000000e+00             33998s
  350284 DPushes remaining with DInf 0.0000000e+00             34239s
  349762 DPushes remaining with DInf 0.0000000e+00             34489s
  349235 DPushes remaining with DInf 0.0000000e+00             34732s
  348716 DPushes remaining with DInf 0.0000000e+00             34978s
  348196 DPushes remaining with DInf 0.0000000e+00             35233s
  347679 DPushes remaining with DInf 0.0000000e+00             35470s
  347170 DPushes remaining with DInf 0.0000000e+00             35692s
  346661 DPushes remaining with DInf 0.0000000e+00             35916s
  346153 DPushes remaining with DInf 0.0000000e+00             36148s
  345647 DPushes remaining with DInf 0.0000000e+00             36250s
  345139 DPushes remaining with DInf 0.0000000e+00             36415s
  344631 DPushes remaining with DInf 0.0000000e+00             36644s
  344125 DPushes remaining with DInf 0.0000000e+00             36723s
  343616 DPushes remaining with DInf 0.0000000e+00             36833s
  343110 DPushes remaining with DInf 0.0000000e+00             36849s
  342603 DPushes remaining with DInf 0.0000000e+00             36959s
  342096 DPushes remaining with DInf 0.0000000e+00             37138s
  341590 DPushes remaining with DInf 0.0000000e+00             37315s
  341082 DPushes remaining with DInf 0.0000000e+00             37437s
  334565 DPushes remaining with DInf 0.0000000e+00             37491s
  330124 DPushes remaining with DInf 0.0000000e+00             37547s
  326746 DPushes remaining with DInf 0.0000000e+00             37553s
  326239 DPushes remaining with DInf 0.0000000e+00             37567s
  325423 DPushes remaining with DInf 0.0000000e+00             37572s
  324916 DPushes remaining with DInf 0.0000000e+00             37636s
  324410 DPushes remaining with DInf 0.0000000e+00             37829s
  323904 DPushes remaining with DInf 0.0000000e+00             38125s
  323398 DPushes remaining with DInf 0.0000000e+00             38403s
  322892 DPushes remaining with DInf 0.0000000e+00             38573s
  322386 DPushes remaining with DInf 0.0000000e+00             38827s
  321875 DPushes remaining with DInf 0.0000000e+00             39085s
  321364 DPushes remaining with DInf 0.0000000e+00             39401s
  320843 DPushes remaining with DInf 0.0000000e+00             39693s
  320322 DPushes remaining with DInf 0.0000000e+00             39877s
  319797 DPushes remaining with DInf 0.0000000e+00             40059s
  319225 DPushes remaining with DInf 0.0000000e+00             40239s
  318673 DPushes remaining with DInf 0.0000000e+00             40423s
  318148 DPushes remaining with DInf 0.0000000e+00             40604s
  317629 DPushes remaining with DInf 0.0000000e+00             40785s
  317113 DPushes remaining with DInf 0.0000000e+00             40969s
  316603 DPushes remaining with DInf 0.0000000e+00             41158s
  316087 DPushes remaining with DInf 0.0000000e+00             41348s
  315573 DPushes remaining with DInf 0.0000000e+00             41538s
  315060 DPushes remaining with DInf 0.0000000e+00             41712s
  314545 DPushes remaining with DInf 0.0000000e+00             41900s
  314023 DPushes remaining with DInf 0.0000000e+00             42040s
  312578 DPushes remaining with DInf 0.0000000e+00             42155s
  311952 DPushes remaining with DInf 0.0000000e+00             42160s
  311442 DPushes remaining with DInf 0.0000000e+00             42165s
  310361 DPushes remaining with DInf 0.0000000e+00             42170s
  309834 DPushes remaining with DInf 0.0000000e+00             42175s
  308728 DPushes remaining with DInf 0.0000000e+00             42301s
  308195 DPushes remaining with DInf 0.0000000e+00             42429s
  307671 DPushes remaining with DInf 0.0000000e+00             42435s
  306775 DPushes remaining with DInf 0.0000000e+00             42554s
  306235 DPushes remaining with DInf 0.0000000e+00             42562s
  305702 DPushes remaining with DInf 0.0000000e+00             42686s
  304243 DPushes remaining with DInf 0.0000000e+00             42783s
  303723 DPushes remaining with DInf 0.0000000e+00             42790s
  303196 DPushes remaining with DInf 0.0000000e+00             42921s
  302671 DPushes remaining with DInf 0.0000000e+00             43069s
  302134 DPushes remaining with DInf 0.0000000e+00             43194s
  301603 DPushes remaining with DInf 0.0000000e+00             43201s
  301082 DPushes remaining with DInf 0.0000000e+00             43206s
  300311 DPushes remaining with DInf 0.0000000e+00             43211s
  299802 DPushes remaining with DInf 0.0000000e+00             43357s
  299296 DPushes remaining with DInf 0.0000000e+00             43387s
  298786 DPushes remaining with DInf 0.0000000e+00             43405s
  298261 DPushes remaining with DInf 0.0000000e+00             43412s
  297739 DPushes remaining with DInf 0.0000000e+00             43418s
  297219 DPushes remaining with DInf 0.0000000e+00             43514s
  296692 DPushes remaining with DInf 0.0000000e+00             43524s
  296186 DPushes remaining with DInf 0.0000000e+00             43669s
  295671 DPushes remaining with DInf 0.0000000e+00             43674s
  295146 DPushes remaining with DInf 0.0000000e+00             43679s
  294627 DPushes remaining with DInf 0.0000000e+00             43687s
  294105 DPushes remaining with DInf 0.0000000e+00             43833s
  292456 DPushes remaining with DInf 0.0000000e+00             43840s
  291925 DPushes remaining with DInf 0.0000000e+00             43848s
  291409 DPushes remaining with DInf 0.0000000e+00             44005s
  290886 DPushes remaining with DInf 0.0000000e+00             44014s
  290359 DPushes remaining with DInf 0.0000000e+00             44023s
  289843 DPushes remaining with DInf 0.0000000e+00             44029s
  289335 DPushes remaining with DInf 0.0000000e+00             44037s
  288708 DPushes remaining with DInf 0.0000000e+00             44110s
  288192 DPushes remaining with DInf 0.0000000e+00             44120s
  287332 DPushes remaining with DInf 0.0000000e+00             44123s
  286820 DPushes remaining with DInf 0.0000000e+00             44131s
  286305 DPushes remaining with DInf 0.0000000e+00             44143s
  285787 DPushes remaining with DInf 0.0000000e+00             44310s
  284885 DPushes remaining with DInf 0.0000000e+00             44315s
  284369 DPushes remaining with DInf 0.0000000e+00             44320s
  283855 DPushes remaining with DInf 0.0000000e+00             44330s
  283106 DPushes remaining with DInf 0.0000000e+00             44334s
  282589 DPushes remaining with DInf 0.0000000e+00             44348s
  282066 DPushes remaining with DInf 0.0000000e+00             44353s
  281537 DPushes remaining with DInf 0.0000000e+00             44361s
  281020 DPushes remaining with DInf 0.0000000e+00             44366s
  280498 DPushes remaining with DInf 0.0000000e+00             44530s
  279979 DPushes remaining with DInf 0.0000000e+00             44543s
  279461 DPushes remaining with DInf 0.0000000e+00             44551s
  278938 DPushes remaining with DInf 0.0000000e+00             44562s
  278416 DPushes remaining with DInf 0.0000000e+00             44735s
  277894 DPushes remaining with DInf 0.0000000e+00             44872s
  277225 DPushes remaining with DInf 0.0000000e+00             44878s
  276716 DPushes remaining with DInf 0.0000000e+00             44956s
  276210 DPushes remaining with DInf 0.0000000e+00             45014s
  275699 DPushes remaining with DInf 0.0000000e+00             45105s
  275176 DPushes remaining with DInf 0.0000000e+00             45113s
  274670 DPushes remaining with DInf 0.0000000e+00             45116s
  274161 DPushes remaining with DInf 0.0000000e+00             45120s
  273120 DPushes remaining with DInf 0.0000000e+00             45248s
  272585 DPushes remaining with DInf 0.0000000e+00             45260s
  272055 DPushes remaining with DInf 0.0000000e+00             45399s
  271528 DPushes remaining with DInf 0.0000000e+00             45419s
  271001 DPushes remaining with DInf 0.0000000e+00             45428s
  270458 DPushes remaining with DInf 0.0000000e+00             45437s
  269927 DPushes remaining with DInf 0.0000000e+00             45519s
  269401 DPushes remaining with DInf 0.0000000e+00             45535s
  268872 DPushes remaining with DInf 0.0000000e+00             45541s
  268332 DPushes remaining with DInf 0.0000000e+00             45551s
  267794 DPushes remaining with DInf 0.0000000e+00             45561s
  267240 DPushes remaining with DInf 0.0000000e+00             45574s
  266674 DPushes remaining with DInf 0.0000000e+00             45592s
  266118 DPushes remaining with DInf 0.0000000e+00             45605s
  265562 DPushes remaining with DInf 0.0000000e+00             45611s
  265012 DPushes remaining with DInf 0.0000000e+00             45616s
  264442 DPushes remaining with DInf 0.0000000e+00             45623s
  263884 DPushes remaining with DInf 0.0000000e+00             45634s
  263613 DPushes remaining with DInf 0.0000000e+00             45811s
  263107 DPushes remaining with DInf 0.0000000e+00             46085s
  262601 DPushes remaining with DInf 0.0000000e+00             46344s
  262073 DPushes remaining with DInf 0.0000000e+00             46396s
  261554 DPushes remaining with DInf 0.0000000e+00             46404s
  260769 DPushes remaining with DInf 0.0000000e+00             46408s
  260217 DPushes remaining with DInf 0.0000000e+00             46412s
  259707 DPushes remaining with DInf 0.0000000e+00             46423s
  259193 DPushes remaining with DInf 0.0000000e+00             46437s
  258681 DPushes remaining with DInf 0.0000000e+00             46450s
  258172 DPushes remaining with DInf 0.0000000e+00             46457s
  257662 DPushes remaining with DInf 0.0000000e+00             46467s
  257151 DPushes remaining with DInf 0.0000000e+00             46478s
  256644 DPushes remaining with DInf 0.0000000e+00             46484s
  256136 DPushes remaining with DInf 0.0000000e+00             46493s
  255627 DPushes remaining with DInf 0.0000000e+00             46505s
  255112 DPushes remaining with DInf 0.0000000e+00             46657s
  254604 DPushes remaining with DInf 0.0000000e+00             46809s
  254076 DPushes remaining with DInf 0.0000000e+00             47022s
  253565 DPushes remaining with DInf 0.0000000e+00             47108s
  253055 DPushes remaining with DInf 0.0000000e+00             47315s
  252530 DPushes remaining with DInf 0.0000000e+00             47679s
  251998 DPushes remaining with DInf 0.0000000e+00             48041s
  251469 DPushes remaining with DInf 0.0000000e+00             48241s
  250959 DPushes remaining with DInf 0.0000000e+00             48276s
  250437 DPushes remaining with DInf 0.0000000e+00             48331s
  249905 DPushes remaining with DInf 0.0000000e+00             48625s
  249369 DPushes remaining with DInf 0.0000000e+00             49014s
  248841 DPushes remaining with DInf 0.0000000e+00             49297s
  248303 DPushes remaining with DInf 0.0000000e+00             49569s
  247774 DPushes remaining with DInf 0.0000000e+00             49848s
  247234 DPushes remaining with DInf 0.0000000e+00             50128s
  246701 DPushes remaining with DInf 0.0000000e+00             50404s
  246162 DPushes remaining with DInf 0.0000000e+00             50685s
  245634 DPushes remaining with DInf 0.0000000e+00             50917s
  245121 DPushes remaining with DInf 0.0000000e+00             51113s
  244606 DPushes remaining with DInf 0.0000000e+00             51316s
  244075 DPushes remaining with DInf 0.0000000e+00             51688s
  243550 DPushes remaining with DInf 0.0000000e+00             52044s
  243024 DPushes remaining with DInf 0.0000000e+00             52404s
  242493 DPushes remaining with DInf 0.0000000e+00             52777s
  241961 DPushes remaining with DInf 0.0000000e+00             53160s
  241424 DPushes remaining with DInf 0.0000000e+00             53566s
  240895 DPushes remaining with DInf 0.0000000e+00             53976s
  240369 DPushes remaining with DInf 0.0000000e+00             54372s
  239837 DPushes remaining with DInf 0.0000000e+00             54707s
  239301 DPushes remaining with DInf 0.0000000e+00             54966s
  238767 DPushes remaining with DInf 0.0000000e+00             55221s
  238248 DPushes remaining with DInf 0.0000000e+00             55453s
  237684 DPushes remaining with DInf 0.0000000e+00             55569s
  237143 DPushes remaining with DInf 0.0000000e+00             55920s
  236611 DPushes remaining with DInf 0.0000000e+00             56389s
  236101 DPushes remaining with DInf 0.0000000e+00             56586s
  235580 DPushes remaining with DInf 0.0000000e+00             56938s
  235062 DPushes remaining with DInf 0.0000000e+00             57151s
  234550 DPushes remaining with DInf 0.0000000e+00             57166s
  234021 DPushes remaining with DInf 0.0000000e+00             57410s
  233492 DPushes remaining with DInf 0.0000000e+00             57870s
  232961 DPushes remaining with DInf 0.0000000e+00             58201s
  232424 DPushes remaining with DInf 0.0000000e+00             58291s
  231910 DPushes remaining with DInf 0.0000000e+00             58451s
  231400 DPushes remaining with DInf 0.0000000e+00             58830s
  230894 DPushes remaining with DInf 0.0000000e+00             59209s
  230388 DPushes remaining with DInf 0.0000000e+00             59599s
  229882 DPushes remaining with DInf 0.0000000e+00             59925s
  229376 DPushes remaining with DInf 0.0000000e+00             60234s
  228870 DPushes remaining with DInf 0.0000000e+00             60568s
  228339 DPushes remaining with DInf 0.0000000e+00             60847s
  227808 DPushes remaining with DInf 0.0000000e+00             61162s
  227267 DPushes remaining with DInf 0.0000000e+00             61441s
  226733 DPushes remaining with DInf 0.0000000e+00             61740s
  226198 DPushes remaining with DInf 0.0000000e+00             61977s
  225666 DPushes remaining with DInf 0.0000000e+00             62209s
  225131 DPushes remaining with DInf 0.0000000e+00             62429s
  224594 DPushes remaining with DInf 0.0000000e+00             62662s
  224064 DPushes remaining with DInf 0.0000000e+00             62897s
  223534 DPushes remaining with DInf 0.0000000e+00             63121s
  223006 DPushes remaining with DInf 0.0000000e+00             63378s
  222492 DPushes remaining with DInf 0.0000000e+00             63462s
  221986 DPushes remaining with DInf 0.0000000e+00             63486s
  221480 DPushes remaining with DInf 0.0000000e+00             63513s
  220969 DPushes remaining with DInf 0.0000000e+00             63541s
  220459 DPushes remaining with DInf 0.0000000e+00             63558s
  219948 DPushes remaining with DInf 0.0000000e+00             63576s
  219465 DPushes remaining with DInf 0.0000000e+00             63799s
  218957 DPushes remaining with DInf 0.0000000e+00             64261s
  218451 DPushes remaining with DInf 0.0000000e+00             64518s
  217945 DPushes remaining with DInf 0.0000000e+00             64800s
  217427 DPushes remaining with DInf 0.0000000e+00             65126s
  216896 DPushes remaining with DInf 0.0000000e+00             65487s
  216389 DPushes remaining with DInf 0.0000000e+00             65654s
  215869 DPushes remaining with DInf 0.0000000e+00             65947s
  215340 DPushes remaining with DInf 0.0000000e+00             66337s
  214806 DPushes remaining with DInf 0.0000000e+00             66727s
  214258 DPushes remaining with DInf 0.0000000e+00             67123s
  213714 DPushes remaining with DInf 0.0000000e+00             67524s
  213177 DPushes remaining with DInf 0.0000000e+00             67913s
  212632 DPushes remaining with DInf 0.0000000e+00             68301s
  212111 DPushes remaining with DInf 0.0000000e+00             68535s
  211605 DPushes remaining with DInf 0.0000000e+00             68728s
  211097 DPushes remaining with DInf 0.0000000e+00             69019s
  210566 DPushes remaining with DInf 0.0000000e+00             69412s
  210060 DPushes remaining with DInf 0.0000000e+00             69945s
  209542 DPushes remaining with DInf 0.0000000e+00             70400s
  209010 DPushes remaining with DInf 0.0000000e+00             70785s
  208504 DPushes remaining with DInf 0.0000000e+00             71146s
  207998 DPushes remaining with DInf 0.0000000e+00             71540s
  207492 DPushes remaining with DInf 0.0000000e+00             71851s
  206957 DPushes remaining with DInf 0.0000000e+00             71977s
  206425 DPushes remaining with DInf 0.0000000e+00             72002s
  205899 DPushes remaining with DInf 0.0000000e+00             72023s
  205365 DPushes remaining with DInf 0.0000000e+00             72046s
  204838 DPushes remaining with DInf 0.0000000e+00             72065s
  204323 DPushes remaining with DInf 0.0000000e+00             72094s
  203813 DPushes remaining with DInf 0.0000000e+00             72129s
  203305 DPushes remaining with DInf 0.0000000e+00             72326s
  202784 DPushes remaining with DInf 0.0000000e+00             72798s
  202267 DPushes remaining with DInf 0.0000000e+00             73058s
  201714 DPushes remaining with DInf 0.0000000e+00             73357s
  201206 DPushes remaining with DInf 0.0000000e+00             73536s
  200694 DPushes remaining with DInf 0.0000000e+00             73847s
  200173 DPushes remaining with DInf 0.0000000e+00             74300s
  199660 DPushes remaining with DInf 0.0000000e+00             74743s
  199105 DPushes remaining with DInf 0.0000000e+00             75208s
  198594 DPushes remaining with DInf 0.0000000e+00             75450s
  198084 DPushes remaining with DInf 0.0000000e+00             75708s
  197565 DPushes remaining with DInf 0.0000000e+00             76133s
  197046 DPushes remaining with DInf 0.0000000e+00             76576s
  196532 DPushes remaining with DInf 0.0000000e+00             76842s
  196024 DPushes remaining with DInf 0.0000000e+00             77087s
  195508 DPushes remaining with DInf 0.0000000e+00             77405s
  195000 DPushes remaining with DInf 0.0000000e+00             77618s
  194477 DPushes remaining with DInf 0.0000000e+00             78057s
  193969 DPushes remaining with DInf 0.0000000e+00             78252s
  193455 DPushes remaining with DInf 0.0000000e+00             78548s
  192936 DPushes remaining with DInf 0.0000000e+00             78947s
  192429 DPushes remaining with DInf 0.0000000e+00             79118s
  191916 DPushes remaining with DInf 0.0000000e+00             79457s
  191406 DPushes remaining with DInf 0.0000000e+00             79730s
  190895 DPushes remaining with DInf 0.0000000e+00             79970s
  190374 DPushes remaining with DInf 0.0000000e+00             80414s
  189864 DPushes remaining with DInf 0.0000000e+00             80631s
  189358 DPushes remaining with DInf 0.0000000e+00             80830s
  188852 DPushes remaining with DInf 0.0000000e+00             81011s
  188340 DPushes remaining with DInf 0.0000000e+00             81446s
  187834 DPushes remaining with DInf 0.0000000e+00             81915s
  187328 DPushes remaining with DInf 0.0000000e+00             82486s
  186814 DPushes remaining with DInf 0.0000000e+00             82993s
  186294 DPushes remaining with DInf 0.0000000e+00             83250s
  185785 DPushes remaining with DInf 0.0000000e+00             83519s
  185275 DPushes remaining with DInf 0.0000000e+00             83802s
  184765 DPushes remaining with DInf 0.0000000e+00             84041s
  184258 DPushes remaining with DInf 0.0000000e+00             84292s
  183744 DPushes remaining with DInf 0.0000000e+00             84763s
  183204 DPushes remaining with DInf 0.0000000e+00             85254s
  182691 DPushes remaining with DInf 0.0000000e+00             85733s
  182167 DPushes remaining with DInf 0.0000000e+00             86090s
  181661 DPushes remaining with DInf 0.0000000e+00             86279s
  181144 DPushes remaining with DInf 0.0000000e+00             86772s
  180627 DPushes remaining with DInf 0.0000000e+00             87239s
  180115 DPushes remaining with DInf 0.0000000e+00             87711s
  179604 DPushes remaining with DInf 0.0000000e+00             88175s
  179097 DPushes remaining with DInf 0.0000000e+00             88343s
  178589 DPushes remaining with DInf 0.0000000e+00             88452s
  178082 DPushes remaining with DInf 0.0000000e+00             88476s
  177575 DPushes remaining with DInf 0.0000000e+00             88491s
  177068 DPushes remaining with DInf 0.0000000e+00             88506s
  176559 DPushes remaining with DInf 0.0000000e+00             88517s
  176051 DPushes remaining with DInf 0.0000000e+00             88532s
  175542 DPushes remaining with DInf 0.0000000e+00             88540s
  174288 DPushes remaining with DInf 0.0000000e+00             88550s
  173781 DPushes remaining with DInf 0.0000000e+00             88564s
  173559 DPushes remaining with DInf 0.0000000e+00             88806s
  173051 DPushes remaining with DInf 0.0000000e+00             89249s
  172536 DPushes remaining with DInf 0.0000000e+00             89728s
  172023 DPushes remaining with DInf 0.0000000e+00             90222s
  171512 DPushes remaining with DInf 0.0000000e+00             90715s
  171004 DPushes remaining with DInf 0.0000000e+00             90950s
  170498 DPushes remaining with DInf 0.0000000e+00             90963s
  169982 DPushes remaining with DInf 0.0000000e+00             91282s
  169462 DPushes remaining with DInf 0.0000000e+00             91736s
  168950 DPushes remaining with DInf 0.0000000e+00             92223s
  168444 DPushes remaining with DInf 0.0000000e+00             92826s
  167938 DPushes remaining with DInf 0.0000000e+00             93400s
  167432 DPushes remaining with DInf 0.0000000e+00             93648s
  166925 DPushes remaining with DInf 0.0000000e+00             93990s
  166413 DPushes remaining with DInf 0.0000000e+00             94446s
  165900 DPushes remaining with DInf 0.0000000e+00             94908s
  165394 DPushes remaining with DInf 0.0000000e+00             95092s
  164880 DPushes remaining with DInf 0.0000000e+00             95447s
  164363 DPushes remaining with DInf 0.0000000e+00             95926s
  163853 DPushes remaining with DInf 0.0000000e+00             96407s
  163343 DPushes remaining with DInf 0.0000000e+00             96880s
  162836 DPushes remaining with DInf 0.0000000e+00             97024s
  162329 DPushes remaining with DInf 0.0000000e+00             97032s
  161821 DPushes remaining with DInf 0.0000000e+00             97044s
  161313 DPushes remaining with DInf 0.0000000e+00             97316s
  160807 DPushes remaining with DInf 0.0000000e+00             97827s
  160296 DPushes remaining with DInf 0.0000000e+00             97959s
  159781 DPushes remaining with DInf 0.0000000e+00             98455s
  159269 DPushes remaining with DInf 0.0000000e+00             98956s
  158757 DPushes remaining with DInf 0.0000000e+00             99479s
  158249 DPushes remaining with DInf 0.0000000e+00             99780s
  157741 DPushes remaining with DInf 0.0000000e+00            100045s
  157229 DPushes remaining with DInf 0.0000000e+00            100569s
  156714 DPushes remaining with DInf 0.0000000e+00            101090s
  156203 DPushes remaining with DInf 0.0000000e+00            101427s
  155695 DPushes remaining with DInf 0.0000000e+00            101718s
  155183 DPushes remaining with DInf 0.0000000e+00            102257s
  154667 DPushes remaining with DInf 0.0000000e+00            102798s
  154153 DPushes remaining with DInf 0.0000000e+00            103330s
  153643 DPushes remaining with DInf 0.0000000e+00            103873s
  153136 DPushes remaining with DInf 0.0000000e+00            104326s
  152622 DPushes remaining with DInf 0.0000000e+00            104756s
  152115 DPushes remaining with DInf 0.0000000e+00            104956s
  151608 DPushes remaining with DInf 0.0000000e+00            105449s
  151095 DPushes remaining with DInf 0.0000000e+00            105988s
  150588 DPushes remaining with DInf 0.0000000e+00            106502s
  150080 DPushes remaining with DInf 0.0000000e+00            107066s
  149573 DPushes remaining with DInf 0.0000000e+00            107413s
  149067 DPushes remaining with DInf 0.0000000e+00            107645s
