
Gurobi 9.1.2 (linux64) logging started Sun Jul  4 13:16:33 2021


Gurobi 9.1.2 (linux64) logging started Sun Jul  4 13:16:48 2021

Gurobi Optimizer version 9.1.2 build v9.1.2rc0 (linux64)
Thread count: 40 physical cores, 40 logical processors, using up to 32 threads
Optimize a model with 3320089 rows, 1314095 columns and 9612110 nonzeros
Model fingerprint: 0x06e2ff41
Coefficient statistics:
  Matrix range     [3e-04, 1e+00]
  Objective range  [1e+01, 4e+05]
  Bounds range     [1e+03, 8e+06]
  RHS range        [1e-01, 1e+09]
Presolve removed 223252 rows and 810000 columns (presolve time = 5s) ...
Presolve removed 283748 rows and 870496 columns (presolve time = 10s) ...
Presolve removed 284341 rows and 889270 columns (presolve time = 15s) ...
Presolve removed 284341 rows and 889270 columns
Presolve time: 16.43s
Presolved: 1029754 rows, 2430819 columns, 8152150 nonzeros
Elapsed ordering time = 293s
Elapsed ordering time = 298s
Elapsed ordering time = 300s
Elapsed ordering time = 305s
Elapsed ordering time = 310s
Elapsed ordering time = 315s
Ordering time: 317.89s

Barrier statistics:
 Dense cols : 2
 Free vars  : 93432
 AA' NZ     : 1.102e+07
 Factor NZ  : 1.339e+08 (roughly 2.5 GBytes of memory)
 Factor Ops : 3.804e+10 (less than 1 second per iteration)
 Threads    : 32

                  Objective                Residual
Iter       Primal          Dual         Primal    Dual     Compl     Time
   0  -1.09302065e+16  1.69485444e+12  5.68e+08 4.78e+06  2.25e+12   415s
   1  -8.71259108e+15  1.12102663e+14  1.92e+08 5.13e+07  9.03e+11   495s
   2  -7.47104781e+15  1.85237058e+14  8.60e+07 4.73e+07  6.00e+11   599s
   3  -6.12355196e+15  2.07597215e+15  2.90e+07 9.98e+06  1.60e+11   719s
   4  -4.03637334e+15  2.73947969e+15  1.28e+07 3.52e+06  6.60e+10   807s
   5  -2.00092991e+15  2.85804160e+15  4.68e+06 1.31e+06  2.49e+10   841s
   6  -8.33055096e+14  2.66611418e+15  1.51e+06 4.80e+05  8.73e+09   874s
   7  -3.03018602e+14  2.04209645e+15  4.02e+05 1.71e+05  2.81e+09   912s
   8  -9.27730976e+13  1.67952764e+15  2.77e+04 1.14e+05  1.23e+09   969s
   9  -5.94481280e+13  6.84043655e+14  3.06e+03 4.21e+04  4.50e+08  1046s
  10  -4.84025587e+13  2.39045831e+14  5.73e+02 1.25e+04  1.49e+08  1123s
  11  -3.77462880e+13  1.39939072e+14  1.84e+02 7.05e+03  8.42e+07  1194s
  12  -2.58617178e+13  6.54279754e+13  5.12e+01 3.13e+03  3.87e+07  1284s
  13  -1.53193129e+13  2.86027515e+13  1.79e+01 1.26e+03  1.67e+07  1397s
  14  -1.01724574e+13  9.91280470e+12  1.04e+01 3.97e+02  6.99e+06  1491s
  15  -2.87255271e+12  4.40960758e+12  2.28e+00 1.57e+02  2.40e+06  1563s
  16  -1.25958576e+12  2.41261598e+12  9.73e-01 8.19e+01  1.18e+06  1632s
  17  -9.26899010e+11  1.30386961e+12  7.16e-01 3.71e+01  7.08e+05  1704s
  18  -2.75077428e+11  1.14631589e+12  2.47e-01 3.17e+01  4.48e+05  1777s
  19  -1.48171226e+11  7.48537139e+11  1.67e-01 1.92e+01  2.82e+05  1870s
  20  -8.03399252e+10  6.30538100e+11  1.27e-01 1.52e+01  2.23e+05  1943s
  21  -3.43597613e+09  4.19970111e+11  7.71e-02 8.89e+00  1.33e+05  2032s
  22   3.81165096e+10  3.53947114e+11  5.06e-02 6.85e+00  9.89e+04  2146s
  23   5.45200501e+10  2.93622924e+11  4.10e-02 5.01e+00  7.48e+04  2237s
  24   6.80846581e+10  2.70872357e+11  3.31e-02 4.30e+00  6.35e+04  2310s
  25   7.85661535e+10  2.48836559e+11  2.71e-02 3.63e+00  5.33e+04  2382s
  26   9.08522187e+10  2.34337409e+11  2.03e-02 3.15e+00  4.49e+04  2473s
  27   1.05748769e+11  2.17358134e+11  1.20e-02 2.62e+00  3.49e+04  2585s
  28   1.14442646e+11  1.89537395e+11  7.64e-03 1.75e+00  2.35e+04  2717s
  29   1.19642088e+11  1.74971554e+11  4.54e-03 1.33e+00  1.73e+04  2847s
  30   1.23449800e+11  1.65845496e+11  2.31e-03 1.06e+00  1.33e+04  2979s
  31   1.25683103e+11  1.56726999e+11  1.27e-03 7.85e-01  9.70e+03  3115s
  32   1.26914817e+11  1.52235746e+11  7.90e-04 6.51e-01  7.91e+03  3230s
  33   1.27250958e+11  1.49765130e+11  6.80e-04 5.78e-01  7.04e+03  3322s
  34   1.28018220e+11  1.46700993e+11  4.41e-04 4.88e-01  5.84e+03  3434s
  35   1.28443216e+11  1.44970833e+11  3.89e-04 4.32e-01  5.17e+03  3567s
  36   1.28658390e+11  1.43454478e+11  3.82e-04 3.84e-01  4.62e+03  3701s
  37   1.28773260e+11  1.42200813e+11  3.47e-04 3.48e-01  4.20e+03  3815s
  38   1.28805330e+11  1.42079388e+11  3.42e-04 3.44e-01  4.15e+03  3907s
  39   1.28860790e+11  1.41879331e+11  3.28e-04 3.38e-01  4.07e+03  4040s
  40   1.28937325e+11  1.40703044e+11  3.10e-04 3.06e-01  3.68e+03  4175s
  41   1.29203135e+11  1.40162896e+11  2.73e-04 2.87e-01  3.43e+03  4306s
  42   1.29360030e+11  1.39277687e+11  2.62e-04 2.57e-01  3.10e+03  4437s
  43   1.29664379e+11  1.38773180e+11  2.39e-04 2.39e-01  2.85e+03  4567s
  44   1.29889731e+11  1.38264663e+11  2.17e-04 2.20e-01  2.62e+03  4678s
  45   1.30077773e+11  1.37580205e+11  1.86e-04 1.97e-01  2.34e+03  4811s
  46   1.30199309e+11  1.37202982e+11  1.55e-04 1.84e-01  2.19e+03  4943s
  47   1.30271021e+11  1.37002624e+11  1.52e-04 1.77e-01  2.10e+03  5073s
  48   1.30408337e+11  1.36373527e+11  1.48e-04 1.53e-01  1.86e+03  5204s
  49   1.30515126e+11  1.36290647e+11  2.61e-04 1.50e-01  1.80e+03  5316s
  50   1.30586450e+11  1.36001267e+11  3.09e-04 1.41e-01  1.69e+03  5447s
  51   1.30735695e+11  1.35854061e+11  3.15e-04 1.36e-01  1.60e+03  5538s
  52   1.30808407e+11  1.35474005e+11  3.14e-04 1.22e-01  1.46e+03  5650s
  53   1.30912612e+11  1.35222488e+11  3.97e-04 1.14e-01  1.35e+03  5783s
  54   1.31013328e+11  1.35071074e+11  3.50e-04 1.08e-01  1.27e+03  5915s
  55   1.31143765e+11  1.34960980e+11  2.98e-04 1.03e-01  1.19e+03  6025s
  56   1.31490776e+11  1.34542629e+11  1.88e-04 8.64e-02  9.54e+02  6155s
  57   1.31643019e+11  1.34077253e+11  3.07e-04 6.87e-02  7.61e+02  6286s
  58   1.31770165e+11  1.33696872e+11  3.92e-04 5.48e-02  6.02e+02  6417s
  59   1.31880456e+11  1.33362737e+11  3.65e-04 4.32e-02  4.63e+02  6554s
  60   1.31966567e+11  1.33188733e+11  7.12e-04 3.68e-02  3.82e+02  6688s
  61   1.32010873e+11  1.33001496e+11  1.01e-03 2.99e-02  3.10e+02  6823s
  62   1.32041180e+11  1.32861918e+11  1.61e-03 2.49e-02  2.57e+02  6955s
  63   1.32063310e+11  1.32773876e+11  1.49e-03 2.17e-02  2.22e+02  7085s
  64   1.32084756e+11  1.32625234e+11  1.62e-03 1.62e-02  1.69e+02  7213s
  65   1.32111012e+11  1.32536486e+11  1.55e-03 1.28e-02  1.33e+02  7349s
  66   1.32123802e+11  1.32485779e+11  1.68e-03 1.10e-02  1.13e+02  7480s
  67   1.32135244e+11  1.32416532e+11  1.84e-03 8.40e-03  8.79e+01  7614s
  68   1.32144288e+11  1.32372219e+11  1.99e-03 6.75e-03  7.12e+01  7748s
  69   1.32151671e+11  1.32333564e+11  2.22e-03 5.33e-03  5.69e+01  7882s
  70   1.32156295e+11  1.32308777e+11  2.23e-03 4.42e-03  4.77e+01  8015s
  71   1.32162413e+11  1.32281689e+11  2.51e-03 3.46e-03  3.73e+01  8143s
  72   1.32167785e+11  1.32267415e+11  2.63e-03 2.94e-03  3.11e+01  8274s
  73   1.32170574e+11  1.32253050e+11  2.57e-03 2.42e-03  2.58e+01  8403s
  74   1.32174052e+11  1.32236901e+11  3.04e-03 1.83e-03  1.96e+01  8534s
  75   1.32176451e+11  1.32230271e+11  3.11e-03 1.60e-03  1.68e+01  8645s
  76   1.32179079e+11  1.32222498e+11  3.40e-03 1.32e-03  1.36e+01  8777s
  77   1.32180367e+11  1.32213982e+11  3.44e-03 1.03e-03  1.05e+01  8910s
  78   1.32181648e+11  1.32208524e+11  3.01e-03 8.32e-04  8.40e+00  9043s
  79   1.32182393e+11  1.32203070e+11  2.45e-03 6.40e-04  6.46e+00  9170s
  80   1.32183206e+11  1.32200759e+11  2.18e-03 5.58e-04  5.49e+00  9303s
  81   1.32183909e+11  1.32196592e+11  2.03e-03 4.01e-04  3.97e+00  9434s
  82   1.32183916e+11  1.32196525e+11  2.02e-03 3.98e-04  3.94e+00  9549s
  83   1.32184059e+11  1.32195486e+11  2.01e-03 3.61e-04  3.57e+00  9638s
  84   1.32184059e+11  1.32195486e+11  2.01e-03 3.61e-04  3.56e+00  9755s
  85   1.32184117e+11  1.32194801e+11  2.09e-03 3.37e-04  3.33e+00  9848s
  86   1.32184213e+11  1.32194197e+11  2.06e-03 3.16e-04  3.11e+00  9964s
  87   1.32184243e+11  1.32193854e+11  2.10e-03 3.03e-04  2.99e+00  10080s
  88   1.32184289e+11  1.32193452e+11  2.05e-03 2.89e-04  2.85e+00  10191s
  89   1.32184289e+11  1.32193452e+11  2.05e-03 2.89e-04  2.85e+00  10309s
  90   1.32184289e+11  1.32193452e+11  2.05e-03 2.89e-04  2.85e+00  10428s
  91   1.32184289e+11  1.32193452e+11  2.05e-03 2.89e-04  2.85e+00  10547s
  92   1.32184298e+11  1.32193377e+11  2.07e-03 2.86e-04  2.83e+00  10665s
  93   1.32184298e+11  1.32193377e+11  2.07e-03 2.86e-04  2.83e+00  10800s
  94   1.32184298e+11  1.32193377e+11  2.07e-03 2.86e-04  2.83e+00  10919s
  95   1.32184298e+11  1.32193377e+11  2.07e-03 2.86e-04  2.83e+00  11036s
  96   1.32184315e+11  1.32193205e+11  2.10e-03 2.80e-04  2.77e+00  11155s
  97   1.32184456e+11  1.32192603e+11  1.98e-03 2.59e-04  2.54e+00  11248s
  98   1.32184456e+11  1.32192603e+11  1.98e-03 2.59e-04  2.54e+00  11365s
  99   1.32184456e+11  1.32192603e+11  1.98e-03 2.59e-04  2.54e+00  11498s
 100   1.32184456e+11  1.32192603e+11  1.98e-03 2.59e-04  2.54e+00  11629s
 101   1.32184456e+11  1.32192603e+11  1.98e-03 2.59e-04  2.54e+00  11758s
 102   1.32184456e+11  1.32192603e+11  1.98e-03 2.59e-04  2.54e+00  11855s
 103   1.32184456e+11  1.32192603e+11  1.98e-03 2.59e-04  2.54e+00  11955s
 104   1.32184456e+11  1.32192603e+11  1.98e-03 2.59e-04  2.54e+00  12057s
 105   1.32184456e+11  1.32192603e+11  1.98e-03 2.59e-04  2.54e+00  12151s
 106   1.32184456e+11  1.32192603e+11  1.98e-03 2.59e-04  2.54e+00  12244s

Barrier performed 106 iterations in 12244.04 seconds
Sub-optimal termination - objective 1.32183206e+11


User-callback calls 2382684, time in user-callback 4.34 sec
