
Gurobi 9.1.2 (linux64) logging started Wed Jul  7 13:36:41 2021


Gurobi 9.1.2 (linux64) logging started Wed Jul  7 13:36:43 2021

Gurobi Optimizer version 9.1.2 build v9.1.2rc0 (linux64)
Thread count: 40 physical cores, 40 logical processors, using up to 32 threads
Optimize a model with 59682 rows, 25295 columns and 180601 nonzeros
Model fingerprint: 0x92737b1e
Coefficient statistics:
  Matrix range     [3e-04, 2e+01]
  Objective range  [7e+01, 4e+05]
  Bounds range     [1e+03, 8e+06]
  RHS range        [6e+00, 3e+07]

Concurrent LP optimizer: primal simplex, dual simplex, and barrier
Showing barrier log only...

Presolve removed 15376 rows and 4815 columns
Presolve removed 5762 rows and 12341 columns
Presolve time: 0.53s
Presolved: 19533 rows, 47341 columns, 153467 nonzeros

Ordering time: 3.29s

Barrier statistics:
 Dense cols : 2
 Free vars  : 1336
 AA' NZ     : 1.973e+05
 Factor NZ  : 1.587e+06 (roughly 40 MBytes of memory)
 Factor Ops : 2.338e+08 (less than 1 second per iteration)
 Threads    : 30

                  Objective                Residual
Iter       Primal          Dual         Primal    Dual     Compl     Time
   0  -4.19055557e+14 -1.27431519e+13  3.15e+08 1.10e+05  5.89e+12     5s
   1  -4.32505305e+14  9.80897268e+14  1.80e+08 1.55e+06  3.10e+12     8s
   2  -3.17710980e+14  1.52194648e+15  4.55e+07 6.60e+05  9.38e+11    11s
   3  -2.26981222e+14  1.56017417e+15  1.41e+07 2.70e+05  3.28e+11    16s
   4  -2.11307933e+14  1.29114505e+15  6.44e+06 1.19e+05  1.53e+11    20s
   5  -1.97217641e+14  9.75510657e+14  4.00e+06 5.69e+04  8.81e+10    23s
   6  -1.49591406e+14  7.46421410e+14  2.13e+06 3.24e+04  4.85e+10    26s
   7  -9.97360489e+13  5.03725406e+14  1.12e+06 1.74e+04  2.56e+10    29s
   8  -5.44422817e+13  3.21638387e+14  5.37e+05 8.70e+03  1.28e+10    32s
   9  -1.88509537e+13  1.67062411e+14  1.44e+05 3.47e+03  4.72e+09    37s
  10  -7.54484209e+12  6.74054893e+13  4.30e+04 1.15e+03  1.62e+09    41s
  11  -2.88111679e+12  2.45707021e+13  1.37e+04 3.41e+02  5.29e+08    47s
  12  -2.26911350e+12  1.16009561e+13  1.14e+04 1.41e+02  2.61e+08    51s
  13  -3.55765898e+12  6.68620211e+12  3.85e+03 7.62e+01  1.76e+08    58s
  14  -1.16179697e+12  3.70202671e+12  1.48e+03 3.84e+01  8.22e+07    63s
  15  -5.19835178e+11  1.42946424e+12  6.54e+02 1.30e+01  3.24e+07    72s
  16  -1.43834651e+11  6.29697261e+11  1.99e+02 5.40e+00  1.28e+07    80s
  17  -3.08930262e+10  2.73830697e+11  7.30e+01 1.94e+00  5.01e+06    92s
  18   8.89459503e+09  1.87327894e+11  4.16e+01 1.12e+00  2.93e+06    95s
  19   3.90437862e+10  1.38926830e+11  2.24e+01 6.17e-01  1.64e+06    97s
  20   5.79403775e+10  1.11470068e+11  1.23e+01 3.12e-01  8.79e+05   100s
  21   6.74000040e+10  9.93062515e+10  7.01e+00 1.79e-01  5.24e+05   104s
  22   7.17845919e+10  9.33785772e+10  4.64e+00 1.20e-01  3.54e+05   108s
  23   7.53793544e+10  8.95970498e+10  2.73e+00 8.25e-02  2.34e+05   113s
  24   7.69390017e+10  8.72748251e+10  1.94e+00 7.70e-02  1.70e+05   116s
  25   7.81446476e+10  8.56528146e+10  1.34e+00 8.53e-02  1.23e+05   122s
  26   7.88956032e+10  8.42578376e+10  9.83e-01 9.98e-02  8.82e+04   125s
  27   7.96192265e+10  8.33681436e+10  6.55e-01 1.06e-01  6.17e+04   131s
  28   8.00071571e+10  8.29565274e+10  4.89e-01 1.13e-01  4.86e+04   135s
  29   8.02814046e+10  8.24379887e+10  3.76e-01 1.05e-01  3.56e+04   140s
  30   8.06829174e+10  8.20617448e+10  2.15e-01 1.09e-01  2.28e+04   145s
  31   8.08258410e+10  8.18028311e+10  1.59e-01 8.12e-02  1.62e+04   148s
  32   8.09258126e+10  8.16916295e+10  1.20e-01 8.25e-02  1.27e+04   153s
  33   8.10093765e+10  8.15282273e+10  8.75e-02 6.57e-02  8.68e+03   156s
  34   8.10969334e+10  8.14364231e+10  5.37e-02 6.79e-02  5.74e+03   161s
  35   8.11339010e+10  8.13525275e+10  3.97e-02 7.58e-02  3.75e+03   167s
  36   8.11573621e+10  8.13322578e+10  3.10e-02 7.77e-02  3.04e+03   170s
  37   8.11765811e+10  8.13133619e+10  2.36e-02 7.93e-02  2.41e+03   172s
  38   8.11842015e+10  8.13038312e+10  2.08e-02 7.92e-02  2.13e+03   176s
  39   8.11940307e+10  8.12944239e+10  1.71e-02 7.88e-02  1.81e+03   180s
  40   8.12055888e+10  8.12807290e+10  1.28e-02 7.72e-02  1.40e+03   187s
  41   8.12156398e+10  8.12638688e+10  9.03e-03 7.28e-02  9.54e+02   192s
  42   8.12227682e+10  8.12547506e+10  6.39e-03 6.82e-02  6.86e+02   199s
  43   8.12260554e+10  8.12493524e+10  5.17e-03 6.45e-02  5.42e+02   206s
  44   8.12281000e+10  8.12461430e+10  4.39e-03 6.57e-02  4.55e+02   210s
  45   8.12307971e+10  8.12428086e+10  4.02e-03 6.81e-02  3.54e+02   213s
  46   8.12321028e+10  8.12414984e+10  4.41e-03 6.92e-02  3.10e+02   216s
  47   8.12346994e+10  8.12390321e+10  1.93e-03 7.17e-02  2.24e+02   220s
  48   8.12362307e+10  8.12364817e+10  1.38e-03 7.44e-02  1.54e+02   223s
  49   8.12373219e+10  8.12351788e+10  2.92e-03 7.63e-02  1.13e+02   229s
  50   8.12385798e+10  8.12340452e+10  8.02e-03 7.82e-02  7.50e+01   232s
  51   8.12389631e+10  8.12330514e+10  6.35e-03 7.95e-02  5.19e+01   234s
  52   8.12395281e+10  8.12323812e+10  2.83e-03 8.04e-02  3.17e+01   237s
  53   8.12398723e+10  8.12319184e+10  1.47e-03 8.11e-02  1.85e+01   240s
  54   8.12400471e+10  8.12316117e+10  2.52e-03 8.16e-02  1.07e+01   243s
  55   8.12400942e+10  8.12314344e+10  7.49e-04 8.19e-02  6.99e+00   245s
  56   8.12401394e+10  8.12313347e+10  1.93e-03 8.21e-02  4.61e+00   247s
  57   8.12401889e+10  8.12312517e+10  1.90e-03 8.22e-02  2.59e+00   250s
  58   8.12402095e+10  8.12311870e+10  9.41e-04 8.23e-02  1.34e+00   252s
  59   8.12402181e+10  8.12311586e+10  5.47e-04 8.24e-02  7.50e-01   256s
  60   8.12402232e+10  8.12311570e+10  1.31e-03 8.24e-02  6.96e-01   258s
  61   8.12402232e+10  8.12311570e+10  1.31e-03 8.24e-02  6.96e-01   262s
  62   8.12402226e+10  8.12311570e+10  9.08e-03 8.24e-02  6.96e-01   266s
  63   8.12402226e+10  8.12311570e+10  9.08e-03 8.24e-02  6.94e-01   272s
  64   8.12402226e+10  8.12311570e+10  9.08e-03 8.24e-02  6.94e-01   277s
  65   8.12402226e+10  8.12311570e+10  9.08e-03 8.24e-02  6.94e-01   283s
  66   8.12402226e+10  8.12311570e+10  9.08e-03 8.24e-02  6.94e-01   287s
  67   8.12402226e+10  8.12311570e+10  9.08e-03 8.24e-02  6.94e-01   292s
  68   8.12402226e+10  8.12311570e+10  9.08e-03 8.24e-02  6.94e-01   297s
  69   8.12401867e+10  8.12311570e+10  6.55e-01 8.24e-02  6.94e-01   304s

Barrier performed 69 iterations in 303.60 seconds
Sub-optimal termination - objective 8.12402181e+10

Crossover log...

    6624 DPushes remaining with DInf 0.0000000e+00               304s
    2566 DPushes remaining with DInf 0.0000000e+00               305s
     512 DPushes remaining with DInf 0.0000000e+00               310s
     247 DPushes remaining with DInf 0.0000000e+00               316s
       0 DPushes remaining with DInf 0.0000000e+00               317s

   43199 PPushes remaining with PInf 1.3870711e-01               317s
   16945 PPushes remaining with PInf 8.0202336e+07               320s
   10558 PPushes remaining with PInf 7.7942152e+07               325s
    7948 PPushes remaining with PInf 3.5211837e+07               330s
    4033 PPushes remaining with PInf 3.2382209e+07               336s
       0 PPushes remaining with PInf 2.6919609e+07               340s

  Push phase complete: Pinf 2.6919609e+07, Dinf 1.6549645e-12    340s

Iteration    Objective       Primal Inf.    Dual Inf.      Time
   49019    8.0816491e+10   0.000000e+00   9.445152e+07    340s
   49125    8.0884303e+10   0.000000e+00   1.268945e+10    341s
   49867    8.1048719e+10   0.000000e+00   2.778473e+07    345s
   50503    8.1118218e+10   0.000000e+00   1.918567e+07    350s
   51245    8.1180385e+10   0.000000e+00   1.428087e+07    355s
   51987    8.1225588e+10   0.000000e+00   6.800112e+06    360s
   53047    8.1256848e+10   0.000000e+00   6.173575e+06    365s
   54001    8.1271348e+10   0.000000e+00   4.526618e+06    371s
   54637    8.1274610e+10   0.000000e+00   7.715596e+06    375s
   55273    8.1312183e+10   0.000000e+00   6.448947e+07    380s
   56015    8.1335546e+10   0.000000e+00   4.549105e+05    386s
   56651    8.1344909e+10   0.000000e+00   1.324632e+07    390s
   57393    8.1352887e+10   0.000000e+00   1.115909e+07    396s
   58135    8.1358084e+10   4.783418e+02   6.377023e+10    400s
   58665    1.1307654e+11   5.786776e+05   2.106858e+10    406s
Warning: very big Kappa = 1.00591e+28, try parameter NumericFocus

Solved with barrier
Solved in 58685 iterations and 406.25 seconds
Infeasible model

User-callback calls 62276, time in user-callback 0.12 sec
