
Gurobi 9.1.2 (linux64) logging started Thu Aug  5 16:10:59 2021


Gurobi 9.1.2 (linux64) logging started Thu Aug  5 16:11:07 2021

Gurobi Optimizer version 9.1.2 build v9.1.2rc0 (linux64)
Thread count: 40 physical cores, 40 logical processors, using up to 32 threads
Optimize a model with 3188514 rows, 1314095 columns and 9550615 nonzeros
Model fingerprint: 0x20a9ce32
Coefficient statistics:
  Matrix range     [1e-06, 1e-03]
  Objective range  [1e-02, 4e+02]
  Bounds range     [1e+02, 8e+06]
  RHS range        [6e-03, 8e+05]

Concurrent LP optimizer: primal simplex, dual simplex, and barrier
Showing barrier log only...

Presolve removed 2768819 rows and 713894 columns (presolve time = 6s) ...
Presolve removed 2901959 rows and 741922 columns (presolve time = 10s) ...
Presolve removed 2901959 rows and 741922 columns
Presolve time: 11.53s
Presolved: 286555 rows, 677281 columns, 1868050 nonzeros

Ordering time: 0.39s

Barrier statistics:
 AA' NZ     : 1.486e+06
 Factor NZ  : 1.009e+07 (roughly 500 MBytes of memory)
 Factor Ops : 1.048e+09 (less than 1 second per iteration)
 Threads    : 30

                  Objective                Residual
Iter       Primal          Dual         Primal    Dual     Compl     Time
   0   5.50884003e+11 -1.67533310e+13  1.30e+12 4.07e-14  1.39e+10    21s
   1   1.78933265e+11 -1.73887610e+13  3.29e+11 5.18e+02  3.57e+09    38s
   2   5.38723012e+10 -1.77967221e+13  6.53e+10 1.21e+02  8.45e+08    62s
   3   8.35561820e+09 -1.74585269e+13  6.55e+09 1.36e+02  1.09e+08    78s
   4   3.10280701e+09 -9.17611391e+12  3.99e+08 1.14e-12  2.12e+07   101s
   5   2.01171037e+09 -3.39457249e+12  1.06e+04 1.36e-12  4.14e+06   121s
   6   1.87292896e+09 -6.10857706e+11  1.16e+03 1.25e-12  5.63e+05   145s
   7   1.83166049e+09 -9.34702370e+10  1.15e+02 1.02e-12  7.68e+04   163s
   8   1.51010417e+09 -2.03797634e+10  1.14e+01 6.82e-13  1.68e+04   184s
   9   8.00691557e+08 -4.63017312e+09  1.68e+00 3.98e-13  4.13e+03   210s
  10   3.69811285e+08 -1.52543288e+09  3.56e-01 1.85e-13  1.44e+03   233s
  11   2.63056970e+08 -5.96998263e+08  1.97e-01 8.53e-14  6.53e+02   250s
  12   2.07362252e+08 -2.93729573e+08  1.20e-01 5.68e-14  3.80e+02   266s
  13   1.76245258e+08 -1.21450298e+08  6.87e-02 3.20e-14  2.26e+02   282s
  14   1.60437979e+08  2.50842314e+07  3.94e-02 1.42e-14  1.03e+02   297s
  15   1.46669780e+08  8.03851946e+07  1.75e-02 8.44e-15  5.03e+01   324s
  16   1.40334350e+08  1.03492097e+08  9.61e-03 4.88e-15  2.79e+01   344s
  17   1.35909382e+08  1.14914201e+08  5.14e-03 2.66e-15  1.59e+01   370s
  18   1.33949035e+08  1.20830545e+08  3.44e-03 1.67e-15  9.95e+00   389s
  19   1.32143223e+08  1.24035318e+08  1.97e-03 9.99e-16  6.15e+00   414s
  20   1.31320180e+08  1.25516756e+08  1.33e-03 8.88e-16  4.40e+00   432s
  21   1.30852336e+08  1.27031400e+08  9.83e-04 6.78e-16  2.90e+00   459s
  22   1.30548319e+08  1.27770644e+08  7.63e-04 8.88e-16  2.11e+00   479s
  23   1.30107981e+08  1.28538063e+08  4.53e-04 8.88e-16  1.19e+00   510s
  24   1.29874868e+08  1.28912849e+08  2.92e-04 6.22e-16  7.30e-01   532s
  25   1.29724280e+08  1.29135699e+08  1.87e-04 8.88e-16  4.46e-01   561s
  26   1.29635041e+08  1.29259441e+08  1.26e-04 8.88e-16  2.85e-01   581s
  27   1.29555077e+08  1.29346839e+08  7.23e-05 8.88e-16  1.58e-01   609s
  28   1.29501683e+08  1.29392790e+08  3.77e-05 8.88e-16  8.26e-02   649s
  29   1.29467700e+08  1.29413548e+08  1.59e-05 7.18e-16  4.11e-02   683s
  30   1.29457942e+08  1.29425204e+08  9.63e-06 6.94e-16  2.48e-02   711s
  31   1.29451758e+08  1.29432209e+08  5.80e-06 5.88e-16  1.48e-02   740s
  32   1.29448318e+08  1.29434434e+08  3.69e-06 2.75e-15  1.05e-02   772s
  33   1.29444864e+08  1.29438937e+08  1.60e-06 1.11e-15  4.50e-03   824s
  34   1.29443789e+08  1.29440254e+08  9.60e-07 8.88e-16  2.68e-03   869s
  35   1.29443013e+08  1.29441228e+08  5.03e-07 2.28e-14  1.35e-03   943s
  36   1.29442680e+08  1.29441569e+08  3.10e-07 1.61e-14  8.42e-04  1011s
  37   1.29442417e+08  1.29441836e+08  1.60e-07 8.17e-15  4.40e-04  1165s
  38   1.29442314e+08  1.29441975e+08  1.01e-07 2.24e-09  2.61e-04  1217s
  39   1.29442234e+08  1.29442054e+08  5.62e-08 9.76e-10  1.38e-04  1305s
  40   1.29442190e+08  1.29442079e+08  4.45e-08 1.25e-09  8.58e-05  1343s
  41   1.29442169e+08  1.29442104e+08  2.98e-08 1.49e-09  5.03e-05  1374s
  42   1.29442150e+08  1.29442116e+08  2.60e-08 1.55e-09  2.74e-05  1424s
  43   1.29442145e+08  1.29442123e+08  4.20e-08 1.87e-09  1.82e-05  1467s
  44   1.29442136e+08  1.29442127e+08  1.37e-07 1.97e-09  7.39e-06  1519s
  45   1.29442133e+08  1.29442129e+08  1.74e-07 1.80e-09  3.69e-06  1546s
  46   1.29442131e+08  1.29442130e+08  2.09e-07 1.49e-09  1.53e-06  1594s
  47   1.29442131e+08  1.29442130e+08  6.66e-08 1.27e-09  6.76e-07  1666s
  48   1.29442130e+08  1.29442130e+08  9.63e-08 1.34e-09  2.97e-07  1715s
  49   1.29442130e+08  1.29442130e+08  1.59e-07 1.32e-09  1.69e-07  1746s

Barrier solved model in 49 iterations and 1745.96 seconds
Optimal objective 1.29442130e+08

Crossover log...

  169147 variables added to crossover basis                     1758s

   89544 DPushes remaining with DInf 0.0000000e+00              1763s
    9309 DPushes remaining with DInf 0.0000000e+00              1770s
    2736 DPushes remaining with DInf 0.0000000e+00              1773s
     757 DPushes remaining with DInf 0.0000000e+00              1776s
       0 DPushes remaining with DInf 0.0000000e+00              1777s

  510861 PPushes remaining with PInf 2.8994715e-02              1777s
  101552 PPushes remaining with PInf 1.6786986e-02              1781s
     871 PPushes remaining with PInf 5.5867632e-04              1785s
       0 PPushes remaining with PInf 4.3390338e-04              1786s

  Push phase complete: Pinf 4.3390338e-04, Dinf 1.1279220e+01   1786s

Iteration    Objective       Primal Inf.    Dual Inf.      Time
  559554    1.2944213e+08   0.000000e+00   1.127922e+01   1786s
  559950    1.2944213e+08   0.000000e+00   3.825498e-04   1796s
Extra simplex iterations after uncrush: 48
  559998    1.2944213e+08   0.000000e+00   0.000000e+00   1799s

Solved with barrier
Solved in 559998 iterations and 1799.54 seconds
Optimal objective  1.294421300e+08

User-callback calls 670669, time in user-callback 0.62 sec
