
Gurobi 9.1.2 (linux64) logging started Mon Jul  5 08:45:27 2021


Gurobi 9.1.2 (linux64) logging started Mon Jul  5 08:45:34 2021

Gurobi Optimizer version 9.1.2 build v9.1.2rc0 (linux64)
Thread count: 40 physical cores, 40 logical processors, using up to 32 threads
Optimize a model with 3320089 rows, 1314095 columns and 9612110 nonzeros
Model fingerprint: 0x755b0908
Coefficient statistics:
  Matrix range     [3e-04, 1e+00]
  Objective range  [1e+01, 4e+05]
  Bounds range     [1e+03, 8e+06]
  RHS range        [4e-02, 1e+09]
Presolve removed 284340 rows and 889263 columns (presolve time = 5s) ...
Presolve removed 284341 rows and 889269 columns
Presolve time: 6.66s
Presolved: 1029754 rows, 2430820 columns, 8152151 nonzeros
Elapsed ordering time = 122s
Elapsed ordering time = 125s
Elapsed ordering time = 130s
Elapsed ordering time = 135s
Elapsed ordering time = 140s
Ordering time: 143.10s

Barrier statistics:
 Dense cols : 2
 Free vars  : 93432
 AA' NZ     : 1.102e+07
 Factor NZ  : 1.339e+08 (roughly 2.5 GBytes of memory)
 Factor Ops : 3.804e+10 (less than 1 second per iteration)
 Threads    : 32

                  Objective                Residual
Iter       Primal          Dual         Primal    Dual     Compl     Time
   0  -1.09302062e+16  1.69485476e+12  5.68e+08 4.78e+06  2.25e+12   184s
   1  -8.71259290e+15  1.12102661e+14  1.92e+08 5.13e+07  9.03e+11   218s
   2  -7.47105424e+15  1.85236746e+14  8.60e+07 4.73e+07  6.00e+11   261s
   3  -6.12356046e+15  2.07596172e+15  2.90e+07 9.98e+06  1.60e+11   311s
   4  -4.03650427e+15  2.73947970e+15  1.28e+07 3.51e+06  6.60e+10   351s
   5  -2.00072587e+15  2.85804478e+15  4.68e+06 1.31e+06  2.49e+10   383s
   6  -8.32986410e+14  2.66608698e+15  1.51e+06 4.80e+05  8.73e+09   415s
   7  -3.03144557e+14  2.04206185e+15  4.02e+05 1.71e+05  2.81e+09   446s
   8  -9.27765999e+13  1.67952270e+15  2.77e+04 1.14e+05  1.23e+09   486s
   9  -5.94476220e+13  6.84098569e+14  3.06e+03 4.21e+04  4.50e+08   519s
  10  -4.84009208e+13  2.39053396e+14  5.73e+02 1.25e+04  1.49e+08   557s
  11  -3.77439826e+13  1.39949034e+14  1.84e+02 7.05e+03  8.42e+07   587s
  12  -2.58604375e+13  6.54154571e+13  5.12e+01 3.13e+03  3.87e+07   625s
  13  -1.53158049e+13  2.85977456e+13  1.79e+01 1.25e+03  1.67e+07   674s
  14  -1.01687973e+13  9.90572372e+12  1.04e+01 3.97e+02  6.98e+06   712s
  15  -2.87179159e+12  4.40026079e+12  2.28e+00 1.56e+02  2.39e+06   743s
  16  -1.26018435e+12  2.49132888e+12  9.73e-01 8.47e+01  1.21e+06   773s
  17  -9.76153535e+11  1.25938616e+12  7.54e-01 3.47e+01  7.09e+05   806s
  18  -2.71137230e+11  1.15348113e+12  2.44e-01 3.12e+01  4.49e+05   836s
  19  -9.34267263e+10  7.93994956e+11  1.33e-01 1.78e+01  2.79e+05   874s
  20  -5.03027638e+10  6.50455231e+11  1.08e-01 1.36e+01  2.20e+05   904s
  21   2.47453369e+10  4.44954057e+11  5.64e-02 8.14e+00  1.32e+05   945s
  22   5.32223672e+10  3.52428761e+11  3.92e-02 5.77e+00  9.36e+04   993s
  23   7.78749060e+10  2.81848595e+11  2.61e-02 3.92e+00  6.38e+04  1030s
  24   8.93083627e+10  2.69593074e+11  2.01e-02 3.58e+00  5.64e+04  1060s
  25   9.86778716e+10  2.48500011e+11  1.56e-02 3.03e+00  4.68e+04  1093s
  26   1.07026889e+11  2.32968253e+11  1.08e-02 2.63e+00  3.94e+04  1132s
  27   1.14204240e+11  2.13600873e+11  6.96e-03 2.13e+00  3.11e+04  1178s
  28   1.19907334e+11  1.88467606e+11  3.87e-03 1.47e+00  2.14e+04  1238s
  29   1.23057440e+11  1.75814757e+11  2.21e-03 1.15e+00  1.65e+04  1295s
  30   1.24726110e+11  1.62401145e+11  1.50e-03 8.15e-01  1.18e+04  1352s
  31   1.25351627e+11  1.57544929e+11  1.28e-03 6.90e-01  1.01e+04  1403s
  32   1.26267841e+11  1.54123100e+11  9.63e-04 6.07e-01  8.70e+03  1441s
  33   1.26921504e+11  1.49991487e+11  7.59e-04 4.94e-01  7.21e+03  1488s
  34   1.27699713e+11  1.46428354e+11  5.38e-04 4.05e-01  5.85e+03  1546s
  35   1.28169229e+11  1.43898976e+11  4.28e-04 3.41e-01  4.91e+03  1603s
  36   1.28734663e+11  1.42663556e+11  3.34e-04 3.05e-01  4.35e+03  1660s
  37   1.28666965e+11  1.42080090e+11  3.30e-04 2.89e-01  4.19e+03  1719s
  38   1.28918969e+11  1.41235788e+11  3.03e-04 2.66e-01  3.85e+03  1769s
  39   1.29091127e+11  1.40499868e+11  2.75e-04 2.47e-01  3.56e+03  1817s
  40   1.29102447e+11  1.40428044e+11  2.74e-04 2.45e-01  3.54e+03  1857s
  41   1.29140094e+11  1.40213318e+11  2.68e-04 2.39e-01  3.46e+03  1906s
  42   1.29359482e+11  1.39510109e+11  2.32e-04 2.21e-01  3.16e+03  1966s
  43   1.29703102e+11  1.38908293e+11  2.82e-04 2.05e-01  2.87e+03  2023s
  44   1.29835997e+11  1.38312260e+11  2.71e-04 1.88e-01  2.64e+03  2071s
  45   1.30049494e+11  1.37781619e+11  2.94e-04 1.71e-01  2.41e+03  2131s
  46   1.30140061e+11  1.37449222e+11  3.56e-04 1.61e-01  2.28e+03  2188s
  47   1.30295881e+11  1.37156662e+11  3.39e-04 1.52e-01  2.14e+03  2237s
  48   1.30473576e+11  1.36867783e+11  3.86e-04 1.43e-01  1.99e+03  2288s
  49   1.30548740e+11  1.36618864e+11  5.54e-04 1.36e-01  1.89e+03  2346s
  50   1.30666789e+11  1.36212389e+11  6.65e-04 1.24e-01  1.73e+03  2405s
  51   1.30835807e+11  1.35986189e+11  6.76e-04 1.17e-01  1.60e+03  2456s
  52   1.30843478e+11  1.35830341e+11  8.23e-04 1.14e-01  1.55e+03  2514s
  53   1.30876807e+11  1.35769122e+11  1.01e-03 1.12e-01  1.52e+03  2557s
  54   1.30922469e+11  1.35655484e+11  1.10e-03 1.08e-01  1.47e+03  2616s
  55   1.30997326e+11  1.35322558e+11  1.16e-03 9.77e-02  1.35e+03  2666s
  56   1.31113380e+11  1.35148706e+11  1.11e-03 9.15e-02  1.26e+03  2726s
  57   1.31263501e+11  1.34888080e+11  1.71e-03 8.44e-02  1.13e+03  2783s
  58   1.31336603e+11  1.34654434e+11  1.72e-03 7.70e-02  1.03e+03  2844s
  59   1.31349904e+11  1.34536227e+11  1.70e-03 7.28e-02  9.93e+02  2901s
  60   1.31389498e+11  1.34501501e+11  1.54e-03 7.16e-02  9.70e+02  2959s
  61   1.31419367e+11  1.34422508e+11  1.41e-03 6.88e-02  9.36e+02  3002s
  62   1.31709302e+11  1.34208427e+11  5.34e-04 6.12e-02  7.79e+02  3059s
  63   1.31919848e+11  1.33847314e+11  5.56e-04 4.91e-02  6.01e+02  3116s
  64   1.31998272e+11  1.33548210e+11  7.50e-04 3.93e-02  4.83e+02  3176s
  65   1.32054130e+11  1.33323041e+11  1.23e-03 3.18e-02  3.95e+02  3240s
  66   1.32110211e+11  1.33195897e+11  2.27e-03 2.77e-02  3.38e+02  3305s
  67   1.32139791e+11  1.33029125e+11  2.42e-03 2.24e-02  2.77e+02  3358s
  68   1.32158214e+11  1.32913714e+11  2.64e-03 1.88e-02  2.35e+02  3419s
  69   1.32188209e+11  1.32777922e+11  2.71e-03 1.45e-02  1.84e+02  3482s
  70   1.32206987e+11  1.32710179e+11  3.00e-03 1.24e-02  1.57e+02  3538s
  71   1.32225347e+11  1.32658522e+11  3.27e-03 1.08e-02  1.35e+02  3605s
  72   1.32241153e+11  1.32580508e+11  4.12e-03 8.35e-03  1.06e+02  3665s
  73   1.32260056e+11  1.32539537e+11  4.02e-03 7.09e-03  8.71e+01  3726s
  74   1.32273281e+11  1.32484913e+11  4.63e-03 5.39e-03  6.59e+01  3792s
  75   1.32281043e+11  1.32453112e+11  4.04e-03 4.44e-03  5.36e+01  3855s
  76   1.32284531e+11  1.32419301e+11  3.87e-03 3.39e-03  4.20e+01  3918s
  77   1.32290209e+11  1.32399080e+11  3.97e-03 2.76e-03  3.39e+01  3978s
  78   1.32294809e+11  1.32382622e+11  4.25e-03 2.27e-03  2.74e+01  4043s
  79   1.32297954e+11  1.32366299e+11  5.59e-03 1.77e-03  2.13e+01  4108s
  80   1.32300319e+11  1.32354092e+11  6.51e-03 1.40e-03  1.68e+01  4170s
  81   1.32302687e+11  1.32343801e+11  6.84e-03 1.08e-03  1.28e+01  4232s
  82   1.32304705e+11  1.32335597e+11  5.58e-03 8.40e-04  9.62e+00  4294s
  83   1.32305434e+11  1.32329994e+11  7.44e-03 6.73e-04  7.65e+00  4360s
  84   1.32306026e+11  1.32326188e+11  7.84e-03 5.57e-04  6.28e+00  4421s
  85   1.32306327e+11  1.32321883e+11  6.71e-03 4.32e-04  4.85e+00  4485s
  86   1.32306782e+11  1.32320076e+11  7.85e-03 3.80e-04  4.14e+00  4546s
  87   1.32306785e+11  1.32320047e+11  7.85e-03 3.79e-04  4.13e+00  4606s
  88   1.32306785e+11  1.32320047e+11  7.85e-03 3.79e-04  4.13e+00  4663s
  89   1.32306785e+11  1.32320047e+11  7.85e-03 3.79e-04  4.13e+00  4720s
  90   1.32306795e+11  1.32319948e+11  7.84e-03 3.76e-04  4.10e+00  4779s
  91   1.32306795e+11  1.32319948e+11  7.84e-03 3.76e-04  4.10e+00  4839s
  92   1.32306795e+11  1.32319947e+11  7.84e-03 3.76e-04  4.10e+00  4901s
  93   1.32306795e+11  1.32319947e+11  7.84e-03 3.76e-04  4.10e+00  4960s
  94   1.32306804e+11  1.32319818e+11  7.81e-03 3.72e-04  4.05e+00  5019s
  95   1.32306806e+11  1.32319774e+11  7.81e-03 3.71e-04  4.04e+00  5076s
  96   1.32306874e+11  1.32318970e+11  7.84e-03 3.46e-04  3.77e+00  5139s

Barrier performed 96 iterations in 5139.07 seconds
Sub-optimal termination - objective 1.32304705e+11


User-callback calls 815654, time in user-callback 0.70 sec

Gurobi 9.1.2 (linux64) logging started Wed Aug  4 18:38:57 2021


Gurobi 9.1.2 (linux64) logging started Wed Aug  4 18:39:07 2021

Gurobi Optimizer version 9.1.2 build v9.1.2rc0 (linux64)
Thread count: 40 physical cores, 40 logical processors, using up to 32 threads
Optimize a model with 61026 rows, 25295 columns and 183360 nonzeros
Model fingerprint: 0x02c6a800
Coefficient statistics:
  Matrix range     [2e-06, 9e-02]
  Objective range  [3e-01, 4e+02]
  Bounds range     [3e+01, 8e+06]
  RHS range        [6e-03, 8e+05]

Concurrent LP optimizer: primal simplex, dual simplex, and barrier
Showing barrier log only...

Presolve removed 54694 rows and 14894 columns
Presolve time: 0.21s
Presolved: 6332 rows, 11236 columns, 28082 nonzeros

Ordering time: 0.01s

Barrier statistics:
 AA' NZ     : 2.032e+04
 Factor NZ  : 1.586e+05 (roughly 8 MBytes of memory)
 Factor Ops : 9.311e+06 (less than 1 second per iteration)
 Threads    : 30

                  Objective                Residual
Iter       Primal          Dual         Primal    Dual     Compl     Time
   0   3.48586836e+11 -6.81347615e+10  4.54e+08 5.46e-14  1.07e+09     0s
   1   1.29561684e+11 -7.31080258e+10  1.46e+08 4.34e+02  3.80e+08     1s
   2   3.70097689e+10 -7.69688977e+10  3.28e+07 1.27e+02  1.06e+08     1s
   3   7.69312856e+09 -6.58911742e+10  2.95e+06 1.06e-12  1.97e+07     2s
   4   2.75724229e+09 -3.18948207e+10  8.40e+03 9.09e-13  3.69e+06     3s
   5   1.71848057e+09 -1.42559995e+10  1.29e+03 7.96e-13  9.74e+05     3s
   6   9.95106084e+08 -4.17788319e+09  2.69e+02 7.96e-13  2.65e+05     4s
   7   7.01710944e+08 -1.35875740e+09  1.50e+02 6.82e-13  1.02e+05     4s
   8   4.31216627e+08 -7.63922180e+08  6.62e+01 4.55e-13  5.72e+04     5s
   9   2.45817365e+08 -2.09690690e+08  2.32e+01 3.41e-13  2.13e+04     5s
  10   1.77833122e+08 -4.60972633e+07  1.12e+01 2.27e-13  1.04e+04     6s
  11   1.47857880e+08  3.69037558e+07  5.83e+00 1.71e-13  5.13e+03     6s
  12   1.34941355e+08  6.10084049e+07  3.50e+00 1.14e-13  3.41e+03     7s
  13   1.27538583e+08  7.97661271e+07  2.08e+00 1.14e-13  2.20e+03     7s
  14   1.25548940e+08  9.50254956e+07  1.67e+00 1.14e-13  1.41e+03     8s
  15   1.23521002e+08  1.05312294e+08  1.18e+00 5.68e-14  8.38e+02     9s
  16   1.21986424e+08  1.09159383e+08  8.40e-01 1.14e-13  5.90e+02     9s
  17   1.20410441e+08  1.11546253e+08  4.95e-01 1.14e-13  4.08e+02    10s
  18   1.19999930e+08  1.13228020e+08  4.11e-01 5.68e-14  3.11e+02    10s

Barrier performed 18 iterations in 10.01 seconds
Barrier solve interrupted - model solved by another algorithm


Solved with dual simplex
Solved in 6864 iterations and 10.10 seconds
Optimal objective  1.177928048e+08

User-callback calls 480, time in user-callback 0.01 sec

Gurobi 9.1.2 (linux64) logging started Wed Aug  4 18:53:00 2021


Gurobi 9.1.2 (linux64) logging started Wed Aug  4 18:53:12 2021

Gurobi Optimizer version 9.1.2 build v9.1.2rc0 (linux64)
Thread count: 40 physical cores, 40 logical processors, using up to 32 threads
Optimize a model with 3188514 rows, 1314095 columns and 9550615 nonzeros
Model fingerprint: 0x10738f10
Coefficient statistics:
  Matrix range     [1e-06, 1e-03]
  Objective range  [1e-02, 4e+02]
  Bounds range     [3e+01, 8e+06]
  RHS range        [6e-03, 8e+05]

Concurrent LP optimizer: primal simplex, dual simplex, and barrier
Showing barrier log only...

Presolve removed 2812617 rows and 775006 columns (presolve time = 6s) ...
Presolve removed 2905468 rows and 824055 columns (presolve time = 11s) ...
Presolve removed 2905468 rows and 824055 columns
Presolve time: 12.22s
Presolved: 283046 rows, 533835 columns, 1621381 nonzeros

Ordering time: 0.56s

Barrier statistics:
 AA' NZ     : 1.631e+06
 Factor NZ  : 9.328e+06 (roughly 400 MBytes of memory)
 Factor Ops : 7.291e+08 (less than 1 second per iteration)
 Threads    : 30

                  Objective                Residual
Iter       Primal          Dual         Primal    Dual     Compl     Time
   0   4.95317904e+11 -1.25507056e+13  2.79e+11 4.07e-14  1.31e+10    21s
   1   1.66162090e+11 -1.34110143e+13  7.08e+10 6.29e+02  3.48e+09    38s
   2   1.00336149e+11 -1.57763131e+13  9.59e+09 1.14e-12  1.25e+09    63s
   3   1.33234859e+10 -1.50891014e+13  5.01e+08 1.07e+00  1.46e+08    91s
   4   3.95432583e+09 -8.97566952e+12  5.88e+04 1.14e-12  2.29e+07   116s
   5   2.85231756e+09 -3.31256446e+12  9.41e+03 9.09e-13  4.85e+06   132s
   6   2.68354162e+09 -6.23270131e+11  9.36e+02 1.14e-12  7.00e+05   148s
   7   2.64281285e+09 -8.83731749e+10  9.28e+01 1.02e-12  9.13e+04   173s
   8   2.46595800e+09 -2.47516243e+10  9.19e+00 5.68e-13  2.65e+04   192s
   9   1.65180539e+09 -5.47607947e+09  9.11e-01 2.84e-13  6.91e+03   217s
  10   1.04153683e+09 -1.77398608e+09  2.36e-01 1.56e-13  2.73e+03   234s
  11   7.12927090e+08 -5.20416015e+08  6.02e-02 6.39e-14  1.20e+03   259s
  12   5.99207743e+08 -4.05480297e+07  3.04e-02 3.55e-14  6.20e+02   284s
  13   5.45742550e+08  1.69018465e+08  1.89e-02 2.13e-14  3.65e+02   317s
  14   5.17552658e+08  2.60961903e+08  1.33e-02 1.42e-14  2.49e+02   340s
  15   4.93742426e+08  3.37427706e+08  8.59e-03 8.88e-15  1.51e+02   372s
  16   4.82549961e+08  3.77899130e+08  6.49e-03 6.22e-15  1.01e+02   397s
  17   4.65125659e+08  3.99368720e+08  3.22e-03 4.44e-15  6.37e+01   428s
  18   4.61727770e+08  4.12692904e+08  2.58e-03 3.11e-15  4.75e+01   448s
  19   4.57208081e+08  4.26558062e+08  1.73e-03 2.71e-15  2.97e+01   475s
  20   4.51267623e+08  4.37073218e+08  5.66e-04 1.34e-15  1.38e+01   520s
  21   4.49937173e+08  4.42535098e+08  3.44e-04 7.22e-16  7.17e+00   552s
  22   4.48982472e+08  4.45423850e+08  1.87e-04 3.33e-16  3.45e+00   574s
  23   4.48571943e+08  4.46464360e+08  1.19e-04 3.33e-16  2.04e+00   596s
  24   4.48433403e+08  4.46999303e+08  9.74e-05 2.22e-16  1.39e+00   618s
  25   4.48167195e+08  4.47183279e+08  5.42e-05 2.22e-16  9.54e-01   641s
  26   4.47999069e+08  4.47510098e+08  2.70e-05 2.22e-16  4.74e-01   677s
  27   4.47933754e+08  4.47627059e+08  1.66e-05 2.22e-16  2.97e-01   703s
  28   4.47893450e+08  4.47725185e+08  1.03e-05 2.22e-16  1.63e-01   740s
  29   4.47868021e+08  4.47754572e+08  6.26e-06 2.22e-16  1.10e-01   767s
  30   4.47859087e+08  4.47794020e+08  4.85e-06 3.33e-16  6.31e-02   800s
  31   4.47842203e+08  4.47813216e+08  2.22e-06 2.22e-16  2.81e-02   858s
  32   4.47835973e+08  4.47821176e+08  1.26e-06 3.35e-14  1.43e-02   917s
  33   4.47832699e+08  4.47824546e+08  7.49e-07 1.61e-14  7.90e-03   970s
  34   4.47830637e+08  4.47826295e+08  4.32e-07 7.02e-15  4.21e-03  1045s
  35   4.47829163e+08  4.47826945e+08  2.05e-07 5.29e-15  2.15e-03  1131s
  36   4.47828523e+08  4.47827608e+08  1.08e-07 2.08e-12  8.87e-04  1255s
  37   4.47828001e+08  4.47827737e+08  3.07e-08 3.94e-09  2.61e-04  1381s
  38   4.47827874e+08  4.47827770e+08  3.15e-08 3.62e-09  1.05e-04  1438s
  39   4.47827837e+08  4.47827783e+08  1.57e-08 1.87e-09  5.46e-05  1493s
  40   4.47827823e+08  4.47827789e+08  3.37e-08 1.86e-09  3.50e-05  1535s
  41   4.47827808e+08  4.47827793e+08  2.19e-08 1.46e-09  1.56e-05  1603s
  42   4.47827800e+08  4.47827794e+08  4.86e-07 2.01e-09  6.50e-06  1639s
  43   4.47827796e+08  4.47827795e+08  7.00e-07 3.47e-09  1.76e-06  1682s
  44   4.47827795e+08  4.47827795e+08  4.04e-07 3.65e-09  8.56e-07  1709s
  45   4.47827795e+08  4.47827795e+08  9.21e-07 3.43e-09  2.88e-07  1758s
  46   4.47827795e+08  4.47827795e+08  7.32e-07 2.86e-09  1.82e-07  1795s

Barrier solved model in 46 iterations and 1795.33 seconds
Optimal objective 4.47827795e+08

Crossover log...

   71849 DPushes remaining with DInf 0.0000000e+00              1807s
       0 DPushes remaining with DInf 0.0000000e+00              1809s

  391166 PPushes remaining with PInf 1.9379076e-04              1809s
  182916 PPushes remaining with PInf 6.8989645e-02              1822s
  130299 PPushes remaining with PInf 2.4845097e-03              1832s
   88185 PPushes remaining with PInf 2.5303910e-02              1836s
   81657 PPushes remaining with PInf 8.1043093e-03              1840s
   79103 PPushes remaining with PInf 8.1043093e-03              1845s
   76521 PPushes remaining with PInf 8.0935147e-03              1850s
   46700 PPushes remaining with PInf 8.2064788e-03              1857s
   39889 PPushes remaining with PInf 8.2634318e-03              1860s
   38068 PPushes remaining with PInf 8.2634318e-03              1865s
   36054 PPushes remaining with PInf 8.2634318e-03              1870s
   34257 PPushes remaining with PInf 8.2634318e-03              1875s
   32419 PPushes remaining with PInf 8.2634318e-03              1880s
   30700 PPushes remaining with PInf 8.2634318e-03              1885s
   28929 PPushes remaining with PInf 8.2634318e-03              1890s
   26988 PPushes remaining with PInf 8.2634318e-03              1895s
   25174 PPushes remaining with PInf 8.2634318e-03              1900s
   23241 PPushes remaining with PInf 8.2634318e-03              1905s
   21512 PPushes remaining with PInf 8.2634318e-03              1910s
   19757 PPushes remaining with PInf 8.2634318e-03              1915s
   17781 PPushes remaining with PInf 8.2634318e-03              1920s
   15746 PPushes remaining with PInf 8.2634318e-03              1925s
   14177 PPushes remaining with PInf 8.2634318e-03              1930s
   12442 PPushes remaining with PInf 8.2634318e-03              1935s
   10837 PPushes remaining with PInf 8.2634318e-03              1940s
    9136 PPushes remaining with PInf 8.2634318e-03              1945s
    7353 PPushes remaining with PInf 8.2634318e-03              1950s
     129 PPushes remaining with PInf 8.0103787e-03              1956s
       0 PPushes remaining with PInf 7.7873615e-03              1956s

  Push phase complete: Pinf 7.7873615e-03, Dinf 4.3034693e+00   1956s

Iteration    Objective       Primal Inf.    Dual Inf.      Time
  441499    4.4782779e+08   0.000000e+00   4.303469e+00   1956s
  441578    4.4782779e+08   0.000000e+00   2.000000e-06   1966s
  441680    4.4782779e+08   0.000000e+00   6.747508e-05   1974s
Extra simplex iterations after uncrush: 116
  441695    4.4782779e+08   0.000000e+00   0.000000e+00   1977s

Solved with barrier
Solved in 441695 iterations and 1976.81 seconds
Optimal objective  4.478277947e+08

User-callback calls 507931, time in user-callback 0.46 sec

Gurobi 9.1.2 (linux64) logging started Thu Aug  5 16:10:57 2021


Gurobi 9.1.2 (linux64) logging started Thu Aug  5 16:11:03 2021

Gurobi Optimizer version 9.1.2 build v9.1.2rc0 (linux64)
Thread count: 40 physical cores, 40 logical processors, using up to 32 threads
Optimize a model with 3188514 rows, 1314095 columns and 9550615 nonzeros
Model fingerprint: 0x10738f10
Coefficient statistics:
  Matrix range     [1e-06, 1e-03]
  Objective range  [1e-02, 4e+02]
  Bounds range     [3e+01, 8e+06]
  RHS range        [6e-03, 8e+05]

Concurrent LP optimizer: primal simplex, dual simplex, and barrier
Showing barrier log only...

Presolve removed 2812617 rows and 775006 columns (presolve time = 5s) ...
Presolve removed 2905468 rows and 824055 columns
Presolve time: 11.04s
Presolved: 283046 rows, 533835 columns, 1621381 nonzeros

Ordering time: 0.50s

Barrier statistics:
 AA' NZ     : 1.631e+06
 Factor NZ  : 9.328e+06 (roughly 400 MBytes of memory)
 Factor Ops : 7.291e+08 (less than 1 second per iteration)
 Threads    : 30

                  Objective                Residual
Iter       Primal          Dual         Primal    Dual     Compl     Time
   0   4.95317904e+11 -1.25507056e+13  2.79e+11 4.07e-14  1.31e+10    19s
   1   1.66162090e+11 -1.34110143e+13  7.08e+10 6.29e+02  3.48e+09    33s
   2   1.00336149e+11 -1.57763131e+13  9.59e+09 1.14e-12  1.25e+09    53s
   3   1.33234859e+10 -1.50891014e+13  5.01e+08 1.07e+00  1.46e+08    72s
   4   3.95432583e+09 -8.97566952e+12  5.88e+04 1.14e-12  2.29e+07    93s
   5   2.85231756e+09 -3.31256446e+12  9.41e+03 9.09e-13  4.85e+06   109s
   6   2.68354162e+09 -6.23270131e+11  9.36e+02 1.14e-12  7.00e+05   125s
   7   2.64281285e+09 -8.83731749e+10  9.28e+01 1.02e-12  9.13e+04   148s
   8   2.46595800e+09 -2.47516243e+10  9.19e+00 5.68e-13  2.65e+04   162s
   9   1.65180539e+09 -5.47607947e+09  9.11e-01 2.84e-13  6.91e+03   183s
  10   1.04153683e+09 -1.77398608e+09  2.36e-01 1.56e-13  2.73e+03   199s
  11   7.12927090e+08 -5.20416015e+08  6.02e-02 6.39e-14  1.20e+03   218s
  12   5.99207743e+08 -4.05480297e+07  3.04e-02 3.55e-14  6.20e+02   236s
  13   5.45742550e+08  1.69018465e+08  1.89e-02 2.13e-14  3.65e+02   260s
  14   5.17552658e+08  2.60961903e+08  1.33e-02 1.42e-14  2.49e+02   279s
  15   4.93742426e+08  3.37427706e+08  8.59e-03 8.88e-15  1.51e+02   304s
  16   4.82549961e+08  3.77899130e+08  6.49e-03 6.22e-15  1.01e+02   321s
  17   4.65125659e+08  3.99368720e+08  3.22e-03 4.44e-15  6.37e+01   346s
  18   4.61727770e+08  4.12692904e+08  2.58e-03 3.11e-15  4.75e+01   363s
  19   4.57208081e+08  4.26558062e+08  1.73e-03 2.71e-15  2.97e+01   389s
  20   4.51267623e+08  4.37073218e+08  5.66e-04 1.34e-15  1.38e+01   422s
  21   4.49937173e+08  4.42535098e+08  3.44e-04 7.22e-16  7.17e+00   446s
  22   4.48982472e+08  4.45423850e+08  1.87e-04 3.33e-16  3.45e+00   462s
  23   4.48571943e+08  4.46464360e+08  1.19e-04 3.33e-16  2.04e+00   479s
  24   4.48433403e+08  4.46999303e+08  9.74e-05 2.22e-16  1.39e+00   496s
  25   4.48167195e+08  4.47183279e+08  5.42e-05 2.22e-16  9.54e-01   514s
  26   4.47999069e+08  4.47510098e+08  2.70e-05 2.22e-16  4.74e-01   543s
  27   4.47933754e+08  4.47627059e+08  1.66e-05 2.22e-16  2.97e-01   564s
  28   4.47893450e+08  4.47725185e+08  1.03e-05 2.22e-16  1.63e-01   590s
  29   4.47868021e+08  4.47754572e+08  6.26e-06 2.22e-16  1.10e-01   611s
  30   4.47859087e+08  4.47794020e+08  4.85e-06 3.33e-16  6.31e-02   642s
  31   4.47842203e+08  4.47813216e+08  2.22e-06 2.22e-16  2.81e-02   689s
  32   4.47835973e+08  4.47821176e+08  1.26e-06 3.35e-14  1.43e-02   734s
  33   4.47832699e+08  4.47824546e+08  7.49e-07 1.61e-14  7.90e-03   773s
  34   4.47830637e+08  4.47826295e+08  4.32e-07 7.02e-15  4.21e-03   835s
  35   4.47829163e+08  4.47826945e+08  2.05e-07 5.29e-15  2.15e-03   901s
  36   4.47828523e+08  4.47827608e+08  1.08e-07 2.08e-12  8.87e-04   992s
  37   4.47828001e+08  4.47827737e+08  3.07e-08 3.94e-09  2.61e-04  1087s
  38   4.47827874e+08  4.47827770e+08  3.15e-08 3.62e-09  1.05e-04  1133s
  39   4.47827837e+08  4.47827783e+08  1.57e-08 1.87e-09  5.46e-05  1175s
  40   4.47827823e+08  4.47827789e+08  3.37e-08 1.86e-09  3.50e-05  1208s
  41   4.47827808e+08  4.47827793e+08  2.19e-08 1.46e-09  1.56e-05  1258s
  42   4.47827800e+08  4.47827794e+08  4.86e-07 2.01e-09  6.50e-06  1285s
  43   4.47827796e+08  4.47827795e+08  7.00e-07 3.47e-09  1.76e-06  1318s
  44   4.47827795e+08  4.47827795e+08  4.04e-07 3.65e-09  8.56e-07  1338s
  45   4.47827795e+08  4.47827795e+08  9.21e-07 3.43e-09  2.88e-07  1375s
  46   4.47827795e+08  4.47827795e+08  7.32e-07 2.86e-09  1.82e-07  1401s

Barrier solved model in 46 iterations and 1400.79 seconds
Optimal objective 4.47827795e+08

Crossover log...

  207644 variables added to crossover basis                     1413s

   71849 DPushes remaining with DInf 0.0000000e+00              1416s
    2363 DPushes remaining with DInf 0.0000000e+00              1421s
      22 DPushes remaining with DInf 0.0000000e+00              1426s
       0 DPushes remaining with DInf 0.0000000e+00              1428s

  391166 PPushes remaining with PInf 1.9379076e-04              1429s
  182916 PPushes remaining with PInf 6.8989645e-02              1438s
  130299 PPushes remaining with PInf 2.4845097e-03              1445s
  104522 PPushes remaining with PInf 1.5986052e-03              1446s
   81851 PPushes remaining with PInf 8.1043093e-03              1450s
   78468 PPushes remaining with PInf 8.1043093e-03              1455s
   46700 PPushes remaining with PInf 8.2064788e-03              1462s
   39401 PPushes remaining with PInf 8.2634318e-03              1465s
   36788 PPushes remaining with PInf 8.2634318e-03              1470s
   34132 PPushes remaining with PInf 8.2634318e-03              1475s
   31439 PPushes remaining with PInf 8.2634318e-03              1480s
   28792 PPushes remaining with PInf 8.2634318e-03              1485s
   26148 PPushes remaining with PInf 8.2634318e-03              1490s
   23762 PPushes remaining with PInf 8.2634318e-03              1495s
   21512 PPushes remaining with PInf 8.2634318e-03              1500s
   18945 PPushes remaining with PInf 8.2634318e-03              1505s
   16434 PPushes remaining with PInf 8.2634318e-03              1510s
   14049 PPushes remaining with PInf 8.2634318e-03              1515s
   11966 PPushes remaining with PInf 8.2634318e-03              1520s
    9768 PPushes remaining with PInf 8.2634318e-03              1525s
    7593 PPushes remaining with PInf 8.2634318e-03              1530s
     129 PPushes remaining with PInf 8.0103787e-03              1536s
       0 PPushes remaining with PInf 7.7873615e-03              1536s

  Push phase complete: Pinf 7.7873615e-03, Dinf 4.3034693e+00   1536s

Iteration    Objective       Primal Inf.    Dual Inf.      Time
  441499    4.4782779e+08   0.000000e+00   4.303469e+00   1536s
  441578    4.4782779e+08   0.000000e+00   2.000000e-06   1546s
  441680    4.4782779e+08   0.000000e+00   6.747508e-05   1553s
Extra simplex iterations after uncrush: 116
  441695    4.4782779e+08   0.000000e+00   0.000000e+00   1556s

Solved with barrier
Solved in 441695 iterations and 1555.92 seconds
Optimal objective  4.478277947e+08

User-callback calls 496492, time in user-callback 0.56 sec
