
Gurobi 9.1.2 (linux64) logging started Thu Jun 17 09:52:21 2021


Gurobi 9.1.2 (linux64) logging started Thu Jun 17 09:52:27 2021

Gurobi Optimizer version 9.1.2 build v9.1.2rc0 (linux64)
Thread count: 24 physical cores, 24 logical processors, using up to 24 threads
Optimize a model with 64962 rows, 25295 columns and 186368 nonzeros
Model fingerprint: 0x521960b9
Coefficient statistics:
  Matrix range     [3e-04, 1e+00]
  Objective range  [1e+01, 4e+05]
  Bounds range     [1e+03, 8e+06]
  RHS range        [6e+00, 1e+09]
Presolve removed 6352 rows and 19889 columns
Presolve time: 0.10s
Presolved: 18943 rows, 45073 columns, 152269 nonzeros
Ordering time: 0.34s

Barrier statistics:
 Dense cols : 2
 Free vars  : 1792
 AA' NZ     : 2.059e+05
 Factor NZ  : 1.524e+06 (roughly 40 MBytes of memory)
 Factor Ops : 2.290e+08 (less than 1 second per iteration)
 Threads    : 24

                  Objective                Residual
Iter       Primal          Dual         Primal    Dual     Compl     Time
   0  -6.18056686e+15  6.64990595e+13  3.32e+07 1.84e+07  7.89e+12     1s
   1  -2.45642605e+15  1.07481907e+15  1.12e+07 4.04e+07  2.79e+12     1s
   2  -7.55025933e+14  1.54550260e+15  2.78e+06 1.32e+07  7.85e+11     1s
   3  -2.51120673e+14  1.71663505e+15  5.90e+05 3.76e+06  2.09e+11     1s
   4  -1.12676527e+14  1.07975384e+15  8.28e+04 8.14e+05  4.67e+10     1s
   5  -5.54070743e+13  3.17391807e+14  3.92e+03 1.03e+05  8.24e+09     1s
   6  -5.28257388e+12  6.88877502e+13  3.52e+00 2.10e+04  1.53e+09     1s
   7  -1.47109551e+12  2.43838127e+13  6.86e-01 7.02e+03  5.19e+08     1s
   8  -1.03440199e+12  7.11541818e+12  5.53e-02 1.82e+03  1.53e+08     1s
   9  -4.13482563e+11  2.78759111e+12  3.56e-02 6.35e+02  5.81e+07     1s
  10  -1.79223844e+11  6.97260407e+11  1.16e-02 1.39e+02  1.54e+07     1s
  11  -9.27038120e+10  3.66040715e+11  7.04e-03 6.87e+01  8.00e+06     1s
  12  -1.81665430e+10  1.67966310e+11  2.94e-03 2.45e+01  3.22e+06     1s
  13   8.70839360e+09  1.14948639e+11  1.56e-03 1.40e+01  1.83e+06     1s
  14   2.53102324e+10  7.05786919e+10  7.73e-04 4.96e+00  7.77e+05     1s
  15   3.39117666e+10  6.27135637e+10  4.31e-04 3.40e+00  4.95e+05     1s
  16   3.50279112e+10  5.60376506e+10  3.73e-04 2.19e+00  3.60e+05     1s
  17   3.77937701e+10  5.13774564e+10  2.50e-04 1.36e+00  2.33e+05     1s
  18   3.92473574e+10  4.98780457e+10  1.77e-04 1.11e+00  1.82e+05     1s
  19   3.97639993e+10  4.87979197e+10  1.54e-04 9.27e-01  1.55e+05     1s
  20   4.02236426e+10  4.76463885e+10  1.33e-04 7.38e-01  1.27e+05     1s
  21   4.06709122e+10  4.67173875e+10  1.11e-04 5.89e-01  1.04e+05     1s
  22   4.11416990e+10  4.58509108e+10  8.55e-05 4.54e-01  8.07e+04     1s
  23   4.14341200e+10  4.51858342e+10  7.08e-05 3.54e-01  6.43e+04     1s
  24   4.15556543e+10  4.49198559e+10  6.48e-05 3.14e-01  5.76e+04     1s
  25   4.17976188e+10  4.46242964e+10  5.39e-05 2.68e-01  4.84e+04     1s
  26   4.20349427e+10  4.44148034e+10  4.32e-05 2.32e-01  4.08e+04     1s
  27   4.20758426e+10  4.41833822e+10  4.10e-05 1.98e-01  3.61e+04     1s
  28   4.22143170e+10  4.39291074e+10  3.42e-05 1.57e-01  2.94e+04     1s
  29   4.22997870e+10  4.37302492e+10  3.12e-05 1.25e-01  2.45e+04     1s
  30   4.23598925e+10  4.36596347e+10  2.60e-05 1.14e-01  2.23e+04     1s
  31   4.24307464e+10  4.34611987e+10  2.55e-05 8.43e-02  1.76e+04     1s
  32   4.25505961e+10  4.33861914e+10  1.78e-05 7.28e-02  1.43e+04     1s
  33   4.25646196e+10  4.32475729e+10  1.71e-05 5.36e-02  1.17e+04     1s
  34   4.26327711e+10  4.31587491e+10  1.27e-05 4.06e-02  9.00e+03     1s
  35   4.26803948e+10  4.30988227e+10  1.24e-05 3.48e-02  7.16e+03     1s
  36   4.27323235e+10  4.30336949e+10  9.20e-06 2.99e-02  5.16e+03     1s
  37   4.27635898e+10  4.29570453e+10  5.86e-06 2.12e-02  3.31e+03     1s
  38   4.27889857e+10  4.29360793e+10  9.92e-06 1.88e-02  2.52e+03     2s
  39   4.28010718e+10  4.29075543e+10  1.50e-05 1.46e-02  1.82e+03     2s
  40   4.28192873e+10  4.28904951e+10  4.88e-05 1.17e-02  1.22e+03     2s
  41   4.28268923e+10  4.28764977e+10  6.32e-05 8.79e-03  8.47e+02     2s
  42   4.28370647e+10  4.28660118e+10  1.09e-04 6.86e-03  4.94e+02     2s
  43   4.28413442e+10  4.28634419e+10  1.47e-04 6.34e-03  3.78e+02     2s
  44   4.28441342e+10  4.28601511e+10  2.54e-04 5.48e-03  2.74e+02     2s
  45   4.28483089e+10  4.28572760e+10  2.54e-04 4.64e-03  1.54e+02     2s
  46   4.28488204e+10  4.28560380e+10  4.16e-04 3.92e-03  1.24e+02     2s
  47   4.28494032e+10  4.28554468e+10  3.07e-04 3.49e-03  1.03e+02     2s
  48   4.28503290e+10  4.28544757e+10  2.62e-04 2.77e-03  7.11e+01     2s
  49   4.28507090e+10  4.28530384e+10  2.52e-04 1.58e-03  3.99e+01     2s
  50   4.28509476e+10  4.28522503e+10  1.37e-04 9.56e-04  2.23e+01     2s
  51   4.28511060e+10  4.28519788e+10  9.86e-05 7.36e-04  1.49e+01     2s
  52   4.28511429e+10  4.28518105e+10  8.95e-05 5.74e-04  1.14e+01     2s
  53   4.28514187e+10  4.28516201e+10  2.18e-04 3.24e-04  3.45e+00     2s
  54   4.28514603e+10  4.28516014e+10  1.16e-04 2.72e-04  2.42e+00     2s
  55   4.28514947e+10  4.28515406e+10  2.97e-05 1.12e-04  7.86e-01     2s
  56   4.28515048e+10  4.28515194e+10  6.47e-06 7.94e-05  2.51e-01     2s
  57   4.28515070e+10  4.28515130e+10  1.53e-06 4.52e-05  1.03e-01     2s
  58   4.28515077e+10  4.28515096e+10  1.36e-07 7.30e-05  3.14e-02     2s
  59   4.28515078e+10  4.28515087e+10  1.01e-06 8.83e-05  1.57e-02     2s
  60   4.28515078e+10  4.28515087e+10  1.01e-06 9.03e-05  1.49e-02     2s
  61   4.28515078e+10  4.28515087e+10  4.44e-06 9.05e-05  1.49e-02     2s
  62   4.28515078e+10  4.28515087e+10  4.45e-06 9.06e-05  1.48e-02     2s

Barrier solved model in 62 iterations and 2.21 seconds
Optimal objective 4.28515078e+10


User-callback calls 627, time in user-callback 0.01 sec
