
Gurobi 9.1.2 (linux64) logging started Thu Aug  5 16:11:00 2021


Gurobi 9.1.2 (linux64) logging started Thu Aug  5 16:11:07 2021

Gurobi Optimizer version 9.1.2 build v9.1.2rc0 (linux64)
Thread count: 40 physical cores, 40 logical processors, using up to 32 threads
Optimize a model with 3188514 rows, 1314095 columns and 9550615 nonzeros
Model fingerprint: 0x0b5b092c
Coefficient statistics:
  Matrix range     [1e-06, 1e-03]
  Objective range  [1e-02, 4e+02]
  Bounds range     [4e+02, 8e+06]
  RHS range        [6e-03, 8e+05]

Concurrent LP optimizer: primal simplex, dual simplex, and barrier
Showing barrier log only...

Presolve removed 2777579 rows and 713891 columns (presolve time = 6s) ...
Presolve removed 2900209 rows and 748926 columns
Presolve time: 11.43s
Presolved: 288305 rows, 652759 columns, 1847013 nonzeros

Ordering time: 0.42s

Barrier statistics:
 AA' NZ     : 1.557e+06
 Factor NZ  : 9.340e+06 (roughly 500 MBytes of memory)
 Factor Ops : 7.800e+08 (less than 1 second per iteration)
 Threads    : 30

                  Objective                Residual
Iter       Primal          Dual         Primal    Dual     Compl     Time
   0   5.42040532e+11 -1.63632959e+13  1.15e+12 4.07e-14  1.38e+10    20s
   1   1.80053721e+11 -1.72559453e+13  2.97e+11 5.10e+02  3.62e+09    37s
   2   5.35020362e+10 -1.82403402e+13  5.91e+10 5.57e+01  8.58e+08    56s
   3   7.42821526e+09 -1.76713852e+13  5.72e+09 7.21e+01  1.04e+08    78s
   4   2.79317272e+09 -8.48777289e+12  4.70e+08 1.14e-12  1.98e+07    99s
   5   1.95718106e+09 -3.25453644e+12  1.08e+04 1.14e-12  4.10e+06   114s
   6   1.84269549e+09 -7.03219214e+11  1.29e+03 1.25e-12  6.62e+05   133s
   7   1.79761000e+09 -1.68466735e+11  1.59e+02 9.09e-13  1.40e+05   153s
   8   1.66071438e+09 -3.42362318e+10  1.57e+01 6.82e-13  2.85e+04   170s
   9   1.13068257e+09 -8.61029510e+09  1.56e+00 3.41e-13  7.68e+03   189s
  10   6.67260977e+08 -3.58235514e+09  5.14e-01 1.56e-13  3.35e+03   203s
  11   3.51591810e+08 -1.40925832e+09  1.23e-01 7.82e-14  1.39e+03   222s
  12   2.63980921e+08 -5.47251028e+08  7.60e-02 3.20e-14  6.39e+02   239s
  13   2.11421475e+08 -2.82338358e+08  4.68e-02 2.31e-14  3.89e+02   261s
  14   1.83224045e+08 -7.83177346e+07  3.03e-02 1.15e-14  2.06e+02   276s
  15   1.63770358e+08  6.01670738e+07  1.65e-02 5.33e-15  8.16e+01   302s
  16   1.52668801e+08  9.27576925e+07  1.01e-02 3.55e-15  4.72e+01   320s
  17   1.42972837e+08  1.09085454e+08  4.95e-03 1.94e-15  2.67e+01   351s
  18   1.38753856e+08  1.17840071e+08  3.15e-03 1.30e-15  1.65e+01   369s
  19   1.34778739e+08  1.23154293e+08  1.55e-03 9.02e-16  9.16e+00   395s
  20   1.33520010e+08  1.25789965e+08  1.11e-03 1.78e-15  6.09e+00   428s
  21   1.32548042e+08  1.27274291e+08  7.73e-04 8.88e-16  4.15e+00   455s
  22   1.31930017e+08  1.28224893e+08  5.67e-04 8.88e-16  2.92e+00   474s
  23   1.31418414e+08  1.28731508e+08  3.98e-04 8.88e-16  2.12e+00   494s
  24   1.31097211e+08  1.29177137e+08  2.92e-04 8.88e-16  1.51e+00   513s
  25   1.30872932e+08  1.29492082e+08  2.19e-04 9.72e-16  1.09e+00   532s
  26   1.30589026e+08  1.29688275e+08  1.27e-04 8.88e-16  7.10e-01   560s
  27   1.30478124e+08  1.29822023e+08  9.14e-05 8.88e-16  5.17e-01   580s
  28   1.30372722e+08  1.29950863e+08  5.78e-05 8.88e-16  3.32e-01   612s
  29   1.30322457e+08  1.30018495e+08  4.18e-05 8.88e-16  2.39e-01   633s
  30   1.30276143e+08  1.30093293e+08  2.74e-05 1.14e-15  1.44e-01   664s
  31   1.30258244e+08  1.30118084e+08  2.18e-05 1.35e-15  1.10e-01   685s
  32   1.30241566e+08  1.30149371e+08  1.68e-05 1.02e-15  7.26e-02   717s
  33   1.30223950e+08  1.30154556e+08  1.14e-05 9.70e-16  5.47e-02   739s
  34   1.30216955e+08  1.30162380e+08  9.36e-06 1.08e-15  4.30e-02   771s
  35   1.30203383e+08  1.30167589e+08  5.27e-06 9.91e-16  2.82e-02   825s
  36   1.30199822e+08  1.30172261e+08  4.15e-06 9.14e-16  2.17e-02   877s
  37   1.30196233e+08  1.30178002e+08  3.03e-06 8.88e-16  1.44e-02   938s
  38   1.30192079e+08  1.30181671e+08  1.70e-06 1.08e-15  8.20e-03  1008s
  39   1.30190073e+08  1.30184110e+08  1.05e-06 9.73e-16  4.70e-03  1068s
  40   1.30188853e+08  1.30185050e+08  6.69e-07 8.88e-16  3.00e-03  1125s
  41   1.30187994e+08  1.30185721e+08  3.99e-07 8.88e-16  1.79e-03  1201s
  42   1.30187508e+08  1.30186125e+08  2.47e-07 1.78e-15  1.09e-03  1275s
  43   1.30187249e+08  1.30186290e+08  1.68e-07 1.90e-14  7.55e-04  1356s
  44   1.30187042e+08  1.30186469e+08  1.05e-07 1.28e-12  4.51e-04  1434s
  45   1.30186896e+08  1.30186599e+08  6.11e-08 3.78e-09  2.40e-04  1484s
  46   1.30186801e+08  1.30186640e+08  3.32e-08 2.12e-09  1.30e-04  1549s
  47   1.30186765e+08  1.30186660e+08  2.49e-08 3.35e-09  8.71e-05  1573s
  48   1.30186741e+08  1.30186667e+08  1.77e-08 3.34e-09  6.27e-05  1598s
  49   1.30186728e+08  1.30186674e+08  2.33e-08 2.91e-09  4.56e-05  1624s
  50   1.30186719e+08  1.30186679e+08  3.90e-07 2.40e-09  3.49e-05  1682s
  51   1.30186702e+08  1.30186683e+08  1.84e-07 1.72e-09  1.72e-05  1752s
  52   1.30186694e+08  1.30186685e+08  9.34e-08 1.60e-09  8.87e-06  1792s
  53   1.30186692e+08  1.30186685e+08  7.14e-08 1.63e-09  5.94e-06  1833s
  54   1.30186690e+08  1.30186686e+08  4.97e-08 1.65e-09  3.98e-06  1863s
  55   1.30186689e+08  1.30186686e+08  3.98e-08 1.69e-09  2.82e-06  1897s
  56   1.30186687e+08  1.30186686e+08  1.69e-07 1.75e-09  1.50e-06  1919s
  57   1.30186686e+08  1.30186686e+08  1.66e-07 1.80e-09  5.77e-07  1960s
  58   1.30186686e+08  1.30186686e+08  1.48e-07 1.83e-09  3.79e-07  1985s
  59   1.30186686e+08  1.30186686e+08  1.65e-07 1.84e-09  1.95e-07  2014s

Barrier solved model in 59 iterations and 2014.38 seconds
Optimal objective 1.30186686e+08

Crossover log...

  171926 variables added to crossover basis                     2027s

   85973 DPushes remaining with DInf 0.0000000e+00              2032s
    9162 DPushes remaining with DInf 0.0000000e+00              2039s
    3128 DPushes remaining with DInf 0.0000000e+00              2043s
      82 DPushes remaining with DInf 0.0000000e+00              2045s
       0 DPushes remaining with DInf 0.0000000e+00              2046s

  509115 PPushes remaining with PInf 4.4835063e-02              2046s
  318041 PPushes remaining with PInf 8.9307369e-02              2050s
  158052 PPushes remaining with PInf 3.8970017e-02              2056s
   29005 PPushes remaining with PInf 2.0694653e-02              2060s
   19398 PPushes remaining with PInf 1.4475913e-02              2065s
   17437 PPushes remaining with PInf 1.2295214e-02              2070s
    1084 PPushes remaining with PInf 8.1521552e-03              2075s
       0 PPushes remaining with PInf 2.6929180e-04              2079s

  Push phase complete: Pinf 2.6929180e-04, Dinf 1.4918066e+01   2079s

Iteration    Objective       Primal Inf.    Dual Inf.      Time
  554859    1.3018669e+08   0.000000e+00   1.491807e+01   2079s
  554960    1.3018669e+08   0.000000e+00   8.333764e-01   2080s
  555383    1.3018669e+08   0.000000e+00   2.000000e-06   2091s
Extra simplex iterations after uncrush: 53
  555437    1.3018669e+08   0.000000e+00   0.000000e+00   2100s

Solved with barrier
Solved in 555437 iterations and 2099.80 seconds
Optimal objective  1.301866858e+08

User-callback calls 619983, time in user-callback 1.19 sec
