
Gurobi 9.1.2 (linux64) logging started Thu Jul  1 13:20:45 2021


Gurobi 9.1.2 (linux64) logging started Thu Jul  1 13:20:47 2021

Gurobi Optimizer version 9.1.2 build v9.1.2rc0 (linux64)
Thread count: 40 physical cores, 40 logical processors, using up to 32 threads
Optimize a model with 64962 rows, 25295 columns and 186368 nonzeros
Model fingerprint: 0x521960b9
Coefficient statistics:
  Matrix range     [3e-04, 1e+00]
  Objective range  [1e+01, 4e+05]
  Bounds range     [1e+03, 8e+06]
  RHS range        [6e+00, 1e+09]

Concurrent LP optimizer: primal simplex, dual simplex, and barrier
Showing barrier log only...

Presolve removed 24208 rows and 6680 columns
Presolve removed 6697 rows and 20174 columns
Presolve time: 0.63s
Presolved: 18598 rows, 44788 columns, 159461 nonzeros

Ordering time: 3.37s

Barrier statistics:
 Dense cols : 2
 Free vars  : 1547
 AA' NZ     : 2.302e+05
 Factor NZ  : 1.642e+06 (roughly 40 MBytes of memory)
 Factor Ops : 2.538e+08 (less than 1 second per iteration)
 Threads    : 30

                  Objective                Residual
Iter       Primal          Dual         Primal    Dual     Compl     Time
   0  -6.22188459e+15  6.57500232e+13  3.32e+07 1.86e+07  7.74e+12     5s
   1  -2.46419757e+15  1.05023820e+15  1.12e+07 3.97e+07  2.73e+12     6s
   2  -7.52925026e+14  1.51680382e+15  2.78e+06 1.29e+07  7.67e+11     8s
   3  -2.80260580e+14  1.67522048e+15  7.22e+05 4.11e+06  2.35e+11     9s
   4  -1.16161644e+14  1.26760615e+15  8.73e+04 1.28e+06  6.06e+10    10s
   5  -6.80969170e+13  3.17227190e+14  5.58e+03 1.06e+05  8.70e+09    11s
   6  -6.51328458e+12  8.83269587e+13  1.21e+01 2.80e+04  1.99e+09    12s
   7  -1.64034172e+12  3.29223022e+13  1.75e+00 9.92e+03  7.06e+08    13s
   8  -1.55330792e+12  1.15286298e+13  1.65e+00 3.15e+03  2.60e+08    14s
   9  -5.46711219e+11  3.49648395e+12  7.49e-02 8.85e+02  7.52e+07    15s
  10  -2.63249512e+11  9.71136693e+11  2.62e-02 2.20e+02  2.21e+07    16s
  11  -1.44855878e+11  4.03737256e+11  1.26e-02 8.22e+01  9.65e+06    17s
  12  -5.54251903e+10  2.35101220e+11  5.07e-03 4.35e+01  5.06e+06    18s
  13  -7.61798423e+09  1.63173324e+11  2.76e-03 2.67e+01  2.96e+06    19s
  14   1.22909415e+10  1.12424485e+11  1.65e-03 1.49e+01  1.73e+06    20s
  15   2.63503289e+10  8.85454350e+10  9.85e-04 9.51e+00  1.07e+06    21s
  16   3.18565035e+10  6.86937945e+10  6.84e-04 5.04e+00  6.35e+05    22s
  17   3.35542018e+10  6.33518030e+10  5.72e-04 3.91e+00  5.13e+05    23s
  18   3.78466778e+10  5.25738525e+10  3.08e-04 1.72e+00  2.53e+05    24s
  19   3.96108155e+10  4.97611348e+10  1.97e-04 1.20e+00  1.74e+05    25s
  20   4.01550667e+10  4.78416622e+10  1.67e-04 8.44e-01  1.32e+05    26s
  21   4.06528946e+10  4.67614617e+10  1.40e-04 6.50e-01  1.05e+05    27s
  22   4.10881820e+10  4.61090517e+10  1.10e-04 5.41e-01  8.62e+04    28s
  23   4.14608748e+10  4.53979437e+10  7.77e-05 4.16e-01  6.76e+04    29s
  24   4.16911614e+10  4.47045166e+10  6.49e-05 3.01e-01  5.17e+04    31s
  25   4.18540938e+10  4.40936509e+10  5.29e-05 1.95e-01  3.84e+04    32s
  26   4.20043219e+10  4.39986075e+10  4.37e-05 1.78e-01  3.42e+04    33s
  27   4.21906514e+10  4.37543345e+10  4.33e-05 1.36e-01  2.68e+04    34s
  28   4.22920364e+10  4.35579202e+10  2.61e-05 1.04e-01  2.17e+04    35s
  29   4.24208928e+10  4.34471675e+10  2.16e-05 8.76e-02  1.76e+04    36s
  30   4.24588554e+10  4.33756353e+10  1.72e-05 7.60e-02  1.57e+04    37s
  31   4.25485029e+10  4.32454888e+10  1.56e-05 5.66e-02  1.19e+04    39s
  32   4.26098629e+10  4.31618954e+10  1.08e-05 4.38e-02  9.45e+03    40s
  33   4.26683184e+10  4.30454684e+10  8.49e-06 3.42e-02  6.45e+03    41s
  34   4.27579957e+10  4.29793453e+10  2.96e-05 2.78e-02  3.79e+03    42s
  35   4.27816965e+10  4.29386847e+10  5.46e-05 2.16e-02  2.69e+03    43s
  36   4.28098584e+10  4.29146128e+10  1.44e-04 1.75e-02  1.79e+03    44s
  37   4.28220182e+10  4.28905949e+10  2.17e-04 1.25e-02  1.17e+03    45s
  38   4.28285990e+10  4.28811891e+10  2.25e-04 1.02e-02  9.00e+02    46s
  39   4.28353869e+10  4.28698710e+10  1.77e-04 7.16e-03  5.90e+02    47s
  40   4.28402015e+10  4.28633718e+10  1.26e-04 5.16e-03  3.96e+02    48s
  41   4.28442593e+10  4.28589948e+10  9.23e-04 3.66e-03  2.52e+02    49s
  42   4.28465172e+10  4.28571056e+10  6.83e-04 2.99e-03  1.81e+02    51s
  43   4.28480571e+10  4.28564941e+10  3.82e-04 2.83e-03  1.44e+02    51s
  44   4.28492146e+10  4.28555814e+10  3.42e-04 2.53e-03  1.09e+02    52s
  45   4.28502256e+10  4.28550918e+10  4.64e-04 2.34e-03  8.35e+01    54s
  46   4.28505758e+10  4.28522158e+10  3.39e-04 1.28e-03  2.80e+01    55s
  47   4.28507862e+10  4.28517103e+10  2.72e-04 7.71e-04  1.57e+01    57s
  48   4.28513425e+10  4.28516140e+10  5.89e-05 6.02e-04  4.63e+00    59s
  49   4.28514727e+10  4.28515751e+10  3.22e-05 4.30e-04  1.76e+00    61s
  50   4.28514880e+10  4.28515382e+10  1.83e-05 1.98e-04  8.60e-01    63s
  51   4.28515028e+10  4.28515179e+10  4.57e-06 9.88e-05  2.59e-01    65s
  52   4.28515070e+10  4.28515102e+10  7.43e-07 3.51e-05  5.67e-02    68s
  53   4.28515077e+10  4.28515084e+10  1.01e-07 3.93e-05  1.12e-02    72s
  54   4.28515078e+10  4.28515081e+10  1.05e-07 3.88e-05  4.22e-03    76s
  55   4.28515079e+10  4.28515079e+10  1.39e-06 3.86e-05  1.07e-03    78s
  56   4.28515079e+10  4.28515079e+10  1.85e-06 3.86e-05  1.07e-03    80s

Barrier solved model in 56 iterations and 79.71 seconds
Optimal objective 4.28515079e+10

Crossover log...

    6324 DPushes remaining with DInf 0.0000000e+00                80s
    2241 DPushes remaining with DInf 0.0000000e+00                85s
    1293 DPushes remaining with DInf 0.0000000e+00                91s
       0 DPushes remaining with DInf 0.0000000e+00                94s

   32037 PPushes remaining with PInf 1.3481326e-04                94s
     674 PPushes remaining with PInf 4.3081167e+05                95s
       0 PPushes remaining with PInf 4.3081146e+05                95s

Restart crossover...


    6324 DPushes remaining with DInf 0.0000000e+00                95s
       0 DPushes remaining with DInf 0.0000000e+00                98s

   32036 PPushes remaining with PInf 4.3111503e-05                98s
       1 PPushes remaining with PInf 4.2017548e+05                99s

  Push phase complete: Pinf 4.2017548e+05, Dinf 7.7793885e+03     99s

Iteration    Objective       Primal Inf.    Dual Inf.      Time
   37702    4.2851526e+10   0.000000e+00   7.779388e+03     99s
Warning: 1 variables dropped from basis
Warning: switch to quad precision
   38158    4.2854226e+10   0.000000e+00   6.011741e+04    101s
Warning: 1 variables dropped from basis
Warning: 1 variables dropped from basis
   46963    1.1895269e+14   2.210150e+09   0.000000e+00    105s
   52703    9.1617879e+10   2.781676e+07   0.000000e+00    110s
   57459    5.0095732e+10   2.497151e+07   0.000000e+00    115s
   59099    4.7088769e+10   3.013782e+08   0.000000e+00    120s
   60739    4.3092808e+10   3.543389e+14   0.000000e+00    125s
   62379    4.2863279e+10   7.798330e+06   0.000000e+00    130s
   63363    4.2856157e+10   0.000000e+00   1.139628e+05    135s
Extra simplex iterations after uncrush: 427

Solved with dual simplex
Solved in 42563 iterations and 136.40 seconds
Optimal objective  4.286832794e+10

User-callback calls 105977, time in user-callback 0.12 sec
