
Gurobi 9.5.0 (linux64) logging started Thu Jan 27 22:03:03 2022

Set parameter LogFile to value "/scratch/work/condeil1/EnergySystemModeling.jl/examples/structures/8nodes/instances/.big_files/08n8760h_ftr/output_tri_sto/gurobi.log"
Set parameter NumericFocus to value 1
Set parameter ScaleFlag to value 2

Gurobi 9.5.0 (linux64) logging started Thu Jan 27 22:03:10 2022

Set parameter LogFile to value "/scratch/work/condeil1/EnergySystemModeling.jl/examples/structures/8nodes/instances/.big_files/08n8760h_ftr/output_tri_sto/gurobi.log"
Gurobi Optimizer version 9.5.0 build v9.5.0rc5 (linux64)
Thread count: 40 physical cores, 40 logical processors, using up to 32 threads
Optimize a model with 3188514 rows, 1314095 columns and 9620704 nonzeros
Model fingerprint: 0x273b9515
Coefficient statistics:
  Matrix range     [3e-04, 1e+00]
  Objective range  [1e-08, 4e-01]
  Bounds range     [1e+03, 8e+06]
  RHS range        [6e-03, 2e+05]

Concurrent LP optimizer: primal simplex, dual simplex, and barrier
Showing barrier log only...

Presolve removed 953377 rows and 311966 columns (presolve time = 5s) ...
Presolve removed 1005929 rows and 364518 columns (presolve time = 18s) ...
Presolve removed 1040224 rows and 364518 columns (presolve time = 20s) ...
Presolve removed 1040224 rows and 364518 columns
Presolve time: 31.89s
Presolved: 2148290 rows, 949577 columns, 7738089 nonzeros

Ordering time: 3.49s

Barrier statistics:
 Dense cols : 88
 AA' NZ     : 1.471e+07
 Factor NZ  : 6.993e+07 (roughly 2.0 GB of memory)
 Factor Ops : 1.878e+10 (less than 1 second per iteration)
 Threads    : 30

                  Objective                Residual
Iter       Primal          Dual         Primal    Dual     Compl     Time
   0   4.05845237e+08 -1.54602492e+07  9.54e+11 2.05e-02  1.31e+07    75s
   1   3.54778650e+08 -1.30843762e+08  7.60e+11 6.83e-01  7.02e+06   129s
   2   3.32524944e+08 -3.00723793e+08  7.00e+11 4.74e-01  6.17e+06   173s
   3   2.28560947e+08 -1.64957079e+09  5.32e+11 4.17e-02  5.83e+06   226s
   4   9.70541746e+07 -1.98473811e+09  2.23e+11 1.57e-09  2.73e+06   266s
   5   2.02314517e+07 -1.81954449e+09  3.99e+10 1.08e-09  5.26e+05   299s
   6   6.07631742e+06 -1.20314395e+09  6.35e+09 2.58e-09  1.07e+05   328s
   7   3.59160959e+06 -4.13382812e+08  7.03e+08 1.54e-09  2.07e+04   366s
   8   3.28440816e+06 -4.23788699e+07  9.48e+07 2.32e-10  2.02e+03   397s
   9   2.63316461e+06 -2.39029217e+07  1.44e+07 4.90e-05  1.12e+03   438s
  10   1.67999385e+06 -9.52653068e+06  7.24e+05 1.34e-04  4.67e+02   468s
  11   1.09241973e+06 -1.77499059e+06  1.87e+05 6.91e-05  1.20e+02   506s
  12   7.21779814e+05 -5.83637928e+05  7.79e+04 2.90e-12  5.44e+01   553s
  13   5.69005980e+05 -2.29647318e+05  5.04e+04 1.44e-12  3.33e+01   590s
  14   4.66307719e+05 -9.00137376e+04  3.37e+04 8.94e-06  2.32e+01   624s
  15   3.75425359e+05  1.41822886e+04  2.08e+04 5.18e-05  1.51e+01   653s
  16   3.06624357e+05  6.70563164e+04  1.26e+04 1.34e-04  1.01e+01   683s
  17   2.48842876e+05  8.73987689e+04  6.98e+03 1.57e-04  6.84e+00   721s
  18   2.19590499e+05  1.10100757e+05  5.07e+03 1.76e-04  4.69e+00   768s
  19   1.97380004e+05  1.18965791e+05  3.45e+03 1.85e-04  3.41e+00   810s
  20   1.86101835e+05  1.26015437e+05  2.60e+03 1.85e-04  2.65e+00   841s
  21   1.81681959e+05  1.34834452e+05  2.32e+03 1.77e-04  2.09e+00   879s
  22   1.75792608e+05  1.38559951e+05  1.91e+03 1.71e-04  1.69e+00   927s
  23   1.71923103e+05  1.41815053e+05  1.64e+03 1.64e-04  1.39e+00   974s
  24   1.70108260e+05  1.42953885e+05  1.51e+03 1.61e-04  1.26e+00  1024s
  25   1.69357183e+05  1.43418482e+05  1.45e+03 1.59e-04  1.21e+00  1074s
  26   1.68277413e+05  1.44440173e+05  1.35e+03 1.56e-04  1.12e+00  1122s
  27   1.67356450e+05  1.44605075e+05  1.27e+03 1.55e-04  1.07e+00  1170s
  28   1.66782138e+05  1.44869154e+05  1.21e+03 1.54e-04  1.04e+00  1220s
  29   1.66462395e+05  1.45239666e+05  1.18e+03 1.52e-04  1.01e+00  1270s
  30   1.65338795e+05  1.45735420e+05  1.10e+03 1.50e-04  9.39e-01  1318s
  31   1.64995865e+05  1.46193028e+05  1.06e+03 1.48e-04  9.04e-01  1358s
  32   1.64179386e+05  1.46839048e+05  9.84e+02 1.45e-04  8.41e-01  1409s
  33   1.63402336e+05  1.47643549e+05  9.09e+02 1.41e-04  7.72e-01  1457s
  34   1.62942322e+05  1.47959947e+05  8.58e+02 1.40e-04  7.39e-01  1505s
  35   1.62665331e+05  1.48351576e+05  8.28e+02 1.37e-04  7.09e-01  1557s
  36   1.62253018e+05  1.48641926e+05  7.84e+02 1.36e-04  6.79e-01  1604s
  37   1.62055396e+05  1.48795193e+05  7.61e+02 1.35e-04  6.64e-01  1643s
  38   1.61830223e+05  1.49413189e+05  7.32e+02 1.31e-04  6.25e-01  1689s
  39   1.61619167e+05  1.49966648e+05  7.11e+02 1.27e-04  5.91e-01  1740s
  40   1.60915419e+05  1.50325699e+05  6.48e+02 1.25e-04  5.45e-01  1787s
  41   1.60600908e+05  1.50952739e+05  6.12e+02 1.20e-04  5.02e-01  1834s
  42   1.60270344e+05  1.51071652e+05  5.81e+02 1.20e-04  4.83e-01  1886s
  43   1.60034940e+05  1.51804011e+05  5.58e+02 1.16e-04  4.40e-01  1935s
  44   1.59615528e+05  1.52171218e+05  5.14e+02 1.13e-04  4.05e-01  1983s
  45   1.59045591e+05  1.52749165e+05  4.63e+02 1.08e-04  3.53e-01  2035s
  46   1.58668194e+05  1.53081855e+05  4.18e+02 1.05e-04  3.21e-01  2083s
  47   1.58131448e+05  1.53576738e+05  3.67e+02 1.01e-04  2.75e-01  2131s
  48   1.57841594e+05  1.53850316e+05  3.37e+02 9.70e-05  2.48e-01  2183s
  49   1.57610378e+05  1.54065400e+05  3.13e+02 9.42e-05  2.28e-01  2231s
  50   1.57325231e+05  1.54292614e+05  2.85e+02 9.12e-05  2.04e-01  2280s
  51   1.57223622e+05  1.54433720e+05  2.73e+02 8.86e-05  1.92e-01  2333s
  52   1.56856688e+05  1.54786257e+05  2.32e+02 8.32e-05  1.57e-01  2380s
  53   1.56693605e+05  1.54936574e+05  2.14e+02 8.01e-05  1.42e-01  2428s
  54   1.56513638e+05  1.55045248e+05  1.93e+02 7.77e-05  1.28e-01  2480s
  55   1.56283200e+05  1.55114988e+05  1.67e+02 7.57e-05  1.14e-01  2530s
  56   1.56187069e+05  1.55176772e+05  1.57e+02 7.35e-05  1.05e-01  2578s
  57   1.56082628e+05  1.55280550e+05  1.44e+02 6.93e-05  9.32e-02  2632s
  58   1.56054602e+05  1.55337861e+05  1.41e+02 6.70e-05  8.76e-02  2681s
  59   1.55904976e+05  1.55393765e+05  1.24e+02 6.49e-05  7.74e-02  2733s
  60   1.55820807e+05  1.55478299e+05  1.14e+02 6.12e-05  6.73e-02  2782s
  61   1.55698062e+05  1.55499801e+05  1.00e+02 5.95e-05  5.99e-02  2831s
  62   1.55561123e+05  1.55529891e+05  8.46e+01 5.79e-05  5.17e-02  2884s
  63   1.55520279e+05  1.55549667e+05  7.94e+01 5.64e-05  4.79e-02  2933s
  64   1.55444220e+05  1.55578741e+05  7.01e+01 5.42e-05  4.17e-02  2985s
  65   1.55338889e+05  1.55589675e+05  5.72e+01 5.30e-05  3.59e-02  3035s
  66   1.55292804e+05  1.55595054e+05  5.11e+01 5.16e-05  3.27e-02  3083s
  67   1.55219563e+05  1.55593674e+05  4.17e+01 4.96e-05  2.80e-02  3134s
  68   1.55196504e+05  1.55594355e+05  3.88e+01 4.70e-05  2.47e-02  3182s
  69   1.55169116e+05  1.55589655e+05  3.53e+01 4.56e-05  2.26e-02  3230s
  70   1.55148661e+05  1.55588902e+05  3.28e+01 4.53e-05  2.15e-02  3282s
  71   1.55140818e+05  1.55582073e+05  3.18e+01 4.36e-05  2.00e-02  3332s
  72   1.55118168e+05  1.55577953e+05  2.87e+01 4.16e-05  1.75e-02  3380s
  73   1.55098828e+05  1.55572247e+05  2.62e+01 4.07e-05  1.62e-02  3432s
  74   1.55073482e+05  1.55563541e+05  2.29e+01 3.94e-05  1.44e-02  3481s
  75   1.55047764e+05  1.55554198e+05  1.96e+01 3.84e-05  1.29e-02  3530s
  76   1.55037872e+05  1.55540684e+05  1.84e+01 3.70e-05  1.18e-02  3582s
  77   1.55024795e+05  1.55530793e+05  1.67e+01 3.59e-05  1.08e-02  3630s
  78   1.55014260e+05  1.55521363e+05  1.55e+01 3.50e-05  9.93e-03  3679s
  79   1.55003603e+05  1.55508924e+05  1.41e+01 3.40e-05  9.10e-03  3731s
  80   1.54996067e+05  1.55495808e+05  1.32e+01 3.26e-05  8.16e-03  3781s
  81   1.54987362e+05  1.55491653e+05  1.21e+01 3.20e-05  7.39e-03  3830s
  82   1.54981633e+05  1.55487658e+05  1.14e+01 3.16e-05  7.00e-03  3882s
  83   1.54979472e+05  1.55476430e+05  1.11e+01 3.07e-05  6.57e-03  3931s
  84   1.54968209e+05  1.55473057e+05  9.73e+00 3.04e-05  6.06e-03  3980s
  85   1.54964072e+05  1.55453954e+05  9.20e+00 2.91e-05  5.52e-03  4033s
  86   1.54956243e+05  1.55442232e+05  8.17e+00 2.84e-05  5.02e-03  4083s
  87   1.54950033e+05  1.55429224e+05  7.36e+00 2.75e-05  4.59e-03  4132s
  88   1.54945113e+05  1.55412561e+05  6.76e+00 2.64e-05  4.10e-03  4184s
  89   1.54940031e+05  1.55404914e+05  6.14e+00 2.59e-05  3.71e-03  4233s
  90   1.54937793e+05  1.55398783e+05  5.86e+00 2.54e-05  3.51e-03  4283s
  91   1.54933443e+05  1.55389108e+05  5.34e+00 2.48e-05  3.18e-03  4336s
  92   1.54932609e+05  1.55386383e+05  5.24e+00 2.46e-05  3.09e-03  4386s
  93   1.54927739e+05  1.55378725e+05  4.65e+00 2.42e-05  2.83e-03  4436s
  94   1.54923470e+05  1.55364174e+05  4.13e+00 2.34e-05  2.53e-03  4488s
  95   1.54921208e+05  1.55350720e+05  3.86e+00 2.26e-05  2.34e-03  4538s
  96   1.54918825e+05  1.55337519e+05  3.58e+00 2.19e-05  2.14e-03  4587s
  97   1.54916910e+05  1.55323734e+05  3.35e+00 2.11e-05  1.98e-03  4639s
  98   1.54914682e+05  1.55313331e+05  3.07e+00 2.06e-05  1.85e-03  4689s
  99   1.54913427e+05  1.55302446e+05  2.92e+00 2.00e-05  1.74e-03  4738s
 100   1.54911694e+05  1.55284589e+05  2.71e+00 1.91e-05  1.60e-03  4791s
 101   1.54910295e+05  1.55280833e+05  2.54e+00 1.89e-05  1.53e-03  4841s
 102   1.54908912e+05  1.55272068e+05  2.37e+00 1.85e-05  1.43e-03  4890s
 103   1.54907988e+05  1.55261860e+05  2.26e+00 1.79e-05  1.35e-03  4943s
 104   1.54906790e+05  1.55251687e+05  2.11e+00 1.74e-05  1.26e-03  4992s
 105   1.54905693e+05  1.55247265e+05  1.98e+00 1.72e-05  1.19e-03  5044s
 106   1.54904876e+05  1.55238938e+05  1.88e+00 1.67e-05  1.12e-03  5093s
 107   1.54903661e+05  1.55231675e+05  1.74e+00 1.64e-05  1.05e-03  5142s
 108   1.54902941e+05  1.55224392e+05  1.65e+00 1.60e-05  9.75e-04  5195s
 109   1.54902072e+05  1.55216735e+05  1.55e+00 1.56e-05  9.16e-04  5244s
 110   1.54901353e+05  1.55211101e+05  1.46e+00 1.53e-05  8.69e-04  5293s
 111   1.54900631e+05  1.55207691e+05  1.38e+00 1.51e-05  8.25e-04  5346s
 112   1.54900011e+05  1.55200360e+05  1.30e+00 1.48e-05  7.71e-04  5394s
 113   1.54899632e+05  1.55196394e+05  1.26e+00 1.46e-05  7.46e-04  5442s
 114   1.54899087e+05  1.55191538e+05  1.19e+00 1.43e-05  7.11e-04  5494s
 115   1.54898705e+05  1.55186258e+05  1.15e+00 1.41e-05  6.83e-04  5542s
 116   1.54898176e+05  1.55179103e+05  1.08e+00 1.37e-05  6.42e-04  5590s
 117   1.54897378e+05  1.55172298e+05  9.86e-01 1.34e-05  5.96e-04  5641s
 118   1.54897058e+05  1.55168062e+05  9.47e-01 1.32e-05  5.69e-04  5690s
 119   1.54896728e+05  1.55161738e+05  9.08e-01 1.29e-05  5.40e-04  5729s
 120   1.54896437e+05  1.55157409e+05  8.73e-01 1.27e-05  5.18e-04  5781s
 121   1.54896145e+05  1.55153138e+05  8.38e-01 1.24e-05  4.98e-04  5835s
 122   1.54895874e+05  1.55145566e+05  8.05e-01 1.21e-05  4.73e-04  5885s
 123   1.54895555e+05  1.55141494e+05  7.66e-01 1.19e-05  4.53e-04  5934s
 124   1.54895304e+05  1.55133282e+05  7.36e-01 1.15e-05  4.27e-04  5982s
 125   1.54894759e+05  1.55129126e+05  6.70e-01 1.13e-05  3.98e-04  6034s
 126   1.54894542e+05  1.55125201e+05  6.45e-01 1.11e-05  3.79e-04  6082s
 127   1.54894264e+05  1.55120526e+05  6.14e-01 1.09e-05  3.57e-04  6130s
 128   1.54894010e+05  1.55115543e+05  5.83e-01 1.06e-05  3.37e-04  6182s
 129   1.54893859e+05  1.55113069e+05  5.65e-01 1.05e-05  3.26e-04  6230s
 130   1.54893520e+05  1.55111022e+05  5.25e-01 1.04e-05  3.07e-04  6284s
 131   1.54893280e+05  1.55108182e+05  4.97e-01 1.03e-05  2.93e-04  6352s
 132   1.54893156e+05  1.55105365e+05  4.83e-01 1.01e-05  2.81e-04  6400s
 133   1.54892982e+05  1.55104038e+05  4.63e-01 1.01e-05  2.71e-04  6449s
 134   1.54892751e+05  1.55099404e+05  4.37e-01 9.83e-06  2.55e-04  6499s
 135   1.54892534e+05  1.55094789e+05  4.12e-01 9.61e-06  2.40e-04  6554s
 136   1.54892258e+05  1.55092436e+05  3.78e-01 9.50e-06  2.27e-04  6601s
 137   1.54892118e+05  1.55089783e+05  3.61e-01 9.37e-06  2.17e-04  6676s
 138   1.54891976e+05  1.55087168e+05  3.45e-01 9.24e-06  2.06e-04  6724s
 139   1.54891927e+05  1.55084161e+05  3.40e-01 9.10e-06  2.01e-04  6788s
 140   1.54891824e+05  1.55081083e+05  3.27e-01 8.96e-06  1.94e-04  6845s
 141   1.54891726e+05  1.55078829e+05  3.15e-01 8.85e-06  1.87e-04  6893s
 142   1.54891618e+05  1.55077214e+05  3.03e-01 8.77e-06  1.80e-04  6947s
 143   1.54891590e+05  1.55075836e+05  3.00e-01 8.70e-06  1.77e-04  7001s
 144   1.54891509e+05  1.55073903e+05  2.91e-01 8.61e-06  1.71e-04  7049s
 145   1.54891480e+05  1.55071344e+05  2.87e-01 8.49e-06  1.68e-04  7110s
 146   1.54891390e+05  1.55069302e+05  2.77e-01 8.39e-06  1.63e-04  7166s
 147   1.54891231e+05  1.55067892e+05  2.59e-01 8.33e-06  1.55e-04  7224s
 148   1.54891155e+05  1.55064232e+05  2.50e-01 8.16e-06  1.49e-04  7271s
 149   1.54891020e+05  1.55061158e+05  2.34e-01 8.01e-06  1.41e-04  7325s
 150   1.54890977e+05  1.55059341e+05  2.29e-01 7.92e-06  1.37e-04  7387s
 151   1.54890918e+05  1.55057933e+05  2.22e-01 7.86e-06  1.34e-04  7457s
 152   1.54890899e+05  1.55056960e+05  2.20e-01 7.81e-06  1.32e-04  7497s
 153   1.54890833e+05  1.55055416e+05  2.12e-01 7.74e-06  1.27e-04  7564s
 154   1.54890731e+05  1.55052891e+05  2.00e-01 7.62e-06  1.20e-04  7618s
 155   1.54890621e+05  1.55051860e+05  1.88e-01 7.57e-06  1.13e-04  7671s
 156   1.54890596e+05  1.55049398e+05  1.86e-01 7.45e-06  1.09e-04  7728s
 157   1.54890527e+05  1.55047934e+05  1.78e-01 7.38e-06  1.05e-04  7782s
 158   1.54890505e+05  1.55046428e+05  1.76e-01 7.31e-06  1.03e-04  7835s
 159   1.54890422e+05  1.55045442e+05  1.67e-01 7.26e-06  9.81e-05  7888s
 160   1.54890361e+05  1.55043772e+05  1.61e-01 7.18e-06  9.42e-05  7961s
 161   1.54890268e+05  1.55042631e+05  1.52e-01 7.12e-06  8.81e-05  8016s
 162   1.54890262e+05  1.55041867e+05  1.51e-01 7.09e-06  8.67e-05  8066s
 163   1.54890238e+05  1.55041943e+05  1.49e-01 7.09e-06  8.56e-05  8152s
 164   1.54890156e+05  1.55041255e+05  1.41e-01 7.06e-06  8.16e-05  8204s
 165   1.54890115e+05  1.55040582e+05  1.37e-01 7.03e-06  7.94e-05  8268s
 166   1.54890084e+05  1.55038875e+05  1.34e-01 6.95e-06  7.66e-05  8319s
 167   1.54890052e+05  1.55037630e+05  1.31e-01 6.89e-06  7.51e-05  8394s
 168   1.54890009e+05  1.55036064e+05  1.27e-01 6.81e-06  7.30e-05  8487s
 169   1.54889996e+05  1.55034064e+05  1.26e-01 6.72e-06  7.17e-05  8565s
 170   1.54889959e+05  1.55032080e+05  1.22e-01 6.63e-06  6.99e-05  8672s
 171   1.54889951e+05  1.55030408e+05  1.21e-01 6.55e-06  6.84e-05  8732s
 172   1.54889929e+05  1.55028529e+05  1.19e-01 6.46e-06  6.70e-05  8817s
 173   1.54889899e+05  1.55026919e+05  1.16e-01 6.39e-06  6.55e-05  8889s
 174   1.54889894e+05  1.55026198e+05  1.16e-01 6.36e-06  6.52e-05  9006s
 175   1.54889875e+05  1.55024380e+05  1.14e-01 6.27e-06  6.40e-05  9064s
 176   1.54889818e+05  1.55021435e+05  1.07e-01 6.13e-06  6.18e-05  9165s
 177   1.54889794e+05  1.55018321e+05  1.05e-01 5.99e-06  6.01e-05  9239s
 178   1.54889789e+05  1.55016863e+05  1.05e-01 5.92e-06  5.90e-05  9326s
 179   1.54889749e+05  1.55016552e+05  1.01e-01 5.91e-06  5.72e-05  9422s
 180   1.54889696e+05  1.55015762e+05  9.59e-02 5.87e-06  5.40e-05  9486s
 181   1.54889676e+05  1.55014826e+05  9.42e-02 5.83e-06  5.32e-05  9556s
 182   1.54889665e+05  1.55014224e+05  9.33e-02 5.80e-06  5.27e-05  9652s
 183   1.54889638e+05  1.55013400e+05  9.08e-02 5.76e-06  5.13e-05  9731s
 184   1.54889623e+05  1.55012404e+05  8.91e-02 5.71e-06  5.05e-05  9824s
 185   1.54889608e+05  1.55009915e+05  8.75e-02 5.60e-06  4.95e-05  9936s
 186   1.54889594e+05  1.55007979e+05  8.62e-02 5.51e-06  4.86e-05  10009s
 187   1.54889590e+05  1.55007995e+05  8.61e-02 5.51e-06  4.86e-05  10119s
 188   1.54889581e+05  1.55006946e+05  8.53e-02 5.46e-06  4.81e-05  10221s
 189   1.54889553e+05  1.55004771e+05  8.26e-02 5.36e-06  4.67e-05  10323s
 190   1.54889534e+05  1.55004113e+05  8.12e-02 5.33e-06  4.60e-05  10436s
 191   1.54889517e+05  1.55003580e+05  7.98e-02 5.30e-06  4.54e-05  10551s
 192   1.54889507e+05  1.55002386e+05  7.91e-02 5.25e-06  4.48e-05  10639s
 193   1.54889488e+05  1.55001419e+05  7.75e-02 5.20e-06  4.40e-05  10727s
 194   1.54889473e+05  1.55000664e+05  7.62e-02 5.17e-06  4.35e-05  10796s
 195   1.54889467e+05  1.54999891e+05  7.58e-02 5.13e-06  4.31e-05  10920s
 196   1.54889456e+05  1.54999194e+05  7.49e-02 5.10e-06  4.26e-05  11035s
 197   1.54889448e+05  1.54998156e+05  7.43e-02 5.05e-06  4.22e-05  11164s
 198   1.54889430e+05  1.54997055e+05  7.31e-02 5.00e-06  4.16e-05  11281s
 199   1.54889425e+05  1.54996410e+05  7.28e-02 4.97e-06  4.13e-05  11433s
 200   1.54889408e+05  1.54995139e+05  7.14e-02 4.91e-06  4.07e-05  11534s
 201   1.54889395e+05  1.54994832e+05  7.06e-02 4.90e-06  4.03e-05  11664s
 202   1.54889396e+05  1.54994793e+05  7.05e-02 4.90e-06  4.02e-05  11785s
 203   1.54889391e+05  1.54994457e+05  7.01e-02 4.88e-06  4.01e-05  11902s
 204   1.54889376e+05  1.54992315e+05  6.88e-02 4.78e-06  3.92e-05  12020s
 205   1.54889359e+05  1.54991924e+05  6.79e-02 4.76e-06  3.86e-05  12166s
 206   1.54889353e+05  1.54991349e+05  6.71e-02 4.74e-06  3.83e-05  12301s
 207   1.54889343e+05  1.54990397e+05  6.64e-02 4.69e-06  3.79e-05  12429s
 208   1.54889328e+05  1.54989130e+05  6.49e-02 4.63e-06  3.72e-05  12565s
 209   1.54889328e+05  1.54989125e+05  6.49e-02 4.63e-06  3.72e-05  12693s
 210   1.54889321e+05  1.54988260e+05  6.44e-02 4.59e-06  3.69e-05  12816s
 211   1.54889311e+05  1.54987607e+05  6.37e-02 4.56e-06  3.65e-05  12928s
 212   1.54889304e+05  1.54986808e+05  6.32e-02 4.53e-06  3.62e-05  13051s
 213   1.54889298e+05  1.54985828e+05  6.28e-02 4.48e-06  3.59e-05  13199s
 214   1.54889292e+05  1.54984747e+05  6.22e-02 4.43e-06  3.55e-05  13353s
 215   1.54889280e+05  1.54983956e+05  6.11e-02 4.40e-06  3.50e-05  13507s
 216   1.54889268e+05  1.54982803e+05  6.04e-02 4.34e-06  3.45e-05  13666s
 217   1.54889264e+05  1.54982193e+05  6.00e-02 4.31e-06  3.43e-05  13772s
 218   1.54889256e+05  1.54981379e+05  5.92e-02 4.28e-06  3.39e-05  13919s
 219   1.54889243e+05  1.54980350e+05  5.82e-02 4.23e-06  3.34e-05  14045s
 220   1.54889238e+05  1.54980389e+05  5.81e-02 4.23e-06  3.33e-05  14169s
 221   1.54889232e+05  1.54979825e+05  5.76e-02 4.20e-06  3.30e-05  14285s
 222   1.54889231e+05  1.54979761e+05  5.75e-02 4.20e-06  3.30e-05  14414s
 223   1.54889223e+05  1.54979007e+05  5.70e-02 4.17e-06  3.27e-05  14526s
 224   1.54889212e+05  1.54978611e+05  5.60e-02 4.15e-06  3.23e-05  14654s
 225   1.54889207e+05  1.54976676e+05  5.56e-02 4.06e-06  3.18e-05  14782s
 226   1.54889206e+05  1.54976421e+05  5.55e-02 4.05e-06  3.18e-05  14945s
 227   1.54889193e+05  1.54975381e+05  5.45e-02 4.00e-06  3.13e-05  15069s
 228   1.54889188e+05  1.54974702e+05  5.40e-02 3.97e-06  3.10e-05  15197s
 229   1.54889182e+05  1.54974072e+05  5.36e-02 3.94e-06  3.08e-05  15310s
 230   1.54889169e+05  1.54973240e+05  5.30e-02 3.90e-06  3.04e-05  15473s
 231   1.54889151e+05  1.54972545e+05  5.11e-02 3.87e-06  2.85e-05  15542s
 232   1.54889144e+05  1.54971894e+05  5.06e-02 3.84e-06  2.82e-05  15645s
 233   1.54889135e+05  1.54971588e+05  4.97e-02 3.82e-06  2.79e-05  15772s
 234   1.54889134e+05  1.54971519e+05  4.95e-02 3.82e-06  2.78e-05  15888s
 235   1.54889131e+05  1.54971351e+05  4.92e-02 3.81e-06  2.77e-05  16016s
 236   1.54889125e+05  1.54969460e+05  4.86e-02 3.72e-06  2.72e-05  16182s
 237   1.54889115e+05  1.54968607e+05  4.78e-02 3.69e-06  2.68e-05  16314s
 238   1.54889111e+05  1.54967914e+05  4.74e-02 3.65e-06  2.66e-05  16420s
 239   1.54889108e+05  1.54965662e+05  4.70e-02 3.55e-06  2.62e-05  16589s
 240   1.54889098e+05  1.54965272e+05  4.60e-02 3.53e-06  2.58e-05  16714s
 241   1.54889091e+05  1.54963552e+05  4.52e-02 3.45e-06  2.53e-05  16841s
 242   1.54889082e+05  1.54962397e+05  4.43e-02 3.40e-06  2.48e-05  16978s
 243   1.54889071e+05  1.54960577e+05  4.31e-02 3.31e-06  2.42e-05  17097s
 244   1.54889068e+05  1.54959940e+05  4.28e-02 3.29e-06  2.40e-05  17262s
 245   1.54889063e+05  1.54958688e+05  4.24e-02 3.23e-06  2.37e-05  17389s
 246   1.54889059e+05  1.54957961e+05  4.19e-02 3.19e-06  2.34e-05  17494s
 247   1.54889055e+05  1.54957815e+05  4.17e-02 3.19e-06  2.33e-05  17624s
 248   1.54889050e+05  1.54957102e+05  4.12e-02 3.15e-06  2.31e-05  17788s
 249   1.54889046e+05  1.54956683e+05  4.08e-02 3.14e-06  2.29e-05  17953s
 250   1.54889028e+05  1.54955079e+05  3.89e-02 3.06e-06  2.20e-05  18059s
 251   1.54889020e+05  1.54953924e+05  3.81e-02 3.01e-06  2.16e-05  18164s
 252   1.54889017e+05  1.54953755e+05  3.78e-02 3.00e-06  2.14e-05  18281s
 253   1.54889015e+05  1.54952877e+05  3.76e-02 2.96e-06  2.12e-05  18404s
 254   1.54889008e+05  1.54951708e+05  3.69e-02 2.91e-06  2.09e-05  18541s
 255   1.54889006e+05  1.54951062e+05  3.67e-02 2.88e-06  2.07e-05  18650s
 256   1.54889003e+05  1.54950727e+05  3.65e-02 2.86e-06  2.06e-05  18813s
 257   1.54889001e+05  1.54950469e+05  3.62e-02 2.85e-06  2.05e-05  18957s
 258   1.54888997e+05  1.54949774e+05  3.59e-02 2.82e-06  2.02e-05  19205s
 259   1.54888992e+05  1.54947561e+05  3.54e-02 2.71e-06  1.96e-05  19458s
 260   1.54888979e+05  1.54945913e+05  3.41e-02 2.64e-06  1.90e-05  19640s
 261   1.54888963e+05  1.54944656e+05  3.24e-02 2.58e-06  1.82e-05  19772s
 262   1.54888951e+05  1.54943557e+05  3.14e-02 2.53e-06  1.76e-05  19946s
 263   1.54888947e+05  1.54942713e+05  3.09e-02 2.49e-06  1.74e-05  20158s
 264   1.54888942e+05  1.54942559e+05  3.05e-02 2.48e-06  1.72e-05  20322s
 265   1.54888941e+05  1.54942455e+05  3.05e-02 2.48e-06  1.72e-05  20445s
 266   1.54888941e+05  1.54942163e+05  3.04e-02 2.47e-06  1.72e-05  20604s
 267   1.54888933e+05  1.54941776e+05  2.97e-02 2.45e-06  1.69e-05  20707s
 268   1.54888926e+05  1.54941531e+05  2.91e-02 2.44e-06  1.66e-05  20835s
 269   1.54888908e+05  1.54939422e+05  2.73e-02 2.34e-06  1.58e-05  21157s
 270   1.54888901e+05  1.54936922e+05  2.66e-02 2.22e-06  1.52e-05  21321s
 271   1.54888892e+05  1.54936463e+05  2.57e-02 2.20e-06  1.48e-05  21520s
 272   1.54888880e+05  1.54935543e+05  2.47e-02 2.16e-06  1.40e-05  21635s
 273   1.54888874e+05  1.54934748e+05  2.40e-02 2.12e-06  1.36e-05  21820s
 274   1.54888868e+05  1.54934665e+05  2.35e-02 2.12e-06  1.34e-05  21984s
 275   1.54888861e+05  1.54934233e+05  2.29e-02 2.10e-06  1.31e-05  22088s
 276   1.54888852e+05  1.54934108e+05  2.22e-02 2.09e-06  1.29e-05  22191s
 277   1.54888848e+05  1.54933661e+05  2.18e-02 2.07e-06  1.27e-05  22350s
 278   1.54888842e+05  1.54932888e+05  2.11e-02 2.04e-06  1.24e-05  22511s
 279   1.54888841e+05  1.54932062e+05  2.10e-02 2.00e-06  1.22e-05  22669s
 280   1.54888834e+05  1.54930756e+05  2.03e-02 1.94e-06  1.19e-05  22793s
 281   1.54888827e+05  1.54930119e+05  1.95e-02 1.91e-06  1.16e-05  22948s
 282   1.54888820e+05  1.54929288e+05  1.88e-02 1.87e-06  1.13e-05  23108s
 283   1.54888817e+05  1.54929453e+05  1.86e-02 1.88e-06  1.12e-05  23269s
 284   1.54888810e+05  1.54928747e+05  1.78e-02 1.85e-06  1.09e-05  23429s
 285   1.54888806e+05  1.54928890e+05  1.75e-02 1.85e-06  1.07e-05  23540s
 286   1.54888798e+05  1.54928097e+05  1.69e-02 1.82e-06  1.03e-05  23644s
 287   1.54888795e+05  1.54927306e+05  1.66e-02 1.78e-06  1.01e-05  23767s
 288   1.54888792e+05  1.54926688e+05  1.64e-02 1.75e-06  9.97e-06  23917s
 289   1.54888788e+05  1.54926036e+05  1.60e-02 1.72e-06  9.77e-06  24079s
 290   1.54888787e+05  1.54925023e+05  1.59e-02 1.67e-06  9.62e-06  24212s
 291   1.54888779e+05  1.54924132e+05  1.51e-02 1.63e-06  9.24e-06  24361s
 292   1.54888771e+05  1.54921557e+05  1.42e-02 1.51e-06  8.66e-06  24490s
 293   1.54888767e+05  1.54921051e+05  1.38e-02 1.49e-06  8.47e-06  24634s
 294   1.54888761e+05  1.54920248e+05  1.32e-02 1.45e-06  8.16e-06  24772s
 295   1.54888754e+05  1.54919590e+05  1.25e-02 1.42e-06  7.83e-06  24932s
 296   1.54888750e+05  1.54919006e+05  1.21e-02 1.40e-06  7.64e-06  25066s
 297   1.54888749e+05  1.54918468e+05  1.20e-02 1.37e-06  7.53e-06  25228s
 298   1.54888743e+05  1.54916794e+05  1.14e-02 1.30e-06  7.15e-06  25368s
 299   1.54888742e+05  1.54915693e+05  1.12e-02 1.24e-06  6.97e-06  25480s
 300   1.54888734e+05  1.54914276e+05  1.03e-02 1.18e-06  6.51e-06  25591s
 301   1.54888732e+05  1.54913756e+05  1.01e-02 1.16e-06  6.38e-06  25684s
 302   1.54888724e+05  1.54912421e+05  9.31e-03 1.09e-06  5.95e-06  25796s
 303   1.54888722e+05  1.54911474e+05  9.10e-03 1.05e-06  5.73e-06  25908s
 304   1.54888719e+05  1.54910067e+05  8.85e-03 9.86e-07  5.48e-06  26060s
 305   1.54888711e+05  1.54909035e+05  7.98e-03 9.39e-07  5.03e-06  26167s
 306   1.54888709e+05  1.54908052e+05  7.82e-03 8.93e-07  4.88e-06  26292s
 307   1.54888705e+05  1.54907630e+05  7.41e-03 8.74e-07  4.69e-06  26395s
 308   1.54888698e+05  1.54906508e+05  6.69e-03 8.22e-07  4.32e-06  26515s
 309   1.54888694e+05  1.54905270e+05  6.26e-03 7.65e-07  4.03e-06  26611s
 310   1.54888690e+05  1.54904891e+05  5.95e-03 7.48e-07  3.86e-06  26745s
 311   1.54888690e+05  1.54904922e+05  5.94e-03 7.49e-07  3.86e-06  26871s
 312   1.54888689e+05  1.54904848e+05  5.80e-03 7.46e-07  3.78e-06  27021s
 313   1.54888687e+05  1.54904750e+05  5.62e-03 7.41e-07  3.70e-06  27162s
 314   1.54888677e+05  1.54904406e+05  4.42e-03 7.25e-07  2.95e-06  27227s
 315   1.54888675e+05  1.54903988e+05  4.25e-03 7.06e-07  2.65e-06  27309s
 316   1.54888674e+05  1.54903031e+05  4.12e-03 6.62e-07  2.54e-06  27421s
 317   1.54888671e+05  1.54902715e+05  3.78e-03 6.47e-07  2.38e-06  27512s
 318   1.54888670e+05  1.54902384e+05  3.70e-03 6.32e-07  2.33e-06  27590s
 319   1.54888666e+05  1.54902092e+05  3.33e-03 6.19e-07  2.16e-06  27731s
 320   1.54888662e+05  1.54901415e+05  2.74e-03 5.87e-07  1.82e-06  27805s
 321   1.54888658e+05  1.54901147e+05  1.71e-03 5.75e-07  1.62e-06  27902s
 322   1.54888656e+05  1.54900940e+05  1.55e-03 5.65e-07  1.53e-06  28042s
 323   1.54888655e+05  1.54900232e+05  1.50e-03 5.33e-07  1.46e-06  28189s
 324   1.54888653e+05  1.54899149e+05  1.37e-03 4.83e-07  1.34e-06  28352s
 325   1.54888649e+05  1.54898326e+05  8.32e-04 4.45e-07  1.15e-06  28482s
 326   1.54888646e+05  1.54897478e+05  6.62e-04 4.06e-07  9.88e-07  28612s
 327   1.54888645e+05  1.54897069e+05  6.31e-04 3.88e-07  9.32e-07  28699s
 328   1.54888644e+05  1.54896029e+05  5.84e-04 3.40e-07  8.39e-07  28796s
 329   1.54888643e+05  1.54894448e+05  5.44e-04 2.67e-07  7.24e-07  28921s
 330   1.54888642e+05  1.54894071e+05  4.21e-04 2.50e-07  6.49e-07  29043s
 331   1.54888641e+05  1.54893566e+05  3.61e-04 2.27e-07  5.90e-07  29163s
 332   1.54888640e+05  1.54893506e+05  3.14e-04 2.24e-07  5.73e-07  29328s
 333   1.54888640e+05  1.54893485e+05  3.07e-04 2.23e-07  5.66e-07  29456s
 334   1.54888639e+05  1.54893101e+05  2.41e-04 2.05e-07  4.99e-07  29623s
 335   1.54888639e+05  1.54892747e+05  1.84e-04 1.89e-07  4.66e-07  29788s
 336   1.54888637e+05  1.54892348e+05  1.04e-04 1.71e-07  3.79e-07  29942s
 337   1.54888637e+05  1.54892240e+05  9.88e-05 1.66e-07  3.56e-07  30085s
 338   1.54888636e+05  1.54892140e+05  9.21e-05 1.61e-07  3.26e-07  30244s
 339   1.54888636e+05  1.54892037e+05  8.09e-05 1.56e-07  3.07e-07  30408s
 340   1.54888635e+05  1.54892012e+05  5.58e-08 1.55e-07  2.63e-07  30482s
 341   1.54888635e+05  1.54891853e+05  5.10e-08 1.48e-07  2.41e-07  30648s
 342   1.54888633e+05  1.54891645e+05  4.49e-08 1.38e-07  1.32e-07  30755s
 343   1.54888632e+05  1.54891441e+05  1.15e-07 1.29e-07  7.12e-08  30861s
 344   1.54888632e+05  1.54891379e+05  8.07e-08 1.26e-07  6.01e-08  30989s
 345   1.54888632e+05  1.54890694e+05  1.95e-07 9.47e-08  1.92e-08  31071s
 346   1.54888632e+05  1.54890623e+05  1.94e-07 9.14e-08  1.62e-08  31125s

Barrier solved model in 346 iterations and 31125.00 seconds (850.29 work units)
Optimal objective 1.54888632e+05

Crossover log...

  555830 DPushes remaining with DInf 0.0000000e+00             31133s
  183449 DPushes remaining with DInf 0.0000000e+00             31279s
  173295 DPushes remaining with DInf 0.0000000e+00             31281s
  168044 DPushes remaining with DInf 0.0000000e+00             31291s
  167336 DPushes remaining with DInf 0.0000000e+00             31295s
  165919 DPushes remaining with DInf 0.0000000e+00             31301s
  165210 DPushes remaining with DInf 0.0000000e+00             31305s
  163617 DPushes remaining with DInf 0.0000000e+00             31310s
  162735 DPushes remaining with DInf 0.0000000e+00             31315s
  160839 DPushes remaining with DInf 0.0000000e+00             31325s
  159891 DPushes remaining with DInf 0.0000000e+00             31331s
  158759 DPushes remaining with DInf 0.0000000e+00             31337s
  156819 DPushes remaining with DInf 0.0000000e+00             31342s
  155516 DPushes remaining with DInf 0.0000000e+00             31348s
  153983 DPushes remaining with DInf 0.0000000e+00             31353s
  150304 DPushes remaining with DInf 0.0000000e+00             31357s
  136787 DPushes remaining with DInf 0.0000000e+00             31362s
  127568 DPushes remaining with DInf 0.0000000e+00             31367s
  112484 DPushes remaining with DInf 0.0000000e+00             31371s
  103972 DPushes remaining with DInf 0.0000000e+00             31376s
   97092 DPushes remaining with DInf 0.0000000e+00             31385s
   95869 DPushes remaining with DInf 0.0000000e+00             31390s
   94747 DPushes remaining with DInf 0.0000000e+00             31395s
   92792 DPushes remaining with DInf 0.0000000e+00             31401s
   91501 DPushes remaining with DInf 0.0000000e+00             31408s
   90543 DPushes remaining with DInf 0.0000000e+00             31415s
   89625 DPushes remaining with DInf 0.0000000e+00             31423s
   88704 DPushes remaining with DInf 0.0000000e+00             31430s
   87758 DPushes remaining with DInf 0.0000000e+00             31437s
   86899 DPushes remaining with DInf 0.0000000e+00             31443s
   86085 DPushes remaining with DInf 0.0000000e+00             31452s
   85283 DPushes remaining with DInf 0.0000000e+00             31460s
   84501 DPushes remaining with DInf 0.0000000e+00             31465s
   83703 DPushes remaining with DInf 0.0000000e+00             31470s
   82882 DPushes remaining with DInf 0.0000000e+00             31477s
   82130 DPushes remaining with DInf 0.0000000e+00             31484s
   81397 DPushes remaining with DInf 0.0000000e+00             31489s
   80661 DPushes remaining with DInf 0.0000000e+00             31494s
   79941 DPushes remaining with DInf 0.0000000e+00             31499s
   79212 DPushes remaining with DInf 0.0000000e+00             31505s
   77767 DPushes remaining with DInf 0.0000000e+00             31514s
   77048 DPushes remaining with DInf 0.0000000e+00             31520s
   76331 DPushes remaining with DInf 0.0000000e+00             31524s
   75618 DPushes remaining with DInf 0.0000000e+00             31529s
   74905 DPushes remaining with DInf 0.0000000e+00             31533s
   74194 DPushes remaining with DInf 0.0000000e+00             31538s
   73483 DPushes remaining with DInf 0.0000000e+00             31542s
   72773 DPushes remaining with DInf 0.0000000e+00             31546s
   72060 DPushes remaining with DInf 0.0000000e+00             31550s
   71339 DPushes remaining with DInf 0.0000000e+00             31555s
   70608 DPushes remaining with DInf 0.0000000e+00             31562s
   69878 DPushes remaining with DInf 0.0000000e+00             31569s
   69160 DPushes remaining with DInf 0.0000000e+00             31578s
   68444 DPushes remaining with DInf 0.0000000e+00             31587s
   68044 DPushes remaining with DInf 0.0000000e+00             31599s
   67644 DPushes remaining with DInf 0.0000000e+00             31611s
   67243 DPushes remaining with DInf 0.0000000e+00             31622s
   66843 DPushes remaining with DInf 0.0000000e+00             31634s
   66433 DPushes remaining with DInf 0.0000000e+00             31646s
   66032 DPushes remaining with DInf 0.0000000e+00             31657s
   65632 DPushes remaining with DInf 0.0000000e+00             31669s
   65222 DPushes remaining with DInf 0.0000000e+00             31680s
   64812 DPushes remaining with DInf 0.0000000e+00             31692s
   64402 DPushes remaining with DInf 0.0000000e+00             31703s
   63992 DPushes remaining with DInf 0.0000000e+00             31714s
   63592 DPushes remaining with DInf 0.0000000e+00             31726s
   63192 DPushes remaining with DInf 0.0000000e+00             31738s
   62790 DPushes remaining with DInf 0.0000000e+00             31749s
   62398 DPushes remaining with DInf 0.0000000e+00             31760s
   61984 DPushes remaining with DInf 0.0000000e+00             31772s
   61573 DPushes remaining with DInf 0.0000000e+00             31783s
   61161 DPushes remaining with DInf 0.0000000e+00             31795s
   60751 DPushes remaining with DInf 0.0000000e+00             31807s
   60341 DPushes remaining with DInf 0.0000000e+00             31818s
   59921 DPushes remaining with DInf 0.0000000e+00             31830s
   59511 DPushes remaining with DInf 0.0000000e+00             31841s
   59091 DPushes remaining with DInf 0.0000000e+00             31853s
   58670 DPushes remaining with DInf 0.0000000e+00             31865s
   58249 DPushes remaining with DInf 0.0000000e+00             31876s
   57818 DPushes remaining with DInf 0.0000000e+00             31887s
   57398 DPushes remaining with DInf 0.0000000e+00             31899s
   56948 DPushes remaining with DInf 0.0000000e+00             31910s
   56508 DPushes remaining with DInf 0.0000000e+00             31922s
   56138 DPushes remaining with DInf 0.0000000e+00             31932s
   55738 DPushes remaining with DInf 0.0000000e+00             31943s
   55338 DPushes remaining with DInf 0.0000000e+00             31954s
   54906 DPushes remaining with DInf 0.0000000e+00             31966s
   54476 DPushes remaining with DInf 0.0000000e+00             31976s
   54023 DPushes remaining with DInf 0.0000000e+00             31988s
   53530 DPushes remaining with DInf 0.0000000e+00             32000s
   53027 DPushes remaining with DInf 0.0000000e+00             32011s
   52513 DPushes remaining with DInf 0.0000000e+00             32022s
   51907 DPushes remaining with DInf 0.0000000e+00             32035s
   51259 DPushes remaining with DInf 0.0000000e+00             32047s
   50769 DPushes remaining with DInf 0.0000000e+00             32057s
   50279 DPushes remaining with DInf 0.0000000e+00             32068s
   49736 DPushes remaining with DInf 0.0000000e+00             32079s
   49144 DPushes remaining with DInf 0.0000000e+00             32091s
   48562 DPushes remaining with DInf 0.0000000e+00             32103s
   48001 DPushes remaining with DInf 0.0000000e+00             32115s
   47472 DPushes remaining with DInf 0.0000000e+00             32127s
   46880 DPushes remaining with DInf 0.0000000e+00             32138s
   46375 DPushes remaining with DInf 0.0000000e+00             32149s
   45942 DPushes remaining with DInf 0.0000000e+00             32159s
   45467 DPushes remaining with DInf 0.0000000e+00             32169s
   44833 DPushes remaining with DInf 0.0000000e+00             32180s
   44145 DPushes remaining with DInf 0.0000000e+00             32191s
   43431 DPushes remaining with DInf 0.0000000e+00             32200s
   42716 DPushes remaining with DInf 0.0000000e+00             32208s
   42005 DPushes remaining with DInf 0.0000000e+00             32214s
   41296 DPushes remaining with DInf 0.0000000e+00             32220s
   40587 DPushes remaining with DInf 0.0000000e+00             32225s
   39879 DPushes remaining with DInf 0.0000000e+00             32232s
   39171 DPushes remaining with DInf 0.0000000e+00             32239s
   38463 DPushes remaining with DInf 0.0000000e+00             32246s
   37755 DPushes remaining with DInf 0.0000000e+00             32255s
   37145 DPushes remaining with DInf 0.0000000e+00             32263s
   36685 DPushes remaining with DInf 0.0000000e+00             32272s
   36245 DPushes remaining with DInf 0.0000000e+00             32281s
   35915 DPushes remaining with DInf 0.0000000e+00             32289s
   35625 DPushes remaining with DInf 0.0000000e+00             32297s
   35335 DPushes remaining with DInf 0.0000000e+00             32304s
   35045 DPushes remaining with DInf 0.0000000e+00             32312s
   34755 DPushes remaining with DInf 0.0000000e+00             32319s
   34475 DPushes remaining with DInf 0.0000000e+00             32327s
   34195 DPushes remaining with DInf 0.0000000e+00             32334s
   33915 DPushes remaining with DInf 0.0000000e+00             32341s
   33635 DPushes remaining with DInf 0.0000000e+00             32349s
   33355 DPushes remaining with DInf 0.0000000e+00             32356s
   33075 DPushes remaining with DInf 0.0000000e+00             32363s
   32795 DPushes remaining with DInf 0.0000000e+00             32371s
   32515 DPushes remaining with DInf 0.0000000e+00             32378s
   32235 DPushes remaining with DInf 0.0000000e+00             32386s
   31955 DPushes remaining with DInf 0.0000000e+00             32393s
   31655 DPushes remaining with DInf 0.0000000e+00             32401s
   31195 DPushes remaining with DInf 0.0000000e+00             32410s
   30725 DPushes remaining with DInf 0.0000000e+00             32420s
   30245 DPushes remaining with DInf 0.0000000e+00             32429s
   29775 DPushes remaining with DInf 0.0000000e+00             32439s
   29305 DPushes remaining with DInf 0.0000000e+00             32448s
   28835 DPushes remaining with DInf 0.0000000e+00             32457s
   28365 DPushes remaining with DInf 0.0000000e+00             32467s
   27895 DPushes remaining with DInf 0.0000000e+00             32476s
   27425 DPushes remaining with DInf 0.0000000e+00             32486s
   27005 DPushes remaining with DInf 0.0000000e+00             32495s
   26595 DPushes remaining with DInf 0.0000000e+00             32504s
   26215 DPushes remaining with DInf 0.0000000e+00             32512s
   25825 DPushes remaining with DInf 0.0000000e+00             32521s
   25445 DPushes remaining with DInf 0.0000000e+00             32529s
   25055 DPushes remaining with DInf 0.0000000e+00             32537s
   24665 DPushes remaining with DInf 0.0000000e+00             32546s
   24295 DPushes remaining with DInf 0.0000000e+00             32554s
   23925 DPushes remaining with DInf 0.0000000e+00             32563s
   23525 DPushes remaining with DInf 0.0000000e+00             32571s
   23115 DPushes remaining with DInf 0.0000000e+00             32580s
   22705 DPushes remaining with DInf 0.0000000e+00             32589s
   22265 DPushes remaining with DInf 0.0000000e+00             32597s
   21765 DPushes remaining with DInf 0.0000000e+00             32606s
   21285 DPushes remaining with DInf 0.0000000e+00             32614s
   20745 DPushes remaining with DInf 0.0000000e+00             32624s
   20145 DPushes remaining with DInf 0.0000000e+00             32633s
   19455 DPushes remaining with DInf 0.0000000e+00             32642s
   18747 DPushes remaining with DInf 0.0000000e+00             32650s
   18039 DPushes remaining with DInf 0.0000000e+00             32657s
   17331 DPushes remaining with DInf 0.0000000e+00             32662s
   16623 DPushes remaining with DInf 0.0000000e+00             32666s
   15915 DPushes remaining with DInf 0.0000000e+00             32670s
   14499 DPushes remaining with DInf 0.0000000e+00             32676s
   13083 DPushes remaining with DInf 0.0000000e+00             32682s
   11583 DPushes remaining with DInf 0.0000000e+00             32686s
   10001 DPushes remaining with DInf 0.0000000e+00             32691s
    8584 DPushes remaining with DInf 0.0000000e+00             32698s
    7874 DPushes remaining with DInf 0.0000000e+00             32703s
    7166 DPushes remaining with DInf 0.0000000e+00             32711s
    6458 DPushes remaining with DInf 0.0000000e+00             32718s
    5750 DPushes remaining with DInf 0.0000000e+00             32725s
    5230 DPushes remaining with DInf 0.0000000e+00             32734s
    4940 DPushes remaining with DInf 0.0000000e+00             32742s
    4700 DPushes remaining with DInf 0.0000000e+00             32749s
    4350 DPushes remaining with DInf 0.0000000e+00             32758s
    3810 DPushes remaining with DInf 0.0000000e+00             32770s
    3440 DPushes remaining with DInf 0.0000000e+00             32779s
    3020 DPushes remaining with DInf 0.0000000e+00             32787s
    2312 DPushes remaining with DInf 0.0000000e+00             32794s
    1604 DPushes remaining with DInf 0.0000000e+00             32797s
     896 DPushes remaining with DInf 0.0000000e+00             32806s
     516 DPushes remaining with DInf 0.0000000e+00             32817s
       0 DPushes remaining with DInf 0.0000000e+00             32826s

  787390 PPushes remaining with PInf 9.3035222e+00             32827s
  661675 PPushes remaining with PInf 1.4262678e+00             32835s
  599222 PPushes remaining with PInf 1.4234149e+00             32841s
  456586 PPushes remaining with PInf 1.4660601e+00             32849s
  443412 PPushes remaining with PInf 1.4531880e+00             32855s
  435322 PPushes remaining with PInf 1.5044714e+00             32861s
  417085 PPushes remaining with PInf 3.4650025e+00             32867s
  371229 PPushes remaining with PInf 1.7166622e+02             32888s
  368800 PPushes remaining with PInf 1.5017035e+02             32891s
  366953 PPushes remaining with PInf 1.5016191e+02             32896s
  365171 PPushes remaining with PInf 1.5015419e+02             32901s
  363223 PPushes remaining with PInf 1.5014675e+02             32906s
  360122 PPushes remaining with PInf 1.5010302e+02             32911s
  355588 PPushes remaining with PInf 8.2495369e+01             32920s
  354626 PPushes remaining with PInf 8.2486587e+01             32926s
  352808 PPushes remaining with PInf 2.7455516e+00             32931s
  351390 PPushes remaining with PInf 2.7451447e+00             32936s
  349972 PPushes remaining with PInf 2.7449473e+00             32941s
  348554 PPushes remaining with PInf 2.7448298e+00             32946s
  347136 PPushes remaining with PInf 2.7440569e+00             32951s
  345718 PPushes remaining with PInf 2.7435032e+00             32956s
  344300 PPushes remaining with PInf 2.7434493e+00             32961s
  342882 PPushes remaining with PInf 2.7288641e+00             32967s
  341464 PPushes remaining with PInf 2.7288641e+00             32972s
  340046 PPushes remaining with PInf 2.7151207e+00             32977s
  338628 PPushes remaining with PInf 2.7151206e+00             32982s
  337210 PPushes remaining with PInf 2.7145279e+00             32987s
  335792 PPushes remaining with PInf 2.7144536e+00             32992s
  334374 PPushes remaining with PInf 2.7144537e+00             32997s
  333665 PPushes remaining with PInf 2.7143692e+00             33000s
  331538 PPushes remaining with PInf 2.7103301e+00             33007s
  330120 PPushes remaining with PInf 2.7086654e+00             33013s
  329411 PPushes remaining with PInf 2.7073633e+00             33015s
  327993 PPushes remaining with PInf 2.7063841e+00             33020s
  326575 PPushes remaining with PInf 2.6836415e+00             33025s
  325157 PPushes remaining with PInf 2.6628637e+00             33030s
  323739 PPushes remaining with PInf 2.6429989e+00             33035s
  322321 PPushes remaining with PInf 2.6360867e+00             33041s
  320903 PPushes remaining with PInf 2.6348629e+00             33046s
  319485 PPushes remaining with PInf 2.6348626e+00             33051s
  318067 PPushes remaining with PInf 2.6292624e+00             33056s
  316649 PPushes remaining with PInf 2.6292174e+00             33061s
  315231 PPushes remaining with PInf 2.6292173e+00             33066s
  313813 PPushes remaining with PInf 2.6291492e+00             33071s
  312395 PPushes remaining with PInf 2.6240117e+00             33076s
  310977 PPushes remaining with PInf 2.6234034e+00             33081s
  309559 PPushes remaining with PInf 2.6166165e+00             33086s
  308141 PPushes remaining with PInf 2.6151506e+00             33091s
  306723 PPushes remaining with PInf 2.6101723e+00             33097s
  305305 PPushes remaining with PInf 2.6003239e+00             33102s
  303887 PPushes remaining with PInf 2.5984586e+00             33107s
  302469 PPushes remaining with PInf 2.5961927e+00             33112s
  301051 PPushes remaining with PInf 2.5960391e+00             33117s
  299633 PPushes remaining with PInf 2.5951931e+00             33122s
  298215 PPushes remaining with PInf 2.5941061e+00             33127s
  296797 PPushes remaining with PInf 2.5941059e+00             33132s
  295379 PPushes remaining with PInf 2.5941059e+00             33137s
  293961 PPushes remaining with PInf 2.5929176e+00             33143s
  293252 PPushes remaining with PInf 2.5916979e+00             33145s
  291834 PPushes remaining with PInf 2.5922646e+00             33150s
  290416 PPushes remaining with PInf 2.5922645e+00             33155s
  288998 PPushes remaining with PInf 2.5898681e+00             33161s
  287580 PPushes remaining with PInf 2.5830268e+00             33166s
  286162 PPushes remaining with PInf 2.5818478e+00             33171s
  284744 PPushes remaining with PInf 2.5817337e+00             33176s
  283326 PPushes remaining with PInf 2.5744448e+00             33182s
  281908 PPushes remaining with PInf 2.5741962e+00             33187s
  280490 PPushes remaining with PInf 2.5741704e+00             33192s
  279781 PPushes remaining with PInf 2.5678288e+00             33195s
  278363 PPushes remaining with PInf 2.5564295e+00             33200s
  276945 PPushes remaining with PInf 2.5562934e+00             33205s
  275527 PPushes remaining with PInf 2.5364876e+00             33211s
  274109 PPushes remaining with PInf 2.5351152e+00             33216s
  272691 PPushes remaining with PInf 2.5351154e+00             33221s
  267620 PPushes remaining with PInf 2.4086009e+00             33230s
  259178 PPushes remaining with PInf 2.3890409e+00             33236s
  255105 PPushes remaining with PInf 2.7533726e+00             33244s
  251951 PPushes remaining with PInf 2.4800958e+00             33248s
  248734 PPushes remaining with PInf 2.4760782e+00             33251s
  241260 PPushes remaining with PInf 2.4215564e+00             33257s
  239040 PPushes remaining with PInf 2.3046596e+00             33262s
  236981 PPushes remaining with PInf 2.3041186e+00             33279s
   32895 PPushes remaining with PInf 1.2323031e+04             33381s
   27439 PPushes remaining with PInf 1.3166423e+04             33414s
   25544 PPushes remaining with PInf 1.3165752e+04             33423s
   23192 PPushes remaining with PInf 1.3165712e+04             33428s
   20896 PPushes remaining with PInf 1.2761721e+04             33435s
   19081 PPushes remaining with PInf 1.2761257e+04             33455s
   14271 PPushes remaining with PInf 1.2071447e+04             33482s
   13212 PPushes remaining with PInf 1.2071047e+04             33504s
   12324 PPushes remaining with PInf 1.2069759e+04             33529s
   11339 PPushes remaining with PInf 1.2069399e+04             33553s
   10370 PPushes remaining with PInf 1.2069897e+04             33576s
    9267 PPushes remaining with PInf 1.1565458e+04             33601s
    8558 PPushes remaining with PInf 1.1556292e+04             33627s
    7850 PPushes remaining with PInf 1.1555593e+04             33652s
    7142 PPushes remaining with PInf 1.1554369e+04             33678s
    6432 PPushes remaining with PInf 1.1553669e+04             33702s
    5724 PPushes remaining with PInf 1.1551462e+04             33728s
    5016 PPushes remaining with PInf 1.1545493e+04             33753s
    4308 PPushes remaining with PInf 1.1222658e+04             33782s
    3600 PPushes remaining with PInf 1.1217551e+04             33807s
    2891 PPushes remaining with PInf 1.1215963e+04             33833s
    2183 PPushes remaining with PInf 1.1200222e+04             33860s
    1640 PPushes remaining with PInf 1.1160899e+04             33886s
     932 PPushes remaining with PInf 1.7338251e+03             33950s
     224 PPushes remaining with PInf 1.7284002e+03             33984s
       0 PPushes remaining with PInf 1.7049528e+03             34032s

  Push phase complete: Pinf 1.7049528e+03, Dinf 9.5795794e+02  34033s

Iteration    Objective       Primal Inf.    Dual Inf.      Time
  934932    1.5488869e+05   0.000000e+00   9.579579e+02  34068s
  935640    1.5488868e+05   1.153242e-04   1.872000e+08  34212s
  936348    1.5488868e+05   1.432431e-04   1.427932e+08  34403s
  937056    1.5488868e+05   7.619997e-05   9.809998e+08  34606s
  937764    1.5488868e+05   1.150292e-05   1.220952e+08  34808s
  938472    1.5488868e+05   0.000000e+00   3.313288e+00  34996s
  939180    1.5488868e+05   7.447222e-05   3.058509e+07  35169s
  939888    1.5488868e+05   3.299348e-05   6.340384e+07  35353s
  940596    1.5488866e+05   2.429381e-04   2.500811e+09  35497s
  941362    1.5488866e+05   2.081995e-03   8.186919e+09  35740s
  942042    1.5488866e+05   5.916162e-06   1.466672e+07  35906s
  942702    1.5488866e+05   2.092397e-05   1.388548e+08  36052s
  943410    1.5488866e+05   1.403108e-03   5.833223e+09  36251s
  944118    1.5488866e+05   1.561417e-03   6.935525e+09  36438s
  944826    1.5488866e+05   8.700141e-06   1.900000e+07  36635s
  945534    1.5488865e+05   1.808209e-05   6.341413e+07  36838s
  945755    1.5488865e+05   2.607193e-06   2.700984e+07  36912s
  946470    1.5488865e+05   2.341164e-05   8.400993e+07  37163s
  946570    1.5488865e+05   0.000000e+00   1.068817e+04  37430s
  946693    1.5488865e+05   0.000000e+00   1.068512e+04  38124s
Warning: 1 variables dropped from basis
  947244    1.5488864e+05   0.000000e+00   1.068512e+04  38308s
  947952    1.5488864e+05   0.000000e+00   2.516390e+02  38479s
  948660    1.5488863e+05   0.000000e+00   9.679565e-02  38686s
  949368    1.5488862e+05   0.000000e+00   4.945772e-02  38856s
  950076    1.5488862e+05   0.000000e+00   2.649361e-02  39043s
  950784    1.5488862e+05   0.000000e+00   1.894423e-02  39264s
  951492    1.5488862e+05   0.000000e+00   1.503226e-02  39409s
  952200    1.5488862e+05   0.000000e+00   1.192279e-02  39536s
  952908    1.5488862e+05   0.000000e+00   1.140792e-02  39613s
  953616    1.5488862e+05   0.000000e+00   1.272891e-02  39666s
  954324    1.5488862e+05   0.000000e+00   7.165750e-03  39743s
  955032    1.5488862e+05   0.000000e+00   4.725385e-03  39797s
  955740    1.5488862e+05   0.000000e+00   3.445614e-03  39872s
  956448    1.5488862e+05   0.000000e+00   4.281978e-04  40029s
  956691    1.5488863e+05   2.654281e+03   0.000000e+00  40117s
  956774    1.5488863e+05   4.439748e-03   1.809253e+08  40297s
  957579    1.5488863e+05   1.063088e-04   6.539000e+09  40491s
  958400    1.5488863e+05   3.659178e-06   7.399999e+07  40653s
  958963    1.5488863e+05   1.703486e-04   0.000000e+00  40783s
Extra simplex iterations after uncrush: 2270
  959044    1.5488863e+05   0.000000e+00   0.000000e+00  40834s

Solved with barrier
Solved in 959044 iterations and 40834.41 seconds (5960.20 work units)
Optimal objective  1.548886314e+05
Warning: unscaled primal violation = 1.47797e-06 and residual = 0.00077939
Warning: unscaled dual violation = 3.96851e-06 and residual = 1.0868e-13

User-callback calls 3568234, time in user-callback 27.88 sec

Gurobi 9.5.0 (linux64) logging started Sun Jan 30 15:20:06 2022

Set parameter LogFile to value "/scratch/work/condeil1/EnergySystemModeling.jl/examples/structures/8nodes/instances/.big_files/08n8760h_ftr/output_tri_sto/gurobi.log"
Set parameter NumericFocus to value 1
Set parameter ScaleFlag to value 2

Gurobi 9.5.0 (linux64) logging started Sun Jan 30 15:20:12 2022

Set parameter LogFile to value "/scratch/work/condeil1/EnergySystemModeling.jl/examples/structures/8nodes/instances/.big_files/08n8760h_ftr/output_tri_sto/gurobi.log"
Gurobi Optimizer version 9.5.0 build v9.5.0rc5 (linux64)
Thread count: 40 physical cores, 40 logical processors, using up to 32 threads
Optimize a model with 3188514 rows, 1314095 columns and 9620704 nonzeros
Model fingerprint: 0x520bfc82
Coefficient statistics:
  Matrix range     [3e-04, 1e+00]
  Objective range  [1e-07, 4e-01]
  Bounds range     [1e+03, 8e+06]
  RHS range        [6e-03, 2e+05]

Concurrent LP optimizer: primal simplex, dual simplex, and barrier
Showing barrier log only...

Presolve removed 953377 rows and 311966 columns (presolve time = 5s) ...
Presolve removed 1005945 rows and 364534 columns (presolve time = 17s) ...
Presolve removed 1040256 rows and 364534 columns (presolve time = 20s) ...
Presolve removed 1040264 rows and 364534 columns
Presolve time: 31.15s
Presolved: 2148250 rows, 949561 columns, 7685417 nonzeros

Ordering time: 3.07s

Barrier statistics:
 Dense cols : 88
 AA' NZ     : 1.469e+07
 Factor NZ  : 6.849e+07 (roughly 1.8 GB of memory)
 Factor Ops : 1.707e+10 (less than 1 second per iteration)
 Threads    : 30

                  Objective                Residual
Iter       Primal          Dual         Primal    Dual     Compl     Time
   0   4.06615126e+08 -1.44438821e+07  9.57e+11 1.81e-02  1.23e+07    72s
   1   3.54012004e+08 -1.52144663e+08  7.58e+11 4.85e-01  5.66e+06   107s
   2   3.17490777e+08 -8.16965152e+08  6.81e+11 1.19e-01  6.53e+06   152s
   3   1.67051242e+08 -1.39370116e+09  3.60e+11 4.80e-10  3.69e+06   203s
   4   5.49456697e+06 -1.33161257e+09  3.46e+09 7.49e-10  8.99e+04   243s
   5   4.22778934e+06 -1.13468793e+09  1.03e+09 5.86e-10  5.65e+04   275s
   6   3.64556323e+06 -3.13392972e+08  1.34e+07 2.12e-10  1.33e+04   307s
   7   3.62132427e+06 -1.87997981e+07  7.58e+06 6.83e-11  9.41e+02   349s
   8   3.38556058e+06 -7.75524035e+06  4.64e+06 2.43e-11  4.67e+02   379s
   9   1.77706176e+06 -4.01973379e+06  7.43e+01 1.39e-04  2.42e+02   416s
  10   1.07289190e+06 -2.60907068e+06  3.05e+01 1.86e-04  1.54e+02   445s
  11   6.75124873e+05 -8.26661804e+05  1.21e+01 2.45e-04  6.28e+01   482s
  12   4.67361259e+05 -3.28883055e+05  6.23e+00 2.71e-04  3.34e+01   532s
  13   3.52370782e+05 -9.82880716e+04  3.58e+00 2.46e-04  1.90e+01   571s
  14   2.93813335e+05 -1.60875674e+03  2.40e+00 2.51e-04  1.25e+01   600s
  15   2.39671787e+05  3.88900386e+04  1.45e+00 2.47e-04  8.58e+00   630s
  16   2.18937357e+05  6.68438967e+04  1.11e+00 2.30e-04  6.53e+00   659s
  17   1.99217850e+05  8.11676327e+04  7.90e-01 2.17e-04  5.11e+00   700s
  18   1.88984113e+05  1.02366988e+05  6.17e-01 1.91e-04  3.78e+00   746s
  19   1.79005288e+05  1.13681725e+05  4.51e-01 1.73e-04  2.88e+00   793s
  20   1.75096905e+05  1.21478235e+05  3.86e-01 1.56e-04  2.37e+00   843s
  21   1.72494642e+05  1.24746255e+05  3.44e-01 1.49e-04  2.12e+00   890s
  22   1.70097238e+05  1.28499357e+05  3.03e-01 1.38e-04  1.86e+00   937s
  23   1.68460349e+05  1.30476684e+05  2.69e-01 1.31e-04  1.70e+00   987s
  24   1.66551324e+05  1.33160055e+05  2.36e-01 1.24e-04  1.50e+00  1035s
  25   1.65516945e+05  1.36943514e+05  2.16e-01 1.13e-04  1.29e+00  1081s
  26   1.64359374e+05  1.38999409e+05  1.93e-01 1.07e-04  1.15e+00  1130s
  27   1.62333879e+05  1.41726800e+05  1.56e-01 9.71e-05  9.47e-01  1179s
  28   1.61216594e+05  1.43112337e+05  1.36e-01 9.16e-05  8.38e-01  1225s
  29   1.60597814e+05  1.44702645e+05  1.24e-01 8.47e-05  7.39e-01  1272s
  30   1.59578625e+05  1.45824216e+05  1.06e-01 7.98e-05  6.46e-01  1321s
  31   1.59355073e+05  1.46449928e+05  1.02e-01 7.70e-05  6.08e-01  1368s
  32   1.58127025e+05  1.47338442e+05  7.89e-02 7.16e-05  5.15e-01  1415s
  33   1.57745677e+05  1.48300741e+05  7.17e-02 6.50e-05  4.53e-01  1465s
  34   1.57248245e+05  1.49108530e+05  6.25e-02 5.94e-05  3.94e-01  1511s
  35   1.56942316e+05  1.49462318e+05  5.68e-02 5.61e-05  3.63e-01  1558s
  36   1.56381726e+05  1.49920897e+05  4.64e-02 5.20e-05  3.17e-01  1609s
  37   1.55861602e+05  1.50243122e+05  3.67e-02 4.87e-05  2.79e-01  1657s
  38   1.55774725e+05  1.50595646e+05  3.52e-02 4.52e-05  2.57e-01  1703s
  39   1.55593293e+05  1.50876426e+05  3.19e-02 4.21e-05  2.35e-01  1751s
  40   1.55489834e+05  1.51074524e+05  3.00e-02 3.97e-05  2.20e-01  1801s
  41   1.55297093e+05  1.51335148e+05  2.66e-02 3.62e-05  1.98e-01  1849s
  42   1.55196746e+05  1.51401426e+05  2.48e-02 3.53e-05  1.91e-01  1895s
  43   1.55168573e+05  1.51561902e+05  2.43e-02 3.33e-05  1.81e-01  1945s
  44   1.55104496e+05  1.51732244e+05  2.32e-02 3.10e-05  1.69e-01  1993s
  45   1.54995035e+05  1.51846950e+05  2.13e-02 2.94e-05  1.58e-01  2032s
  46   1.54961874e+05  1.52013376e+05  2.07e-02 2.74e-05  1.48e-01  2079s
  47   1.54822682e+05  1.52111077e+05  1.82e-02 2.63e-05  1.37e-01  2129s
  48   1.54710429e+05  1.52192273e+05  1.62e-02 2.54e-05  1.28e-01  2177s
  49   1.54650956e+05  1.52306726e+05  1.52e-02 2.42e-05  1.20e-01  2224s
  50   1.54560995e+05  1.52445649e+05  1.36e-02 2.27e-05  1.09e-01  2275s
  51   1.54532881e+05  1.52474503e+05  1.32e-02 2.24e-05  1.06e-01  2323s
  52   1.54489008e+05  1.52576250e+05  1.24e-02 2.13e-05  9.93e-02  2362s
  53   1.54433556e+05  1.52676287e+05  1.14e-02 2.02e-05  9.18e-02  2413s
  54   1.54350724e+05  1.52726201e+05  1.00e-02 1.95e-05  8.57e-02  2460s
  55   1.54288427e+05  1.52900309e+05  8.91e-03 1.73e-05  7.38e-02  2507s
  56   1.54227888e+05  1.52940217e+05  7.87e-03 1.66e-05  6.89e-02  2557s
  57   1.54191652e+05  1.53003423e+05  7.27e-03 1.55e-05  6.38e-02  2605s
  58   1.54172279e+05  1.53095615e+05  6.93e-03 1.39e-05  5.76e-02  2651s
  59   1.54145353e+05  1.53117309e+05  6.46e-03 1.34e-05  5.52e-02  2692s
  60   1.54122573e+05  1.53185811e+05  6.07e-03 1.21e-05  5.02e-02  2740s
  61   1.54113996e+05  1.53205209e+05  5.92e-03 1.17e-05  4.87e-02  2778s
  62   1.54064227e+05  1.53249128e+05  5.10e-03 1.12e-05  4.43e-02  2826s
  63   1.54037647e+05  1.53289315e+05  4.63e-03 1.07e-05  4.10e-02  2877s
  64   1.54001291e+05  1.53314144e+05  4.03e-03 1.04e-05  3.82e-02  2924s
  65   1.53988051e+05  1.53357572e+05  3.81e-03 9.97e-06  3.55e-02  2971s
  66   1.53980891e+05  1.53377608e+05  3.68e-03 9.71e-06  3.41e-02  3014s
  67   1.53970930e+05  1.53401423e+05  3.52e-03 9.39e-06  3.24e-02  3054s
  68   1.53950507e+05  1.53441910e+05  3.18e-03 8.89e-06  2.94e-02  3101s
  69   1.53937167e+05  1.53479051e+05  2.95e-03 8.26e-06  2.67e-02  3149s
  70   1.53905580e+05  1.53498662e+05  2.43e-03 7.87e-06  2.42e-02  3200s
  71   1.53894403e+05  1.53523579e+05  2.24e-03 7.48e-06  2.23e-02  3247s
  72   1.53881504e+05  1.53542428e+05  2.02e-03 7.20e-06  2.08e-02  3295s
  73   1.53865155e+05  1.53575099e+05  1.76e-03 6.63e-06  1.82e-02  3346s
  74   1.53852416e+05  1.53589110e+05  1.55e-03 6.30e-06  1.68e-02  3395s
  75   1.53837821e+05  1.53608031e+05  1.32e-03 5.87e-06  1.50e-02  3443s
  76   1.53831826e+05  1.53615218e+05  1.23e-03 5.75e-06  1.43e-02  3494s
  77   1.53820103e+05  1.53628653e+05  1.03e-03 5.63e-06  1.32e-02  3542s
  78   1.53813897e+05  1.53637888e+05  9.22e-04 5.41e-06  1.23e-02  3590s
  79   1.53807941e+05  1.53665743e+05  8.24e-04 4.84e-06  1.04e-02  3640s
  80   1.53802780e+05  1.53682973e+05  7.40e-04 4.45e-06  9.10e-03  3689s
  81   1.53802003e+05  1.53686854e+05  7.28e-04 4.30e-06  8.77e-03  3740s
  82   1.53793943e+05  1.53691830e+05  6.08e-04 4.07e-06  8.01e-03  3788s
  83   1.53791206e+05  1.53705967e+05  5.65e-04 3.63e-06  6.90e-03  3836s
  84   1.53789273e+05  1.53714192e+05  5.34e-04 3.28e-06  6.15e-03  3887s
  85   1.53785636e+05  1.53718228e+05  4.82e-04 3.00e-06  5.58e-03  3935s
  86   1.53782719e+05  1.53719240e+05  4.36e-04 2.76e-06  5.19e-03  3982s
  87   1.53778341e+05  1.53723160e+05  3.73e-04 2.45e-06  4.56e-03  4035s
  88   1.53776887e+05  1.53725808e+05  3.51e-04 2.31e-06  4.26e-03  4085s
  89   1.53772347e+05  1.53732330e+05  2.83e-04 2.03e-06  3.54e-03  4133s
  90   1.53770346e+05  1.53733722e+05  2.53e-04 1.90e-06  3.28e-03  4185s
  91   1.53768588e+05  1.53737966e+05  2.26e-04 1.73e-06  2.87e-03  4234s
  92   1.53768239e+05  1.53739511e+05  2.21e-04 1.67e-06  2.74e-03  4283s
  93   1.53766255e+05  1.53743150e+05  1.94e-04 1.57e-06  2.41e-03  4336s
  94   1.53764194e+05  1.53743825e+05  1.66e-04 1.52e-06  2.26e-03  4385s
  95   1.53763490e+05  1.53747051e+05  1.56e-04 1.43e-06  2.00e-03  4434s
  96   1.53762725e+05  1.53751004e+05  1.44e-04 1.37e-06  1.75e-03  4486s
  97   1.53759898e+05  1.53751721e+05  1.06e-04 1.32e-06  1.56e-03  4534s
  98   1.53759178e+05  1.53755071e+05  9.58e-05 1.23e-06  1.31e-03  4582s
  99   1.53757719e+05  1.53755547e+05  7.64e-05 1.14e-06  1.14e-03  4635s
 100   1.53756851e+05  1.53757083e+05  6.40e-05 1.02e-06  9.31e-04  4683s
 101   1.53756349e+05  1.53758955e+05  5.70e-05 9.09e-07  7.31e-04  4736s
 102   1.53755729e+05  1.53758976e+05  4.89e-05 8.19e-07  6.21e-04  4787s
 103   1.53754764e+05  1.53758834e+05  3.56e-05 7.26e-07  5.01e-04  4837s
 104   1.53754008e+05  1.53758870e+05  2.54e-05 6.63e-07  4.09e-04  4889s
 105   1.53753782e+05  1.53760797e+05  2.24e-05 6.22e-07  2.82e-04  4938s
 106   1.53753516e+05  1.53761659e+05  1.89e-05 6.10e-07  2.24e-04  4988s
 107   1.53753126e+05  1.53761921e+05  1.42e-05 6.06e-07  1.93e-04  5042s
 108   1.53752826e+05  1.53759324e+05  1.06e-05 4.60e-07  1.54e-04  5092s
 109   1.53752647e+05  1.53758929e+05  8.33e-06 4.25e-07  1.31e-04  5142s
 110   1.53752551e+05  1.53759225e+05  7.11e-06 4.02e-07  9.39e-05  5196s
 111   1.53752422e+05  1.53758986e+05  5.54e-06 3.74e-07  7.29e-05  5248s
 112   1.53752323e+05  1.53758949e+05  4.42e-06 3.69e-07  6.56e-05  5308s
 113   1.53752288e+05  1.53758650e+05  6.23e-06 3.42e-07  5.19e-05  5360s
 114   1.53752260e+05  1.53758481e+05  6.11e-06 3.30e-07  4.69e-05  5413s
 115   1.53752210e+05  1.53758623e+05  5.04e-06 3.31e-07  3.93e-05  5469s
 116   1.53752195e+05  1.53758462e+05  4.81e-06 3.22e-07  3.68e-05  5513s
 117   1.53752151e+05  1.53758323e+05  4.17e-06 3.14e-07  3.34e-05  5578s
 118   1.53752083e+05  1.53757268e+05  2.90e-06 2.61e-07  2.59e-05  5653s
 119   1.53752071e+05  1.53756875e+05  2.67e-06 2.42e-07  2.35e-05  5759s
 120   1.53752064e+05  1.53756574e+05  2.52e-06 2.26e-07  2.15e-05  5844s
 121   1.53752036e+05  1.53756827e+05  2.01e-06 2.36e-07  1.89e-05  5937s
 122   1.53752018e+05  1.53756475e+05  1.67e-06 2.18e-07  1.64e-05  6044s
 123   1.53752008e+05  1.53756245e+05  1.48e-06 2.03e-07  1.10e-05  6104s
 124   1.53751979e+05  1.53756239e+05  8.54e-07 1.99e-07  6.59e-06  6160s
 125   1.53751974e+05  1.53756026e+05  7.81e-07 1.89e-07  6.15e-06  6327s
 126   1.53751968e+05  1.53755498e+05  6.82e-07 1.65e-07  5.45e-06  6489s
 127   1.53751962e+05  1.53755743e+05  5.74e-07 1.75e-07  4.75e-06  6646s
 128   1.53751957e+05  1.53755140e+05  4.89e-07 1.48e-07  4.01e-06  6816s
 129   1.53751955e+05  1.53755064e+05  4.57e-07 1.44e-07  3.82e-06  6962s
 130   1.53751949e+05  1.53754466e+05  3.60e-07 1.17e-07  3.05e-06  7125s
 131   1.53751946e+05  1.53754088e+05  3.10e-07 9.93e-08  2.60e-06  7307s
 132   1.53751945e+05  1.53753895e+05  2.99e-07 9.04e-08  2.39e-06  7431s
 133   1.53751938e+05  1.53752944e+05  1.74e-07 4.68e-08  1.33e-06  7583s
 134   1.53751933e+05  1.53752320e+05  1.01e-07 1.81e-08  6.52e-07  7702s
 135   1.53751928e+05  1.53752203e+05  2.90e-08 1.25e-08  1.60e-07  7774s
 136   1.53751928e+05  1.53752194e+05  3.67e-06 1.21e-08  1.55e-07  7852s
 137   1.53751928e+05  1.53752160e+05  3.70e-06 1.06e-08  1.36e-07  7912s
 138   1.53751928e+05  1.53752131e+05  3.31e-06 9.28e-09  1.20e-07  7976s
 139   1.53751927e+05  1.53752058e+05  2.30e-06 5.98e-09  7.78e-08  8026s
 140   1.53751927e+05  1.53752030e+05  6.98e-06 4.70e-09  6.43e-08  8083s
 141   1.53751927e+05  1.53751963e+05  4.57e-06 1.88e-09  3.23e-08  8125s

Barrier solved model in 141 iterations and 8125.78 seconds (202.14 work units)
Optimal objective 1.53751927e+05

Crossover log...

  572635 DPushes remaining with DInf 0.0000000e+00              8136s
  230324 DPushes remaining with DInf 0.0000000e+00              8212s
  211102 DPushes remaining with DInf 0.0000000e+00              8217s
  205675 DPushes remaining with DInf 0.0000000e+00              8222s
  204755 DPushes remaining with DInf 0.0000000e+00              8227s
  204044 DPushes remaining with DInf 0.0000000e+00              8230s
  203336 DPushes remaining with DInf 0.0000000e+00              8237s
  202628 DPushes remaining with DInf 0.0000000e+00              8241s
  201118 DPushes remaining with DInf 0.0000000e+00              8248s
  200290 DPushes remaining with DInf 0.0000000e+00              8252s
  199452 DPushes remaining with DInf 0.0000000e+00              8257s
  198475 DPushes remaining with DInf 0.0000000e+00              8261s
  195449 DPushes remaining with DInf 0.0000000e+00              8268s
  193015 DPushes remaining with DInf 0.0000000e+00              8272s
  188269 DPushes remaining with DInf 0.0000000e+00              8276s
  172525 DPushes remaining with DInf 0.0000000e+00              8282s
  166518 DPushes remaining with DInf 0.0000000e+00              8285s
  150888 DPushes remaining with DInf 0.0000000e+00              8292s
  143614 DPushes remaining with DInf 0.0000000e+00              8295s
  124804 DPushes remaining with DInf 0.0000000e+00              8302s
  104945 DPushes remaining with DInf 0.0000000e+00              8309s
   97025 DPushes remaining with DInf 0.0000000e+00              8314s
   92268 DPushes remaining with DInf 0.0000000e+00              8320s
   90459 DPushes remaining with DInf 0.0000000e+00              8326s
   87886 DPushes remaining with DInf 0.0000000e+00              8334s
   84686 DPushes remaining with DInf 0.0000000e+00              8340s
   83190 DPushes remaining with DInf 0.0000000e+00              8345s
   82246 DPushes remaining with DInf 0.0000000e+00              8350s
   81308 DPushes remaining with DInf 0.0000000e+00              8354s
   80419 DPushes remaining with DInf 0.0000000e+00              8358s
   79554 DPushes remaining with DInf 0.0000000e+00              8363s
   78693 DPushes remaining with DInf 0.0000000e+00              8370s
   77765 DPushes remaining with DInf 0.0000000e+00              8378s
   76092 DPushes remaining with DInf 0.0000000e+00              8384s
   74029 DPushes remaining with DInf 0.0000000e+00              8390s
   72732 DPushes remaining with DInf 0.0000000e+00              8398s
   71889 DPushes remaining with DInf 0.0000000e+00              8405s
   71105 DPushes remaining with DInf 0.0000000e+00              8410s
   70331 DPushes remaining with DInf 0.0000000e+00              8414s
   69550 DPushes remaining with DInf 0.0000000e+00              8419s
   68773 DPushes remaining with DInf 0.0000000e+00              8424s
   68032 DPushes remaining with DInf 0.0000000e+00              8428s
   67279 DPushes remaining with DInf 0.0000000e+00              8433s
   66521 DPushes remaining with DInf 0.0000000e+00              8437s
   65779 DPushes remaining with DInf 0.0000000e+00              8441s
   65038 DPushes remaining with DInf 0.0000000e+00              8445s
   63595 DPushes remaining with DInf 0.0000000e+00              8452s
   62874 DPushes remaining with DInf 0.0000000e+00              8456s
   62143 DPushes remaining with DInf 0.0000000e+00              8460s
   60684 DPushes remaining with DInf 0.0000000e+00              8469s
   59967 DPushes remaining with DInf 0.0000000e+00              8473s
   59254 DPushes remaining with DInf 0.0000000e+00              8478s
   58531 DPushes remaining with DInf 0.0000000e+00              8483s
   57813 DPushes remaining with DInf 0.0000000e+00              8489s
   57084 DPushes remaining with DInf 0.0000000e+00              8494s
   56366 DPushes remaining with DInf 0.0000000e+00              8499s
   55644 DPushes remaining with DInf 0.0000000e+00              8506s
   54920 DPushes remaining with DInf 0.0000000e+00              8511s
   54210 DPushes remaining with DInf 0.0000000e+00              8516s
   53670 DPushes remaining with DInf 0.0000000e+00              8529s
   53179 DPushes remaining with DInf 0.0000000e+00              8542s
   52668 DPushes remaining with DInf 0.0000000e+00              8555s
   52158 DPushes remaining with DInf 0.0000000e+00              8569s
   51646 DPushes remaining with DInf 0.0000000e+00              8582s
   51146 DPushes remaining with DInf 0.0000000e+00              8596s
   50644 DPushes remaining with DInf 0.0000000e+00              8609s
   50133 DPushes remaining with DInf 0.0000000e+00              8622s
   49619 DPushes remaining with DInf 0.0000000e+00              8635s
   49108 DPushes remaining with DInf 0.0000000e+00              8648s
   48598 DPushes remaining with DInf 0.0000000e+00              8661s
   48066 DPushes remaining with DInf 0.0000000e+00              8674s
   47516 DPushes remaining with DInf 0.0000000e+00              8688s
   46985 DPushes remaining with DInf 0.0000000e+00              8701s
   46465 DPushes remaining with DInf 0.0000000e+00              8713s
   45974 DPushes remaining with DInf 0.0000000e+00              8727s
   45462 DPushes remaining with DInf 0.0000000e+00              8741s
   44931 DPushes remaining with DInf 0.0000000e+00              8754s
   44397 DPushes remaining with DInf 0.0000000e+00              8767s
   43927 DPushes remaining with DInf 0.0000000e+00              8778s
   43391 DPushes remaining with DInf 0.0000000e+00              8790s
   42879 DPushes remaining with DInf 0.0000000e+00              8802s
   42283 DPushes remaining with DInf 0.0000000e+00              8813s
   41574 DPushes remaining with DInf 0.0000000e+00              8825s
   41134 DPushes remaining with DInf 0.0000000e+00              8837s
   40683 DPushes remaining with DInf 0.0000000e+00              8849s
   40222 DPushes remaining with DInf 0.0000000e+00              8862s
   39762 DPushes remaining with DInf 0.0000000e+00              8875s
   39222 DPushes remaining with DInf 0.0000000e+00              8888s
   38632 DPushes remaining with DInf 0.0000000e+00              8900s
   37922 DPushes remaining with DInf 0.0000000e+00              8912s
   37213 DPushes remaining with DInf 0.0000000e+00              8920s
   36505 DPushes remaining with DInf 0.0000000e+00              8925s
   35797 DPushes remaining with DInf 0.0000000e+00              8928s
   35089 DPushes remaining with DInf 0.0000000e+00              8931s
   34381 DPushes remaining with DInf 0.0000000e+00              8938s
   33681 DPushes remaining with DInf 0.0000000e+00              8949s
   33191 DPushes remaining with DInf 0.0000000e+00              8959s
   32531 DPushes remaining with DInf 0.0000000e+00              8974s
   31871 DPushes remaining with DInf 0.0000000e+00              8991s
   31211 DPushes remaining with DInf 0.0000000e+00              9006s
   30551 DPushes remaining with DInf 0.0000000e+00              9023s
   29891 DPushes remaining with DInf 0.0000000e+00              9039s
   29241 DPushes remaining with DInf 0.0000000e+00              9055s
   28601 DPushes remaining with DInf 0.0000000e+00              9069s
   28171 DPushes remaining with DInf 0.0000000e+00              9079s
   27721 DPushes remaining with DInf 0.0000000e+00              9090s
   27271 DPushes remaining with DInf 0.0000000e+00              9100s
   26831 DPushes remaining with DInf 0.0000000e+00              9110s
   26381 DPushes remaining with DInf 0.0000000e+00              9121s
   25941 DPushes remaining with DInf 0.0000000e+00              9132s
   25471 DPushes remaining with DInf 0.0000000e+00              9142s
   24981 DPushes remaining with DInf 0.0000000e+00              9153s
   24481 DPushes remaining with DInf 0.0000000e+00              9164s
   23971 DPushes remaining with DInf 0.0000000e+00              9175s
   23471 DPushes remaining with DInf 0.0000000e+00              9186s
   23001 DPushes remaining with DInf 0.0000000e+00              9196s
   22491 DPushes remaining with DInf 0.0000000e+00              9207s
   21931 DPushes remaining with DInf 0.0000000e+00              9218s
   21331 DPushes remaining with DInf 0.0000000e+00              9228s
   20671 DPushes remaining with DInf 0.0000000e+00              9239s
   19971 DPushes remaining with DInf 0.0000000e+00              9249s
   19263 DPushes remaining with DInf 0.0000000e+00              9260s
   18555 DPushes remaining with DInf 0.0000000e+00              9270s
   17847 DPushes remaining with DInf 0.0000000e+00              9279s
   17139 DPushes remaining with DInf 0.0000000e+00              9287s
   16431 DPushes remaining with DInf 0.0000000e+00              9295s
   15723 DPushes remaining with DInf 0.0000000e+00              9302s
   15015 DPushes remaining with DInf 0.0000000e+00              9308s
   14307 DPushes remaining with DInf 0.0000000e+00              9312s
   12891 DPushes remaining with DInf 0.0000000e+00              9318s
   11890 DPushes remaining with DInf 0.0000000e+00              9321s
   10142 DPushes remaining with DInf 0.0000000e+00              9326s
    8140 DPushes remaining with DInf 0.0000000e+00              9331s
    6431 DPushes remaining with DInf 0.0000000e+00              9339s
    5723 DPushes remaining with DInf 0.0000000e+00              9344s
    5363 DPushes remaining with DInf 0.0000000e+00              9353s
    5003 DPushes remaining with DInf 0.0000000e+00              9363s
    4653 DPushes remaining with DInf 0.0000000e+00              9373s
    4333 DPushes remaining with DInf 0.0000000e+00              9382s
    4003 DPushes remaining with DInf 0.0000000e+00              9390s
    3643 DPushes remaining with DInf 0.0000000e+00              9399s
    3203 DPushes remaining with DInf 0.0000000e+00              9408s
    2533 DPushes remaining with DInf 0.0000000e+00              9418s
    1825 DPushes remaining with DInf 0.0000000e+00              9423s
     824 DPushes remaining with DInf 0.0000000e+00              9425s
     404 DPushes remaining with DInf 0.0000000e+00              9436s
       0 DPushes remaining with DInf 0.0000000e+00              9445s

  788595 PPushes remaining with PInf 8.0234096e+01              9447s
  683055 PPushes remaining with PInf 1.5696004e+00              9456s
  640349 PPushes remaining with PInf 1.4239413e+00              9463s
  622855 PPushes remaining with PInf 1.3187169e+00              9470s
  462495 PPushes remaining with PInf 1.1823978e+00              9481s
  341816 PPushes remaining with PInf 4.0183812e+00              9490s
  340164 PPushes remaining with PInf 3.8754452e+00              9500s
  328793 PPushes remaining with PInf 3.8846455e+00              9513s
  166093 PPushes remaining with PInf 4.3231546e+00              9537s
  123541 PPushes remaining with PInf 6.1616076e+00              9561s
  121016 PPushes remaining with PInf 6.0857326e+00              9583s
  107982 PPushes remaining with PInf 6.0080169e+00              9606s
   69806 PPushes remaining with PInf 6.3954432e+00              9630s
   62987 PPushes remaining with PInf 6.5465976e+00              9651s
   57698 PPushes remaining with PInf 6.4507211e+00              9671s
   31015 PPushes remaining with PInf 6.7544574e+00              9698s
   21619 PPushes remaining with PInf 7.3757690e+00              9727s
   14497 PPushes remaining with PInf 9.0464617e+00              9747s
    9814 PPushes remaining with PInf 8.9504507e+00              9769s
    6280 PPushes remaining with PInf 8.9497256e+00              9797s
    4323 PPushes remaining with PInf 8.7239858e+00              9823s
    3063 PPushes remaining with PInf 2.7033194e+00              9852s
     369 PPushes remaining with PInf 1.3760694e+00              9918s
       0 PPushes remaining with PInf 2.0255528e-04              9981s

  Push phase complete: Pinf 2.0255528e-04, Dinf 3.2994112e+00   9982s

Iteration    Objective       Primal Inf.    Dual Inf.      Time
  935809    1.5375193e+05   0.000000e+00   3.299411e+00  10049s
  936517    1.5375193e+05   2.152444e-05   2.975000e+07  10193s
  937225    1.5375193e+05   2.635769e-05   3.275000e+07  10343s
  937933    1.5375193e+05   3.182237e-05   1.266666e+08  10506s
  938641    1.5375193e+05   1.662942e-04   2.040000e+08  10754s
  939349    1.5375193e+05   3.140438e-05   6.616674e+07  11016s
  940057    1.5375193e+05   4.005639e-04   3.633333e+07  11260s
  940765    1.5375193e+05   7.710133e-04   1.334413e+09  11529s
  941312    1.5375193e+05   2.702032e-04   2.366516e+08  11747s
  942020    1.5375193e+05   1.153185e-05   5.400020e+07  11999s
  942728    1.5375193e+05   4.655830e-05   2.234492e+07  12248s
  943247    1.5375193e+05   4.777073e-01   2.723795e+12  12461s
  943955    1.5375193e+05   1.375772e-04   6.083715e+08  12731s
  944488    1.5375193e+05   3.547138e-05   7.349977e+07  12944s
  945196    1.5375193e+05   0.000000e+00   2.147260e+01  13184s
  945904    1.5375193e+05   1.046479e-05   9.906249e+07  13439s
  946612    1.5375193e+05   2.543465e-02   1.415663e+11  13702s
  947320    1.5375193e+05   2.474813e-05   3.286890e+07  13937s
  948028    1.5375193e+05   4.211794e-06   9.606371e+06  14125s
  948736    1.5375193e+05   3.118598e-05   3.125000e+07  14246s
  949444    1.5375193e+05   3.994453e-06   1.479686e+07  14307s
  950152    1.5375193e+05   1.242384e-04   3.315947e+07  14439s
  950860    1.5375193e+05   3.877609e-05   1.444271e+08  14632s
  951019    1.5375193e+05   4.789859e-05   0.000000e+00  14727s
  951025    1.5375193e+05   8.558955e-05   1.116666e+08  14829s
  951747    1.5375193e+05   1.097220e-05   3.346561e+07  15067s
  952347    1.5375193e+05   5.921463e-05   1.155963e+08  15295s
  953173    1.5375193e+05   0.000000e+00   1.071507e-01  15444s
  953288    1.5375193e+05   7.005633e-06   0.000000e+00  15513s
Extra simplex iterations after uncrush: 2264
  953289    1.5375193e+05   0.000000e+00   0.000000e+00  15563s

Solved with barrier
Solved in 953289 iterations and 15563.20 seconds (3284.28 work units)
Optimal objective  1.537519264e+05
Warning: unscaled dual violation = 6.75872e-06 and residual = 4.42335e-14

User-callback calls 2310607, time in user-callback 4.52 sec
