
Gurobi 9.1.2 (linux64) logging started Thu Aug  5 16:11:04 2021


Gurobi 9.1.2 (linux64) logging started Thu Aug  5 16:11:14 2021

Gurobi Optimizer version 9.1.2 build v9.1.2rc0 (linux64)
Thread count: 40 physical cores, 40 logical processors, using up to 32 threads
Optimize a model with 3188514 rows, 1314095 columns and 9550615 nonzeros
Model fingerprint: 0x40bd3e6e
Coefficient statistics:
  Matrix range     [1e-06, 1e-03]
  Objective range  [1e-02, 4e+02]
  Bounds range     [2e+02, 8e+06]
  RHS range        [6e-03, 8e+05]

Concurrent LP optimizer: primal simplex, dual simplex, and barrier
Showing barrier log only...

Presolve removed 2865167 rows and 774456 columns (presolve time = 6s) ...
Presolve removed 2944002 rows and 809491 columns (presolve time = 10s) ...
Presolve removed 2944002 rows and 809491 columns
Presolve time: 11.94s
Presolved: 244512 rows, 548399 columns, 1550698 nonzeros

Ordering time: 0.38s

Barrier statistics:
 AA' NZ     : 1.321e+06
 Factor NZ  : 5.769e+06 (roughly 400 MBytes of memory)
 Factor Ops : 2.122e+08 (less than 1 second per iteration)
 Threads    : 30

                  Objective                Residual
Iter       Primal          Dual         Primal    Dual     Compl     Time
   0   5.38280101e+11 -1.34504823e+13  4.56e+11 4.07e-14  1.39e+10    20s
   1   1.72759080e+11 -1.44646098e+13  1.16e+11 6.55e+02  3.68e+09    34s
   2   1.22071996e+11 -1.64046043e+13  1.90e+10 1.84e+02  1.39e+09    52s
   3   1.52888965e+10 -1.69823759e+13  1.82e+09 1.58e+02  1.68e+08    71s
   4   4.53484684e+09 -1.10098996e+13  8.50e+04 1.02e-12  3.11e+07    89s
   5   2.89100602e+09 -3.94452844e+12  1.44e+04 9.09e-13  6.26e+06   102s
   6   2.63050471e+09 -7.79586453e+11  1.64e+03 1.02e-12  9.05e+05   116s
   7   2.57826879e+09 -1.17774204e+11  1.62e+02 7.96e-13  1.20e+05   134s
   8   2.40503402e+09 -3.09234063e+10  1.61e+01 4.55e-13  3.17e+04   147s
   9   1.53427708e+09 -7.27891259e+09  1.59e+00 2.56e-13  8.32e+03   165s
  10   9.01524415e+08 -3.16851762e+09  5.26e-01 1.42e-13  3.84e+03   178s
  11   5.51745385e+08 -1.01739063e+09  1.73e-01 6.39e-14  1.48e+03   197s
  12   4.14639626e+08 -3.96837053e+08  9.42e-02 3.20e-14  7.65e+02   210s
  13   3.35925107e+08 -9.37240645e+07  5.43e-02 1.60e-14  4.05e+02   226s
  14   2.86170814e+08  3.11013431e+07  3.21e-02 1.07e-14  2.41e+02   238s
  15   2.51370838e+08  1.09288749e+08  1.76e-02 7.11e-15  1.34e+02   262s
  16   2.36389963e+08  1.42245083e+08  1.16e-02 5.33e-15  8.88e+01   280s
  17   2.27552676e+08  1.62981294e+08  8.06e-03 3.55e-15  6.09e+01   302s
  18   2.22584346e+08  1.72983248e+08  6.12e-03 3.55e-15  4.68e+01   318s
  19   2.17067166e+08  1.78013412e+08  3.95e-03 3.55e-15  3.68e+01   341s
  20   2.15399054e+08  1.82853780e+08  3.24e-03 3.55e-15  3.07e+01   358s
  21   2.13804731e+08  1.88852293e+08  2.57e-03 2.66e-15  2.35e+01   382s
  22   2.12457710e+08  1.94293413e+08  2.02e-03 2.66e-15  1.71e+01   414s
  23   2.11492611e+08  1.98676206e+08  1.62e-03 1.94e-15  1.21e+01   445s
  24   2.10026965e+08  2.01681250e+08  1.03e-03 1.33e-15  7.87e+00   474s
  25   2.08599381e+08  2.03829896e+08  4.40e-04 9.61e-16  4.50e+00   503s
  26   2.08247866e+08  2.05766699e+08  2.96e-04 7.77e-16  2.34e+00   527s
  27   2.07931404e+08  2.06421401e+08  1.68e-04 5.55e-16  1.42e+00   545s
  28   2.07850778e+08  2.06946726e+08  1.36e-04 2.78e-16  8.52e-01   562s
  29   2.07682771e+08  2.07214052e+08  7.00e-05 2.39e-16  4.42e-01   581s
  30   2.07597183e+08  2.07337161e+08  3.63e-05 2.22e-16  2.45e-01   599s
  31   2.07565801e+08  2.07423737e+08  2.41e-05 3.33e-16  1.34e-01   618s
  32   2.07544101e+08  2.07461879e+08  1.57e-05 2.36e-16  7.75e-02   639s
  33   2.07522056e+08  2.07480723e+08  7.42e-06 2.22e-16  3.90e-02   664s
  34   2.07511778e+08  2.07489830e+08  3.53e-06 2.22e-16  2.07e-02   697s
  35   2.07507794e+08  2.07495983e+08  2.06e-06 2.22e-16  1.11e-02   734s
  36   2.07505517e+08  2.07499216e+08  1.23e-06 2.22e-16  5.94e-03   776s
  37   2.07504829e+08  2.07500544e+08  9.79e-07 2.22e-16  4.04e-03   846s
  38   2.07504221e+08  2.07501309e+08  7.58e-07 3.33e-16  2.75e-03   912s
  39   2.07502889e+08  2.07501776e+08  2.77e-07 1.09e-15  1.05e-03  1013s
  40   2.07502401e+08  2.07502003e+08  1.01e-07 3.32e-09  3.80e-04  1132s
  41   2.07502233e+08  2.07502072e+08  4.19e-08 1.53e-09  1.54e-04  1171s
  42   2.07502177e+08  2.07502089e+08  1.33e-07 2.81e-09  8.49e-05  1200s
  43   2.07502142e+08  2.07502099e+08  1.17e-07 2.34e-09  4.27e-05  1232s
  44   2.07502129e+08  2.07502106e+08  9.42e-08 1.55e-09  2.28e-05  1265s
  45   2.07502120e+08  2.07502109e+08  6.33e-08 1.24e-09  1.08e-05  1291s
  46   2.07502117e+08  2.07502111e+08  4.19e-07 1.21e-09  5.91e-06  1329s
  47   2.07502115e+08  2.07502111e+08  3.52e-07 1.50e-09  3.27e-06  1356s
  48   2.07502113e+08  2.07502112e+08  1.93e-06 2.03e-09  1.55e-06  1379s
  49   2.07502113e+08  2.07502112e+08  1.42e-06 1.96e-09  6.45e-07  1404s
  50   2.07502112e+08  2.07502112e+08  2.64e-06 2.09e-09  2.14e-07  1434s
  51   2.07502112e+08  2.07502112e+08  2.53e-06 2.17e-09  8.71e-08  1456s
  52   2.07502112e+08  2.07502112e+08  1.90e-06 2.18e-09  4.59e-08  1493s

Barrier solved model in 52 iterations and 1493.41 seconds
Optimal objective 2.07502112e+08

Crossover log...

   71757 DPushes remaining with DInf 0.0000000e+00              1507s
    1518 DPushes remaining with DInf 0.0000000e+00              1512s
      44 DPushes remaining with DInf 0.0000000e+00              1516s
       0 DPushes remaining with DInf 0.0000000e+00              1518s

  307619 PPushes remaining with PInf 1.1329866e-03              1519s
  196873 PPushes remaining with PInf 3.5964141e-03              1524s
  141970 PPushes remaining with PInf 2.2611541e-03              1525s
  121644 PPushes remaining with PInf 1.8779366e-03              1530s
  118491 PPushes remaining with PInf 1.8779366e-03              1535s
  108359 PPushes remaining with PInf 1.9397385e-03              1540s
   58183 PPushes remaining with PInf 1.3588204e-02              1548s
   43456 PPushes remaining with PInf 1.3469869e-02              1556s
   39928 PPushes remaining with PInf 1.3469869e-02              1560s
   35784 PPushes remaining with PInf 1.3469869e-02              1565s
   32653 PPushes remaining with PInf 1.3469869e-02              1570s
   29624 PPushes remaining with PInf 1.3469869e-02              1575s
   26687 PPushes remaining with PInf 1.3469869e-02              1580s
   23405 PPushes remaining with PInf 1.3469869e-02              1585s
   20667 PPushes remaining with PInf 1.3469869e-02              1590s
   16986 PPushes remaining with PInf 1.3469869e-02              1595s
   14244 PPushes remaining with PInf 1.3469869e-02              1600s
   11771 PPushes remaining with PInf 1.3469869e-02              1605s
    4478 PPushes remaining with PInf 1.3422450e-02              1613s
     182 PPushes remaining with PInf 2.4831957e+03              1617s
       2 PPushes remaining with PInf 2.4831956e+03              1618s

  Push phase complete: Pinf 2.4831956e+03, Dinf 1.0645258e+00   1618s

Iteration    Objective       Primal Inf.    Dual Inf.      Time
  354180    2.0750211e+08   0.000000e+00   1.064526e+00   1618s
  354236    2.0750211e+08   0.000000e+00   1.259362e-06   1626s
Extra simplex iterations after uncrush: 74
  354312    2.0750211e+08   0.000000e+00   0.000000e+00   1634s

Solved with barrier
Solved in 354312 iterations and 1634.30 seconds
Optimal objective  2.075021122e+08

User-callback calls 423720, time in user-callback 0.49 sec
