
Gurobi 9.1.2 (linux64) logging started Tue Jul  6 19:42:08 2021


Gurobi 9.1.2 (linux64) logging started Tue Jul  6 19:42:10 2021

Gurobi Optimizer version 9.1.2 build v9.1.2rc0 (linux64)
Thread count: 40 physical cores, 40 logical processors, using up to 32 threads
Optimize a model with 59682 rows, 25295 columns and 179783 nonzeros
Model fingerprint: 0xa733eab8
Coefficient statistics:
  Matrix range     [3e-04, 2e+00]
  Objective range  [1e+01, 4e+05]
  Bounds range     [1e+03, 8e+06]
  RHS range        [6e+00, 3e+07]

Concurrent LP optimizer: primal simplex, dual simplex, and barrier
Showing barrier log only...

Presolve removed 18803 rows and 6625 columns
Presolve removed 7909 rows and 16139 columns
Presolve time: 0.57s
Presolved: 17386 rows, 43543 columns, 154004 nonzeros

Ordering time: 2.72s

Barrier statistics:
 Dense cols : 2
 Free vars  : 320
 AA' NZ     : 1.913e+05
 Factor NZ  : 1.501e+06 (roughly 40 MBytes of memory)
 Factor Ops : 2.337e+08 (less than 1 second per iteration)
 Threads    : 30

                  Objective                Residual
Iter       Primal          Dual         Primal    Dual     Compl     Time
   0  -1.58144980e+14 -5.41693351e+11  7.31e+06 1.14e+06  1.19e+12     4s
   1  -7.16208758e+13  5.60857686e+14  2.65e+06 3.36e+07  4.59e+11     5s
   2  -4.19112857e+13  7.84601049e+14  7.10e+05 1.23e+07  1.45e+11     6s
   3  -6.01257243e+13  7.21180540e+14  1.83e+05 5.00e+06  5.14e+10     7s
   4  -5.47442229e+13  3.43527403e+14  2.01e+04 1.09e+06  1.18e+10     8s
   5  -1.41482620e+13  6.22377856e+13  2.86e+00 1.37e+05  1.65e+09     9s
   6  -1.18352744e+12  2.88986382e+13  1.96e-01 6.06e+04  6.47e+08    10s
   7  -1.01053548e+12  1.11694113e+13  1.78e-01 2.12e+04  2.54e+08    11s
   8  -1.03346701e+12  4.30405205e+12  1.21e-01 8.63e+03  1.05e+08    12s
   9  -7.16310613e+11  2.95912397e+12  7.45e-02 5.77e+03  7.16e+07    13s
  10  -2.32322971e+11  1.13111058e+12  2.33e-02 2.04e+03  2.58e+07    14s
  11  -4.57769035e+10  3.84664841e+11  5.72e-03 6.39e+02  7.94e+06    15s
  12  -1.52350168e+10  2.41163597e+11  3.98e-03 3.66e+02  4.69e+06    16s
  13   8.81400818e+09  1.43971168e+11  2.23e-03 1.82e+02  2.46e+06    16s
  14   1.98756652e+10  1.12156138e+11  1.65e-03 1.22e+02  1.67e+06    17s
  15   3.13933872e+10  8.73905579e+10  9.40e-04 7.40e+01  1.01e+06    18s
  16   3.60969606e+10  6.65331347e+10  6.60e-04 3.43e+01  5.47e+05    19s
  17   3.99384608e+10  5.86908578e+10  4.07e-04 2.07e+01  3.36e+05    20s
  18   4.11275773e+10  5.45587057e+10  3.15e-04 1.37e+01  2.40e+05    21s
  19   4.24666792e+10  5.13074339e+10  2.23e-04 8.29e+00  1.58e+05    23s
  20   4.30977579e+10  4.95371158e+10  1.86e-04 5.43e+00  1.15e+05    24s
  21   4.36119504e+10  4.85939936e+10  1.53e-04 3.99e+00  8.85e+04    24s
  22   4.44521969e+10  4.79780783e+10  9.21e-05 3.11e+00  6.28e+04    26s
  23   4.48953550e+10  4.71122257e+10  5.56e-05 1.90e+00  3.95e+04    26s
  24   4.51466647e+10  4.66685730e+10  3.70e-05 1.30e+00  2.71e+04    28s
  25   4.52421827e+10  4.64598062e+10  2.94e-05 1.03e+00  2.17e+04    28s
  26   4.52969031e+10  4.62460863e+10  2.45e-05 7.67e-01  1.69e+04    29s
  27   4.53721055e+10  4.61071732e+10  1.75e-05 5.91e-01  1.31e+04    30s
  28   4.54453056e+10  4.59410570e+10  1.16e-05 3.84e-01  8.80e+03    31s
  29   4.54980419e+10  4.58025379e+10  7.42e-06 2.16e-01  5.40e+03    32s
  30   4.55267202e+10  4.57252470e+10  4.64e-06 1.29e-01  3.51e+03    33s
  31   4.55526134e+10  4.57119465e+10  4.04e-06 1.13e-01  2.83e+03    34s
  32   4.55590889e+10  4.56810765e+10  4.13e-06 7.94e-02  2.16e+03    35s
  33   4.55812880e+10  4.56620035e+10  3.45e-06 5.76e-02  1.43e+03    36s
  34   4.55862832e+10  4.56456240e+10  3.74e-06 4.00e-02  1.05e+03    37s
  35   4.55923622e+10  4.56380504e+10  3.73e-06 3.14e-02  8.10e+02    38s
  36   4.55980100e+10  4.56277492e+10  3.34e-06 2.01e-02  5.27e+02    39s
  37   4.56023415e+10  4.56174842e+10  2.37e-06 9.31e-03  2.68e+02    40s
  38   4.56056784e+10  4.56130226e+10  3.12e-06 4.74e-03  1.30e+02    41s
  39   4.56067024e+10  4.56113022e+10  2.43e-06 3.10e-03  8.16e+01    42s
  40   4.56074936e+10  4.56089311e+10  7.26e-06 9.65e-04  2.55e+01    43s
  41   4.56077915e+10  4.56081104e+10  4.81e-06 2.20e-04  5.66e+00    43s
  42   4.56078440e+10  4.56078471e+10  3.62e-06 5.18e-06  5.42e-02    44s
  43   4.56078444e+10  4.56078447e+10  9.18e-06 5.90e-07  4.61e-03    45s
  44   4.56078444e+10  4.56078444e+10  1.64e-08 9.78e-09  1.41e-06    46s
  45   4.56078444e+10  4.56078444e+10  1.18e-04 1.16e-08  1.41e-06    47s

Barrier solved model in 45 iterations and 47.19 seconds
Optimal objective 4.56078444e+10

Crossover log...

    4031 DPushes remaining with DInf 0.0000000e+00                48s
    1679 DPushes remaining with DInf 0.0000000e+00                50s
       0 DPushes remaining with DInf 0.0000000e+00                53s

   30703 PPushes remaining with PInf 2.2909371e-05                53s
    1301 PPushes remaining with PInf 0.0000000e+00                55s
       0 PPushes remaining with PInf 0.0000000e+00                56s

  Push phase complete: Pinf 0.0000000e+00, Dinf 2.1314438e-07     56s

Iteration    Objective       Primal Inf.    Dual Inf.      Time
   34269    4.5607844e+10   0.000000e+00   0.000000e+00     58s

Solved with barrier
Solved in 34269 iterations and 58.02 seconds
Optimal objective  4.560784442e+10

User-callback calls 36980, time in user-callback 0.32 sec
