
Gurobi 9.1.2 (linux64) logging started Thu Aug  5 16:11:01 2021


Gurobi 9.1.2 (linux64) logging started Thu Aug  5 16:11:10 2021

Gurobi Optimizer version 9.1.2 build v9.1.2rc0 (linux64)
Thread count: 40 physical cores, 40 logical processors, using up to 32 threads
Optimize a model with 3188514 rows, 1314095 columns and 9550615 nonzeros
Model fingerprint: 0xc39133f1
Coefficient statistics:
  Matrix range     [1e-06, 1e-03]
  Objective range  [1e-02, 4e+02]
  Bounds range     [3e+02, 8e+06]
  RHS range        [6e-03, 8e+05]

Concurrent LP optimizer: primal simplex, dual simplex, and barrier
Showing barrier log only...

Presolve removed 2812617 rows and 721900 columns (presolve time = 6s) ...
Presolve removed 2905468 rows and 770949 columns (presolve time = 10s) ...
Presolve removed 2905468 rows and 770949 columns
Presolve time: 11.91s
Presolved: 283046 rows, 586941 columns, 1762632 nonzeros

Elapsed ordering time = 5s
Elapsed ordering time = 10s
Ordering time: 13.64s

Barrier statistics:
 AA' NZ     : 1.640e+06
 Factor NZ  : 8.664e+06 (roughly 400 MBytes of memory)
 Factor Ops : 6.150e+08 (less than 1 second per iteration)
 Threads    : 30

                  Objective                Residual
Iter       Primal          Dual         Primal    Dual     Compl     Time
   0   4.96252662e+11 -1.28583358e+13  3.91e+11 4.07e-14  1.28e+10    36s
   1   1.64667258e+11 -1.39941466e+13  9.75e+10 6.43e+02  3.35e+09    54s
   2   1.08329034e+11 -1.66047041e+13  1.55e+10 1.18e+02  1.21e+09    77s
   3   1.36574852e+10 -1.69987634e+13  1.31e+09 9.40e+01  1.44e+08    96s
   4   4.43116447e+09 -1.02622494e+13  8.05e+04 1.14e-12  2.61e+07   115s
   5   2.94761058e+09 -3.41769957e+12  1.14e+04 1.02e-12  4.76e+06   130s
   6   2.75892088e+09 -6.62627524e+11  1.43e+03 1.02e-12  7.10e+05   145s
   7   2.70497949e+09 -1.06174690e+11  1.41e+02 7.96e-13  1.01e+05   164s
   8   2.49771129e+09 -3.04160954e+10  1.40e+01 5.68e-13  2.91e+04   178s
   9   1.65399695e+09 -8.14829572e+09  1.39e+00 2.84e-13  8.63e+03   197s
  10   1.07428765e+09 -3.58131521e+09  4.31e-01 1.42e-13  4.10e+03   209s
  11   7.05468653e+08 -1.02756863e+09  1.65e-01 5.33e-14  1.52e+03   228s
  12   5.53992595e+08 -3.97779069e+08  9.09e-02 3.20e-14  8.37e+02   241s
  13   4.54940907e+08 -5.41531114e+07  5.13e-02 1.78e-14  4.48e+02   259s
  14   4.01790200e+08  7.19925096e+07  3.26e-02 1.24e-14  2.90e+02   272s
  15   3.64800530e+08  1.70502041e+08  2.02e-02 7.99e-15  1.71e+02   298s
  16   3.46720184e+08  2.10975313e+08  1.44e-02 5.77e-15  1.19e+02   315s
  17   3.34673188e+08  2.51850518e+08  1.06e-02 3.55e-15  7.28e+01   340s
  18   3.29160631e+08  2.61807180e+08  8.95e-03 3.55e-15  5.92e+01   357s
  19   3.21481355e+08  2.73259130e+08  6.54e-03 3.55e-15  4.24e+01   382s
  20   3.18426134e+08  2.79048151e+08  5.57e-03 2.66e-15  3.46e+01   399s
  21   3.13600250e+08  2.83860213e+08  4.12e-03 1.94e-15  2.61e+01   422s
  22   3.08974146e+08  2.89950138e+08  2.58e-03 1.78e-15  1.67e+01   453s
  23   3.04958357e+08  2.95237554e+08  1.20e-03 1.33e-15  8.54e+00   485s
  24   3.03346034e+08  2.98107370e+08  6.50e-04 7.46e-16  4.60e+00   515s
  25   3.02373186e+08  2.99660495e+08  3.26e-04 4.44e-16  2.38e+00   539s
  26   3.02119375e+08  3.00355285e+08  2.41e-04 2.35e-16  1.55e+00   557s
  27   3.01889334e+08  3.00760629e+08  1.63e-04 2.22e-16  9.92e-01   577s
  28   3.01733193e+08  3.01011972e+08  1.10e-04 2.22e-16  6.34e-01   599s
  29   3.01631232e+08  3.01134449e+08  7.49e-05 2.22e-16  4.37e-01   621s
  30   3.01561584e+08  3.01257338e+08  5.13e-05 2.22e-16  2.67e-01   642s
  31   3.01506954e+08  3.01335669e+08  3.28e-05 2.22e-16  1.51e-01   666s
  32   3.01476601e+08  3.01373274e+08  2.23e-05 2.22e-16  9.08e-02   696s
  33   3.01462785e+08  3.01383355e+08  1.76e-05 2.22e-16  6.98e-02   730s
  34   3.01442395e+08  3.01395371e+08  1.16e-05 2.46e-16  4.13e-02   780s
  35   3.01426993e+08  3.01400813e+08  5.79e-06 2.22e-16  2.30e-02   817s
  36   3.01421924e+08  3.01405794e+08  4.08e-06 2.22e-16  1.42e-02   882s
  37   3.01418537e+08  3.01407552e+08  2.78e-06 2.22e-16  9.65e-03   941s
  38   3.01416312e+08  3.01408910e+08  1.94e-06 2.22e-16  6.50e-03  1026s
  39   3.01414672e+08  3.01410118e+08  1.32e-06 4.13e-08  4.06e-03  1133s
  40   3.01413764e+08  3.01410644e+08  9.91e-07 1.95e-08  2.77e-03  1269s
  41   3.01412308e+08  3.01410872e+08  4.14e-07 1.60e-08  1.28e-03  1326s
  42   3.01411787e+08  3.01411086e+08  2.07e-07 6.49e-09  6.25e-04  1389s
  43   3.01411515e+08  3.01411152e+08  1.00e-07 4.31e-09  3.25e-04  1456s
  44   3.01411355e+08  3.01411206e+08  3.86e-08 2.57e-09  1.34e-04  1484s
  45   3.01411310e+08  3.01411235e+08  2.36e-08 1.60e-09  6.83e-05  1537s
  46   3.01411282e+08  3.01411243e+08  2.27e-08 1.24e-09  3.60e-05  1568s
  47   3.01411265e+08  3.01411250e+08  2.52e-08 4.33e-10  1.40e-05  1629s
  48   3.01411257e+08  3.01411252e+08  1.10e-07 6.77e-10  5.13e-06  1695s
  49   3.01411254e+08  3.01411252e+08  1.41e-07 9.78e-10  1.93e-06  1742s
  50   3.01411254e+08  3.01411253e+08  2.09e-06 1.67e-09  1.19e-06  1762s

Barrier solved model in 50 iterations and 1762.16 seconds
Optimal objective 3.01411254e+08

Crossover log...

  204062 variables added to crossover basis                     1777s

   74855 DPushes remaining with DInf 0.0000000e+00              1780s
     294 DPushes remaining with DInf 0.0000000e+00              1787s
       0 DPushes remaining with DInf 0.0000000e+00              1791s

  469542 PPushes remaining with PInf 0.0000000e+00              1793s
  263845 PPushes remaining with PInf 2.3904040e-03              1796s
  166736 PPushes remaining with PInf 2.1636224e-03              1801s
  116670 PPushes remaining with PInf 1.7227872e-03              1805s
  104629 PPushes remaining with PInf 2.5569313e-03              1810s
   42697 PPushes remaining with PInf 1.9298861e-03              1815s
   39655 PPushes remaining with PInf 1.9298861e-03              1820s
   37040 PPushes remaining with PInf 1.9298861e-03              1825s
   34701 PPushes remaining with PInf 1.7598482e-03              1830s
   32150 PPushes remaining with PInf 1.6491000e-03              1835s
   29649 PPushes remaining with PInf 1.6491000e-03              1840s
   26927 PPushes remaining with PInf 1.6491000e-03              1845s
   23985 PPushes remaining with PInf 1.6491000e-03              1850s
   21369 PPushes remaining with PInf 1.6491000e-03              1855s
   18880 PPushes remaining with PInf 1.6491000e-03              1860s
   16558 PPushes remaining with PInf 1.6491000e-03              1865s
   14162 PPushes remaining with PInf 1.6491000e-03              1870s
   11939 PPushes remaining with PInf 1.6491000e-03              1875s
    9639 PPushes remaining with PInf 1.6491000e-03              1880s
    7019 PPushes remaining with PInf 1.6491000e-03              1885s
    2353 PPushes remaining with PInf 6.9947115e-04              1890s
       0 PPushes remaining with PInf 6.2673704e-05              1891s

  Push phase complete: Pinf 6.2673704e-05, Dinf 5.6347895e+00   1891s

Iteration    Objective       Primal Inf.    Dual Inf.      Time
  512756    3.0141125e+08   0.000000e+00   5.634789e+00   1892s
  512853    3.0141125e+08   0.000000e+00   2.000000e-06   1899s
Extra simplex iterations after uncrush: 88
  512942    3.0141125e+08   0.000000e+00   0.000000e+00   1909s

Solved with barrier
Solved in 512942 iterations and 1909.26 seconds
Optimal objective  3.014112526e+08

User-callback calls 558820, time in user-callback 0.62 sec
