
Gurobi 9.5.0 (linux64) logging started Mon Feb  7 12:08:49 2022

Set parameter LogFile to value "/scratch/work/condeil1/EnergySystemModeling.jl/examples/structures/8nodes/instances/.big_files/08n8760h_ftr/output_tri_nosto/gurobi.log"
Set parameter NumericFocus to value 1
Set parameter ScaleFlag to value 2

Gurobi 9.5.0 (linux64) logging started Mon Feb  7 12:08:55 2022

Set parameter LogFile to value "/scratch/work/condeil1/EnergySystemModeling.jl/examples/structures/8nodes/instances/.big_files/08n8760h_ftr/output_tri_nosto/gurobi.log"
Gurobi Optimizer version 9.5.0 build v9.5.0rc5 (linux64)
Thread count: 40 physical cores, 40 logical processors, using up to 32 threads
Optimize a model with 2908186 rows, 1103847 columns and 8709664 nonzeros
Model fingerprint: 0x87bf9e1e
Coefficient statistics:
  Matrix range     [3e-04, 1e+00]
  Objective range  [1e-05, 4e-01]
  Bounds range     [1e+03, 8e+06]
  RHS range        [6e-03, 2e+05]

Concurrent LP optimizer: primal simplex, dual simplex, and barrier
Showing barrier log only...

Presolve removed 953377 rows and 311966 columns (presolve time = 6s) ...
Presolve removed 953377 rows and 311966 columns (presolve time = 13s) ...
Presolve removed 987672 rows and 311966 columns (presolve time = 15s) ...
Presolve removed 987672 rows and 311966 columns
Presolve time: 24.50s
Presolved: 1920514 rows, 791881 columns, 6546809 nonzeros

Ordering time: 2.72s

Barrier statistics:
 Dense cols : 80
 AA' NZ     : 1.259e+07
 Factor NZ  : 6.306e+07 (roughly 1.6 GB of memory)
 Factor Ops : 1.538e+10 (less than 1 second per iteration)
 Threads    : 30

                  Objective                Residual
Iter       Primal          Dual         Primal    Dual     Compl     Time
   0   4.31002512e+08 -1.44655268e+07  1.01e+12 9.10e-03  6.51e+06    57s
   1   3.57441336e+08 -1.44837271e+08  7.39e+11 2.37e-01  2.92e+06    85s
   2   3.44903764e+08 -1.47403561e+08  7.09e+11 2.37e-01  2.84e+06   122s
   3   2.83339761e+08 -2.51484780e+09  6.19e+11 1.22e-01  5.19e+06   167s
   4   2.41833967e+08 -2.48675874e+09  5.23e+11 9.38e-02  4.30e+06   200s
   5   2.81076098e+07 -2.74531205e+09  1.84e+10 4.41e-10  4.09e+05   243s
   6   5.16282799e+06 -1.94875228e+09  2.25e+09 1.57e-08  7.04e+04   283s
   7   3.37993745e+06 -3.11536356e+08  4.81e+08 2.32e-08  8.33e+03   314s
   8   3.11455432e+06 -3.65217966e+07  6.22e+07 2.26e-09  9.68e+02   342s
   9   2.73234502e+06 -1.30769666e+07  5.06e+07 2.74e-05  3.84e+02   367s
  10   2.05746910e+06 -4.95317140e+06  6.98e+06 1.93e-04  1.67e+02   391s
  11   1.42776696e+06 -2.22228688e+06  2.99e+06 1.38e-04  8.67e+01   417s
  12   1.10153101e+06 -8.40912819e+05  1.59e+06 6.76e-05  4.61e+01   441s
  13   8.45504950e+05 -3.61927090e+05  7.96e+05 2.47e-05  2.86e+01   467s
  14   6.23996312e+05 -1.96642031e+05  2.10e+05 1.87e-11  1.94e+01   493s
  15   4.28912717e+05 -8.60945450e+04  4.28e+01 1.05e-11  1.22e+01   525s
  16   3.57194122e+05 -2.26581371e+04  3.12e+01 7.66e-12  8.96e+00   550s
  17   2.80376231e+05  3.22622881e+04  1.91e+01 5.17e-12  5.87e+00   584s
  18   2.52311478e+05  6.52072603e+04  1.50e+01 1.77e-05  4.44e+00   624s
  19   2.32271547e+05  8.76306869e+04  1.20e+01 4.57e-05  3.46e+00   656s
  20   2.11362882e+05  1.03802698e+05  9.08e+00 7.28e-05  2.60e+00   695s
  21   1.96607846e+05  1.13256539e+05  6.95e+00 9.29e-05  2.04e+00   738s
  22   1.88500646e+05  1.21199459e+05  5.75e+00 1.07e-04  1.67e+00   778s
  23   1.82176502e+05  1.27458184e+05  4.79e+00 1.17e-04  1.38e+00   818s
  24   1.79609128e+05  1.29682806e+05  4.42e+00 1.20e-04  1.27e+00   861s
  25   1.78817090e+05  1.30193284e+05  4.30e+00 1.20e-04  1.24e+00   901s
  26   1.77348931e+05  1.30870318e+05  4.06e+00 1.21e-04  1.19e+00   941s
  27   1.76377297e+05  1.32158926e+05  3.90e+00 1.22e-04  1.14e+00   984s
  28   1.75364325e+05  1.33066796e+05  3.73e+00 1.22e-04  1.09e+00  1024s
  29   1.74054148e+05  1.33681403e+05  3.52e+00 1.23e-04  1.05e+00  1064s
  30   1.73279415e+05  1.34945950e+05  3.39e+00 1.23e-04  1.00e+00  1105s
  31   1.71977627e+05  1.36295725e+05  3.16e+00 1.23e-04  9.38e-01  1145s
  32   1.71063073e+05  1.37761031e+05  2.99e+00 1.23e-04  8.82e-01  1188s
  33   1.70121701e+05  1.38550910e+05  2.83e+00 1.23e-04  8.41e-01  1228s
  34   1.69293867e+05  1.39500274e+05  2.68e+00 1.23e-04  7.99e-01  1267s
  35   1.68228921e+05  1.40550756e+05  2.48e+00 1.23e-04  7.49e-01  1308s
  36   1.67628657e+05  1.41683634e+05  2.36e+00 1.22e-04  7.08e-01  1349s
  37   1.66616887e+05  1.42592903e+05  2.16e+00 1.22e-04  6.63e-01  1388s
  38   1.65838391e+05  1.43480831e+05  2.01e+00 1.21e-04  6.23e-01  1429s
  39   1.65262883e+05  1.44113234e+05  1.91e+00 1.21e-04  5.95e-01  1471s
  40   1.65061559e+05  1.44690767e+05  1.87e+00 1.21e-04  5.76e-01  1511s
  41   1.64351857e+05  1.45266376e+05  1.74e+00 1.20e-04  5.46e-01  1551s
  42   1.64056397e+05  1.45909195e+05  1.69e+00 1.20e-04  5.23e-01  1590s
  43   1.63678501e+05  1.47135279e+05  1.61e+00 1.18e-04  4.84e-01  1633s
  44   1.63383803e+05  1.47533639e+05  1.55e+00 1.18e-04  4.68e-01  1665s
  45   1.62928274e+05  1.47977990e+05  1.47e+00 1.17e-04  4.46e-01  1704s
  46   1.62561565e+05  1.48431232e+05  1.39e+00 1.17e-04  4.27e-01  1745s
  47   1.61832759e+05  1.49056748e+05  1.25e+00 1.16e-04  3.94e-01  1787s
  48   1.61418002e+05  1.49764432e+05  1.18e+00 1.14e-04  3.67e-01  1827s
  49   1.61001004e+05  1.50966955e+05  1.10e+00 1.12e-04  3.27e-01  1867s
  50   1.60484901e+05  1.51859211e+05  1.01e+00 1.09e-04  2.92e-01  1909s
  51   1.60089527e+05  1.52066475e+05  9.28e-01 1.08e-04  2.77e-01  1943s
  52   1.59801967e+05  1.52496421e+05  8.76e-01 1.07e-04  2.59e-01  1982s
  53   1.59290858e+05  1.52717040e+05  7.79e-01 1.06e-04  2.42e-01  2022s
  54   1.58980690e+05  1.53300568e+05  7.25e-01 1.04e-04  2.19e-01  2058s
  55   1.58539348e+05  1.53947536e+05  6.48e-01 1.01e-04  1.91e-01  2098s
  56   1.58027508e+05  1.54773923e+05  5.54e-01 9.81e-05  1.57e-01  2138s
  57   1.57769382e+05  1.55035345e+05  5.10e-01 9.65e-05  1.44e-01  2181s
  58   1.57510631e+05  1.55272355e+05  4.67e-01 9.53e-05  1.31e-01  2221s
  59   1.57332101e+05  1.55676243e+05  4.35e-01 9.28e-05  1.16e-01  2261s
  60   1.57128621e+05  1.55754802e+05  4.01e-01 9.22e-05  1.09e-01  2294s
  61   1.56918522e+05  1.55847166e+05  3.65e-01 9.18e-05  1.02e-01  2336s
  62   1.56867172e+05  1.55947952e+05  3.57e-01 9.10e-05  9.74e-02  2376s
  63   1.56522732e+05  1.56096397e+05  2.99e-01 8.96e-05  8.50e-02  2415s
  64   1.56423236e+05  1.56218670e+05  2.83e-01 8.85e-05  7.90e-02  2458s
  65   1.56278357e+05  1.56364524e+05  2.60e-01 8.71e-05  7.12e-02  2498s
  66   1.56121183e+05  1.56442959e+05  2.34e-01 8.64e-05  6.52e-02  2538s
  67   1.56004776e+05  1.56560590e+05  2.16e-01 8.48e-05  5.84e-02  2578s
  68   1.55929219e+05  1.56637075e+05  2.04e-01 8.36e-05  5.40e-02  2621s
  69   1.55884912e+05  1.56656505e+05  1.97e-01 8.33e-05  5.23e-02  2653s
  70   1.55820255e+05  1.56701738e+05  1.87e-01 8.26e-05  4.93e-02  2693s
  71   1.55722475e+05  1.56757086e+05  1.71e-01 8.17e-05  4.50e-02  2733s
  72   1.55635421e+05  1.56788143e+05  1.58e-01 8.11e-05  4.18e-02  2776s
  73   1.55591489e+05  1.56818047e+05  1.51e-01 8.03e-05  3.96e-02  2815s
  74   1.55505721e+05  1.56837265e+05  1.38e-01 7.96e-05  3.66e-02  2855s
  75   1.55414455e+05  1.56867204e+05  1.24e-01 7.85e-05  3.30e-02  2897s
  76   1.55336067e+05  1.56881030e+05  1.11e-01 7.82e-05  3.08e-02  2939s
  77   1.55304411e+05  1.56902418e+05  1.06e-01 7.71e-05  2.87e-02  2978s
  78   1.55280448e+05  1.56924587e+05  1.02e-01 7.65e-05  2.71e-02  3017s
  79   1.55246675e+05  1.56939809e+05  9.71e-02 7.62e-05  2.58e-02  3060s
  80   1.55161857e+05  1.56957216e+05  8.43e-02 7.55e-05  2.31e-02  3101s
  81   1.55131970e+05  1.56970134e+05  7.98e-02 7.47e-05  2.14e-02  3141s
  82   1.55083988e+05  1.56976466e+05  7.27e-02 7.39e-05  1.96e-02  3183s
  83   1.55060492e+05  1.56973983e+05  6.92e-02 7.33e-05  1.87e-02  3216s
  84   1.55020927e+05  1.56971436e+05  6.33e-02 7.28e-05  1.75e-02  3256s
  85   1.55007323e+05  1.56978090e+05  6.13e-02 7.16e-05  1.60e-02  3296s
  86   1.54960066e+05  1.56976521e+05  5.43e-02 7.05e-05  1.41e-02  3338s
  87   1.54912941e+05  1.56971099e+05  4.75e-02 6.99e-05  1.28e-02  3378s
  88   1.54900733e+05  1.56966323e+05  4.57e-02 6.94e-05  1.23e-02  3411s
  89   1.54862225e+05  1.56965226e+05  4.02e-02 6.90e-05  1.12e-02  3455s
  90   1.54852154e+05  1.56956341e+05  3.87e-02 6.84e-05  1.07e-02  3495s
  91   1.54822754e+05  1.56940839e+05  3.47e-02 6.70e-05  9.28e-03  3535s
  92   1.54805707e+05  1.56922775e+05  3.23e-02 6.57e-05  8.30e-03  3578s
  93   1.54779525e+05  1.56913873e+05  2.90e-02 6.52e-05  7.53e-03  3619s
  94   1.54757586e+05  1.56900444e+05  2.62e-02 6.45e-05  6.84e-03  3659s
  95   1.54748528e+05  1.56886857e+05  2.50e-02 6.38e-05  6.37e-03  3701s
  96   1.54735801e+05  1.56872905e+05  2.35e-02 6.33e-05  6.03e-03  3745s
  97   1.54721663e+05  1.56857701e+05  2.18e-02 6.26e-05  5.52e-03  3787s
  98   1.54710467e+05  1.56848229e+05  2.04e-02 6.22e-05  5.21e-03  3830s
  99   1.54706124e+05  1.56837353e+05  1.99e-02 6.18e-05  5.03e-03  3867s
 100   1.54695973e+05  1.56820857e+05  1.87e-02 6.11e-05  4.67e-03  3910s
 101   1.54682243e+05  1.56814776e+05  1.71e-02 6.08e-05  4.32e-03  3952s
 102   1.54675843e+05  1.56807896e+05  1.64e-02 6.06e-05  4.16e-03  3997s
 103   1.54666176e+05  1.56793236e+05  1.53e-02 6.00e-05  3.86e-03  4039s
 104   1.54660145e+05  1.56781579e+05  1.46e-02 5.97e-05  3.70e-03  4082s
 105   1.54651279e+05  1.56767993e+05  1.37e-02 5.92e-05  3.44e-03  4127s
 106   1.54645036e+05  1.56755118e+05  1.30e-02 5.87e-05  3.27e-03  4170s
 107   1.54638067e+05  1.56744418e+05  1.23e-02 5.84e-05  3.09e-03  4212s
 108   1.54632785e+05  1.56733081e+05  1.17e-02 5.80e-05  2.96e-03  4258s
 109   1.54627869e+05  1.56722139e+05  1.12e-02 5.77e-05  2.84e-03  4300s
 110   1.54622866e+05  1.56712382e+05  1.07e-02 5.74e-05  2.72e-03  4343s
 111   1.54617597e+05  1.56700068e+05  1.02e-02 5.70e-05  2.58e-03  4388s
 112   1.54613980e+05  1.56691264e+05  9.82e-03 5.67e-05  2.49e-03  4431s
 113   1.54609841e+05  1.56678942e+05  9.43e-03 5.63e-05  2.36e-03  4474s
 114   1.54605957e+05  1.56676634e+05  9.04e-03 5.62e-05  2.30e-03  4519s
 115   1.54604341e+05  1.56668387e+05  8.88e-03 5.60e-05  2.25e-03  4562s
 116   1.54600440e+05  1.56661372e+05  8.52e-03 5.58e-05  2.17e-03  4605s
 117   1.54597916e+05  1.56649750e+05  8.28e-03 5.54e-05  2.09e-03  4650s
 118   1.54596150e+05  1.56636735e+05  8.11e-03 5.50e-05  2.03e-03  4693s
 119   1.54593230e+05  1.56627411e+05  7.84e-03 5.48e-05  1.97e-03  4735s
 120   1.54590617e+05  1.56618883e+05  7.60e-03 5.45e-05  1.91e-03  4780s
 121   1.54588650e+05  1.56614458e+05  7.42e-03 5.44e-05  1.87e-03  4823s
 122   1.54585488e+05  1.56608247e+05  7.13e-03 5.42e-05  1.81e-03  4866s
 123   1.54583562e+05  1.56595726e+05  6.95e-03 5.39e-05  1.75e-03  4912s
 124   1.54580701e+05  1.56589386e+05  6.70e-03 5.37e-05  1.69e-03  4954s
 125   1.54578119e+05  1.56578158e+05  6.49e-03 5.33e-05  1.62e-03  4999s
 126   1.54574312e+05  1.56570491e+05  6.16e-03 5.31e-05  1.55e-03  5048s
 127   1.54573879e+05  1.56568187e+05  6.12e-03 5.30e-05  1.54e-03  5087s
 128   1.54571959e+05  1.56557130e+05  5.96e-03 5.27e-05  1.49e-03  5132s
 129   1.54570251e+05  1.56546978e+05  5.81e-03 5.24e-05  1.45e-03  5180s
 130   1.54569125e+05  1.56543762e+05  5.71e-03 5.23e-05  1.43e-03  5224s
 131   1.54567624e+05  1.56539076e+05  5.59e-03 5.22e-05  1.40e-03  5271s
 132   1.54566169e+05  1.56529569e+05  5.47e-03 5.19e-05  1.36e-03  5311s
 133   1.54564425e+05  1.56525946e+05  5.33e-03 5.18e-05  1.33e-03  5356s
 134   1.54562772e+05  1.56522846e+05  5.19e-03 5.18e-05  1.30e-03  5403s
 135   1.54561425e+05  1.56516669e+05  5.09e-03 5.16e-05  1.28e-03  5447s
 136   1.54559479e+05  1.56506924e+05  4.94e-03 5.13e-05  1.22e-03  5492s
 137   1.54556698e+05  1.56502885e+05  4.74e-03 5.11e-05  1.15e-03  5539s
 138   1.54554716e+05  1.56499572e+05  4.59e-03 5.10e-05  1.12e-03  5587s
 139   1.54553056e+05  1.56489592e+05  4.47e-03 5.08e-05  1.09e-03  5632s
 140   1.54551292e+05  1.56483560e+05  4.34e-03 5.06e-05  1.05e-03  5678s
 141   1.54549492e+05  1.56477444e+05  4.21e-03 5.04e-05  1.03e-03  5724s
 142   1.54547900e+05  1.56470601e+05  4.09e-03 5.03e-05  9.99e-04  5769s
 143   1.54546640e+05  1.56466193e+05  4.00e-03 5.01e-05  9.79e-04  5807s
 144   1.54544730e+05  1.56461264e+05  3.87e-03 5.00e-05  9.50e-04  5857s
 145   1.54543627e+05  1.56453114e+05  3.79e-03 4.98e-05  9.31e-04  5901s
 146   1.54542448e+05  1.56440804e+05  3.71e-03 4.94e-05  9.06e-04  5949s
 147   1.54540833e+05  1.56437195e+05  3.60e-03 4.93e-05  8.78e-04  5995s
 148   1.54539626e+05  1.56433806e+05  3.52e-03 4.92e-05  8.58e-04  6042s
 149   1.54538483e+05  1.56430474e+05  3.45e-03 4.91e-05  8.34e-04  6091s
 150   1.54537351e+05  1.56429149e+05  3.38e-03 4.91e-05  8.19e-04  6137s
 151   1.54535533e+05  1.56425158e+05  3.26e-03 4.90e-05  7.96e-04  6182s
 152   1.54534096e+05  1.56420937e+05  3.18e-03 4.89e-05  7.67e-04  6229s
 153   1.54532774e+05  1.56414104e+05  3.09e-03 4.87e-05  7.46e-04  6276s
 154   1.54531597e+05  1.56408736e+05  3.01e-03 4.85e-05  7.25e-04  6323s
 155   1.54530559e+05  1.56405546e+05  2.95e-03 4.85e-05  7.10e-04  6370s
 156   1.54530134e+05  1.56400965e+05  2.92e-03 4.83e-05  7.00e-04  6407s
 157   1.54528697e+05  1.56395223e+05  2.83e-03 4.82e-05  6.79e-04  6454s
 158   1.54527641e+05  1.56386933e+05  2.77e-03 4.80e-05  6.63e-04  6491s
 159   1.54526691e+05  1.56380670e+05  2.71e-03 4.78e-05  6.48e-04  6536s
 160   1.54525359e+05  1.56376653e+05  2.63e-03 4.77e-05  6.32e-04  6585s
 161   1.54524282e+05  1.56371435e+05  2.57e-03 4.75e-05  6.16e-04  6631s
 162   1.54523490e+05  1.56368148e+05  2.53e-03 4.75e-05  6.05e-04  6677s
 163   1.54522550e+05  1.56366047e+05  2.48e-03 4.74e-05  5.91e-04  6724s
 164   1.54522234e+05  1.56362034e+05  2.46e-03 4.73e-05  5.84e-04  6769s
 165   1.54521620e+05  1.56359269e+05  2.42e-03 4.72e-05  5.76e-04  6810s
 166   1.54521010e+05  1.56355994e+05  2.39e-03 4.71e-05  5.68e-04  6849s
 167   1.54520126e+05  1.56350308e+05  2.34e-03 4.70e-05  5.56e-04  6894s
 168   1.54519032e+05  1.56347995e+05  2.28e-03 4.69e-05  5.40e-04  6942s
 169   1.54518269e+05  1.56344491e+05  2.24e-03 4.68e-05  5.31e-04  6988s
 170   1.54517486e+05  1.56340048e+05  2.21e-03 4.67e-05  5.19e-04  7029s
 171   1.54516279e+05  1.56336474e+05  2.14e-03 4.66e-05  5.07e-04  7075s
 172   1.54515581e+05  1.56332628e+05  2.11e-03 4.65e-05  4.98e-04  7122s
 173   1.54514510e+05  1.56329192e+05  2.06e-03 4.64e-05  4.83e-04  7167s
 174   1.54513287e+05  1.56325416e+05  2.00e-03 4.63e-05  4.65e-04  7212s
 175   1.54512317e+05  1.56323434e+05  1.95e-03 4.62e-05  4.55e-04  7261s
 176   1.54511419e+05  1.56320632e+05  1.91e-03 4.62e-05  4.44e-04  7307s
 177   1.54510302e+05  1.56319218e+05  1.86e-03 4.61e-05  4.34e-04  7354s
 178   1.54509956e+05  1.56317045e+05  1.84e-03 4.61e-05  4.30e-04  7391s
 179   1.54509456e+05  1.56312773e+05  1.82e-03 4.60e-05  4.22e-04  7437s
 180   1.54508748e+05  1.56308972e+05  1.79e-03 4.59e-05  4.16e-04  7486s
 181   1.54508305e+05  1.56303907e+05  1.76e-03 4.57e-05  4.11e-04  7532s
 182   1.54507948e+05  1.56300745e+05  1.75e-03 4.56e-05  4.07e-04  7574s
 183   1.54507696e+05  1.56295732e+05  1.73e-03 4.55e-05  4.01e-04  7618s
 184   1.54506184e+05  1.56297470e+05  1.66e-03 4.56e-05  3.88e-04  7664s
 185   1.54505236e+05  1.56291126e+05  1.62e-03 4.54e-05  3.76e-04  7709s
 186   1.54504401e+05  1.56283909e+05  1.59e-03 4.52e-05  3.66e-04  7755s
 187   1.54503727e+05  1.56282004e+05  1.56e-03 4.52e-05  3.61e-04  7796s
 188   1.54503263e+05  1.56281208e+05  1.54e-03 4.51e-05  3.57e-04  7834s
 189   1.54502963e+05  1.56279510e+05  1.52e-03 4.51e-05  3.55e-04  7872s
 190   1.54502523e+05  1.56272306e+05  1.50e-03 4.49e-05  3.49e-04  7962s
 191   1.54501582e+05  1.56266594e+05  1.46e-03 4.48e-05  3.38e-04  8050s
 192   1.54500802e+05  1.56263321e+05  1.43e-03 4.47e-05  3.30e-04  8115s
 193   1.54500413e+05  1.56262398e+05  1.41e-03 4.46e-05  3.27e-04  8158s
 194   1.54500095e+05  1.56256509e+05  1.40e-03 4.45e-05  3.22e-04  8232s
 195   1.54499400e+05  1.56252312e+05  1.37e-03 4.44e-05  3.16e-04  8280s
 196   1.54498899e+05  1.56246573e+05  1.35e-03 4.42e-05  3.11e-04  8327s
 197   1.54498633e+05  1.56240872e+05  1.33e-03 4.41e-05  3.08e-04  8367s
 198   1.54498244e+05  1.56236521e+05  1.31e-03 4.40e-05  3.04e-04  8414s
 199   1.54497566e+05  1.56229913e+05  1.29e-03 4.38e-05  2.98e-04  8458s
 200   1.54497187e+05  1.56225528e+05  1.27e-03 4.37e-05  2.94e-04  8506s
 201   1.54496726e+05  1.56220960e+05  1.25e-03 4.36e-05  2.90e-04  8551s
 202   1.54496187e+05  1.56213686e+05  1.23e-03 4.34e-05  2.84e-04  8599s
 203   1.54495701e+05  1.56212455e+05  1.21e-03 4.34e-05  2.81e-04  8637s
 204   1.54495405e+05  1.56209232e+05  1.19e-03 4.33e-05  2.78e-04  8683s
 205   1.54494687e+05  1.56202844e+05  1.17e-03 4.31e-05  2.69e-04  8730s
 206   1.54494449e+05  1.56197354e+05  1.16e-03 4.30e-05  2.66e-04  8765s
 207   1.54494139e+05  1.56192654e+05  1.14e-03 4.29e-05  2.63e-04  8800s
 208   1.54493758e+05  1.56191334e+05  1.13e-03 4.28e-05  2.61e-04  8849s
 209   1.54493505e+05  1.56189687e+05  1.13e-03 4.28e-05  2.59e-04  8885s
 210   1.54492850e+05  1.56186777e+05  1.10e-03 4.27e-05  2.53e-04  8930s
 211   1.54492198e+05  1.56181727e+05  1.08e-03 4.26e-05  2.47e-04  8976s
 212   1.54491962e+05  1.56179314e+05  1.07e-03 4.25e-05  2.45e-04  9019s
 213   1.54491778e+05  1.56177790e+05  1.06e-03 4.25e-05  2.43e-04  9058s
 214   1.54491481e+05  1.56176648e+05  1.05e-03 4.25e-05  2.41e-04  9100s
 215   1.54491092e+05  1.56171737e+05  1.04e-03 4.23e-05  2.38e-04  9136s
 216   1.54490818e+05  1.56167573e+05  1.03e-03 4.22e-05  2.35e-04  9180s
 217   1.54490577e+05  1.56165387e+05  1.02e-03 4.22e-05  2.34e-04  9218s
 218   1.54490353e+05  1.56163370e+05  1.01e-03 4.21e-05  2.32e-04  9262s
 219   1.54490010e+05  1.56161268e+05  1.00e-03 4.21e-05  2.30e-04  9308s
 220   1.54489128e+05  1.56158280e+05  9.71e-04 4.20e-05  2.24e-04  9352s
 221   1.54488677e+05  1.56156324e+05  9.55e-04 4.19e-05  2.20e-04  9395s
 222   1.54488346e+05  1.56152817e+05  9.44e-04 4.19e-05  2.18e-04  9441s
 223   1.54487856e+05  1.56151839e+05  9.28e-04 4.18e-05  2.15e-04  9478s
 224   1.54487272e+05  1.56149071e+05  9.10e-04 4.18e-05  2.10e-04  9525s
 225   1.54487066e+05  1.56147269e+05  9.03e-04 4.17e-05  2.09e-04  9575s
 226   1.54486726e+05  1.56143823e+05  8.92e-04 4.16e-05  2.06e-04  9622s
 227   1.54486213e+05  1.56142796e+05  8.78e-04 4.16e-05  2.03e-04  9670s
 228   1.54485973e+05  1.56138460e+05  8.71e-04 4.15e-05  2.00e-04  9705s
 229   1.54485699e+05  1.56136801e+05  8.61e-04 4.14e-05  1.98e-04  9751s
 230   1.54485353e+05  1.56133598e+05  8.49e-04 4.14e-05  1.95e-04  9787s
 231   1.54484950e+05  1.56129948e+05  8.37e-04 4.13e-05  1.93e-04  9826s
 232   1.54484746e+05  1.56128756e+05  8.29e-04 4.12e-05  1.91e-04  9868s
 233   1.54484780e+05  1.56128232e+05  8.28e-04 4.12e-05  1.91e-04  9937s
 234   1.54484411e+05  1.56123210e+05  8.13e-04 4.11e-05  1.88e-04  10022s
 235   1.54484293e+05  1.56120228e+05  8.08e-04 4.10e-05  1.87e-04  10080s
 236   1.54484192e+05  1.56115822e+05  8.05e-04 4.09e-05  1.85e-04  10120s
 237   1.54483852e+05  1.56114394e+05  7.95e-04 4.09e-05  1.84e-04  10170s
 238   1.54483186e+05  1.56111321e+05  7.74e-04 4.08e-05  1.79e-04  10245s
 239   1.54482784e+05  1.56105912e+05  7.62e-04 4.07e-05  1.76e-04  10299s
 240   1.54482601e+05  1.56100958e+05  7.54e-04 4.05e-05  1.74e-04  10351s
 241   1.54482305e+05  1.56096990e+05  7.45e-04 4.04e-05  1.72e-04  10387s
 242   1.54481988e+05  1.56092821e+05  7.36e-04 4.03e-05  1.70e-04  10423s
 243   1.54481657e+05  1.56091033e+05  7.27e-04 4.03e-05  1.68e-04  10470s
 244   1.54481364e+05  1.56089273e+05  7.19e-04 4.02e-05  1.66e-04  10514s
 245   1.54481171e+05  1.56084767e+05  7.13e-04 4.01e-05  1.64e-04  10555s
 246   1.54480790e+05  1.56083330e+05  7.02e-04 4.01e-05  1.62e-04  10601s
 247   1.54480822e+05  1.56081856e+05  6.98e-04 4.01e-05  1.61e-04  10663s
 248   1.54480507e+05  1.56078862e+05  6.89e-04 4.00e-05  1.60e-04  10710s
 249   1.54480195e+05  1.56078197e+05  6.82e-04 4.00e-05  1.58e-04  10752s
 250   1.54479918e+05  1.56074319e+05  6.75e-04 3.99e-05  1.56e-04  10795s
 251   1.54479509e+05  1.56069657e+05  6.64e-04 3.97e-05  1.53e-04  10840s
 252   1.54479350e+05  1.56067458e+05  6.59e-04 3.97e-05  1.52e-04  10877s
 253   1.54479056e+05  1.56061913e+05  6.51e-04 3.96e-05  1.50e-04  10926s
 254   1.54478959e+05  1.56059924e+05  6.48e-04 3.95e-05  1.49e-04  10964s
 255   1.54478815e+05  1.56056310e+05  6.44e-04 3.94e-05  1.48e-04  11001s
 256   1.54478610e+05  1.56055835e+05  6.38e-04 3.94e-05  1.47e-04  11051s
 257   1.54478263e+05  1.56052766e+05  6.29e-04 3.93e-05  1.45e-04  11096s
 258   1.54478238e+05  1.56051395e+05  6.27e-04 3.93e-05  1.45e-04  11154s
 259   1.54478051e+05  1.56046376e+05  6.22e-04 3.92e-05  1.43e-04  11192s
 260   1.54477632e+05  1.56044299e+05  6.12e-04 3.91e-05  1.41e-04  11232s
 261   1.54477549e+05  1.56041665e+05  6.10e-04 3.90e-05  1.40e-04  11274s
 262   1.54477394e+05  1.56036762e+05  6.05e-04 3.89e-05  1.38e-04  11310s
 263   1.54477190e+05  1.56031346e+05  5.99e-04 3.88e-05  1.37e-04  11349s
 264   1.54477107e+05  1.56028501e+05  5.97e-04 3.87e-05  1.36e-04  11390s
 265   1.54477068e+05  1.56025397e+05  5.96e-04 3.86e-05  1.36e-04  11427s
 266   1.54476988e+05  1.56024775e+05  5.92e-04 3.86e-05  1.35e-04  11505s
 267   1.54476823e+05  1.56021968e+05  5.88e-04 3.86e-05  1.34e-04  11555s
 268   1.54476613e+05  1.56017136e+05  5.82e-04 3.84e-05  1.33e-04  11645s
 269   1.54476302e+05  1.56012243e+05  5.74e-04 3.83e-05  1.31e-04  11695s
 270   1.54475993e+05  1.56002295e+05  5.63e-04 3.81e-05  1.28e-04  11786s
 271   1.54475840e+05  1.56000297e+05  5.59e-04 3.80e-05  1.27e-04  11829s
 272   1.54475505e+05  1.55992705e+05  5.49e-04 3.78e-05  1.24e-04  11894s
 273   1.54475224e+05  1.55988195e+05  5.41e-04 3.77e-05  1.23e-04  11932s
 274   1.54475116e+05  1.55983638e+05  5.38e-04 3.76e-05  1.22e-04  11973s
 275   1.54475017e+05  1.55981719e+05  5.36e-04 3.75e-05  1.21e-04  12012s
 276   1.54474826e+05  1.55978423e+05  5.31e-04 3.75e-05  1.20e-04  12066s
 277   1.54474693e+05  1.55975334e+05  5.28e-04 3.74e-05  1.19e-04  12108s
 278   1.54474595e+05  1.55972323e+05  5.25e-04 3.73e-05  1.18e-04  12151s
 279   1.54474323e+05  1.55969571e+05  5.18e-04 3.72e-05  1.17e-04  12200s
 280   1.54474139e+05  1.55967081e+05  5.13e-04 3.72e-05  1.16e-04  12236s
 281   1.54473813e+05  1.55964810e+05  5.04e-04 3.71e-05  1.15e-04  12278s
 282   1.54473630e+05  1.55960219e+05  5.00e-04 3.70e-05  1.13e-04  12328s
 283   1.54473589e+05  1.55959589e+05  4.97e-04 3.70e-05  1.13e-04  12384s
 284   1.54473267e+05  1.55954604e+05  4.89e-04 3.69e-05  1.11e-04  12435s
 285   1.54473302e+05  1.55953601e+05  4.88e-04 3.68e-05  1.11e-04  12511s
 286   1.54473220e+05  1.55951742e+05  4.86e-04 3.68e-05  1.10e-04  12547s
 287   1.54473170e+05  1.55950710e+05  4.84e-04 3.68e-05  1.10e-04  12612s
 288   1.54472663e+05  1.55946608e+05  4.70e-04 3.67e-05  1.07e-04  12707s
 289   1.54472136e+05  1.55942675e+05  4.58e-04 3.66e-05  1.05e-04  12784s
 290   1.54471832e+05  1.55938579e+05  4.52e-04 3.65e-05  1.03e-04  12850s
 291   1.54471551e+05  1.55932749e+05  4.45e-04 3.63e-05  1.01e-04  12904s
 292   1.54471388e+05  1.55930166e+05  4.40e-04 3.63e-05  1.00e-04  12959s
 293   1.54471260e+05  1.55925890e+05  4.37e-04 3.62e-05  9.89e-05  13026s
 294   1.54470979e+05  1.55923894e+05  4.30e-04 3.61e-05  9.77e-05  13079s
 295   1.54470698e+05  1.55920093e+05  4.23e-04 3.60e-05  9.64e-05  13120s
 296   1.54470491e+05  1.55915983e+05  4.19e-04 3.59e-05  9.51e-05  13171s
 297   1.54469951e+05  1.55912627e+05  4.08e-04 3.58e-05  9.30e-05  13221s
 298   1.54469654e+05  1.55911807e+05  4.02e-04 3.58e-05  9.19e-05  13265s
 299   1.54469311e+05  1.55910752e+05  3.96e-04 3.58e-05  9.06e-05  13304s
 300   1.54469261e+05  1.55907808e+05  3.95e-04 3.57e-05  8.98e-05  13346s
 301   1.54469184e+05  1.55906541e+05  3.93e-04 3.57e-05  8.91e-05  13389s
 302   1.54468828e+05  1.55904203e+05  3.87e-04 3.56e-05  8.76e-05  13443s
 303   1.54468816e+05  1.55900861e+05  3.86e-04 3.55e-05  8.72e-05  13508s
 304   1.54468801e+05  1.55900785e+05  3.86e-04 3.55e-05  8.72e-05  13575s
 305   1.54468537e+05  1.55902476e+05  3.82e-04 3.56e-05  8.61e-05  13704s
 306   1.54468192e+05  1.55898500e+05  3.75e-04 3.55e-05  8.46e-05  13776s
 307   1.54467650e+05  1.55896728e+05  3.64e-04 3.54e-05  8.26e-05  13867s
 308   1.54467386e+05  1.55893026e+05  3.58e-04 3.53e-05  8.09e-05  13967s
 309   1.54466890e+05  1.55887411e+05  3.48e-04 3.52e-05  7.83e-05  14046s
 310   1.54466676e+05  1.55884438e+05  3.42e-04 3.51e-05  7.73e-05  14108s
 311   1.54466381e+05  1.55877964e+05  3.37e-04 3.50e-05  7.55e-05  14171s
 312   1.54466228e+05  1.55873657e+05  3.33e-04 3.49e-05  7.47e-05  14214s
 313   1.54466204e+05  1.55872442e+05  3.32e-04 3.48e-05  7.45e-05  14290s
 314   1.54466165e+05  1.55872064e+05  3.32e-04 3.48e-05  7.44e-05  14363s
 315   1.54466020e+05  1.55865616e+05  3.28e-04 3.47e-05  7.34e-05  14458s
 316   1.54465776e+05  1.55865198e+05  3.21e-04 3.46e-05  7.25e-05  14533s
 317   1.54465415e+05  1.55861413e+05  3.15e-04 3.45e-05  7.10e-05  14602s
 318   1.54465292e+05  1.55859103e+05  3.12e-04 3.45e-05  7.03e-05  14655s
 319   1.54465061e+05  1.55852384e+05  3.08e-04 3.43e-05  6.89e-05  14717s
 320   1.54464907e+05  1.55850147e+05  3.06e-04 3.43e-05  6.83e-05  14782s
 321   1.54464719e+05  1.55845901e+05  3.02e-04 3.42e-05  6.74e-05  14836s
 322   1.54464381e+05  1.55843769e+05  2.96e-04 3.41e-05  6.64e-05  14882s
 323   1.54464145e+05  1.55841996e+05  2.93e-04 3.41e-05  6.55e-05  14920s
 324   1.54463942e+05  1.55840146e+05  2.89e-04 3.40e-05  6.45e-05  14961s
 325   1.54463721e+05  1.55838913e+05  2.86e-04 3.40e-05  6.35e-05  15013s
 326   1.54463626e+05  1.55836298e+05  2.84e-04 3.39e-05  6.29e-05  15060s
 327   1.54463173e+05  1.55836484e+05  2.79e-04 3.39e-05  6.21e-05  15112s
 328   1.54462870e+05  1.55833206e+05  2.73e-04 3.38e-05  6.11e-05  15161s
 329   1.54462550e+05  1.55830442e+05  2.69e-04 3.38e-05  5.99e-05  15207s
 330   1.54462282e+05  1.55827983e+05  2.64e-04 3.37e-05  5.90e-05  15262s
 331   1.54462138e+05  1.55825565e+05  2.60e-04 3.37e-05  5.82e-05  15327s
 332   1.54462042e+05  1.55824329e+05  2.58e-04 3.36e-05  5.79e-05  15391s
 333   1.54461807e+05  1.55823276e+05  2.54e-04 3.36e-05  5.73e-05  15441s
 334   1.54461499e+05  1.55821050e+05  2.50e-04 3.35e-05  5.64e-05  15488s
 335   1.54461392e+05  1.55817173e+05  2.48e-04 3.35e-05  5.58e-05  15535s
 336   1.54460974e+05  1.55813189e+05  2.41e-04 3.34e-05  5.45e-05  15587s
 337   1.54460685e+05  1.55811119e+05  2.37e-04 3.33e-05  5.35e-05  15634s
 338   1.54460437e+05  1.55809041e+05  2.34e-04 3.32e-05  5.25e-05  15689s
 339   1.54460231e+05  1.55806567e+05  2.31e-04 3.32e-05  5.18e-05  15732s
 340   1.54460227e+05  1.55805697e+05  2.31e-04 3.32e-05  5.17e-05  15805s
 341   1.54460035e+05  1.55804711e+05  2.28e-04 3.31e-05  5.11e-05  15863s
 342   1.54459984e+05  1.55800420e+05  2.26e-04 3.30e-05  5.08e-05  15934s
 343   1.54459973e+05  1.55796680e+05  2.26e-04 3.29e-05  5.06e-05  16016s
 344   1.54459946e+05  1.55794111e+05  2.26e-04 3.29e-05  5.05e-05  16062s
 345   1.54459872e+05  1.55792628e+05  2.25e-04 3.28e-05  5.03e-05  16194s
 346   1.54459675e+05  1.55790592e+05  2.22e-04 3.28e-05  4.98e-05  16259s
 347   1.54459633e+05  1.55790551e+05  2.21e-04 3.28e-05  4.97e-05  16355s
 348   1.54459273e+05  1.55787418e+05  2.16e-04 3.27e-05  4.84e-05  16449s
 349   1.54459191e+05  1.55785792e+05  2.15e-04 3.27e-05  4.81e-05  16501s
 350   1.54459060e+05  1.55782432e+05  2.13e-04 3.26e-05  4.75e-05  16564s
 351   1.54458914e+05  1.55778810e+05  2.10e-04 3.25e-05  4.70e-05  16642s
 352   1.54458686e+05  1.55776491e+05  2.07e-04 3.24e-05  4.63e-05  16689s
 353   1.54458603e+05  1.55774057e+05  2.05e-04 3.24e-05  4.58e-05  16741s
 354   1.54458413e+05  1.55772000e+05  2.02e-04 3.23e-05  4.52e-05  16795s
 355   1.54458309e+05  1.55768768e+05  2.00e-04 3.23e-05  4.45e-05  16849s
 356   1.54458183e+05  1.55766095e+05  1.99e-04 3.22e-05  4.41e-05  16910s
 357   1.54457988e+05  1.55764212e+05  1.96e-04 3.21e-05  4.36e-05  16957s
 358   1.54457908e+05  1.55764217e+05  1.95e-04 3.21e-05  4.36e-05  17043s
 359   1.54457822e+05  1.55760021e+05  1.94e-04 3.20e-05  4.31e-05  17093s
 360   1.54457746e+05  1.55757853e+05  1.93e-04 3.20e-05  4.29e-05  17162s
 361   1.54457619e+05  1.55754884e+05  1.92e-04 3.19e-05  4.25e-05  17208s
 362   1.54457550e+05  1.55753401e+05  1.90e-04 3.19e-05  4.21e-05  17262s
 363   1.54457461e+05  1.55750175e+05  1.89e-04 3.18e-05  4.19e-05  17331s
 364   1.54457364e+05  1.55749329e+05  1.88e-04 3.18e-05  4.16e-05  17380s
 365   1.54457278e+05  1.55746667e+05  1.86e-04 3.17e-05  4.13e-05  17427s
 366   1.54457170e+05  1.55743864e+05  1.85e-04 3.16e-05  4.10e-05  17479s
 367   1.54457026e+05  1.55743292e+05  1.84e-04 3.16e-05  4.08e-05  17535s
 368   1.54456860e+05  1.55742706e+05  1.81e-04 3.16e-05  4.02e-05  17591s
 369   1.54456761e+05  1.55742115e+05  1.80e-04 3.16e-05  4.00e-05  17640s
 370   1.54456729e+05  1.55741384e+05  1.80e-04 3.16e-05  4.00e-05  17772s
 371   1.54456569e+05  1.55737990e+05  1.78e-04 3.15e-05  3.93e-05  17860s
 372   1.54456458e+05  1.55735844e+05  1.76e-04 3.14e-05  3.89e-05  17936s
 373   1.54456301e+05  1.55733022e+05  1.74e-04 3.14e-05  3.85e-05  18046s
 374   1.54456183e+05  1.55729716e+05  1.72e-04 3.13e-05  3.80e-05  18139s
 375   1.54456049e+05  1.55729177e+05  1.71e-04 3.13e-05  3.79e-05  18222s
 376   1.54455990e+05  1.55725877e+05  1.70e-04 3.12e-05  3.76e-05  18279s
 377   1.54455827e+05  1.55723341e+05  1.68e-04 3.11e-05  3.71e-05  18335s
 378   1.54455376e+05  1.55721956e+05  1.63e-04 3.11e-05  3.61e-05  18392s
 379   1.54455170e+05  1.55720473e+05  1.61e-04 3.11e-05  3.55e-05  18441s
 380   1.54455166e+05  1.55720064e+05  1.61e-04 3.11e-05  3.54e-05  18517s
 381   1.54455019e+05  1.55717453e+05  1.59e-04 3.10e-05  3.50e-05  18578s
 382   1.54454916e+05  1.55715417e+05  1.58e-04 3.09e-05  3.48e-05  18640s
 383   1.54454766e+05  1.55714413e+05  1.57e-04 3.09e-05  3.45e-05  18709s
 384   1.54454649e+05  1.55713438e+05  1.55e-04 3.09e-05  3.42e-05  18760s
 385   1.54454635e+05  1.55711946e+05  1.55e-04 3.09e-05  3.41e-05  18850s
 386   1.54454566e+05  1.55709547e+05  1.54e-04 3.08e-05  3.38e-05  18925s
 387   1.54454539e+05  1.55708470e+05  1.53e-04 3.08e-05  3.37e-05  18986s
 388   1.54454534e+05  1.55707762e+05  1.53e-04 3.08e-05  3.37e-05  19066s
 389   1.54454498e+05  1.55705779e+05  1.53e-04 3.07e-05  3.35e-05  19181s
 390   1.54454423e+05  1.55705459e+05  1.52e-04 3.07e-05  3.34e-05  19277s
 391   1.54454365e+05  1.55702404e+05  1.51e-04 3.06e-05  3.32e-05  19337s
 392   1.54454331e+05  1.55701144e+05  1.51e-04 3.06e-05  3.30e-05  19417s
 393   1.54454206e+05  1.55700074e+05  1.49e-04 3.06e-05  3.27e-05  19508s
 394   1.54454001e+05  1.55697089e+05  1.47e-04 3.05e-05  3.22e-05  19594s
 395   1.54453772e+05  1.55694711e+05  1.44e-04 3.04e-05  3.15e-05  19663s
 396   1.54453669e+05  1.55693829e+05  1.44e-04 3.04e-05  3.13e-05  19731s
 397   1.54453588e+05  1.55693576e+05  1.42e-04 3.04e-05  3.12e-05  19806s
 398   1.54453414e+05  1.55691444e+05  1.40e-04 3.04e-05  3.08e-05  19904s
 399   1.54453340e+05  1.55690262e+05  1.38e-04 3.03e-05  3.05e-05  19993s
 400   1.54453069e+05  1.55688035e+05  1.36e-04 3.03e-05  2.99e-05  20054s
 401   1.54452962e+05  1.55685052e+05  1.35e-04 3.02e-05  2.95e-05  20117s
 402   1.54452937e+05  1.55683341e+05  1.34e-04 3.02e-05  2.93e-05  20190s
 403   1.54452934e+05  1.55683334e+05  1.34e-04 3.02e-05  2.93e-05  20287s
 404   1.54452842e+05  1.55680647e+05  1.32e-04 3.01e-05  2.90e-05  20375s
 405   1.54452827e+05  1.55678842e+05  1.32e-04 3.00e-05  2.89e-05  20428s
 406   1.54452745e+05  1.55677744e+05  1.31e-04 3.00e-05  2.88e-05  20489s
 407   1.54452533e+05  1.55675413e+05  1.29e-04 3.00e-05  2.83e-05  20552s
 408   1.54452572e+05  1.55675010e+05  1.29e-04 3.00e-05  2.83e-05  20639s
 409   1.54452249e+05  1.55674306e+05  1.26e-04 2.99e-05  2.77e-05  20701s
 410   1.54452123e+05  1.55672850e+05  1.24e-04 2.99e-05  2.74e-05  20796s
 411   1.54452087e+05  1.55671150e+05  1.24e-04 2.99e-05  2.73e-05  20838s
 412   1.54452018e+05  1.55669935e+05  1.23e-04 2.98e-05  2.70e-05  20904s
 413   1.54451730e+05  1.55669087e+05  1.21e-04 2.98e-05  2.64e-05  20967s
 414   1.54451663e+05  1.55666486e+05  1.20e-04 2.97e-05  2.61e-05  21029s
 415   1.54451588e+05  1.55663391e+05  1.19e-04 2.97e-05  2.58e-05  21082s
 416   1.54451380e+05  1.55661976e+05  1.17e-04 2.96e-05  2.55e-05  21130s
 417   1.54451215e+05  1.55659937e+05  1.16e-04 2.96e-05  2.51e-05  21176s
 418   1.54451164e+05  1.55658636e+05  1.15e-04 2.95e-05  2.49e-05  21226s
 419   1.54451146e+05  1.55655888e+05  1.15e-04 2.95e-05  2.47e-05  21271s
 420   1.54450857e+05  1.55654094e+05  1.12e-04 2.94e-05  2.42e-05  21334s
 421   1.54450801e+05  1.55652868e+05  1.12e-04 2.94e-05  2.41e-05  21429s
 422   1.54450719e+05  1.55650674e+05  1.11e-04 2.94e-05  2.38e-05  21547s
 423   1.54450573e+05  1.55647858e+05  1.09e-04 2.93e-05  2.34e-05  21658s
 424   1.54450467e+05  1.55646631e+05  1.09e-04 2.93e-05  2.34e-05  21769s
 425   1.54450294e+05  1.55644647e+05  1.08e-04 2.92e-05  2.30e-05  21821s
 426   1.54450096e+05  1.55642799e+05  1.06e-04 2.92e-05  2.27e-05  21878s
 427   1.54449987e+05  1.55642426e+05  1.05e-04 2.92e-05  2.26e-05  21958s
 428   1.54449959e+05  1.55642397e+05  1.05e-04 2.91e-05  2.25e-05  22059s
 429   1.54449878e+05  1.55639017e+05  1.04e-04 2.91e-05  2.22e-05  22143s
 430   1.54449823e+05  1.55636455e+05  1.03e-04 2.90e-05  2.21e-05  22246s
 431   1.54449719e+05  1.55635333e+05  1.02e-04 2.90e-05  2.20e-05  22304s
 432   1.54449721e+05  1.55635052e+05  1.02e-04 2.90e-05  2.19e-05  22407s
 433   1.54449499e+05  1.55632248e+05  1.00e-04 2.89e-05  2.15e-05  22489s
 434   1.54449418e+05  1.55632293e+05  1.00e-04 2.89e-05  2.15e-05  22591s
 435   1.54449344e+05  1.55630343e+05  9.94e-05 2.89e-05  2.13e-05  22668s
 436   1.54449242e+05  1.55627956e+05  9.81e-05 2.88e-05  2.10e-05  22735s
 437   1.54449273e+05  1.55627155e+05  9.80e-05 2.88e-05  2.10e-05  22871s
 438   1.54449083e+05  1.55626493e+05  9.67e-05 2.88e-05  2.08e-05  22971s
 439   1.54449084e+05  1.55624978e+05  9.66e-05 2.87e-05  2.07e-05  23035s
 440   1.54448930e+05  1.55622410e+05  9.52e-05 2.87e-05  2.04e-05  23123s
 441   1.54448916e+05  1.55621635e+05  9.51e-05 2.86e-05  2.04e-05  23176s
 442   1.54448823e+05  1.55619303e+05  9.43e-05 2.86e-05  2.02e-05  23245s
 443   1.54448721e+05  1.55618017e+05  9.34e-05 2.86e-05  2.00e-05  23299s
 444   1.54448692e+05  1.55617188e+05  9.30e-05 2.85e-05  1.99e-05  23380s
 445   1.54448587e+05  1.55613584e+05  9.21e-05 2.84e-05  1.98e-05  23454s
 446   1.54448551e+05  1.55613243e+05  9.19e-05 2.84e-05  1.97e-05  23544s
 447   1.54448486e+05  1.55610695e+05  9.12e-05 2.84e-05  1.96e-05  23614s
 448   1.54448455e+05  1.55608056e+05  9.09e-05 2.83e-05  1.95e-05  23677s
 449   1.54448423e+05  1.55608227e+05  9.09e-05 2.83e-05  1.95e-05  23779s
 450   1.54448287e+05  1.55602122e+05  8.91e-05 2.82e-05  1.91e-05  23910s
 451   1.54448232e+05  1.55600287e+05  8.88e-05 2.81e-05  1.90e-05  23998s
 452   1.54448161e+05  1.55599933e+05  8.86e-05 2.81e-05  1.90e-05  24108s
 453   1.54448081e+05  1.55598490e+05  8.83e-05 2.81e-05  1.89e-05  24231s
 454   1.54447972e+05  1.55596792e+05  8.75e-05 2.80e-05  1.87e-05  24321s
 455   1.54447878e+05  1.55594834e+05  8.66e-05 2.80e-05  1.86e-05  24413s
 456   1.54447790e+05  1.55592343e+05  8.57e-05 2.79e-05  1.84e-05  24496s
 457   1.54447821e+05  1.55591821e+05  8.57e-05 2.79e-05  1.84e-05  24595s
 458   1.54447793e+05  1.55589281e+05  8.55e-05 2.79e-05  1.83e-05  24669s
 459   1.54447735e+05  1.55587409e+05  8.53e-05 2.78e-05  1.82e-05  24775s
 460   1.54447656e+05  1.55586336e+05  8.49e-05 2.78e-05  1.82e-05  24883s
 461   1.54447712e+05  1.55585308e+05  8.49e-05 2.78e-05  1.82e-05  24994s

Barrier performed 461 iterations in 24994.34 seconds (610.55 work units)
Sub-optimal termination - objective 1.54447712e+05

Crossover log...

  483492 DPushes remaining with DInf 0.0000000e+00             25002s
  395465 DPushes remaining with DInf 0.0000000e+00             25017s
  389696 DPushes remaining with DInf 0.0000000e+00             25021s
  388023 DPushes remaining with DInf 0.0000000e+00             25027s
  387314 DPushes remaining with DInf 0.0000000e+00             25030s
  385182 DPushes remaining with DInf 0.0000000e+00             25038s
  383956 DPushes remaining with DInf 0.0000000e+00             25042s
  382844 DPushes remaining with DInf 0.0000000e+00             25045s
  380866 DPushes remaining with DInf 0.0000000e+00             25052s
  379692 DPushes remaining with DInf 0.0000000e+00             25057s
  375910 DPushes remaining with DInf 0.0000000e+00             25061s
  374842 DPushes remaining with DInf 0.0000000e+00             25065s
  370207 DPushes remaining with DInf 0.0000000e+00             25072s
  365104 DPushes remaining with DInf 0.0000000e+00             25076s
  362849 DPushes remaining with DInf 0.0000000e+00             25083s
  361947 DPushes remaining with DInf 0.0000000e+00             25086s
  358361 DPushes remaining with DInf 0.0000000e+00             25092s
  349696 DPushes remaining with DInf 0.0000000e+00             25096s
  343641 DPushes remaining with DInf 0.0000000e+00             25103s
  342630 DPushes remaining with DInf 0.0000000e+00             25107s
  341517 DPushes remaining with DInf 0.0000000e+00             25111s
  337522 DPushes remaining with DInf 0.0000000e+00             25119s
  334872 DPushes remaining with DInf 0.0000000e+00             25123s
  333647 DPushes remaining with DInf 0.0000000e+00             25126s
  329195 DPushes remaining with DInf 0.0000000e+00             25131s
  325269 DPushes remaining with DInf 0.0000000e+00             25135s
  318168 DPushes remaining with DInf 0.0000000e+00             25140s
  311983 DPushes remaining with DInf 0.0000000e+00             25147s
  309711 DPushes remaining with DInf 0.0000000e+00             25150s
  306172 DPushes remaining with DInf 0.0000000e+00             25156s
  301417 DPushes remaining with DInf 0.0000000e+00             25162s
  298519 DPushes remaining with DInf 0.0000000e+00             25166s
  294632 DPushes remaining with DInf 0.0000000e+00             25173s
  292885 DPushes remaining with DInf 0.0000000e+00             25176s
  286142 DPushes remaining with DInf 0.0000000e+00             25183s
  284251 DPushes remaining with DInf 0.0000000e+00             25186s
  277782 DPushes remaining with DInf 0.0000000e+00             25193s
  275764 DPushes remaining with DInf 0.0000000e+00             25196s
  269045 DPushes remaining with DInf 0.0000000e+00             25202s
  267177 DPushes remaining with DInf 0.0000000e+00             25206s
  259960 DPushes remaining with DInf 0.0000000e+00             25212s
  257585 DPushes remaining with DInf 0.0000000e+00             25216s
  253519 DPushes remaining with DInf 0.0000000e+00             25222s
  250231 DPushes remaining with DInf 0.0000000e+00             25228s
  248763 DPushes remaining with DInf 0.0000000e+00             25230s
  245405 DPushes remaining with DInf 0.0000000e+00             25235s
  239062 DPushes remaining with DInf 0.0000000e+00             25242s
  234341 DPushes remaining with DInf 0.0000000e+00             25247s
  225518 DPushes remaining with DInf 0.0000000e+00             25252s
  217372 DPushes remaining with DInf 0.0000000e+00             25257s
  214438 DPushes remaining with DInf 0.0000000e+00             25260s
  209797 DPushes remaining with DInf 0.0000000e+00             25266s
  203779 DPushes remaining with DInf 0.0000000e+00             25273s
  202173 DPushes remaining with DInf 0.0000000e+00             25276s
  199426 DPushes remaining with DInf 0.0000000e+00             25283s
  198030 DPushes remaining with DInf 0.0000000e+00             25286s
  195303 DPushes remaining with DInf 0.0000000e+00             25293s
  193840 DPushes remaining with DInf 0.0000000e+00             25296s
  189815 DPushes remaining with DInf 0.0000000e+00             25302s
  185494 DPushes remaining with DInf 0.0000000e+00             25308s
  184097 DPushes remaining with DInf 0.0000000e+00             25311s
  180936 DPushes remaining with DInf 0.0000000e+00             25317s
  177941 DPushes remaining with DInf 0.0000000e+00             25323s
  175710 DPushes remaining with DInf 0.0000000e+00             25326s
  171072 DPushes remaining with DInf 0.0000000e+00             25331s
  164699 DPushes remaining with DInf 0.0000000e+00             25337s
  163151 DPushes remaining with DInf 0.0000000e+00             25341s
  160538 DPushes remaining with DInf 0.0000000e+00             25348s
  159361 DPushes remaining with DInf 0.0000000e+00             25351s
  157028 DPushes remaining with DInf 0.0000000e+00             25358s
  155967 DPushes remaining with DInf 0.0000000e+00             25361s
  153915 DPushes remaining with DInf 0.0000000e+00             25367s
  152992 DPushes remaining with DInf 0.0000000e+00             25370s
  150974 DPushes remaining with DInf 0.0000000e+00             25376s
  148517 DPushes remaining with DInf 0.0000000e+00             25383s
  147239 DPushes remaining with DInf 0.0000000e+00             25387s
  145606 DPushes remaining with DInf 0.0000000e+00             25393s
  144803 DPushes remaining with DInf 0.0000000e+00             25396s
  142181 DPushes remaining with DInf 0.0000000e+00             25402s
  137801 DPushes remaining with DInf 0.0000000e+00             25406s
  135917 DPushes remaining with DInf 0.0000000e+00             25412s
  135195 DPushes remaining with DInf 0.0000000e+00             25415s
  133393 DPushes remaining with DInf 0.0000000e+00             25422s
  131955 DPushes remaining with DInf 0.0000000e+00             25428s
  131255 DPushes remaining with DInf 0.0000000e+00             25431s
  129840 DPushes remaining with DInf 0.0000000e+00             25437s
  129141 DPushes remaining with DInf 0.0000000e+00             25440s
  127729 DPushes remaining with DInf 0.0000000e+00             25447s
  126835 DPushes remaining with DInf 0.0000000e+00             25450s
  120744 DPushes remaining with DInf 0.0000000e+00             25460s
  106630 DPushes remaining with DInf 0.0000000e+00             25464s
  100775 DPushes remaining with DInf 0.0000000e+00             25468s
   97833 DPushes remaining with DInf 0.0000000e+00             25474s
   91572 DPushes remaining with DInf 0.0000000e+00             25480s
   87391 DPushes remaining with DInf 0.0000000e+00             25485s
   85224 DPushes remaining with DInf 0.0000000e+00             25490s
   83917 DPushes remaining with DInf 0.0000000e+00             25495s
   82122 DPushes remaining with DInf 0.0000000e+00             25505s
   81362 DPushes remaining with DInf 0.0000000e+00             25510s
   80615 DPushes remaining with DInf 0.0000000e+00             25514s
   79878 DPushes remaining with DInf 0.0000000e+00             25518s
   79169 DPushes remaining with DInf 0.0000000e+00             25522s
   78467 DPushes remaining with DInf 0.0000000e+00             25526s
   76425 DPushes remaining with DInf 0.0000000e+00             25534s
   74414 DPushes remaining with DInf 0.0000000e+00             25540s
   72861 DPushes remaining with DInf 0.0000000e+00             25545s
   71519 DPushes remaining with DInf 0.0000000e+00             25551s
   70421 DPushes remaining with DInf 0.0000000e+00             25556s
   69297 DPushes remaining with DInf 0.0000000e+00             25562s
   68403 DPushes remaining with DInf 0.0000000e+00             25568s
   67627 DPushes remaining with DInf 0.0000000e+00             25573s
   66879 DPushes remaining with DInf 0.0000000e+00             25578s
   66139 DPushes remaining with DInf 0.0000000e+00             25583s
   65394 DPushes remaining with DInf 0.0000000e+00             25589s
   64617 DPushes remaining with DInf 0.0000000e+00             25595s
   63846 DPushes remaining with DInf 0.0000000e+00             25601s
   63116 DPushes remaining with DInf 0.0000000e+00             25606s
   62344 DPushes remaining with DInf 0.0000000e+00             25611s
   61577 DPushes remaining with DInf 0.0000000e+00             25616s
   60799 DPushes remaining with DInf 0.0000000e+00             25623s
   60023 DPushes remaining with DInf 0.0000000e+00             25629s
   59236 DPushes remaining with DInf 0.0000000e+00             25636s
   58499 DPushes remaining with DInf 0.0000000e+00             25643s
   57745 DPushes remaining with DInf 0.0000000e+00             25650s
   57002 DPushes remaining with DInf 0.0000000e+00             25656s
   56281 DPushes remaining with DInf 0.0000000e+00             25661s
   55511 DPushes remaining with DInf 0.0000000e+00             25668s
   54687 DPushes remaining with DInf 0.0000000e+00             25674s
   54005 DPushes remaining with DInf 0.0000000e+00             25683s
   53321 DPushes remaining with DInf 0.0000000e+00             25691s
   52619 DPushes remaining with DInf 0.0000000e+00             25699s
   51916 DPushes remaining with DInf 0.0000000e+00             25707s
   51218 DPushes remaining with DInf 0.0000000e+00             25715s
   50513 DPushes remaining with DInf 0.0000000e+00             25723s
   49814 DPushes remaining with DInf 0.0000000e+00             25731s
   49111 DPushes remaining with DInf 0.0000000e+00             25739s
   48416 DPushes remaining with DInf 0.0000000e+00             25746s
   47700 DPushes remaining with DInf 0.0000000e+00             25754s
   46990 DPushes remaining with DInf 0.0000000e+00             25762s
   46260 DPushes remaining with DInf 0.0000000e+00             25769s
   45562 DPushes remaining with DInf 0.0000000e+00             25777s
   44824 DPushes remaining with DInf 0.0000000e+00             25785s
   44066 DPushes remaining with DInf 0.0000000e+00             25793s
   43312 DPushes remaining with DInf 0.0000000e+00             25801s
   42555 DPushes remaining with DInf 0.0000000e+00             25810s
   41734 DPushes remaining with DInf 0.0000000e+00             25817s
   40802 DPushes remaining with DInf 0.0000000e+00             25825s
   39932 DPushes remaining with DInf 0.0000000e+00             25833s
   39011 DPushes remaining with DInf 0.0000000e+00             25840s
   38284 DPushes remaining with DInf 0.0000000e+00             25846s
   37573 DPushes remaining with DInf 0.0000000e+00             25852s
   36900 DPushes remaining with DInf 0.0000000e+00             25857s
   36227 DPushes remaining with DInf 0.0000000e+00             25863s
   35554 DPushes remaining with DInf 0.0000000e+00             25870s
   34881 DPushes remaining with DInf 0.0000000e+00             25877s
   34208 DPushes remaining with DInf 0.0000000e+00             25885s
   33535 DPushes remaining with DInf 0.0000000e+00             25893s
   32861 DPushes remaining with DInf 0.0000000e+00             25900s
   32188 DPushes remaining with DInf 0.0000000e+00             25906s
   31515 DPushes remaining with DInf 0.0000000e+00             25913s
   30842 DPushes remaining with DInf 0.0000000e+00             25921s
   30169 DPushes remaining with DInf 0.0000000e+00             25929s
   29496 DPushes remaining with DInf 0.0000000e+00             25936s
   28823 DPushes remaining with DInf 0.0000000e+00             25945s
   28150 DPushes remaining with DInf 0.0000000e+00             25952s
   27477 DPushes remaining with DInf 0.0000000e+00             25960s
   26804 DPushes remaining with DInf 0.0000000e+00             25968s
   26131 DPushes remaining with DInf 0.0000000e+00             25976s
   25458 DPushes remaining with DInf 0.0000000e+00             25984s
   24785 DPushes remaining with DInf 0.0000000e+00             25993s
   24112 DPushes remaining with DInf 0.0000000e+00             26001s
   23424 DPushes remaining with DInf 0.0000000e+00             26008s
   22747 DPushes remaining with DInf 0.0000000e+00             26012s
   22070 DPushes remaining with DInf 0.0000000e+00             26017s
   21396 DPushes remaining with DInf 0.0000000e+00             26021s
   20721 DPushes remaining with DInf 0.0000000e+00             26026s
   20039 DPushes remaining with DInf 0.0000000e+00             26032s
   19358 DPushes remaining with DInf 0.0000000e+00             26036s
   18002 DPushes remaining with DInf 0.0000000e+00             26044s
   17326 DPushes remaining with DInf 0.0000000e+00             26049s
   16612 DPushes remaining with DInf 0.0000000e+00             26055s
   15859 DPushes remaining with DInf 0.0000000e+00             26061s
   14288 DPushes remaining with DInf 0.0000000e+00             26068s
   13417 DPushes remaining with DInf 0.0000000e+00             26074s
   12412 DPushes remaining with DInf 0.0000000e+00             26078s
   11402 DPushes remaining with DInf 0.0000000e+00             26081s
    9673 DPushes remaining with DInf 0.0000000e+00             26087s
    8659 DPushes remaining with DInf 0.0000000e+00             26090s
    6583 DPushes remaining with DInf 0.0000000e+00             26096s
    5227 DPushes remaining with DInf 0.0000000e+00             26106s
    4554 DPushes remaining with DInf 0.0000000e+00             26114s
    3881 DPushes remaining with DInf 0.0000000e+00             26123s
    3208 DPushes remaining with DInf 0.0000000e+00             26132s
    2535 DPushes remaining with DInf 0.0000000e+00             26140s
    1861 DPushes remaining with DInf 0.0000000e+00             26149s
    1177 DPushes remaining with DInf 0.0000000e+00             26153s
     492 DPushes remaining with DInf 0.0000000e+00             26157s
       0 DPushes remaining with DInf 0.0000000e+00             26163s

  721801 PPushes remaining with PInf 2.0595884e-01             26164s
  637819 PPushes remaining with PInf 6.2768697e+00             26168s
  615787 PPushes remaining with PInf 6.2768697e+00             26171s
  615742 PPushes remaining with PInf 6.2768697e+00             26176s
  476680 PPushes remaining with PInf 6.2768697e+00             29222s
  427202 PPushes remaining with PInf 6.2768697e+00             29234s
  409199 PPushes remaining with PInf 6.2768697e+00             29237s
  400796 PPushes remaining with PInf 6.2768697e+00             29241s
  397818 PPushes remaining with PInf 6.2768697e+00             29246s
  393939 PPushes remaining with PInf 6.2768697e+00             29253s
  391358 PPushes remaining with PInf 6.2768697e+00             29257s
  389052 PPushes remaining with PInf 6.2768697e+00             29262s
  387075 PPushes remaining with PInf 6.2768697e+00             29267s
  385311 PPushes remaining with PInf 6.2768697e+00             29279s
  384408 PPushes remaining with PInf 6.2768697e+00             29293s
  383445 PPushes remaining with PInf 6.2768697e+00             29308s
  382431 PPushes remaining with PInf 6.2768697e+00             29324s
  381601 PPushes remaining with PInf 6.2768697e+00             29337s
  380830 PPushes remaining with PInf 6.2768697e+00             29350s
  380090 PPushes remaining with PInf 6.2768697e+00             29364s
  379350 PPushes remaining with PInf 6.2768697e+00             29376s
  377946 PPushes remaining with PInf 6.2768697e+00             29382s
  376582 PPushes remaining with PInf 6.2768697e+00             29387s
  375229 PPushes remaining with PInf 6.2768697e+00             29392s
  374552 PPushes remaining with PInf 6.2768697e+00             29395s
  373199 PPushes remaining with PInf 6.2768697e+00             29400s
  371837 PPushes remaining with PInf 6.2768697e+00             29406s
  370417 PPushes remaining with PInf 6.2768697e+00             29411s
  368211 PPushes remaining with PInf 6.2768697e+00             29417s
  366805 PPushes remaining with PInf 6.2768697e+00             29422s
  365445 PPushes remaining with PInf 6.2768697e+00             29427s
  364090 PPushes remaining with PInf 6.2768697e+00             29432s
  362721 PPushes remaining with PInf 6.2768697e+00             29438s
  362039 PPushes remaining with PInf 6.2768697e+00             29440s
  360686 PPushes remaining with PInf 6.2768697e+00             29445s
  359318 PPushes remaining with PInf 6.2768697e+00             29450s
  357958 PPushes remaining with PInf 6.2768697e+00             29455s
  356588 PPushes remaining with PInf 6.2768697e+00             29461s
  355215 PPushes remaining with PInf 6.2768697e+00             29465s
  353848 PPushes remaining with PInf 6.2768697e+00             29470s
  352481 PPushes remaining with PInf 6.2768697e+00             29475s
  350450 PPushes remaining with PInf 6.2768697e+00             29482s
  349080 PPushes remaining with PInf 6.2768697e+00             29487s
  347697 PPushes remaining with PInf 6.2768697e+00             29492s
  346270 PPushes remaining with PInf 6.2768697e+00             29497s
  344896 PPushes remaining with PInf 6.2768697e+00             29502s
  343515 PPushes remaining with PInf 6.2768697e+00             29507s
  342156 PPushes remaining with PInf 6.2768697e+00             29512s
  340802 PPushes remaining with PInf 6.2768697e+00             29516s
  339431 PPushes remaining with PInf 6.2768697e+00             29521s
  338042 PPushes remaining with PInf 6.2768697e+00             29526s
  336527 PPushes remaining with PInf 6.2768697e+00             29531s
  334671 PPushes remaining with PInf 6.2768697e+00             29536s
  291997 PPushes remaining with PInf 6.2768697e+00             29541s
  290649 PPushes remaining with PInf 6.2768697e+00             29546s
  289301 PPushes remaining with PInf 6.2768697e+00             29550s
  287279 PPushes remaining with PInf 6.2768697e+00             29557s
  285931 PPushes remaining with PInf 6.2768697e+00             29562s
  284583 PPushes remaining with PInf 6.2768697e+00             29566s
  283235 PPushes remaining with PInf 6.2768697e+00             29571s
  281887 PPushes remaining with PInf 6.2768697e+00             29575s
  279865 PPushes remaining with PInf 6.2768697e+00             29582s
  278517 PPushes remaining with PInf 6.2768697e+00             29586s
  277169 PPushes remaining with PInf 6.2768697e+00             29591s
  275821 PPushes remaining with PInf 6.2768697e+00             29595s
  273799 PPushes remaining with PInf 6.2768697e+00             29602s
  272451 PPushes remaining with PInf 6.2768697e+00             29607s
  271103 PPushes remaining with PInf 6.2768697e+00             29611s
  269755 PPushes remaining with PInf 6.2768697e+00             29615s
  267733 PPushes remaining with PInf 6.2768697e+00             29622s
  266385 PPushes remaining with PInf 6.2768697e+00             29627s
  265037 PPushes remaining with PInf 6.2768697e+00             29631s
  263689 PPushes remaining with PInf 6.2768697e+00             29636s
  262341 PPushes remaining with PInf 6.2768697e+00             29641s
  260993 PPushes remaining with PInf 6.2768697e+00             29645s
  258971 PPushes remaining with PInf 6.2768697e+00             29652s
  257623 PPushes remaining with PInf 6.2768697e+00             29657s
  256275 PPushes remaining with PInf 6.2768697e+00             29661s
  254927 PPushes remaining with PInf 6.2768697e+00             29666s
  253579 PPushes remaining with PInf 6.2768697e+00             29670s
  251557 PPushes remaining with PInf 6.2768697e+00             29677s
  250209 PPushes remaining with PInf 6.2768697e+00             29682s
  248861 PPushes remaining with PInf 6.2768697e+00             29687s
  247513 PPushes remaining with PInf 6.2768697e+00             29692s
  246165 PPushes remaining with PInf 6.2768697e+00             29697s
  244817 PPushes remaining with PInf 6.2768697e+00             29701s
  243469 PPushes remaining with PInf 6.2768697e+00             29706s
  242121 PPushes remaining with PInf 6.2768697e+00             29711s
  240773 PPushes remaining with PInf 6.2768697e+00             29717s
  240099 PPushes remaining with PInf 6.2768697e+00             29722s
  239425 PPushes remaining with PInf 6.2768697e+00             29727s
  238751 PPushes remaining with PInf 6.2768697e+00             29733s
  238077 PPushes remaining with PInf 6.2768697e+00             29737s
  237403 PPushes remaining with PInf 6.2768697e+00             29743s
  236729 PPushes remaining with PInf 6.2768697e+00             29749s
  236055 PPushes remaining with PInf 6.2768697e+00             29755s
  235381 PPushes remaining with PInf 6.2768697e+00             29760s
  234707 PPushes remaining with PInf 6.2768697e+00             29767s
  234033 PPushes remaining with PInf 6.2768697e+00             29772s
  233359 PPushes remaining with PInf 6.2768697e+00             29778s
  232685 PPushes remaining with PInf 6.2768697e+00             29783s
  232011 PPushes remaining with PInf 6.2768697e+00             29790s
  231337 PPushes remaining with PInf 6.2768697e+00             29796s
  230663 PPushes remaining with PInf 6.2768697e+00             29801s
  229989 PPushes remaining with PInf 6.2768697e+00             29808s
  229315 PPushes remaining with PInf 6.2768697e+00             29815s
  227967 PPushes remaining with PInf 6.2768697e+00             29826s
  227293 PPushes remaining with PInf 6.2768697e+00             29830s
  226619 PPushes remaining with PInf 6.2768697e+00             29835s
  225945 PPushes remaining with PInf 6.2768697e+00             29841s
  225271 PPushes remaining with PInf 6.2768697e+00             29848s
  224597 PPushes remaining with PInf 6.2768697e+00             29855s
  223923 PPushes remaining with PInf 6.2768697e+00             29861s
  223249 PPushes remaining with PInf 6.2768697e+00             29868s
  222575 PPushes remaining with PInf 6.2768697e+00             29873s
  221901 PPushes remaining with PInf 6.2768697e+00             29878s
  221227 PPushes remaining with PInf 6.2768697e+00             29885s
  220553 PPushes remaining with PInf 6.2768697e+00             29890s
  219879 PPushes remaining with PInf 6.2768697e+00             29896s
  219205 PPushes remaining with PInf 6.2768697e+00             29901s
  218531 PPushes remaining with PInf 6.2768697e+00             29907s
  217857 PPushes remaining with PInf 6.2768697e+00             29911s
  217183 PPushes remaining with PInf 6.2768697e+00             29916s
  216509 PPushes remaining with PInf 6.2768697e+00             29921s
  215835 PPushes remaining with PInf 6.2768697e+00             29928s
  215161 PPushes remaining with PInf 6.2768697e+00             29931s
  214487 PPushes remaining with PInf 6.2768697e+00             29937s
  213813 PPushes remaining with PInf 6.2768697e+00             29943s
  213139 PPushes remaining with PInf 6.2768697e+00             29947s
  212465 PPushes remaining with PInf 6.2768697e+00             29953s
  211791 PPushes remaining with PInf 6.2768697e+00             29957s
  211117 PPushes remaining with PInf 6.2768697e+00             29962s
  210443 PPushes remaining with PInf 6.2768697e+00             29966s
  209769 PPushes remaining with PInf 6.2768697e+00             29973s
  209095 PPushes remaining with PInf 6.2768697e+00             29977s
  208421 PPushes remaining with PInf 6.2768697e+00             29983s
  207747 PPushes remaining with PInf 6.2768697e+00             29989s
  207073 PPushes remaining with PInf 6.2768697e+00             29993s
  206399 PPushes remaining with PInf 6.2768697e+00             29998s
  205725 PPushes remaining with PInf 6.2768697e+00             30004s
  205051 PPushes remaining with PInf 6.2768697e+00             30009s
  199463 PPushes remaining with PInf 6.2768697e+00             30016s
  198631 PPushes remaining with PInf 6.2768697e+00             30024s
  197752 PPushes remaining with PInf 6.2768697e+00             30026s
  196824 PPushes remaining with PInf 6.2768697e+00             30038s
  196002 PPushes remaining with PInf 6.2768697e+00             30052s
  195141 PPushes remaining with PInf 6.2768697e+00             30062s
  194273 PPushes remaining with PInf 6.2768697e+00             30072s
  193398 PPushes remaining with PInf 6.2768697e+00             30090s
  192553 PPushes remaining with PInf 6.2768697e+00             30105s
  191679 PPushes remaining with PInf 6.2768697e+00             30115s
  190725 PPushes remaining with PInf 6.2768697e+00             30130s
  189796 PPushes remaining with PInf 6.2768697e+00             30146s
  188862 PPushes remaining with PInf 5.7737313e+00             30164s
  187977 PPushes remaining with PInf 5.7737313e+00             30187s
  187047 PPushes remaining with PInf 5.7307472e+00             30211s
  186162 PPushes remaining with PInf 5.7163341e+00             30239s
  185279 PPushes remaining with PInf 5.6503685e+00             30266s
  131084 PPushes remaining with PInf 2.7834041e+00             33915s
   49967 PPushes remaining with PInf 2.6401094e-06             38202s
   20678 PPushes remaining with PInf 0.0000000e+00             38235s
    2677 PPushes remaining with PInf 0.0000000e+00             38250s
       2 PPushes remaining with PInf 0.0000000e+00             38312s
       0 PPushes remaining with PInf 2.8436809e-05             38361s

  Push phase complete: Pinf 2.8436809e-05, Dinf 2.8372012e+02  38362s

Iteration    Objective       Primal Inf.    Dual Inf.      Time
  912332    1.5444719e+05   0.000000e+00   2.837201e+02  38417s
  913005    1.5444310e+05   0.000000e+00   1.151098e+03  38647s
  913655    1.5443882e+05   8.008799e-06   1.251165e+06  38881s
  914265    1.5443601e+05   0.000000e+00   1.415346e+03  39095s
  914855    1.5443336e+05   0.000000e+00   3.851417e+02  39302s
  915425    1.5443191e+05   0.000000e+00   2.628819e+02  39509s
  915975    1.5443090e+05   0.000000e+00   3.103585e+02  39704s
  916535    1.5442964e+05   0.000000e+00   3.506767e+02  39904s
  917095    1.5442874e+05   0.000000e+00   1.561779e+02  40073s
  917645    1.5442801e+05   0.000000e+00   9.426777e+01  40252s
  918195    1.5442748e+05   0.000000e+00   1.501421e+02  40424s
  918795    1.5442726e+05   0.000000e+00   7.606431e+01  40575s
  919455    1.5442688e+05   0.000000e+00   1.397596e+04  40706s
  919995    1.5442646e+05   0.000000e+00   1.703449e+04  40811s
  920668    1.5442611e+05   0.000000e+00   7.183418e+03  40874s
  921128    1.5442586e+05   0.000000e+00   2.981521e+01  41001s
  921608    1.5442564e+05   0.000000e+00   4.380438e+01  41153s
  922281    1.5442515e+05   0.000000e+00   1.183273e+03  41316s
  922954    1.5442439e+05   0.000000e+00   1.298800e+03  41430s
  923627    1.5442409e+05   0.000000e+00   1.332620e+03  41538s
  924300    1.5442392e+05   0.000000e+00   3.708352e+02  41628s
  925301    1.5442344e+05   0.000000e+00   8.833851e+02  41756s
  925861    1.5442326e+05   0.000000e+00   5.701134e+00  41860s
  926261    1.5442321e+05   0.000000e+00   7.399082e+00  42015s
  926771    1.5442316e+05   0.000000e+00   1.240134e+01  42193s
  927444    1.5442307e+05   0.000000e+00   3.169124e+00  42362s
  928144    1.5442293e+05   0.000000e+00   1.808578e+02  42459s
  928694    1.5442289e+05   0.000000e+00   2.386105e-01  42669s
  929234    1.5442284e+05   0.000000e+00   4.924146e-02  42865s
  929804    1.5442281e+05   0.000000e+00   5.445637e-01  43036s
  930425    1.5442281e+05   0.000000e+00   0.000000e+00  43171s
  930425    1.5442281e+05   0.000000e+00   3.000000e-06  43201s
Extra simplex iterations after uncrush: 43
  930468    1.5442281e+05   0.000000e+00   0.000000e+00  43281s

Solved with barrier
Solved in 930468 iterations and 43293.54 seconds (7743.05 work units)
Optimal objective  1.544228114e+05

User-callback calls 3967008, time in user-callback 6.44 sec
