
Gurobi 9.1.2 (linux64) logging started Mon Jun 28 17:15:33 2021


Gurobi 9.1.2 (linux64) logging started Mon Jun 28 17:15:36 2021

Gurobi Optimizer version 9.1.2 build v9.1.2rc0 (linux64)
Thread count: 40 physical cores, 40 logical processors, using up to 32 threads
Optimize a model with 64962 rows, 25295 columns and 187288 nonzeros
Model fingerprint: 0xdfaf72bc
Coefficient statistics:
  Matrix range     [3e-04, 1e+02]
  Objective range  [3e+02, 4e+05]
  Bounds range     [1e+03, 8e+06]
  RHS range        [6e+00, 1e+09]
Presolve removed 3976 rows and 15686 columns
Presolve time: 0.12s
Presolved: 21319 rows, 49276 columns, 156807 nonzeros
Elapsed ordering time = 5s
Ordering time: 5.64s

Barrier statistics:
 Dense cols : 2
 Free vars  : 2680
 AA' NZ     : 2.177e+05
 Factor NZ  : 1.652e+06 (roughly 40 MBytes of memory)
 Factor Ops : 2.369e+08 (less than 1 second per iteration)
 Threads    : 32

                  Objective                Residual
Iter       Primal          Dual         Primal    Dual     Compl     Time
   0  -3.28953929e+16  1.46874000e+10  1.09e+08 6.53e+05  3.21e+13     8s
   1  -8.41316597e+15  1.03292604e+15  2.14e+07 5.86e+07  9.31e+12     9s
   2  -4.07686371e+15  2.35348458e+15  7.61e+06 1.36e+07  2.83e+12    10s
   3  -2.52420062e+15  2.77936490e+15  3.44e+06 5.67e+06  1.28e+12    12s
   4  -1.29755314e+15  2.72995961e+15  1.12e+06 1.79e+06  4.41e+11    14s
   5  -6.70594177e+14  2.12492301e+15  3.93e+05 7.67e+05  1.72e+11    14s
   6  -3.39784240e+14  1.40911905e+15  1.26e+05 2.72e+05  6.36e+10    16s
   7  -1.30936051e+14  6.60590464e+14  3.01e+04 7.03e+04  1.89e+10    17s
   8  -3.30867693e+13  2.11948966e+14  4.98e+03 1.79e+04  4.72e+09    18s
   9  -5.04769903e+12  5.02353002e+13  4.11e+02 3.48e+03  9.69e+08    19s
  10  -5.41045906e+12  3.20393934e+13  3.19e+02 2.18e+03  6.44e+08    20s
  11  -1.12904562e+12  1.36403183e+13  4.48e+01 8.50e+02  2.44e+08    22s
  12  -4.72721190e+11  3.12511792e+12  1.52e+01 1.84e+02  5.83e+07    23s
  13  -1.76631702e+11  1.00400400e+12  5.89e+00 5.41e+01  1.89e+07    24s
  14  -1.01790388e+11  4.89479493e+11  3.90e+00 2.40e+01  9.39e+06    25s
  15  -2.30966995e+10  3.41824179e+11  2.26e+00 1.46e+01  5.78e+06    26s
  16   5.91315079e+10  2.52187333e+11  8.12e-01 8.55e+00  3.05e+06    27s
  17   8.48895188e+10  2.14816470e+11  4.23e-01 6.22e+00  2.05e+06    28s
  18   9.69677168e+10  1.70943850e+11  2.42e-01 3.38e+00  1.17e+06    29s
  19   1.03564243e+11  1.39403759e+11  1.32e-01 1.52e+00  5.66e+05    31s
  20   1.07850953e+11  1.32409667e+11  6.35e-02 1.12e+00  3.88e+05    32s
  21   1.09614462e+11  1.26590806e+11  4.25e-02 7.61e-01  2.68e+05    33s
  22   1.11073173e+11  1.22327256e+11  2.87e-02 5.53e-01  1.78e+05    34s
  23   1.11984742e+11  1.20335606e+11  2.03e-02 5.88e-01  1.32e+05    35s
  24   1.12562111e+11  1.18968083e+11  1.51e-02 5.45e-01  1.01e+05    36s
  25   1.13260564e+11  1.18053039e+11  9.06e-03 5.02e-01  7.60e+04    37s
  26   1.13500919e+11  1.16789486e+11  6.95e-03 4.71e-01  5.22e+04    39s
  27   1.13866422e+11  1.16165313e+11  3.94e-03 4.91e-01  3.66e+04    40s
  28   1.14004243e+11  1.15562489e+11  2.89e-03 5.63e-01  2.49e+04    41s
  29   1.14140412e+11  1.15367787e+11  1.94e-03 5.91e-01  1.97e+04    42s
  30   1.14196192e+11  1.15144535e+11  1.54e-03 5.37e-01  1.52e+04    44s
  31   1.14275570e+11  1.15052603e+11  1.02e-03 4.91e-01  1.25e+04    45s
  32   1.14288015e+11  1.14948645e+11  8.88e-04 4.86e-01  1.07e+04    46s
  33   1.14341585e+11  1.14794059e+11  5.52e-04 5.37e-01  7.39e+03    47s
  34   1.14389908e+11  1.14664829e+11  2.56e-04 4.78e-01  4.59e+03    49s
  35   1.14402581e+11  1.14610036e+11  1.88e-04 4.49e-01  3.53e+03    52s
  36   1.14411700e+11  1.14568880e+11  1.41e-04 4.58e-01  2.75e+03    55s
  37   1.14418587e+11  1.14527429e+11  1.06e-04 4.35e-01  1.99e+03    58s
  38   1.14428571e+11  1.14485320e+11  5.79e-05 4.13e-01  1.17e+03    60s
  39   1.14437157e+11  1.14458881e+11  2.02e-05 3.97e-01  6.38e+02    63s
  40   1.14440625e+11  1.14445822e+11  1.07e-05 3.86e-01  3.94e+02    67s
  41   1.14442977e+11  1.14427289e+11  2.06e-06 3.81e-01  6.50e+01    70s
  42   1.14443614e+11  1.14425693e+11  2.45e-06 3.80e-01  3.19e+01    72s
  43   1.14443951e+11  1.14424913e+11  5.76e-06 3.79e-01  1.61e+01    74s
  44   1.14444302e+11  1.14424551e+11  5.82e-06 3.78e-01  8.33e+00    76s
  45   1.14444460e+11  1.14424488e+11  4.51e-06 3.78e-01  6.94e+00    77s
  46   1.14444621e+11  1.14424504e+11  4.38e-06 3.78e-01  6.51e+00    80s
  47   1.14444920e+11  1.14424527e+11  4.34e-06 3.77e-01  6.48e+00    84s
  48   1.14445041e+11  1.14424610e+11  4.33e-06 3.76e-01  6.45e+00    87s
  49   1.14445113e+11  1.14424899e+11  4.31e-06 3.70e-01  6.35e+00    92s
  50   1.14444907e+11  1.14426238e+11  7.77e-06 3.45e-01  6.24e+00    99s
  51   1.14445089e+11  1.14426381e+11  5.37e-05 3.42e-01  6.07e+00   101s
  52   1.14445137e+11  1.14426400e+11  5.39e-05 3.42e-01  6.05e+00   105s
  53   1.14445222e+11  1.14426517e+11  5.33e-05 3.40e-01  6.02e+00   110s
  54   1.14445097e+11  1.14426517e+11  5.34e-05 3.40e-01  6.04e+00   117s
  55   1.14445148e+11  1.14426533e+11  5.42e-05 3.40e-01  6.01e+00   119s
  56   1.14445371e+11  1.14426574e+11  5.44e-05 3.39e-01  5.99e+00   124s

Barrier performed 56 iterations in 123.65 seconds
Sub-optimal termination - objective 1.14443614e+11


User-callback calls 2252, time in user-callback 0.01 sec

Gurobi 9.1.2 (linux64) logging started Fri Jul  2 19:00:36 2021


Gurobi 9.1.2 (linux64) logging started Fri Jul  2 19:00:43 2021

Gurobi Optimizer version 9.1.2 build v9.1.2rc0 (linux64)
Thread count: 40 physical cores, 40 logical processors, using up to 32 threads
Optimize a model with 3319994 rows, 1314095 columns and 9612015 nonzeros
Model fingerprint: 0xc84cf970
Coefficient statistics:
  Matrix range     [3e-04, 1e+00]
  Objective range  [1e+01, 4e+05]
  Bounds range     [1e-01, 8e+06]
  RHS range        [6e+00, 1e+09]
Presolve removed 216494 rows and 631769 columns
Presolve time: 1.60s

Barrier solved model in 0 iterations and 1.60 seconds
Model is infeasible

User-callback calls 18, time in user-callback 0.00 sec

Gurobi 9.1.2 (linux64) logging started Fri Jul  2 19:08:37 2021


Gurobi 9.1.2 (linux64) logging started Fri Jul  2 19:41:34 2021


Gurobi 9.1.2 (linux64) logging started Fri Jul  2 19:41:50 2021

Gurobi Optimizer version 9.1.2 build v9.1.2rc0 (linux64)
Thread count: 40 physical cores, 40 logical processors, using up to 32 threads
Optimize a model with 3320089 rows, 1314095 columns and 9612110 nonzeros
Model fingerprint: 0x06e2ff41
Coefficient statistics:
  Matrix range     [3e-04, 1e+00]
  Objective range  [1e+01, 4e+05]
  Bounds range     [1e+03, 8e+06]
  RHS range        [1e-01, 1e+09]
Presolve removed 223252 rows and 810000 columns (presolve time = 5s) ...
Presolve removed 283748 rows and 870496 columns (presolve time = 10s) ...
Presolve removed 284341 rows and 889270 columns (presolve time = 15s) ...
Presolve removed 284341 rows and 889270 columns
Presolve time: 16.19s
Presolved: 1029754 rows, 2430819 columns, 8152150 nonzeros
Elapsed ordering time = 278s
Elapsed ordering time = 282s
Elapsed ordering time = 285s
Elapsed ordering time = 290s
Elapsed ordering time = 295s
Elapsed ordering time = 300s
Elapsed ordering time = 305s
Ordering time: 305.96s

Barrier statistics:
 Dense cols : 2
 Free vars  : 93432
 AA' NZ     : 1.102e+07
 Factor NZ  : 1.339e+08 (roughly 2.5 GBytes of memory)
 Factor Ops : 3.804e+10 (less than 1 second per iteration)
 Threads    : 32

                  Objective                Residual
Iter       Primal          Dual         Primal    Dual     Compl     Time
   0  -1.09302065e+16  1.69485444e+12  5.68e+08 4.78e+06  2.25e+12   397s
   1  -8.71259108e+15  1.12102663e+14  1.92e+08 5.13e+07  9.03e+11   481s
   2  -7.47104781e+15  1.85237058e+14  8.60e+07 4.73e+07  6.00e+11   578s
   3  -6.12355196e+15  2.07597215e+15  2.90e+07 9.98e+06  1.60e+11   694s
   4  -4.03637334e+15  2.73947969e+15  1.28e+07 3.52e+06  6.60e+10   790s
   5  -2.00092991e+15  2.85804160e+15  4.68e+06 1.31e+06  2.49e+10   865s
   6  -8.33055096e+14  2.66611418e+15  1.51e+06 4.80e+05  8.73e+09   940s
   7  -3.03018602e+14  2.04209645e+15  4.02e+05 1.71e+05  2.81e+09  1014s
   8  -9.27730976e+13  1.67952764e+15  2.77e+04 1.14e+05  1.23e+09  1111s
   9  -5.94481280e+13  6.84043655e+14  3.06e+03 4.21e+04  4.50e+08  1187s
  10  -4.84025587e+13  2.39045831e+14  5.73e+02 1.25e+04  1.49e+08  1278s
  11  -3.77462880e+13  1.39939072e+14  1.84e+02 7.05e+03  8.42e+07  1354s
  12  -2.58617178e+13  6.54279754e+13  5.12e+01 3.13e+03  3.87e+07  1449s
  13  -1.53193129e+13  2.86027515e+13  1.79e+01 1.26e+03  1.67e+07  1563s
  14  -1.01724574e+13  9.91280470e+12  1.04e+01 3.97e+02  6.99e+06  1657s
  15  -2.87255271e+12  4.40960758e+12  2.28e+00 1.57e+02  2.40e+06  1732s
  16  -1.25958576e+12  2.41261598e+12  9.73e-01 8.19e+01  1.18e+06  1804s
  17  -9.26899010e+11  1.30386961e+12  7.16e-01 3.71e+01  7.08e+05  1876s
  18  -2.75077428e+11  1.14631589e+12  2.47e-01 3.17e+01  4.48e+05  1951s
  19  -1.48171226e+11  7.48537139e+11  1.67e-01 1.92e+01  2.82e+05  2047s
  20  -8.03399252e+10  6.30538100e+11  1.27e-01 1.52e+01  2.23e+05  2120s
  21  -3.43597613e+09  4.19970111e+11  7.71e-02 8.89e+00  1.33e+05  2216s
  22   3.81165096e+10  3.53947114e+11  5.06e-02 6.85e+00  9.89e+04  2332s
  23   5.45200501e+10  2.93622924e+11  4.10e-02 5.01e+00  7.48e+04  2427s
  24   6.80846581e+10  2.70872357e+11  3.31e-02 4.30e+00  6.35e+04  2502s
  25   7.85661535e+10  2.48836559e+11  2.71e-02 3.63e+00  5.33e+04  2576s
  26   9.08522187e+10  2.34337409e+11  2.03e-02 3.15e+00  4.49e+04  2659s
  27   1.05748769e+11  2.17358134e+11  1.20e-02 2.62e+00  3.49e+04  2765s
  28   1.14442646e+11  1.89537395e+11  7.64e-03 1.75e+00  2.35e+04  2882s
  29   1.19642088e+11  1.74971554e+11  4.54e-03 1.33e+00  1.73e+04  3024s
  30   1.23449800e+11  1.65845496e+11  2.31e-03 1.06e+00  1.33e+04  3169s
  31   1.25683103e+11  1.56726999e+11  1.27e-03 7.85e-01  9.70e+03  3313s
  32   1.26914817e+11  1.52235746e+11  7.90e-04 6.51e-01  7.91e+03  3435s
  33   1.27250958e+11  1.49765130e+11  6.80e-04 5.78e-01  7.04e+03  3533s
  34   1.28018220e+11  1.46700993e+11  4.41e-04 4.88e-01  5.84e+03  3655s
  35   1.28443216e+11  1.44970833e+11  3.89e-04 4.32e-01  5.17e+03  3798s
  36   1.28658390e+11  1.43454478e+11  3.82e-04 3.84e-01  4.62e+03  3942s
  37   1.28773260e+11  1.42200813e+11  3.47e-04 3.48e-01  4.20e+03  4005s
  38   1.28805330e+11  1.42079388e+11  3.42e-04 3.44e-01  4.15e+03  4049s
  39   1.28860790e+11  1.41879331e+11  3.28e-04 3.38e-01  4.07e+03  4109s
  40   1.28937325e+11  1.40703044e+11  3.10e-04 3.06e-01  3.68e+03  4166s
  41   1.29203135e+11  1.40162896e+11  2.73e-04 2.87e-01  3.43e+03  4225s
  42   1.29360030e+11  1.39277687e+11  2.62e-04 2.57e-01  3.10e+03  4284s
  43   1.29664379e+11  1.38773180e+11  2.39e-04 2.39e-01  2.85e+03  4342s
  44   1.29889731e+11  1.38264663e+11  2.17e-04 2.20e-01  2.62e+03  4393s
  45   1.30077773e+11  1.37580205e+11  1.86e-04 1.97e-01  2.34e+03  4450s
  46   1.30199309e+11  1.37202982e+11  1.55e-04 1.84e-01  2.19e+03  4510s
  47   1.30271021e+11  1.37002624e+11  1.52e-04 1.77e-01  2.10e+03  4568s
  48   1.30408337e+11  1.36373527e+11  1.48e-04 1.53e-01  1.86e+03  4626s
  49   1.30515126e+11  1.36290647e+11  2.61e-04 1.50e-01  1.80e+03  4676s
  50   1.30586450e+11  1.36001267e+11  3.09e-04 1.41e-01  1.69e+03  4734s
  51   1.30735695e+11  1.35854061e+11  3.15e-04 1.36e-01  1.60e+03  4775s
  52   1.30808407e+11  1.35474005e+11  3.14e-04 1.22e-01  1.46e+03  4825s
  53   1.30912612e+11  1.35222488e+11  3.97e-04 1.14e-01  1.35e+03  4883s
  54   1.31013328e+11  1.35071074e+11  3.50e-04 1.08e-01  1.27e+03  4943s
  55   1.31143765e+11  1.34960980e+11  2.98e-04 1.03e-01  1.19e+03  4992s
  56   1.31490776e+11  1.34542629e+11  1.88e-04 8.64e-02  9.54e+02  5050s
  57   1.31643019e+11  1.34077253e+11  3.07e-04 6.87e-02  7.61e+02  5109s
  58   1.31770165e+11  1.33696872e+11  3.92e-04 5.48e-02  6.02e+02  5166s
  59   1.31880456e+11  1.33362737e+11  3.65e-04 4.32e-02  4.63e+02  5226s
  60   1.31966567e+11  1.33188733e+11  7.12e-04 3.68e-02  3.82e+02  5282s
  61   1.32010873e+11  1.33001496e+11  1.01e-03 2.99e-02  3.10e+02  5340s
  62   1.32041180e+11  1.32861918e+11  1.61e-03 2.49e-02  2.57e+02  5399s
  63   1.32063310e+11  1.32773876e+11  1.49e-03 2.17e-02  2.22e+02  5457s
  64   1.32084756e+11  1.32625234e+11  1.62e-03 1.62e-02  1.69e+02  5514s
  65   1.32111012e+11  1.32536486e+11  1.55e-03 1.28e-02  1.33e+02  5573s
  66   1.32123802e+11  1.32485779e+11  1.68e-03 1.10e-02  1.13e+02  5631s
  67   1.32135244e+11  1.32416532e+11  1.84e-03 8.40e-03  8.79e+01  5690s
  68   1.32144288e+11  1.32372219e+11  1.99e-03 6.75e-03  7.12e+01  5748s
  69   1.32151671e+11  1.32333564e+11  2.22e-03 5.33e-03  5.69e+01  5806s
  70   1.32156295e+11  1.32308777e+11  2.23e-03 4.42e-03  4.77e+01  5866s
  71   1.32162413e+11  1.32281689e+11  2.51e-03 3.46e-03  3.73e+01  5924s
  72   1.32167785e+11  1.32267415e+11  2.63e-03 2.94e-03  3.11e+01  5983s
  73   1.32170574e+11  1.32253050e+11  2.57e-03 2.42e-03  2.58e+01  6041s
  74   1.32174052e+11  1.32236901e+11  3.04e-03 1.83e-03  1.96e+01  6101s
  75   1.32176451e+11  1.32230271e+11  3.11e-03 1.60e-03  1.68e+01  6150s
  76   1.32179079e+11  1.32222498e+11  3.40e-03 1.32e-03  1.36e+01  6208s
  77   1.32180367e+11  1.32213982e+11  3.44e-03 1.03e-03  1.05e+01  6267s
  78   1.32181648e+11  1.32208524e+11  3.01e-03 8.32e-04  8.40e+00  6325s
  79   1.32182393e+11  1.32203070e+11  2.45e-03 6.40e-04  6.46e+00  6385s
  80   1.32183206e+11  1.32200759e+11  2.18e-03 5.58e-04  5.49e+00  6442s
  81   1.32183909e+11  1.32196592e+11  2.03e-03 4.01e-04  3.97e+00  6502s
  82   1.32183916e+11  1.32196525e+11  2.02e-03 3.98e-04  3.94e+00  6551s
  83   1.32184059e+11  1.32195486e+11  2.01e-03 3.61e-04  3.57e+00  6591s
  84   1.32184059e+11  1.32195486e+11  2.01e-03 3.61e-04  3.56e+00  6641s
  85   1.32184117e+11  1.32194801e+11  2.09e-03 3.37e-04  3.33e+00  6682s
  86   1.32184213e+11  1.32194197e+11  2.06e-03 3.16e-04  3.11e+00  6732s
  87   1.32184243e+11  1.32193854e+11  2.10e-03 3.03e-04  2.99e+00  6782s
  88   1.32184289e+11  1.32193452e+11  2.05e-03 2.89e-04  2.85e+00  6830s
  89   1.32184289e+11  1.32193452e+11  2.05e-03 2.89e-04  2.85e+00  6883s
  90   1.32184289e+11  1.32193452e+11  2.05e-03 2.89e-04  2.85e+00  6933s
  91   1.32184289e+11  1.32193452e+11  2.05e-03 2.89e-04  2.85e+00  6987s
  92   1.32184298e+11  1.32193377e+11  2.07e-03 2.86e-04  2.83e+00  7042s
  93   1.32184298e+11  1.32193377e+11  2.07e-03 2.86e-04  2.83e+00  7102s
  94   1.32184298e+11  1.32193377e+11  2.07e-03 2.86e-04  2.83e+00  7156s
  95   1.32184298e+11  1.32193377e+11  2.07e-03 2.86e-04  2.83e+00  7212s
  96   1.32184315e+11  1.32193205e+11  2.10e-03 2.80e-04  2.77e+00  7266s
  97   1.32184456e+11  1.32192603e+11  1.98e-03 2.59e-04  2.54e+00  7309s
  98   1.32184456e+11  1.32192603e+11  1.98e-03 2.59e-04  2.54e+00  7364s
  99   1.32184456e+11  1.32192603e+11  1.98e-03 2.59e-04  2.54e+00  7424s
 100   1.32184456e+11  1.32192603e+11  1.98e-03 2.59e-04  2.54e+00  7484s
 101   1.32184456e+11  1.32192603e+11  1.98e-03 2.59e-04  2.54e+00  7546s
 102   1.32184456e+11  1.32192603e+11  1.98e-03 2.59e-04  2.54e+00  7589s
 103   1.32184456e+11  1.32192603e+11  1.98e-03 2.59e-04  2.54e+00  7633s
 104   1.32184456e+11  1.32192603e+11  1.98e-03 2.59e-04  2.54e+00  7677s
 105   1.32184456e+11  1.32192603e+11  1.98e-03 2.59e-04  2.54e+00  7722s
 106   1.32184456e+11  1.32192603e+11  1.98e-03 2.59e-04  2.54e+00  7765s

Barrier performed 106 iterations in 7765.34 seconds
Sub-optimal termination - objective 1.32183206e+11


User-callback calls 1458579, time in user-callback 2.39 sec
