
Gurobi 9.1.2 (linux64) logging started Wed Jun 30 11:13:25 2021


Gurobi 9.1.2 (linux64) logging started Wed Jun 30 11:13:27 2021

Gurobi Optimizer version 9.1.2 build v9.1.2rc0 (linux64)
Thread count: 40 physical cores, 40 logical processors, using up to 32 threads
Optimize a model with 64962 rows, 25295 columns and 187288 nonzeros
Model fingerprint: 0x93baabca
Coefficient statistics:
  Matrix range     [3e-04, 9e+01]
  Objective range  [3e+02, 4e+05]
  Bounds range     [1e+03, 8e+06]
  RHS range        [6e+00, 1e+09]
Presolve removed 3992 rows and 15687 columns
Presolve time: 0.11s
Presolved: 21303 rows, 49275 columns, 156844 nonzeros
Ordering time: 5.17s

Barrier statistics:
 Dense cols : 2
 Free vars  : 2680
 AA' NZ     : 2.177e+05
 Factor NZ  : 1.655e+06 (roughly 40 MBytes of memory)
 Factor Ops : 2.398e+08 (less than 1 second per iteration)
 Threads    : 32

                  Objective                Residual
Iter       Primal          Dual         Primal    Dual     Compl     Time
   0  -3.03389908e+16  1.46874000e+10  1.01e+08 5.16e+05  2.79e+13     7s
   1  -8.04398330e+15  9.42582880e+14  1.87e+07 5.63e+07  8.00e+12     8s
   2  -3.56628057e+15  2.27927922e+15  5.44e+06 1.22e+07  2.12e+12     9s
   3  -2.21065053e+15  2.76059067e+15  2.57e+06 5.22e+06  9.95e+11    11s
   4  -1.00606908e+15  2.61561859e+15  7.41e+05 1.95e+06  3.31e+11    12s
   5  -5.73025429e+14  1.85556743e+15  2.95e+05 5.67e+05  1.26e+11    13s
   6  -3.00480349e+14  1.16861324e+15  1.08e+05 1.93e+05  4.91e+10    14s
   7  -1.16785215e+14  6.08674769e+14  3.13e+04 6.40e+04  1.72e+10    15s
   8  -3.90466418e+13  2.36972555e+14  9.10e+03 1.71e+04  5.40e+09    16s
   9  -5.85735780e+12  4.77145721e+13  9.78e+02 2.60e+03  9.22e+08    17s
  10  -4.05992832e+12  1.28844813e+13  7.09e+02 5.56e+02  2.81e+08    19s
  11  -1.59447267e+12  4.64258436e+12  1.99e+02 1.83e+02  1.00e+08    20s
  12  -7.33615007e+11  2.04335171e+12  9.59e+01 7.29e+01  4.42e+07    21s
  13  -3.48063709e+11  7.72794526e+11  4.86e+01 2.43e+01  1.77e+07    22s
  14  -1.06583125e+11  4.00696059e+11  2.01e+01 1.02e+01  7.99e+06    23s
  15   5.03975354e+09  2.84396074e+11  9.74e+00 6.30e+00  4.40e+06    24s
  16   4.78392876e+10  1.96539818e+11  5.90e+00 2.96e+00  2.34e+06    25s
  17   7.52897062e+10  1.68814561e+11  3.58e+00 1.84e+00  1.47e+06    26s
  18   9.00688177e+10  1.53435325e+11  2.25e+00 1.29e+00  9.96e+05    27s
  19   9.92735454e+10  1.38311863e+11  1.36e+00 7.85e-01  6.13e+05    29s
  20   1.02404906e+11  1.31289791e+11  1.05e+00 5.58e-01  4.54e+05    30s
  21   1.04522300e+11  1.27724773e+11  8.44e-01 4.38e-01  3.65e+05    31s
  22   1.06981261e+11  1.25063159e+11  6.16e-01 3.41e-01  2.84e+05    32s
  23   1.08988268e+11  1.23695596e+11  4.39e-01 2.99e-01  2.31e+05    33s
  24   1.10072769e+11  1.21177788e+11  3.50e-01 3.08e-01  1.75e+05    34s
  25   1.11290062e+11  1.19029961e+11  2.51e-01 3.29e-01  1.22e+05    36s
  26   1.12127450e+11  1.17793544e+11  1.85e-01 3.35e-01  8.92e+04    37s
  27   1.12732370e+11  1.16706380e+11  1.38e-01 3.69e-01  6.26e+04    38s
  28   1.13494585e+11  1.16239779e+11  8.09e-02 3.84e-01  4.33e+04    39s
  29   1.13851269e+11  1.15792363e+11  5.37e-02 4.70e-01  3.07e+04    41s
  30   1.14060025e+11  1.15454518e+11  3.75e-02 5.60e-01  2.21e+04    42s
  31   1.14190793e+11  1.15217837e+11  2.78e-02 5.86e-01  1.64e+04    44s
  32   1.14306496e+11  1.15011835e+11  1.95e-02 5.40e-01  1.13e+04    46s
  33   1.14407975e+11  1.14875229e+11  1.25e-02 4.80e-01  7.59e+03    48s
  34   1.14483525e+11  1.14783365e+11  7.45e-03 4.58e-01  4.97e+03    51s
  35   1.14514477e+11  1.14749332e+11  5.43e-03 4.37e-01  3.96e+03    53s
  36   1.14528719e+11  1.14700432e+11  4.48e-03 4.01e-01  2.97e+03    57s
  37   1.14547166e+11  1.14672895e+11  3.37e-03 3.53e-01  2.25e+03    60s
  38   1.14577954e+11  1.14639099e+11  1.50e-03 2.95e-01  1.24e+03    63s
  39   1.14586210e+11  1.14606389e+11  9.86e-04 2.30e-01  5.51e+02    69s
  40   1.14591081e+11  1.14603573e+11  7.10e-04 2.11e-01  4.19e+02    73s
  41   1.14595315e+11  1.14602868e+11  4.55e-04 2.01e-01  3.40e+02    77s
  42   1.14596112e+11  1.14601166e+11  4.06e-04 1.73e-01  2.82e+02    80s
  43   1.14597869e+11  1.14598902e+11  3.09e-04 1.53e-01  2.05e+02    82s
  44   1.14600059e+11  1.14597307e+11  1.90e-04 1.40e-01  1.37e+02    87s
  45   1.14600388e+11  1.14597220e+11  1.72e-04 1.31e-01  1.13e+02    91s
  46   1.14601136e+11  1.14597507e+11  1.30e-04 1.23e-01  8.87e+01    96s
  47   1.14602658e+11  1.14595788e+11  5.37e-05 1.18e-01  5.50e+01    99s
  48   1.14603183e+11  1.14595480e+11  3.20e-05 1.06e-01  3.45e+01   101s
  49   1.14603664e+11  1.14595158e+11  1.41e-05 1.03e-01  1.69e+01   105s
  50   1.14603809e+11  1.14595285e+11  1.01e-05 9.57e-02  1.03e+01   108s
  51   1.14603881e+11  1.14595284e+11  9.46e-06 9.58e-02  9.96e+00   111s
  52   1.14603958e+11  1.14595404e+11  9.14e-06 9.52e-02  9.27e+00   114s
  53   1.14603951e+11  1.14595877e+11  9.06e-06 9.13e-02  8.85e+00   119s
  54   1.14604166e+11  1.14595973e+11  8.86e-06 9.02e-02  8.73e+00   123s
  55   1.14604522e+11  1.14596030e+11  8.71e-06 8.94e-02  8.55e+00   127s
  56   1.14604536e+11  1.14596060e+11  8.68e-06 8.91e-02  8.53e+00   132s
  57   1.14604695e+11  1.14596071e+11  9.54e-06 8.90e-02  8.51e+00   136s
  58   1.14604706e+11  1.14596078e+11  9.62e-06 8.89e-02  8.50e+00   141s
  59   1.14604811e+11  1.14596176e+11  6.26e-05 8.81e-02  8.43e+00   150s
  60   1.14605138e+11  1.14596206e+11  6.59e-05 8.77e-02  8.35e+00   155s
  61   1.14605932e+11  1.14596331e+11  7.56e-05 8.58e-02  8.08e+00   161s
  62   1.14605927e+11  1.14596332e+11  7.55e-05 8.58e-02  8.08e+00   166s
  63   1.14605876e+11  1.14596365e+11  7.43e-05 8.55e-02  8.06e+00   170s

Barrier performed 63 iterations in 170.30 seconds
Sub-optimal termination - objective 1.14603664e+11


User-callback calls 2754, time in user-callback 0.01 sec
