
Gurobi 9.1.2 (linux64) logging started Thu Jun 24 17:27:34 2021


Gurobi 9.1.2 (linux64) logging started Thu Jun 24 17:27:41 2021

Gurobi Optimizer version 9.1.2 build v9.1.2rc0 (linux64)
Thread count: 40 physical cores, 40 logical processors, using up to 32 threads
Optimize a model with 3390066 rows, 1314095 columns and 9752159 nonzeros
Model fingerprint: 0x1f9fc358
Coefficient statistics:
  Matrix range     [3e-04, 1e+00]
  Objective range  [1e+01, 4e+05]
  Bounds range     [1e+03, 8e+06]
  RHS range        [6e+00, 1e+09]
Presolve removed 283740 rows and 940552 columns (presolve time = 5s) ...
Presolve removed 284301 rows and 959278 columns
Presolve time: 8.41s
Presolved: 1029794 rows, 2430788 columns, 8152295 nonzeros
Elapsed ordering time = 138s
Elapsed ordering time = 140s
Elapsed ordering time = 145s
Elapsed ordering time = 150s
Elapsed ordering time = 155s
Elapsed ordering time = 160s
Ordering time: 166.32s

Barrier statistics:
 Dense cols : 2
 Free vars  : 93440
 AA' NZ     : 1.102e+07
 Factor NZ  : 1.341e+08 (roughly 2.5 GBytes of memory)
 Factor Ops : 3.826e+10 (less than 1 second per iteration)
 Threads    : 32

                  Objective                Residual
Iter       Primal          Dual         Primal    Dual     Compl     Time
   0  -1.09302231e+16  1.69509874e+12  5.68e+08 4.78e+06  2.25e+12   210s
   1  -8.70628809e+15  1.12153145e+14  1.91e+08 5.13e+07  9.01e+11   245s
   2  -7.45197332e+15  1.86314744e+14  8.42e+07 4.73e+07  5.95e+11   286s
   3  -6.15486098e+15  2.10494766e+15  3.03e+07 9.93e+06  1.64e+11   338s
   4  -5.98427459e+15  2.69476013e+15  2.89e+07 3.00e+06  1.17e+11   378s
   5  -3.16780006e+15  2.81473916e+15  1.08e+07 1.80e+06  4.86e+10   408s
   6  -1.40677112e+15  2.80810351e+15  3.84e+06 7.42e+05  1.84e+10   437s
   7  -5.64613407e+14  2.55768993e+15  1.23e+06 2.95e+05  6.55e+09   469s
   8  -1.14034976e+14  2.05331394e+15  7.58e+04 1.54e+05  1.72e+09   505s
   9  -8.02661539e+13  1.10557812e+15  2.83e+04 6.58e+04  7.70e+08   535s
  10  -5.82412063e+13  5.14485439e+14  5.08e+03 2.65e+04  3.18e+08   575s
  11  -4.74357577e+13  2.93007610e+14  1.65e+03 1.43e+04  1.73e+08   604s
  12  -3.56226708e+13  1.27812089e+14  5.25e+02 5.89e+03  7.42e+07   642s
  13  -2.34996184e+13  4.83528484e+13  1.44e+02 2.03e+03  2.86e+07   697s
  14  -1.29888250e+13  2.28205273e+13  4.58e+01 8.98e+02  1.31e+07   741s
  15  -8.38400283e+12  7.85427172e+12  2.66e+01 2.85e+02  5.52e+06   776s
  16  -3.57146868e+12  4.19680100e+12  9.64e+00 1.44e+02  2.55e+06   811s
  17  -1.08298305e+12  2.12656330e+12  2.81e+00 6.74e+01  1.03e+06   848s
  18  -4.00736407e+11  7.69542178e+11  1.06e+00 2.21e+01  3.69e+05   883s
  19  -2.49706947e+11  4.79039809e+11  7.55e-01 1.19e+01  2.29e+05   926s
  20  -6.58328178e+10  3.58553826e+11  3.67e-01 7.80e+00  1.33e+05   961s
  21   2.20367428e+10  2.85796477e+11  1.91e-01 5.29e+00  8.26e+04  1007s
  22   6.78660220e+10  2.21316715e+11  1.07e-01 2.96e+00  4.80e+04  1061s
  23   8.52016289e+10  1.98102178e+11  7.31e-02 2.21e+00  3.53e+04  1107s
  24   9.54356152e+10  1.88295348e+11  5.49e-02 1.91e+00  2.90e+04  1142s
  25   9.78733084e+10  1.83232471e+11  5.05e-02 1.75e+00  2.67e+04  1176s
  26   1.02358402e+11  1.77525757e+11  4.24e-02 1.57e+00  2.35e+04  1211s
  27   1.04157529e+11  1.69895309e+11  3.90e-02 1.35e+00  2.05e+04  1261s
  28   1.07832269e+11  1.62401479e+11  3.27e-02 1.11e+00  1.70e+04  1325s
  29   1.12208206e+11  1.59089913e+11  2.54e-02 1.01e+00  1.46e+04  1404s
  30   1.13706382e+11  1.57674353e+11  2.31e-02 9.61e-01  1.37e+04  1479s
  31   1.14319385e+11  1.56696711e+11  2.21e-02 9.27e-01  1.32e+04  1541s
  32   1.16699605e+11  1.52991017e+11  1.84e-02 8.07e-01  1.13e+04  1618s
  33   1.18583558e+11  1.50841281e+11  1.55e-02 7.37e-01  1.01e+04  1694s
  34   1.19582788e+11  1.45674289e+11  1.40e-02 5.69e-01  8.15e+03  1773s
  35   1.20384922e+11  1.42925943e+11  1.28e-02 4.74e-01  7.04e+03  1853s
  36   1.21564998e+11  1.41691185e+11  1.11e-02 4.33e-01  6.29e+03  1928s
  37   1.22368827e+11  1.40403425e+11  9.91e-03 3.89e-01  5.63e+03  2006s
  38   1.22877000e+11  1.38214321e+11  9.16e-03 3.15e-01  4.79e+03  2081s
  39   1.23303853e+11  1.38014520e+11  8.50e-03 3.08e-01  4.59e+03  2131s
  40   1.23667993e+11  1.37402220e+11  7.91e-03 2.87e-01  4.29e+03  2188s
  41   1.24043526e+11  1.36920046e+11  7.33e-03 2.70e-01  4.02e+03  2243s
  42   1.24929221e+11  1.36089481e+11  6.00e-03 2.42e-01  3.49e+03  2310s
  43   1.25891372e+11  1.34981121e+11  4.54e-03 2.04e-01  2.84e+03  2374s
  44   1.26080568e+11  1.34011918e+11  4.26e-03 1.71e-01  2.48e+03  2440s
  45   1.26711277e+11  1.33358383e+11  3.38e-03 1.49e-01  2.08e+03  2499s
  46   1.27075914e+11  1.32920540e+11  2.85e-03 1.33e-01  1.83e+03  2562s
  47   1.27507289e+11  1.32757043e+11  2.24e-03 1.27e-01  1.64e+03  2626s
  48   1.27715834e+11  1.32009538e+11  1.96e-03 1.01e-01  1.34e+03  2694s
  49   1.28043779e+11  1.31683960e+11  1.51e-03 9.03e-02  1.14e+03  2758s
  50   1.28291817e+11  1.31100636e+11  1.17e-03 6.95e-02  8.77e+02  2824s
  51   1.28445578e+11  1.30788166e+11  1.45e-03 5.82e-02  7.32e+02  2888s
  52   1.28535239e+11  1.30492085e+11  2.20e-03 4.76e-02  6.11e+02  2955s
  53   1.28586970e+11  1.30389981e+11  2.65e-03 4.39e-02  5.63e+02  3020s
  54   1.28665748e+11  1.30202970e+11  3.47e-03 3.70e-02  4.80e+02  3085s
  55   1.28748096e+11  1.30069664e+11  4.75e-03 3.21e-02  4.13e+02  3153s
  56   1.28814400e+11  1.29928283e+11  7.21e-03 2.71e-02  3.48e+02  3218s
  57   1.28893530e+11  1.29833492e+11  9.19e-03 2.36e-02  2.94e+02  3285s
  58   1.28926539e+11  1.29725758e+11  9.86e-03 1.97e-02  2.50e+02  3348s
  59   1.28952979e+11  1.29643957e+11  1.16e-02 1.67e-02  2.16e+02  3413s
  60   1.28958943e+11  1.29610852e+11  1.19e-02 1.56e-02  2.04e+02  3476s
  61   1.28979557e+11  1.29558101e+11  1.17e-02 1.37e-02  1.81e+02  3539s
  62   1.29008163e+11  1.29537941e+11  1.28e-02 1.30e-02  1.65e+02  3601s
  63   1.29021404e+11  1.29467205e+11  1.31e-02 1.04e-02  1.39e+02  3665s
  64   1.29048636e+11  1.29428685e+11  1.38e-02 8.99e-03  1.19e+02  3717s
  65   1.29056185e+11  1.29404328e+11  1.41e-02 8.12e-03  1.09e+02  3772s
  66   1.29075598e+11  1.29377681e+11  1.69e-02 9.46e-03  9.43e+01  3830s
  67   1.29088209e+11  1.29355242e+11  1.51e-02 1.03e-02  8.34e+01  3885s
  68   1.29105926e+11  1.29333507e+11  1.71e-02 1.19e-02  7.11e+01  3942s
  69   1.29112468e+11  1.29312584e+11  1.80e-02 1.38e-02  6.25e+01  3999s
  70   1.29122430e+11  1.29296792e+11  1.85e-02 1.52e-02  5.45e+01  4054s
  71   1.29127981e+11  1.29288506e+11  1.94e-02 1.60e-02  5.01e+01  4101s
  72   1.29134232e+11  1.29265435e+11  1.92e-02 1.78e-02  4.10e+01  4158s
  73   1.29137807e+11  1.29257454e+11  1.89e-02 1.86e-02  3.74e+01  4213s
  74   1.29142719e+11  1.29241024e+11  1.80e-02 2.00e-02  3.07e+01  4271s
  75   1.29145394e+11  1.29236957e+11  1.78e-02 2.05e-02  2.86e+01  4326s
  76   1.29150209e+11  1.29230143e+11  1.62e-02 2.12e-02  2.50e+01  4375s
  77   1.29151993e+11  1.29222963e+11  1.59e-02 2.19e-02  2.22e+01  4430s
  78   1.29156528e+11  1.29217718e+11  1.51e-02 2.24e-02  1.91e+01  4485s
  79   1.29158122e+11  1.29212693e+11  1.57e-02 2.29e-02  1.70e+01  4543s
  80   1.29160729e+11  1.29208357e+11  1.65e-02 2.32e-02  1.49e+01  4597s
  81   1.29163285e+11  1.29204609e+11  1.72e-02 2.35e-02  1.29e+01  4655s
  82   1.29165517e+11  1.29202093e+11  1.72e-02 2.36e-02  1.14e+01  4709s
  83   1.29166807e+11  1.29198910e+11  1.95e-02 2.39e-02  1.00e+01  4768s
  84   1.29167694e+11  1.29195216e+11  2.03e-02 2.41e-02  8.60e+00  4823s
  85   1.29168534e+11  1.29193030e+11  2.11e-02 2.41e-02  7.65e+00  4881s
  86   1.29168870e+11  1.29191264e+11  2.11e-02 2.42e-02  7.00e+00  4935s
  87   1.29169595e+11  1.29188967e+11  2.12e-02 2.41e-02  6.05e+00  4991s
  88   1.29170408e+11  1.29187693e+11  2.25e-02 2.42e-02  5.40e+00  5049s
  89   1.29170676e+11  1.29186094e+11  2.32e-02 2.41e-02  4.82e+00  5095s
  90   1.29171097e+11  1.29185039e+11  2.38e-02 2.37e-02  4.36e+00  5144s
  91   1.29171982e+11  1.29184154e+11  2.48e-02 2.34e-02  3.81e+00  5199s
  92   1.29172294e+11  1.29183294e+11  2.48e-02 2.27e-02  3.44e+00  5254s
  93   1.29172438e+11  1.29182132e+11  2.48e-02 2.16e-02  3.03e+00  5311s
  94   1.29172920e+11  1.29181144e+11  2.09e-02 1.81e-02  2.57e+00  5363s
  95   1.29173250e+11  1.29179953e+11  1.80e-02 1.42e-02  2.10e+00  5426s
  96   1.29173538e+11  1.29179328e+11  1.56e-02 1.23e-02  1.81e+00  5491s
  97   1.29173785e+11  1.29178812e+11  1.36e-02 1.08e-02  1.57e+00  5559s
  98   1.29174148e+11  1.29178262e+11  1.07e-02 9.06e-03  1.29e+00  5624s
  99   1.29174362e+11  1.29177804e+11  9.05e-03 7.64e-03  1.08e+00  5690s
 100   1.29174524e+11  1.29177557e+11  7.76e-03 6.88e-03  9.48e-01  5754s
 101   1.29174636e+11  1.29177324e+11  6.84e-03 6.13e-03  8.40e-01  5834s
 102   1.29174742e+11  1.29177129e+11  5.99e-03 5.50e-03  7.46e-01  5921s
 103   1.29174826e+11  1.29176685e+11  5.30e-03 4.16e-03  5.81e-01  6023s
 104   1.29174939e+11  1.29176512e+11  8.03e-03 3.57e-03  4.92e-01  6132s
 105   1.29174978e+11  1.29176421e+11  1.09e-02 3.26e-03  4.51e-01  6257s
 106   1.29175090e+11  1.29176258e+11  1.90e-02 2.69e-03  3.65e-01  6382s
 107   1.29175110e+11  1.29176231e+11  1.99e-02 2.60e-03  3.51e-01  6528s
 108   1.29175159e+11  1.29176143e+11  1.77e-02 2.29e-03  3.08e-01  6738s
 109   1.29175239e+11  1.29175969e+11  1.35e-02 1.71e-03  2.28e-01  6830s
 110   1.29175259e+11  1.29175882e+11  1.26e-02 1.42e-03  1.95e-01  6925s
 111   1.29175345e+11  1.29175695e+11  7.90e-03 7.99e-04  1.10e-01  7020s
 112   1.29175345e+11  1.29175695e+11  7.90e-03 7.99e-04  1.10e-01  7088s
 113   1.29175393e+11  1.29175665e+11  4.54e-03 6.82e-04  8.51e-02  7190s

Barrier performed 113 iterations in 7203.94 seconds
Time limit reached


User-callback calls 895353, time in user-callback 0.84 sec

Gurobi 9.1.2 (linux64) logging started Fri Jun 25 00:02:23 2021


Gurobi 9.1.2 (linux64) logging started Fri Jun 25 00:02:29 2021

Gurobi Optimizer version 9.1.2 build v9.1.2rc0 (linux64)
Thread count: 40 physical cores, 40 logical processors, using up to 32 threads
Optimize a model with 3390066 rows, 1314095 columns and 9752159 nonzeros
Model fingerprint: 0x1f9fc358
Coefficient statistics:
  Matrix range     [3e-04, 1e+00]
  Objective range  [1e+01, 4e+05]
  Bounds range     [1e+03, 8e+06]
  RHS range        [6e+00, 1e+09]
Presolve removed 283740 rows and 940552 columns (presolve time = 5s) ...
Presolve removed 284301 rows and 959278 columns
Presolve time: 7.27s
Presolved: 1029794 rows, 2430788 columns, 8152295 nonzeros
Elapsed ordering time = 132s
Elapsed ordering time = 135s
Elapsed ordering time = 140s
Elapsed ordering time = 145s
Elapsed ordering time = 150s
Elapsed ordering time = 155s
Ordering time: 160.26s

Barrier statistics:
 Dense cols : 2
 Free vars  : 93440
 AA' NZ     : 1.102e+07
 Factor NZ  : 1.341e+08 (roughly 2.5 GBytes of memory)
 Factor Ops : 3.826e+10 (less than 1 second per iteration)
 Threads    : 32

                  Objective                Residual
Iter       Primal          Dual         Primal    Dual     Compl     Time
   0  -1.09302231e+16  1.69509874e+12  5.68e+08 4.78e+06  2.25e+12   206s
   1  -8.70628809e+15  1.12153145e+14  1.91e+08 5.13e+07  9.01e+11   247s
   2  -7.45197332e+15  1.86314744e+14  8.42e+07 4.73e+07  5.95e+11   293s
   3  -6.15486098e+15  2.10494766e+15  3.03e+07 9.93e+06  1.64e+11   347s
   4  -5.98427459e+15  2.69476013e+15  2.89e+07 3.00e+06  1.17e+11   392s
   5  -3.16780006e+15  2.81473916e+15  1.08e+07 1.80e+06  4.86e+10   426s
   6  -1.40677112e+15  2.80810351e+15  3.84e+06 7.42e+05  1.84e+10   461s
   7  -5.64613407e+14  2.55768993e+15  1.23e+06 2.95e+05  6.55e+09   494s
   8  -1.14034976e+14  2.05331394e+15  7.58e+04 1.54e+05  1.72e+09   538s
   9  -8.02661539e+13  1.10557812e+15  2.83e+04 6.58e+04  7.70e+08   574s
  10  -5.82412063e+13  5.14485439e+14  5.08e+03 2.65e+04  3.18e+08   616s
  11  -4.74357577e+13  2.93007610e+14  1.65e+03 1.43e+04  1.73e+08   650s
  12  -3.56226708e+13  1.27812089e+14  5.25e+02 5.89e+03  7.42e+07   694s
  13  -2.34996184e+13  4.83528484e+13  1.44e+02 2.03e+03  2.86e+07   745s
  14  -1.29888250e+13  2.28205273e+13  4.58e+01 8.98e+02  1.31e+07   789s
  15  -8.38400283e+12  7.85427172e+12  2.66e+01 2.85e+02  5.52e+06   824s
  16  -3.57146868e+12  4.19680100e+12  9.64e+00 1.44e+02  2.55e+06   857s
  17  -1.08298305e+12  2.12656330e+12  2.81e+00 6.74e+01  1.03e+06   890s
  18  -4.00736407e+11  7.69542178e+11  1.06e+00 2.21e+01  3.69e+05   925s
  19  -2.49706947e+11  4.79039809e+11  7.55e-01 1.19e+01  2.29e+05   967s
  20  -6.58328178e+10  3.58553826e+11  3.67e-01 7.80e+00  1.33e+05  1001s
  21   2.20367428e+10  2.85796477e+11  1.91e-01 5.29e+00  8.26e+04  1046s
  22   6.78660220e+10  2.21316715e+11  1.07e-01 2.96e+00  4.80e+04  1097s
  23   8.52016289e+10  1.98102178e+11  7.31e-02 2.21e+00  3.53e+04  1142s
  24   9.54356152e+10  1.88295348e+11  5.49e-02 1.91e+00  2.90e+04  1176s
  25   9.78733084e+10  1.83232471e+11  5.05e-02 1.75e+00  2.67e+04  1209s
  26   1.02358402e+11  1.77525757e+11  4.24e-02 1.57e+00  2.35e+04  1245s
  27   1.04157529e+11  1.69895309e+11  3.90e-02 1.35e+00  2.05e+04  1286s
  28   1.07832269e+11  1.62401479e+11  3.27e-02 1.11e+00  1.70e+04  1338s
  29   1.12208206e+11  1.59089913e+11  2.54e-02 1.01e+00  1.46e+04  1402s
  30   1.13706382e+11  1.57674353e+11  2.31e-02 9.61e-01  1.37e+04  1464s
  31   1.14319385e+11  1.56696711e+11  2.21e-02 9.27e-01  1.32e+04  1518s
  32   1.16699605e+11  1.52991017e+11  1.84e-02 8.07e-01  1.13e+04  1579s
  33   1.18583558e+11  1.50841281e+11  1.55e-02 7.37e-01  1.01e+04  1643s
  34   1.19582788e+11  1.45674289e+11  1.40e-02 5.69e-01  8.15e+03  1705s
  35   1.20384922e+11  1.42925943e+11  1.28e-02 4.74e-01  7.04e+03  1769s
  36   1.21564998e+11  1.41691185e+11  1.11e-02 4.33e-01  6.29e+03  1831s
  37   1.22368827e+11  1.40403425e+11  9.91e-03 3.89e-01  5.63e+03  1894s
  38   1.22877000e+11  1.38214321e+11  9.16e-03 3.15e-01  4.79e+03  1955s
  39   1.23303853e+11  1.38014520e+11  8.50e-03 3.08e-01  4.59e+03  2001s
  40   1.23667993e+11  1.37402220e+11  7.91e-03 2.87e-01  4.29e+03  2054s
  41   1.24043526e+11  1.36920046e+11  7.33e-03 2.70e-01  4.02e+03  2111s
  42   1.24929221e+11  1.36089481e+11  6.00e-03 2.42e-01  3.49e+03  2176s
  43   1.25891372e+11  1.34981121e+11  4.54e-03 2.04e-01  2.84e+03  2237s
  44   1.26080568e+11  1.34011918e+11  4.26e-03 1.71e-01  2.48e+03  2302s
  45   1.26711277e+11  1.33358383e+11  3.38e-03 1.49e-01  2.08e+03  2367s
  46   1.27075914e+11  1.32920540e+11  2.85e-03 1.33e-01  1.83e+03  2430s
  47   1.27507289e+11  1.32757043e+11  2.24e-03 1.27e-01  1.64e+03  2495s
  48   1.27715834e+11  1.32009538e+11  1.96e-03 1.01e-01  1.34e+03  2557s
  49   1.28043779e+11  1.31683960e+11  1.51e-03 9.03e-02  1.14e+03  2621s
  50   1.28291817e+11  1.31100636e+11  1.17e-03 6.95e-02  8.77e+02  2683s
  51   1.28445578e+11  1.30788166e+11  1.45e-03 5.82e-02  7.32e+02  2748s
  52   1.28535239e+11  1.30492085e+11  2.20e-03 4.76e-02  6.11e+02  2815s
  53   1.28586970e+11  1.30389981e+11  2.65e-03 4.39e-02  5.63e+02  2876s
  54   1.28665748e+11  1.30202970e+11  3.47e-03 3.70e-02  4.80e+02  2942s
  55   1.28748096e+11  1.30069664e+11  4.75e-03 3.21e-02  4.13e+02  3003s
  56   1.28814400e+11  1.29928283e+11  7.21e-03 2.71e-02  3.48e+02  3068s
  57   1.28893530e+11  1.29833492e+11  9.19e-03 2.36e-02  2.94e+02  3133s
  58   1.28926539e+11  1.29725758e+11  9.86e-03 1.97e-02  2.50e+02  3194s
  59   1.28952979e+11  1.29643957e+11  1.16e-02 1.67e-02  2.16e+02  3258s
  60   1.28958943e+11  1.29610852e+11  1.19e-02 1.56e-02  2.04e+02  3326s
  61   1.28979557e+11  1.29558101e+11  1.17e-02 1.37e-02  1.81e+02  3387s
  62   1.29008163e+11  1.29537941e+11  1.28e-02 1.30e-02  1.65e+02  3452s
  63   1.29021404e+11  1.29467205e+11  1.31e-02 1.04e-02  1.39e+02  3514s
  64   1.29048636e+11  1.29428685e+11  1.38e-02 8.99e-03  1.19e+02  3570s
  65   1.29056185e+11  1.29404328e+11  1.41e-02 8.12e-03  1.09e+02  3631s
  66   1.29075598e+11  1.29377681e+11  1.69e-02 9.46e-03  9.43e+01  3696s
  67   1.29088209e+11  1.29355242e+11  1.51e-02 1.03e-02  8.34e+01  3758s
  68   1.29105926e+11  1.29333507e+11  1.71e-02 1.19e-02  7.11e+01  3822s
  69   1.29112468e+11  1.29312584e+11  1.80e-02 1.38e-02  6.25e+01  3886s
  70   1.29122430e+11  1.29296792e+11  1.85e-02 1.52e-02  5.45e+01  3946s
  71   1.29127981e+11  1.29288506e+11  1.94e-02 1.60e-02  5.01e+01  4002s
  72   1.29134232e+11  1.29265435e+11  1.92e-02 1.78e-02  4.10e+01  4063s
  73   1.29137807e+11  1.29257454e+11  1.89e-02 1.86e-02  3.74e+01  4126s
  74   1.29142719e+11  1.29241024e+11  1.80e-02 2.00e-02  3.07e+01  4192s
  75   1.29145394e+11  1.29236957e+11  1.78e-02 2.05e-02  2.86e+01  4253s
  76   1.29150209e+11  1.29230143e+11  1.62e-02 2.12e-02  2.50e+01  4309s
  77   1.29151993e+11  1.29222963e+11  1.59e-02 2.19e-02  2.22e+01  4370s
  78   1.29156528e+11  1.29217718e+11  1.51e-02 2.24e-02  1.91e+01  4434s
  79   1.29158122e+11  1.29212693e+11  1.57e-02 2.29e-02  1.70e+01  4495s
  80   1.29160729e+11  1.29208357e+11  1.65e-02 2.32e-02  1.49e+01  4559s
  81   1.29163285e+11  1.29204609e+11  1.72e-02 2.35e-02  1.29e+01  4621s
  82   1.29165517e+11  1.29202093e+11  1.72e-02 2.36e-02  1.14e+01  4686s
  83   1.29166807e+11  1.29198910e+11  1.95e-02 2.39e-02  1.00e+01  4747s
  84   1.29167694e+11  1.29195216e+11  2.03e-02 2.41e-02  8.60e+00  4810s
  85   1.29168534e+11  1.29193030e+11  2.11e-02 2.41e-02  7.65e+00  4871s
  86   1.29168870e+11  1.29191264e+11  2.11e-02 2.42e-02  7.00e+00  4934s
  87   1.29169595e+11  1.29188967e+11  2.12e-02 2.41e-02  6.05e+00  4995s
  88   1.29170408e+11  1.29187693e+11  2.25e-02 2.42e-02  5.40e+00  5059s
  89   1.29170676e+11  1.29186094e+11  2.32e-02 2.41e-02  4.82e+00  5110s
  90   1.29171097e+11  1.29185039e+11  2.38e-02 2.37e-02  4.36e+00  5164s
  91   1.29171982e+11  1.29184154e+11  2.48e-02 2.34e-02  3.81e+00  5227s
  92   1.29172294e+11  1.29183294e+11  2.48e-02 2.27e-02  3.44e+00  5290s
  93   1.29172438e+11  1.29182132e+11  2.48e-02 2.16e-02  3.03e+00  5353s
  94   1.29172920e+11  1.29181144e+11  2.09e-02 1.81e-02  2.57e+00  5413s
  95   1.29173250e+11  1.29179953e+11  1.80e-02 1.42e-02  2.10e+00  5482s
  96   1.29173538e+11  1.29179328e+11  1.56e-02 1.23e-02  1.81e+00  5560s
  97   1.29173785e+11  1.29178812e+11  1.36e-02 1.08e-02  1.57e+00  5632s
  98   1.29174148e+11  1.29178262e+11  1.07e-02 9.06e-03  1.29e+00  5708s
  99   1.29174362e+11  1.29177804e+11  9.05e-03 7.64e-03  1.08e+00  5782s
 100   1.29174524e+11  1.29177557e+11  7.76e-03 6.88e-03  9.48e-01  5858s
 101   1.29174636e+11  1.29177324e+11  6.84e-03 6.13e-03  8.40e-01  5953s
 102   1.29174742e+11  1.29177129e+11  5.99e-03 5.50e-03  7.46e-01  6053s
 103   1.29174826e+11  1.29176685e+11  5.30e-03 4.16e-03  5.81e-01  6176s
 104   1.29174939e+11  1.29176512e+11  8.03e-03 3.57e-03  4.92e-01  6291s
 105   1.29174978e+11  1.29176421e+11  1.09e-02 3.26e-03  4.51e-01  6414s
 106   1.29175090e+11  1.29176258e+11  1.90e-02 2.69e-03  3.65e-01  6536s
 107   1.29175110e+11  1.29176231e+11  1.99e-02 2.60e-03  3.51e-01  6678s
 108   1.29175159e+11  1.29176143e+11  1.77e-02 2.29e-03  3.08e-01  6885s
 109   1.29175239e+11  1.29175969e+11  1.35e-02 1.71e-03  2.28e-01  6975s
 110   1.29175259e+11  1.29175882e+11  1.26e-02 1.42e-03  1.95e-01  7068s
 111   1.29175345e+11  1.29175695e+11  7.90e-03 7.99e-04  1.10e-01  7162s
 112   1.29175345e+11  1.29175695e+11  7.90e-03 7.99e-04  1.10e-01  7234s
 113   1.29175393e+11  1.29175665e+11  4.54e-03 6.82e-04  8.51e-02  7343s
 114   1.29175393e+11  1.29175665e+11  4.53e-03 6.81e-04  8.49e-02  7413s
 115   1.29175393e+11  1.29175665e+11  4.53e-03 6.81e-04  8.49e-02  7478s
 116   1.29175393e+11  1.29175665e+11  4.53e-03 6.81e-04  8.49e-02  7553s
 117   1.29175393e+11  1.29175665e+11  4.53e-03 6.81e-04  8.49e-02  7624s
 118   1.29175393e+11  1.29175664e+11  4.49e-03 6.78e-04  8.44e-02  7696s
 119   1.29175393e+11  1.29175664e+11  4.49e-03 6.78e-04  8.44e-02  7770s
 120   1.29175393e+11  1.29175664e+11  4.49e-03 6.77e-04  8.44e-02  7845s
 121   1.29175393e+11  1.29175664e+11  4.48e-03 6.76e-04  8.43e-02  7916s
 122   1.29175393e+11  1.29175664e+11  4.48e-03 6.76e-04  8.43e-02  7988s
 123   1.29175395e+11  1.29175661e+11  4.38e-03 6.68e-04  8.32e-02  8062s

Barrier performed 123 iterations in 8061.67 seconds
Sub-optimal termination - objective 1.29175393e+11


User-callback calls 1018594, time in user-callback 0.46 sec

Gurobi 9.1.2 (linux64) logging started Fri Jun 25 11:23:07 2021


Gurobi 9.1.2 (linux64) logging started Fri Jun 25 11:23:13 2021

Gurobi Optimizer version 9.1.2 build v9.1.2rc0 (linux64)
Thread count: 40 physical cores, 40 logical processors, using up to 32 threads
Optimize a model with 3390066 rows, 1314095 columns and 9752159 nonzeros
Model fingerprint: 0x1f9fc358
Coefficient statistics:
  Matrix range     [3e-04, 1e+00]
  Objective range  [1e+01, 4e+05]
  Bounds range     [1e+03, 8e+06]
  RHS range        [6e+00, 1e+09]
Presolve removed 284300 rows and 959272 columns (presolve time = 5s) ...
Presolve removed 284301 rows and 959278 columns
Presolve time: 6.84s
Presolved: 1029794 rows, 2430788 columns, 8152295 nonzeros
Elapsed ordering time = 124s
Elapsed ordering time = 127s
Elapsed ordering time = 130s
Elapsed ordering time = 135s
Elapsed ordering time = 140s
Elapsed ordering time = 145s
Elapsed ordering time = 150s
Ordering time: 154.27s

Barrier statistics:
 Dense cols : 2
 Free vars  : 93440
 AA' NZ     : 1.102e+07
 Factor NZ  : 1.341e+08 (roughly 2.5 GBytes of memory)
 Factor Ops : 3.826e+10 (less than 1 second per iteration)
 Threads    : 32

                  Objective                Residual
Iter       Primal          Dual         Primal    Dual     Compl     Time
   0  -1.09302231e+16  1.69509874e+12  5.68e+08 4.78e+06  2.25e+12   195s
   1  -8.70628809e+15  1.12153145e+14  1.91e+08 5.13e+07  9.01e+11   231s
   2  -7.45197332e+15  1.86314744e+14  8.42e+07 4.73e+07  5.95e+11   273s
   3  -6.15486098e+15  2.10494766e+15  3.03e+07 9.93e+06  1.64e+11   324s
   4  -5.98427459e+15  2.69476013e+15  2.89e+07 3.00e+06  1.17e+11   371s
   5  -3.16780006e+15  2.81473916e+15  1.08e+07 1.80e+06  4.86e+10   406s
   6  -1.40677112e+15  2.80810351e+15  3.84e+06 7.42e+05  1.84e+10   440s
   7  -5.64613407e+14  2.55768993e+15  1.23e+06 2.95e+05  6.55e+09   477s
   8  -1.14034976e+14  2.05331394e+15  7.58e+04 1.54e+05  1.72e+09   520s
   9  -8.02661539e+13  1.10557812e+15  2.83e+04 6.58e+04  7.70e+08   555s
  10  -5.82412063e+13  5.14485439e+14  5.08e+03 2.65e+04  3.18e+08   600s
  11  -4.74357577e+13  2.93007610e+14  1.65e+03 1.43e+04  1.73e+08   634s
  12  -3.56226708e+13  1.27812089e+14  5.25e+02 5.89e+03  7.42e+07   676s
  13  -2.34996184e+13  4.83528484e+13  1.44e+02 2.03e+03  2.86e+07   731s
  14  -1.29888250e+13  2.28205273e+13  4.58e+01 8.98e+02  1.31e+07   774s
  15  -8.38400283e+12  7.85427172e+12  2.66e+01 2.85e+02  5.52e+06   809s
  16  -3.57146868e+12  4.19680100e+12  9.64e+00 1.44e+02  2.55e+06   846s
  17  -1.08298305e+12  2.12656330e+12  2.81e+00 6.74e+01  1.03e+06   880s
  18  -4.00736407e+11  7.69542178e+11  1.06e+00 2.21e+01  3.69e+05   914s
  19  -2.49706947e+11  4.79039809e+11  7.55e-01 1.19e+01  2.29e+05   957s
  20  -6.58328178e+10  3.58553826e+11  3.67e-01 7.80e+00  1.33e+05   992s
  21   2.20367428e+10  2.85796477e+11  1.91e-01 5.29e+00  8.26e+04  1036s
  22   6.78660220e+10  2.21316715e+11  1.07e-01 2.96e+00  4.80e+04  1089s
  23   8.52016289e+10  1.98102178e+11  7.31e-02 2.21e+00  3.53e+04  1132s
  24   9.54356152e+10  1.88295348e+11  5.49e-02 1.91e+00  2.90e+04  1168s
  25   9.78733084e+10  1.83232471e+11  5.05e-02 1.75e+00  2.67e+04  1197s
  26   1.02358402e+11  1.77525757e+11  4.24e-02 1.57e+00  2.35e+04  1226s
  27   1.04157529e+11  1.69895309e+11  3.90e-02 1.35e+00  2.05e+04  1265s
  28   1.07832269e+11  1.62401479e+11  3.27e-02 1.11e+00  1.70e+04  1312s
  29   1.12208206e+11  1.59089913e+11  2.54e-02 1.01e+00  1.46e+04  1367s
  30   1.13706382e+11  1.57674353e+11  2.31e-02 9.61e-01  1.37e+04  1426s
  31   1.14319385e+11  1.56696711e+11  2.21e-02 9.27e-01  1.32e+04  1475s
  32   1.16699605e+11  1.52991017e+11  1.84e-02 8.07e-01  1.13e+04  1533s
  33   1.18583558e+11  1.50841281e+11  1.55e-02 7.37e-01  1.01e+04  1588s
  34   1.19582788e+11  1.45674289e+11  1.40e-02 5.69e-01  8.15e+03  1646s
  35   1.20384922e+11  1.42925943e+11  1.28e-02 4.74e-01  7.04e+03  1703s
  36   1.21564998e+11  1.41691185e+11  1.11e-02 4.33e-01  6.29e+03  1759s
  37   1.22368827e+11  1.40403425e+11  9.91e-03 3.89e-01  5.63e+03  1818s
  38   1.22877000e+11  1.38214321e+11  9.16e-03 3.15e-01  4.79e+03  1874s
  39   1.23303853e+11  1.38014520e+11  8.50e-03 3.08e-01  4.59e+03  1913s
  40   1.23667993e+11  1.37402220e+11  7.91e-03 2.87e-01  4.29e+03  1963s
  41   1.24043526e+11  1.36920046e+11  7.33e-03 2.70e-01  4.02e+03  2010s
  42   1.24929221e+11  1.36089481e+11  6.00e-03 2.42e-01  3.49e+03  2066s
  43   1.25891372e+11  1.34981121e+11  4.54e-03 2.04e-01  2.84e+03  2125s
  44   1.26080568e+11  1.34011918e+11  4.26e-03 1.71e-01  2.48e+03  2179s
  45   1.26711277e+11  1.33358383e+11  3.38e-03 1.49e-01  2.08e+03  2236s
  46   1.27075914e+11  1.32920540e+11  2.85e-03 1.33e-01  1.83e+03  2293s
  47   1.27507289e+11  1.32757043e+11  2.24e-03 1.27e-01  1.64e+03  2349s
  48   1.27715834e+11  1.32009538e+11  1.96e-03 1.01e-01  1.34e+03  2406s
  49   1.28043779e+11  1.31683960e+11  1.51e-03 9.03e-02  1.14e+03  2463s
  50   1.28291817e+11  1.31100636e+11  1.17e-03 6.95e-02  8.77e+02  2521s
  51   1.28445578e+11  1.30788166e+11  1.45e-03 5.82e-02  7.32e+02  2577s
  52   1.28535239e+11  1.30492085e+11  2.20e-03 4.76e-02  6.11e+02  2637s
  53   1.28586970e+11  1.30389981e+11  2.65e-03 4.39e-02  5.63e+02  2698s
  54   1.28665748e+11  1.30202970e+11  3.47e-03 3.70e-02  4.80e+02  2755s
  55   1.28748096e+11  1.30069664e+11  4.75e-03 3.21e-02  4.13e+02  2815s
  56   1.28814400e+11  1.29928283e+11  7.21e-03 2.71e-02  3.48e+02  2874s
  57   1.28893530e+11  1.29833492e+11  9.19e-03 2.36e-02  2.94e+02  2934s
  58   1.28926539e+11  1.29725758e+11  9.86e-03 1.97e-02  2.50e+02  2996s
  59   1.28952979e+11  1.29643957e+11  1.16e-02 1.67e-02  2.16e+02  3053s
  60   1.28958943e+11  1.29610852e+11  1.19e-02 1.56e-02  2.04e+02  3114s
  61   1.28979557e+11  1.29558101e+11  1.17e-02 1.37e-02  1.81e+02  3173s
  62   1.29008163e+11  1.29537941e+11  1.28e-02 1.30e-02  1.65e+02  3235s
  63   1.29021404e+11  1.29467205e+11  1.31e-02 1.04e-02  1.39e+02  3295s
  64   1.29048636e+11  1.29428685e+11  1.38e-02 8.99e-03  1.19e+02  3347s
  65   1.29056185e+11  1.29404328e+11  1.41e-02 8.12e-03  1.09e+02  3407s
  66   1.29075598e+11  1.29377681e+11  1.69e-02 9.46e-03  9.43e+01  3469s
  67   1.29088209e+11  1.29355242e+11  1.51e-02 1.03e-02  8.34e+01  3528s
  68   1.29105926e+11  1.29333507e+11  1.71e-02 1.19e-02  7.11e+01  3589s
  69   1.29112468e+11  1.29312584e+11  1.80e-02 1.38e-02  6.25e+01  3649s
  70   1.29122430e+11  1.29296792e+11  1.85e-02 1.52e-02  5.45e+01  3710s
  71   1.29127981e+11  1.29288506e+11  1.94e-02 1.60e-02  5.01e+01  3760s
  72   1.29134232e+11  1.29265435e+11  1.92e-02 1.78e-02  4.10e+01  3820s
  73   1.29137807e+11  1.29257454e+11  1.89e-02 1.86e-02  3.74e+01  3878s
  74   1.29142719e+11  1.29241024e+11  1.80e-02 2.00e-02  3.07e+01  3941s
  75   1.29145394e+11  1.29236957e+11  1.78e-02 2.05e-02  2.86e+01  3999s
  76   1.29150209e+11  1.29230143e+11  1.62e-02 2.12e-02  2.50e+01  4049s
  77   1.29151993e+11  1.29222963e+11  1.59e-02 2.19e-02  2.22e+01  4109s
  78   1.29156528e+11  1.29217718e+11  1.51e-02 2.24e-02  1.91e+01  4168s
  79   1.29158122e+11  1.29212693e+11  1.57e-02 2.29e-02  1.70e+01  4228s
  80   1.29160729e+11  1.29208357e+11  1.65e-02 2.32e-02  1.49e+01  4286s
  81   1.29163285e+11  1.29204609e+11  1.72e-02 2.35e-02  1.29e+01  4345s
  82   1.29165517e+11  1.29202093e+11  1.72e-02 2.36e-02  1.14e+01  4405s
  83   1.29166807e+11  1.29198910e+11  1.95e-02 2.39e-02  1.00e+01  4463s
  84   1.29167694e+11  1.29195216e+11  2.03e-02 2.41e-02  8.60e+00  4524s
  85   1.29168534e+11  1.29193030e+11  2.11e-02 2.41e-02  7.65e+00  4583s
  86   1.29168870e+11  1.29191264e+11  2.11e-02 2.42e-02  7.00e+00  4644s
  87   1.29169595e+11  1.29188967e+11  2.12e-02 2.41e-02  6.05e+00  4703s
  88   1.29170408e+11  1.29187693e+11  2.25e-02 2.42e-02  5.40e+00  4763s
  89   1.29170676e+11  1.29186094e+11  2.32e-02 2.41e-02  4.82e+00  4813s
  90   1.29171097e+11  1.29185039e+11  2.38e-02 2.37e-02  4.36e+00  4863s
  91   1.29171982e+11  1.29184154e+11  2.48e-02 2.34e-02  3.81e+00  4924s
  92   1.29172294e+11  1.29183294e+11  2.48e-02 2.27e-02  3.44e+00  4982s
  93   1.29172438e+11  1.29182132e+11  2.48e-02 2.16e-02  3.03e+00  5043s
  94   1.29172920e+11  1.29181144e+11  2.09e-02 1.81e-02  2.57e+00  5097s
  95   1.29173250e+11  1.29179953e+11  1.80e-02 1.42e-02  2.10e+00  5165s
  96   1.29173538e+11  1.29179328e+11  1.56e-02 1.23e-02  1.81e+00  5233s
  97   1.29173785e+11  1.29178812e+11  1.36e-02 1.08e-02  1.57e+00  5305s
  98   1.29174148e+11  1.29178262e+11  1.07e-02 9.06e-03  1.29e+00  5376s
  99   1.29174362e+11  1.29177804e+11  9.05e-03 7.64e-03  1.08e+00  5445s
 100   1.29174524e+11  1.29177557e+11  7.76e-03 6.88e-03  9.48e-01  5515s
 101   1.29174636e+11  1.29177324e+11  6.84e-03 6.13e-03  8.40e-01  5600s
 102   1.29174742e+11  1.29177129e+11  5.99e-03 5.50e-03  7.46e-01  5693s
 103   1.29174826e+11  1.29176685e+11  5.30e-03 4.16e-03  5.81e-01  5809s
 104   1.29174939e+11  1.29176512e+11  8.03e-03 3.57e-03  4.92e-01  5916s
 105   1.29174978e+11  1.29176421e+11  1.09e-02 3.26e-03  4.51e-01  6030s
 106   1.29175090e+11  1.29176258e+11  1.90e-02 2.69e-03  3.65e-01  6140s
 107   1.29175110e+11  1.29176231e+11  1.99e-02 2.60e-03  3.51e-01  6270s
 108   1.29175159e+11  1.29176143e+11  1.77e-02 2.29e-03  3.08e-01  6459s
 109   1.29175239e+11  1.29175969e+11  1.35e-02 1.71e-03  2.28e-01  6543s
 110   1.29175259e+11  1.29175882e+11  1.26e-02 1.42e-03  1.95e-01  6629s
 111   1.29175345e+11  1.29175695e+11  7.90e-03 7.99e-04  1.10e-01  6713s
 112   1.29175345e+11  1.29175695e+11  7.90e-03 7.99e-04  1.10e-01  6776s
 113   1.29175393e+11  1.29175665e+11  4.54e-03 6.82e-04  8.51e-02  6865s
 114   1.29175393e+11  1.29175665e+11  4.53e-03 6.81e-04  8.49e-02  6922s
 115   1.29175393e+11  1.29175665e+11  4.53e-03 6.81e-04  8.49e-02  6977s
 116   1.29175393e+11  1.29175665e+11  4.53e-03 6.81e-04  8.49e-02  7038s
 117   1.29175393e+11  1.29175665e+11  4.53e-03 6.81e-04  8.49e-02  7098s
 118   1.29175393e+11  1.29175664e+11  4.49e-03 6.78e-04  8.44e-02  7160s
 119   1.29175393e+11  1.29175664e+11  4.49e-03 6.78e-04  8.44e-02  7220s
 120   1.29175393e+11  1.29175664e+11  4.49e-03 6.77e-04  8.44e-02  7283s
 121   1.29175393e+11  1.29175664e+11  4.48e-03 6.76e-04  8.43e-02  7342s
 122   1.29175393e+11  1.29175664e+11  4.48e-03 6.76e-04  8.43e-02  7404s
 123   1.29175395e+11  1.29175661e+11  4.38e-03 6.68e-04  8.32e-02  7462s

Barrier performed 123 iterations in 7462.36 seconds
Sub-optimal termination - objective 1.29175393e+11


User-callback calls 978147, time in user-callback 0.44 sec

Gurobi 9.1.2 (linux64) logging started Fri Jun 25 18:33:22 2021


Gurobi 9.1.2 (linux64) logging started Fri Jun 25 18:33:28 2021

Gurobi Optimizer version 9.1.2 build v9.1.2rc0 (linux64)
Thread count: 40 physical cores, 40 logical processors, using up to 32 threads
Optimize a model with 3390066 rows, 1314095 columns and 9752159 nonzeros
Model fingerprint: 0x1f9fc358
Coefficient statistics:
  Matrix range     [3e-04, 1e+00]
  Objective range  [1e+01, 4e+05]
  Bounds range     [1e+03, 8e+06]
  RHS range        [6e+00, 1e+09]
Presolve removed 283740 rows and 940552 columns (presolve time = 5s) ...
Presolve removed 284301 rows and 959278 columns
Presolve time: 7.64s
Presolved: 1029794 rows, 2430788 columns, 8152295 nonzeros
Elapsed ordering time = 136s
Elapsed ordering time = 140s
Elapsed ordering time = 145s
Elapsed ordering time = 150s
Elapsed ordering time = 155s
Elapsed ordering time = 160s
Ordering time: 172.22s

Barrier statistics:
 Dense cols : 2
 Free vars  : 93440
 AA' NZ     : 1.102e+07
 Factor NZ  : 1.341e+08 (roughly 2.5 GBytes of memory)
 Factor Ops : 3.826e+10 (less than 1 second per iteration)
 Threads    : 32

                  Objective                Residual
Iter       Primal          Dual         Primal    Dual     Compl     Time
   0  -1.09302231e+16  1.69509874e+12  5.68e+08 4.78e+06  2.25e+12   220s
   1  -8.70628809e+15  1.12153145e+14  1.91e+08 5.13e+07  9.01e+11   265s
   2  -7.45197332e+15  1.86314744e+14  8.42e+07 4.73e+07  5.95e+11   318s
   3  -6.15486098e+15  2.10494766e+15  3.03e+07 9.93e+06  1.64e+11   379s
   4  -5.98427459e+15  2.69476013e+15  2.89e+07 3.00e+06  1.17e+11   425s
   5  -3.16780006e+15  2.81473916e+15  1.08e+07 1.80e+06  4.86e+10   464s
   6  -1.40677112e+15  2.80810351e+15  3.84e+06 7.42e+05  1.84e+10   500s
   7  -5.64613407e+14  2.55768993e+15  1.23e+06 2.95e+05  6.55e+09   536s
   8  -1.14034976e+14  2.05331394e+15  7.58e+04 1.54e+05  1.72e+09   584s
   9  -8.02661539e+13  1.10557812e+15  2.83e+04 6.58e+04  7.70e+08   619s
  10  -5.82412063e+13  5.14485439e+14  5.08e+03 2.65e+04  3.18e+08   664s
  11  -4.74357577e+13  2.93007610e+14  1.65e+03 1.43e+04  1.73e+08   698s
  12  -3.56226708e+13  1.27812089e+14  5.25e+02 5.89e+03  7.42e+07   746s
  13  -2.34996184e+13  4.83528484e+13  1.44e+02 2.03e+03  2.86e+07   801s
  14  -1.29888250e+13  2.28205273e+13  4.58e+01 8.98e+02  1.31e+07   849s
  15  -8.38400283e+12  7.85427172e+12  2.66e+01 2.85e+02  5.52e+06   884s
  16  -3.57146868e+12  4.19680100e+12  9.64e+00 1.44e+02  2.55e+06   921s
  17  -1.08298305e+12  2.12656330e+12  2.81e+00 6.74e+01  1.03e+06   956s
  18  -4.00736407e+11  7.69542178e+11  1.06e+00 2.21e+01  3.69e+05   995s
  19  -2.49706947e+11  4.79039809e+11  7.55e-01 1.19e+01  2.29e+05  1039s
  20  -6.58328178e+10  3.58553826e+11  3.67e-01 7.80e+00  1.33e+05  1075s
  21   2.20367428e+10  2.85796477e+11  1.91e-01 5.29e+00  8.26e+04  1122s
  22   6.78660220e+10  2.21316715e+11  1.07e-01 2.96e+00  4.80e+04  1177s
  23   8.52016289e+10  1.98102178e+11  7.31e-02 2.21e+00  3.53e+04  1222s
  24   9.54356152e+10  1.88295348e+11  5.49e-02 1.91e+00  2.90e+04  1261s
  25   9.78733084e+10  1.83232471e+11  5.05e-02 1.75e+00  2.67e+04  1297s
  26   1.02358402e+11  1.77525757e+11  4.24e-02 1.57e+00  2.35e+04  1333s
  27   1.04157529e+11  1.69895309e+11  3.90e-02 1.35e+00  2.05e+04  1382s
  28   1.07832269e+11  1.62401479e+11  3.27e-02 1.11e+00  1.70e+04  1438s
  29   1.12208206e+11  1.59089913e+11  2.54e-02 1.01e+00  1.46e+04  1505s
  30   1.13706382e+11  1.57674353e+11  2.31e-02 9.61e-01  1.37e+04  1575s
  31   1.14319385e+11  1.56696711e+11  2.21e-02 9.27e-01  1.32e+04  1631s
  32   1.16699605e+11  1.52991017e+11  1.84e-02 8.07e-01  1.13e+04  1701s
  33   1.18583558e+11  1.50841281e+11  1.55e-02 7.37e-01  1.01e+04  1768s
  34   1.19582788e+11  1.45674289e+11  1.40e-02 5.69e-01  8.15e+03  1836s
  35   1.20384922e+11  1.42925943e+11  1.28e-02 4.74e-01  7.04e+03  1904s
  36   1.21564998e+11  1.41691185e+11  1.11e-02 4.33e-01  6.29e+03  1972s
  37   1.22368827e+11  1.40403425e+11  9.91e-03 3.89e-01  5.63e+03  2041s
  38   1.22877000e+11  1.38214321e+11  9.16e-03 3.15e-01  4.79e+03  2106s
  39   1.23303853e+11  1.38014520e+11  8.50e-03 3.08e-01  4.59e+03  2156s
  40   1.23667993e+11  1.37402220e+11  7.91e-03 2.87e-01  4.29e+03  2212s
  41   1.24043526e+11  1.36920046e+11  7.33e-03 2.70e-01  4.02e+03  2268s
  42   1.24929221e+11  1.36089481e+11  6.00e-03 2.42e-01  3.49e+03  2337s
  43   1.25891372e+11  1.34981121e+11  4.54e-03 2.04e-01  2.84e+03  2402s
  44   1.26080568e+11  1.34011918e+11  4.26e-03 1.71e-01  2.48e+03  2472s
  45   1.26711277e+11  1.33358383e+11  3.38e-03 1.49e-01  2.08e+03  2539s
  46   1.27075914e+11  1.32920540e+11  2.85e-03 1.33e-01  1.83e+03  2609s
  47   1.27507289e+11  1.32757043e+11  2.24e-03 1.27e-01  1.64e+03  2675s
  48   1.27715834e+11  1.32009538e+11  1.96e-03 1.01e-01  1.34e+03  2745s
  49   1.28043779e+11  1.31683960e+11  1.51e-03 9.03e-02  1.14e+03  2812s
  50   1.28291817e+11  1.31100636e+11  1.17e-03 6.95e-02  8.77e+02  2881s
  51   1.28445578e+11  1.30788166e+11  1.45e-03 5.82e-02  7.32e+02  2947s
  52   1.28535239e+11  1.30492085e+11  2.20e-03 4.76e-02  6.11e+02  3017s
  53   1.28586970e+11  1.30389981e+11  2.65e-03 4.39e-02  5.63e+02  3083s
  54   1.28665748e+11  1.30202970e+11  3.47e-03 3.70e-02  4.80e+02  3153s
  55   1.28748096e+11  1.30069664e+11  4.75e-03 3.21e-02  4.13e+02  3219s
  56   1.28814400e+11  1.29928283e+11  7.21e-03 2.71e-02  3.48e+02  3286s
  57   1.28893530e+11  1.29833492e+11  9.19e-03 2.36e-02  2.94e+02  3354s
  58   1.28926539e+11  1.29725758e+11  9.86e-03 1.97e-02  2.50e+02  3420s
  59   1.28952979e+11  1.29643957e+11  1.16e-02 1.67e-02  2.16e+02  3488s
  60   1.28958943e+11  1.29610852e+11  1.19e-02 1.56e-02  2.04e+02  3554s
  61   1.28979557e+11  1.29558101e+11  1.17e-02 1.37e-02  1.81e+02  3624s
  62   1.29008163e+11  1.29537941e+11  1.28e-02 1.30e-02  1.65e+02  3689s
  63   1.29021404e+11  1.29467205e+11  1.31e-02 1.04e-02  1.39e+02  3759s
  64   1.29048636e+11  1.29428685e+11  1.38e-02 8.99e-03  1.19e+02  3815s
  65   1.29056185e+11  1.29404328e+11  1.41e-02 8.12e-03  1.09e+02  3882s
  66   1.29075598e+11  1.29377681e+11  1.69e-02 9.46e-03  9.43e+01  3950s
  67   1.29088209e+11  1.29355242e+11  1.51e-02 1.03e-02  8.34e+01  4016s
  68   1.29105926e+11  1.29333507e+11  1.71e-02 1.19e-02  7.11e+01  4085s
  69   1.29112468e+11  1.29312584e+11  1.80e-02 1.38e-02  6.25e+01  4151s
  70   1.29122430e+11  1.29296792e+11  1.85e-02 1.52e-02  5.45e+01  4219s
  71   1.29127981e+11  1.29288506e+11  1.94e-02 1.60e-02  5.01e+01  4274s
  72   1.29134232e+11  1.29265435e+11  1.92e-02 1.78e-02  4.10e+01  4336s
  73   1.29137807e+11  1.29257454e+11  1.89e-02 1.86e-02  3.74e+01  4398s
  74   1.29142719e+11  1.29241024e+11  1.80e-02 2.00e-02  3.07e+01  4458s
  75   1.29145394e+11  1.29236957e+11  1.78e-02 2.05e-02  2.86e+01  4520s
  76   1.29150209e+11  1.29230143e+11  1.62e-02 2.12e-02  2.50e+01  4571s
  77   1.29151993e+11  1.29222963e+11  1.59e-02 2.19e-02  2.22e+01  4632s
  78   1.29156528e+11  1.29217718e+11  1.51e-02 2.24e-02  1.91e+01  4693s
  79   1.29158122e+11  1.29212693e+11  1.57e-02 2.29e-02  1.70e+01  4753s
  80   1.29160729e+11  1.29208357e+11  1.65e-02 2.32e-02  1.49e+01  4810s
  81   1.29163285e+11  1.29204609e+11  1.72e-02 2.35e-02  1.29e+01  4867s
  82   1.29165517e+11  1.29202093e+11  1.72e-02 2.36e-02  1.14e+01  4921s
  83   1.29166807e+11  1.29198910e+11  1.95e-02 2.39e-02  1.00e+01  4976s
  84   1.29167694e+11  1.29195216e+11  2.03e-02 2.41e-02  8.60e+00  5033s
  85   1.29168534e+11  1.29193030e+11  2.11e-02 2.41e-02  7.65e+00  5087s
  86   1.29168870e+11  1.29191264e+11  2.11e-02 2.42e-02  7.00e+00  5142s
  87   1.29169595e+11  1.29188967e+11  2.12e-02 2.41e-02  6.05e+00  5200s
  88   1.29170408e+11  1.29187693e+11  2.25e-02 2.42e-02  5.40e+00  5255s
  89   1.29170676e+11  1.29186094e+11  2.32e-02 2.41e-02  4.82e+00  5301s
  90   1.29171097e+11  1.29185039e+11  2.38e-02 2.37e-02  4.36e+00  5349s
  91   1.29171982e+11  1.29184154e+11  2.48e-02 2.34e-02  3.81e+00  5403s
  92   1.29172294e+11  1.29183294e+11  2.48e-02 2.27e-02  3.44e+00  5461s
  93   1.29172438e+11  1.29182132e+11  2.48e-02 2.16e-02  3.03e+00  5516s
  94   1.29172920e+11  1.29181144e+11  2.09e-02 1.81e-02  2.57e+00  5567s
  95   1.29173250e+11  1.29179953e+11  1.80e-02 1.42e-02  2.10e+00  5630s
  96   1.29173538e+11  1.29179328e+11  1.56e-02 1.23e-02  1.81e+00  5699s
  97   1.29173785e+11  1.29178812e+11  1.36e-02 1.08e-02  1.57e+00  5784s
  98   1.29174148e+11  1.29178262e+11  1.07e-02 9.06e-03  1.29e+00  5870s
  99   1.29174362e+11  1.29177804e+11  9.05e-03 7.64e-03  1.08e+00  5955s
 100   1.29174524e+11  1.29177557e+11  7.76e-03 6.88e-03  9.48e-01  6044s
 101   1.29174636e+11  1.29177324e+11  6.84e-03 6.13e-03  8.40e-01  6152s
 102   1.29174742e+11  1.29177129e+11  5.99e-03 5.50e-03  7.46e-01  6269s
 103   1.29174826e+11  1.29176685e+11  5.30e-03 4.16e-03  5.81e-01  6410s
 104   1.29174939e+11  1.29176512e+11  8.03e-03 3.57e-03  4.92e-01  6541s
 105   1.29174978e+11  1.29176421e+11  1.09e-02 3.26e-03  4.51e-01  6679s
 106   1.29175090e+11  1.29176258e+11  1.90e-02 2.69e-03  3.65e-01  6819s
 107   1.29175110e+11  1.29176231e+11  1.99e-02 2.60e-03  3.51e-01  6980s
 108   1.29175159e+11  1.29176143e+11  1.77e-02 2.29e-03  3.08e-01  7214s
 109   1.29175239e+11  1.29175969e+11  1.35e-02 1.71e-03  2.28e-01  7320s
 110   1.29175259e+11  1.29175882e+11  1.26e-02 1.42e-03  1.95e-01  7424s
 111   1.29175345e+11  1.29175695e+11  7.90e-03 7.99e-04  1.10e-01  7529s
 112   1.29175345e+11  1.29175695e+11  7.90e-03 7.99e-04  1.10e-01  7608s
 113   1.29175393e+11  1.29175665e+11  4.54e-03 6.82e-04  8.51e-02  7717s
 114   1.29175393e+11  1.29175665e+11  4.53e-03 6.81e-04  8.49e-02  7789s
 115   1.29175393e+11  1.29175665e+11  4.53e-03 6.81e-04  8.49e-02  7857s
 116   1.29175393e+11  1.29175665e+11  4.53e-03 6.81e-04  8.49e-02  7933s
 117   1.29175393e+11  1.29175665e+11  4.53e-03 6.81e-04  8.49e-02  8005s
 118   1.29175393e+11  1.29175664e+11  4.49e-03 6.78e-04  8.44e-02  8081s
 119   1.29175393e+11  1.29175664e+11  4.49e-03 6.78e-04  8.44e-02  8156s
 120   1.29175393e+11  1.29175664e+11  4.49e-03 6.77e-04  8.44e-02  8229s
 121   1.29175393e+11  1.29175664e+11  4.48e-03 6.76e-04  8.43e-02  8305s
 122   1.29175393e+11  1.29175664e+11  4.48e-03 6.76e-04  8.43e-02  8378s
 123   1.29175395e+11  1.29175661e+11  4.38e-03 6.68e-04  8.32e-02  8453s

Barrier performed 123 iterations in 8453.11 seconds
Sub-optimal termination - objective 1.29175393e+11


User-callback calls 1140682, time in user-callback 1.45 sec
