
Gurobi 9.1.2 (linux64) logging started Wed Jun 30 11:21:40 2021


Gurobi 9.1.2 (linux64) logging started Wed Jun 30 11:21:43 2021

Gurobi Optimizer version 9.1.2 build v9.1.2rc0 (linux64)
Thread count: 40 physical cores, 40 logical processors, using up to 32 threads
Optimize a model with 64962 rows, 25295 columns and 186553 nonzeros
Model fingerprint: 0x4dfd5de8
Coefficient statistics:
  Matrix range     [3e-04, 6e+00]
  Objective range  [1e+01, 4e+05]
  Bounds range     [1e+03, 8e+06]
  RHS range        [6e+00, 1e+09]
Presolve removed 5820 rows and 18994 columns
Presolve time: 0.14s
Presolved: 19475 rows, 45968 columns, 150624 nonzeros
Ordering time: 2.50s

Barrier statistics:
 Dense cols : 2
 Free vars  : 2143
 AA' NZ     : 2.067e+05
 Factor NZ  : 1.462e+06 (roughly 40 MBytes of memory)
 Factor Ops : 2.070e+08 (less than 1 second per iteration)
 Threads    : 32

                  Objective                Residual
Iter       Primal          Dual         Primal    Dual     Compl     Time
   0  -9.89433943e+15  7.37806952e+13  3.32e+07 1.49e+08  3.26e+13     4s
   1  -5.39324443e+15  4.54890649e+15  1.04e+07 1.25e+08  1.00e+13     5s
   2  -3.09837090e+15  6.16371386e+15  3.59e+06 4.73e+07  3.64e+12     6s
   3  -1.53011453e+15  6.62528351e+15  1.11e+06 1.45e+07  1.19e+12     8s
   4  -5.37099796e+14  5.46832182e+15  2.74e+05 4.30e+06  3.59e+11     9s
   5  -2.68538739e+14  3.08414999e+15  8.51e+04 9.74e+05  1.15e+11    10s
   6  -9.79791176e+13  1.37290377e+15  1.22e+04 2.57e+05  3.30e+10    11s
   7  -2.37214804e+13  1.85519892e+14  4.81e+00 2.72e+04  3.94e+09    12s
   8  -4.87744178e+12  8.13801910e+13  5.17e-01 1.14e+04  1.60e+09    14s
   9  -1.54453345e+12  4.32057758e+13  1.27e-01 5.97e+03  8.15e+08    15s
  10  -6.89519448e+11  6.77385484e+12  1.54e-02 6.70e+02  1.31e+08    16s
  11  -3.27647552e+11  2.47762101e+12  4.95e-03 2.33e+02  4.84e+07    18s
  12  -1.91940676e+11  8.81773059e+11  2.78e-03 7.30e+01  1.83e+07    19s
  13  -5.48635160e+10  4.15077428e+11  9.64e-04 3.20e+01  7.98e+06    20s
  14  -7.64706338e+09  2.22771391e+11  4.80e-04 1.52e+01  3.90e+06    21s
  15   1.28289407e+10  1.45453513e+11  3.18e-04 8.20e+00  2.24e+06    22s
  16   3.11472688e+10  1.05026785e+11  1.72e-04 4.42e+00  1.25e+06    23s
  17   4.29305533e+10  8.29921194e+10  9.09e-05 2.33e+00  6.77e+05    24s
  18   4.80310583e+10  7.84534492e+10  5.10e-05 1.93e+00  5.14e+05    25s
  19   4.99304294e+10  6.84565545e+10  3.75e-05 1.06e+00  3.13e+05    27s
  20   5.16344232e+10  6.40711032e+10  2.64e-05 6.98e-01  2.10e+05    28s
  21   5.28059478e+10  6.13589743e+10  1.88e-05 4.81e-01  1.44e+05    29s
  22   5.32434554e+10  5.92524402e+10  1.55e-05 3.18e-01  1.01e+05    30s
  23   5.34978745e+10  5.80335650e+10  1.30e-05 2.24e-01  7.66e+04    31s
  24   5.38476968e+10  5.71560052e+10  1.09e-05 1.83e-01  5.58e+04    32s
  25   5.43429874e+10  5.63771118e+10  1.30e-05 1.57e-01  3.43e+04    33s
  26   5.45452464e+10  5.59874507e+10  1.11e-05 1.54e-01  2.44e+04    34s
  27   5.47323553e+10  5.55653480e+10  1.49e-05 1.53e-01  1.41e+04    36s
  28   5.48253559e+10  5.53749756e+10  1.67e-05 1.41e-01  9.29e+03    37s
  29   5.48605046e+10  5.52604102e+10  1.42e-05 1.46e-01  6.76e+03    38s
  30   5.49039424e+10  5.51952386e+10  1.62e-05 1.34e-01  4.93e+03    39s
  31   5.49222626e+10  5.51547155e+10  1.29e-05 1.32e-01  3.93e+03    40s
  32   5.49444729e+10  5.50922600e+10  2.59e-05 1.11e-01  2.50e+03    42s

Gurobi 9.1.2 (linux64) logging started Wed Jun 30 11:22:28 2021

  33   5.49648710e+10  5.50662383e+10  2.83e-05 1.02e-01  1.72e+03    43s
  34   5.49760443e+10  5.50461393e+10  2.04e-05 1.03e-01  1.19e+03    45s

Gurobi 9.1.2 (linux64) logging started Wed Jun 30 11:22:31 2021

  35   5.49844208e+10  5.50281470e+10  2.17e-05 1.03e-01  7.48e+02    47s
Gurobi Optimizer version 9.1.2 build v9.1.2rc0 (linux64)
Thread count: 40 physical cores, 40 logical processors, using up to 32 threads
Optimize a model with 64962 rows, 25295 columns and 186553 nonzeros
Model fingerprint: 0x4dfd5de8
Coefficient statistics:
  Matrix range     [3e-04, 6e+00]
  Objective range  [1e+01, 4e+05]
  Bounds range     [1e+03, 8e+06]
  RHS range        [6e+00, 1e+09]
Presolve removed 5820 rows and 18994 columns
Presolve time: 0.13s
Presolved: 19475 rows, 45968 columns, 150624 nonzeros
  36   5.49914403e+10  5.50246729e+10  1.38e-05 1.03e-01  5.72e+02    48s
  37   5.49970418e+10  5.50202162e+10  1.10e-05 1.03e-01  4.03e+02    50s
Ordering time: 2.50s

Barrier statistics:
 Dense cols : 2
 Free vars  : 2143
 AA' NZ     : 2.067e+05
 Factor NZ  : 1.462e+06 (roughly 40 MBytes of memory)
 Factor Ops : 2.070e+08 (less than 1 second per iteration)
 Threads    : 32
  38   5.50003235e+10  5.50173854e+10  4.16e-06 1.03e-01  3.00e+02    52s

                  Objective                Residual
Iter       Primal          Dual         Primal    Dual     Compl     Time
   0  -9.89433943e+15  7.37806952e+13  3.32e+07 1.49e+08  3.26e+13     4s
   1  -5.39324443e+15  4.54890649e+15  1.04e+07 1.25e+08  1.00e+13     5s
  39   5.50032745e+10  5.50140879e+10  8.83e-05 1.03e-01  1.95e+02    54s
   2  -3.09837090e+15  6.16371386e+15  3.59e+06 4.73e+07  3.64e+12     7s
   3  -1.53011453e+15  6.62528351e+15  1.11e+06 1.45e+07  1.19e+12     8s
  40   5.50051305e+10  5.50119555e+10  3.81e-05 1.04e-01  1.28e+02    56s
   4  -5.37099796e+14  5.46832182e+15  2.74e+05 4.30e+06  3.59e+11     9s
   5  -2.68538739e+14  3.08414999e+15  8.51e+04 9.74e+05  1.15e+11    10s
  41   5.50067643e+10  5.50105099e+10  2.20e-05 1.05e-01  7.68e+01    58s
   6  -9.79791176e+13  1.37290377e+15  1.22e+04 2.57e+05  3.30e+10    11s
   7  -2.37214804e+13  1.85519892e+14  4.81e+00 2.72e+04  3.94e+09    12s
  42   5.50069642e+10  5.50099747e+10  1.85e-05 1.05e-01  6.43e+01    61s
   8  -4.87744178e+12  8.13801910e+13  5.17e-01 1.14e+04  1.60e+09    13s
   9  -1.54453345e+12  4.32057758e+13  1.27e-01 5.97e+03  8.15e+08    15s
  43   5.50071555e+10  5.50092437e+10  1.53e-05 1.05e-01  4.85e+01    62s
  10  -6.89519448e+11  6.77385484e+12  1.54e-02 6.70e+02  1.31e+08    16s
  44   5.50074811e+10  5.50090254e+10  1.10e-05 1.05e-01  3.94e+01    64s
  11  -3.27647552e+11  2.47762101e+12  4.95e-03 2.33e+02  4.84e+07    18s
  45   5.50075528e+10  5.50085552e+10  2.34e-05 1.05e-01  3.01e+01    66s
  12  -1.91940676e+11  8.81773059e+11  2.78e-03 7.30e+01  1.83e+07    19s
  13  -5.48635160e+10  4.15077428e+11  9.64e-04 3.20e+01  7.98e+06    20s
  14  -7.64706338e+09  2.22771391e+11  4.80e-04 1.52e+01  3.90e+06    21s
  15   1.28289407e+10  1.45453513e+11  3.18e-04 8.20e+00  2.24e+06    22s
  16   3.11472688e+10  1.05026785e+11  1.72e-04 4.42e+00  1.25e+06    23s
  17   4.29305533e+10  8.29921194e+10  9.09e-05 2.33e+00  6.77e+05    24s
  46   5.50077306e+10  5.50084585e+10  1.30e-05 1.01e-01  2.52e+01    72s
  18   4.80310583e+10  7.84534492e+10  5.10e-05 1.93e+00  5.14e+05    25s
  19   4.99304294e+10  6.84565545e+10  3.75e-05 1.06e+00  3.13e+05    27s
  47   5.50078480e+10  5.50082913e+10  5.29e-05 1.01e-01  2.03e+01    75s
  20   5.16344232e+10  6.40711032e+10  2.64e-05 6.98e-01  2.10e+05    28s
  21   5.28059478e+10  6.13589743e+10  1.88e-05 4.81e-01  1.44e+05    29s
  48   5.50080389e+10  5.50078924e+10  1.57e-05 1.01e-01  1.02e+01    78s
  22   5.32434554e+10  5.92524402e+10  1.55e-05 3.18e-01  1.01e+05    30s
  23   5.34978745e+10  5.80335650e+10  1.30e-05 2.24e-01  7.66e+04    31s
  24   5.38476968e+10  5.71560052e+10  1.09e-05 1.83e-01  5.58e+04    32s
  25   5.43429874e+10  5.63771118e+10  1.30e-05 1.57e-01  3.43e+04    33s
  26   5.45452464e+10  5.59874507e+10  1.11e-05 1.54e-01  2.44e+04    35s
  49   5.50080766e+10  5.50078798e+10  2.43e-04 1.01e-01  9.58e+00    82s
  50   5.50081056e+10  5.50076907e+10  1.30e-04 1.01e-01  5.62e+00    83s
  27   5.47323553e+10  5.55653480e+10  1.49e-05 1.53e-01  1.41e+04    36s
  28   5.48253559e+10  5.53749756e+10  1.67e-05 1.41e-01  9.29e+03    37s
  51   5.50081217e+10  5.50076216e+10  1.28e-04 1.01e-01  4.05e+00    85s
  29   5.48605046e+10  5.52604102e+10  1.42e-05 1.46e-01  6.76e+03    38s
  52   5.50081356e+10  5.50075641e+10  9.27e-05 1.01e-01  2.81e+00    86s
  30   5.49039424e+10  5.51952386e+10  1.62e-05 1.34e-01  4.93e+03    39s
  53   5.50081610e+10  5.50074590e+10  1.91e-04 1.01e-01  6.59e-01    88s
  31   5.49222626e+10  5.51547155e+10  1.29e-05 1.32e-01  3.93e+03    40s
  54   5.50082103e+10  5.50074386e+10  1.61e-04 1.01e-01  1.88e-01    89s
  32   5.49444729e+10  5.50922600e+10  2.59e-05 1.11e-01  2.50e+03    41s
  55   5.50085262e+10  5.50074335e+10  1.28e-04 1.01e-01  1.39e-01    90s
  33   5.49648710e+10  5.50662383e+10  2.83e-05 1.02e-01  1.72e+03    43s
  56   5.50085262e+10  5.50074335e+10  4.58e-04 1.01e-01  1.39e-01    91s
  34   5.49760443e+10  5.50461393e+10  2.04e-05 1.03e-01  1.19e+03    44s
  57   5.50085262e+10  5.50074335e+10  4.58e-04 1.01e-01  1.39e-01    93s
  35   5.49844208e+10  5.50281470e+10  2.17e-05 1.03e-01  7.48e+02    46s
  58   5.50085262e+10  5.50074335e+10  4.58e-04 1.01e-01  1.39e-01    95s
  36   5.49914403e+10  5.50246729e+10  1.38e-05 1.03e-01  5.72e+02    48s
  59   5.50085262e+10  5.50074335e+10  4.58e-04 1.01e-01  1.39e-01    96s
  37   5.49970418e+10  5.50202162e+10  1.10e-05 1.03e-01  4.03e+02    49s
  60   5.50085262e+10  5.50074335e+10  4.58e-04 1.01e-01  1.39e-01    98s
  38   5.50003235e+10  5.50173854e+10  4.16e-06 1.03e-01  3.00e+02    51s
  61   5.50085262e+10  5.50074335e+10  4.58e-04 1.01e-01  1.39e-01   100s
  39   5.50032745e+10  5.50140879e+10  8.83e-05 1.03e-01  1.95e+02    54s
  62   5.50085262e+10  5.50074335e+10  4.58e-04 1.01e-01  1.39e-01   102s
  40   5.50051305e+10  5.50119555e+10  3.81e-05 1.04e-01  1.28e+02    56s
  63   5.50085262e+10  5.50074335e+10  4.58e-04 1.01e-01  1.39e-01   104s
  41   5.50067643e+10  5.50105099e+10  2.20e-05 1.05e-01  7.68e+01    58s
  64   5.50085262e+10  5.50074335e+10  4.58e-04 1.01e-01  1.39e-01   106s
  65   5.50085262e+10  5.50074335e+10  4.58e-04 1.01e-01  1.39e-01   107s

Barrier performed 65 iterations in 107.36 seconds
Sub-optimal termination - objective 5.50082103e+10


User-callback calls 2099, time in user-callback 0.01 sec
  42   5.50069642e+10  5.50099747e+10  1.85e-05 1.05e-01  6.43e+01    60s
  43   5.50071555e+10  5.50092437e+10  1.53e-05 1.05e-01  4.85e+01    61s
  44   5.50074811e+10  5.50090254e+10  1.10e-05 1.05e-01  3.94e+01    63s
  45   5.50075528e+10  5.50085552e+10  2.34e-05 1.05e-01  3.01e+01    65s
  46   5.50077306e+10  5.50084585e+10  1.30e-05 1.01e-01  2.52e+01    72s
  47   5.50078480e+10  5.50082913e+10  5.29e-05 1.01e-01  2.03e+01    75s
  48   5.50080389e+10  5.50078924e+10  1.57e-05 1.01e-01  1.02e+01    77s
  49   5.50080766e+10  5.50078798e+10  2.43e-04 1.01e-01  9.58e+00    82s
  50   5.50081056e+10  5.50076907e+10  1.30e-04 1.01e-01  5.62e+00    83s
  51   5.50081217e+10  5.50076216e+10  1.28e-04 1.01e-01  4.05e+00    84s
  52   5.50081356e+10  5.50075641e+10  9.27e-05 1.01e-01  2.81e+00    86s
  53   5.50081610e+10  5.50074590e+10  1.91e-04 1.01e-01  6.59e-01    87s
  54   5.50082103e+10  5.50074386e+10  1.61e-04 1.01e-01  1.88e-01    88s
  55   5.50085262e+10  5.50074335e+10  1.28e-04 1.01e-01  1.39e-01    90s
  56   5.50085262e+10  5.50074335e+10  4.58e-04 1.01e-01  1.39e-01    91s
  57   5.50085262e+10  5.50074335e+10  4.58e-04 1.01e-01  1.39e-01    92s
  58   5.50085262e+10  5.50074335e+10  4.58e-04 1.01e-01  1.39e-01    94s
  59   5.50085262e+10  5.50074335e+10  4.58e-04 1.01e-01  1.39e-01    96s
  60   5.50085262e+10  5.50074335e+10  4.58e-04 1.01e-01  1.39e-01    98s
  61   5.50085262e+10  5.50074335e+10  4.58e-04 1.01e-01  1.39e-01   100s
  62   5.50085262e+10  5.50074335e+10  4.58e-04 1.01e-01  1.39e-01   102s
  63   5.50085262e+10  5.50074335e+10  4.58e-04 1.01e-01  1.39e-01   103s
  64   5.50085262e+10  5.50074335e+10  4.58e-04 1.01e-01  1.39e-01   105s
  65   5.50085262e+10  5.50074335e+10  4.58e-04 1.01e-01  1.39e-01   107s

Barrier performed 65 iterations in 107.11 seconds
Sub-optimal termination - objective 5.50082103e+10


User-callback calls 1771, time in user-callback 0.01 sec

Gurobi 9.1.2 (linux64) logging started Tue Jul  6 20:11:02 2021


Gurobi 9.1.2 (linux64) logging started Tue Jul  6 20:11:05 2021

Gurobi Optimizer version 9.1.2 build v9.1.2rc0 (linux64)
Thread count: 40 physical cores, 40 logical processors, using up to 32 threads
Optimize a model with 59682 rows, 25295 columns and 179937 nonzeros
Model fingerprint: 0xecb7ee5f
Coefficient statistics:
  Matrix range     [3e-04, 6e+00]
  Objective range  [1e+01, 4e+05]
  Bounds range     [1e+03, 8e+06]
  RHS range        [6e+00, 3e+07]

Concurrent LP optimizer: primal simplex, dual simplex, and barrier
Showing barrier log only...

Presolve removed 18314 rows and 6439 columns
Presolve removed 7755 rows and 15678 columns
Presolve time: 0.59s
Presolved: 17540 rows, 44004 columns, 155182 nonzeros

Ordering time: 2.87s

Barrier statistics:
 Dense cols : 2
 Free vars  : 312
 AA' NZ     : 1.944e+05
 Factor NZ  : 1.417e+06 (roughly 40 MBytes of memory)
 Factor Ops : 2.056e+08 (less than 1 second per iteration)
 Threads    : 30

                  Objective                Residual
Iter       Primal          Dual         Primal    Dual     Compl     Time
   0  -3.57685121e+14 -1.55503672e+12  2.17e+07 1.77e+06  2.54e+12     5s
   1  -1.37262484e+14  5.56578122e+14  6.50e+06 1.54e+07  7.47e+11     5s
   2  -7.84164785e+13  7.03356934e+14  1.89e+06 5.61e+06  2.42e+11     7s
   3  -1.39967916e+14  6.84245651e+14  4.84e+05 2.42e+06  7.94e+10     8s
   4  -1.09124391e+14  4.89613316e+14  1.13e+05 8.22e+05  2.54e+10     9s
   5  -4.75380615e+13  2.59070120e+14  2.61e+04 2.38e+05  8.26e+09    10s
   6  -1.38519943e+13  8.31454060e+13  5.52e+03 5.38e+04  2.12e+09    10s
   7  -4.21231816e+12  3.89258412e+13  1.04e+03 2.35e+04  8.72e+08    11s
   8  -2.02326406e+12  1.82552292e+13  4.79e+02 1.00e+04  3.93e+08    12s
   9  -1.58368204e+12  6.67915830e+12  3.98e+02 2.85e+03  1.54e+08    13s
  10  -5.00606636e+11  2.14803500e+12  5.37e+01 7.66e+02  4.72e+07    14s
  11  -1.90949837e+11  7.47472516e+11  1.93e+01 2.33e+02  1.65e+07    15s
  12  -9.08411853e+10  4.68754223e+11  9.90e+00 1.39e+02  9.78e+06    16s
  13  -1.79646230e+10  2.59443237e+11  3.76e+00 7.00e+01  4.83e+06    17s
  14   1.13473412e+10  1.58069334e+11  2.03e+00 3.71e+01  2.55e+06    17s
  15   2.70207756e+10  1.24662566e+11  1.29e+00 2.52e+01  1.70e+06    18s
  16   3.59673201e+10  8.86687379e+10  8.73e-01 1.11e+01  9.15e+05    19s
  17   4.44958933e+10  8.08887894e+10  5.09e-01 8.23e+00  6.32e+05    20s
  18   4.96754696e+10  7.38570738e+10  2.69e-01 5.93e+00  4.20e+05    21s
  19   5.07988222e+10  6.59086844e+10  2.09e-01 3.43e+00  2.62e+05    22s
  20   5.17438145e+10  6.42146105e+10  1.60e-01 2.87e+00  2.17e+05    23s
  21   5.25860317e+10  6.26654905e+10  1.17e-01 2.37e+00  1.75e+05    24s
  22   5.26224076e+10  6.18285805e+10  1.15e-01 2.12e+00  1.60e+05    25s
  23   5.31242382e+10  5.99171274e+10  8.97e-02 1.51e+00  1.18e+05    26s
  24   5.35928014e+10  5.79994870e+10  6.59e-02 9.03e-01  7.65e+04    27s
  25   5.38895822e+10  5.73242388e+10  5.03e-02 6.97e-01  5.96e+04    28s
  26   5.42382182e+10  5.68546289e+10  3.32e-02 5.53e-01  4.54e+04    29s
  27   5.45215699e+10  5.60849645e+10  2.01e-02 3.19e-01  2.71e+04    30s
  28   5.46310305e+10  5.57729933e+10  1.53e-02 2.23e-01  1.98e+04    31s
  29   5.47333068e+10  5.55489427e+10  1.08e-02 1.57e-01  1.42e+04    32s
  30   5.47811581e+10  5.54244389e+10  8.70e-03 1.20e-01  1.12e+04    33s
  31   5.48161368e+10  5.53490847e+10  7.15e-03 1.04e-01  9.25e+03    33s
  32   5.48697677e+10  5.52572826e+10  4.89e-03 9.06e-02  6.73e+03    34s
  33   5.49016880e+10  5.51824651e+10  3.51e-03 7.86e-02  4.88e+03    35s
  34   5.49161212e+10  5.51512588e+10  2.90e-03 7.30e-02  4.09e+03    36s
  35   5.49468124e+10  5.50945389e+10  1.61e-03 7.29e-02  2.57e+03    37s
  36   5.49525835e+10  5.50489810e+10  1.37e-03 7.99e-02  1.68e+03    38s
  37   5.49661150e+10  5.50356678e+10  8.23e-04 8.53e-02  1.21e+03    39s
  38   5.49741346e+10  5.50136699e+10  4.93e-04 9.87e-02  6.93e+02    40s
  39   5.49783480e+10  5.50060666e+10  3.27e-04 1.09e-01  4.89e+02    41s
  40   5.49799099e+10  5.50033690e+10  2.68e-04 1.15e-01  4.15e+02    43s
  41   5.49817047e+10  5.49988807e+10  2.00e-04 1.23e-01  3.07e+02    44s
  42   5.49841608e+10  5.49946826e+10  1.10e-04 1.30e-01  1.93e+02    46s
  43   5.49852436e+10  5.49919062e+10  7.06e-05 1.35e-01  1.26e+02    47s
  44   5.49862379e+10  5.49894098e+10  1.72e-04 1.39e-01  6.53e+01    49s
  45   5.49869186e+10  5.49886666e+10  3.72e-04 1.41e-01  4.10e+01    49s
  46   5.49871857e+10  5.49871976e+10  5.03e-04 1.43e-01  1.12e+01    50s
  47   5.49873405e+10  5.49867963e+10  5.77e-04 1.44e-01  2.10e+00    51s
  48   5.49873906e+10  5.49866839e+10  2.43e-04 1.44e-01  5.67e-02    53s
  49   5.49874067e+10  5.49866845e+10  6.11e-04 1.44e-01  5.64e-02    55s
  50   5.49874067e+10  5.49866845e+10  6.11e-04 1.44e-01  5.64e-02    56s
  51   5.49874067e+10  5.49866845e+10  6.11e-04 1.44e-01  5.61e-02    57s
  52   5.49874067e+10  5.49866845e+10  6.11e-04 1.44e-01  5.61e-02    59s
  53   5.49874067e+10  5.49866845e+10  6.11e-04 1.44e-01  5.61e-02    61s
  54   5.49874067e+10  5.49866845e+10  6.11e-04 1.44e-01  5.61e-02    63s
  55   5.49874067e+10  5.49866845e+10  6.11e-04 1.44e-01  5.61e-02    65s
  56   5.49874067e+10  5.49866845e+10  6.11e-04 1.44e-01  5.61e-02    67s
  57   5.49874067e+10  5.49866845e+10  6.11e-04 1.44e-01  5.61e-02    69s
  58   5.49874067e+10  5.49866845e+10  6.11e-04 1.44e-01  5.61e-02    71s

Barrier solved model in 58 iterations and 70.54 seconds
Optimal objective 5.49873906e+10

Crossover log...

    8353 DPushes remaining with DInf 0.0000000e+00                71s
     416 DPushes remaining with DInf 0.0000000e+00                76s
       0 DPushes remaining with DInf 0.0000000e+00                79s

   35933 PPushes remaining with PInf 5.1614632e-03                79s
   24745 PPushes remaining with PInf 2.7396204e-02                81s
     538 PPushes remaining with PInf 4.0251161e+05                85s
       0 PPushes remaining with PInf 3.9557903e+05                85s

  Push phase complete: Pinf 3.9557903e+05, Dinf 9.5767624e+06     85s

Iteration    Objective       Primal Inf.    Dual Inf.      Time
   43463    5.4987864e+10   0.000000e+00   9.576762e+06     85s
Warning: Markowitz tolerance tightened to 0.125
Warning: Markowitz tolerance tightened to 0.5
Warning: 1 variables dropped from basis
Warning: switch to quad precision
Warning: 1 variables dropped from basis
Warning: 1 variables dropped from basis
   55932    3.3174252e+11   2.357443e+06   5.226999e+10     91s
   57088    4.5149169e+11   1.742619e+06   8.696166e+10     95s
   57818    4.7365726e+11   1.747881e+06   1.236192e+11    100s
   58508    6.6425508e+11   1.686121e+06   1.502063e+11    105s
   59402    8.2207554e+11   1.343176e+06   1.704020e+11    110s
   60082    8.3800924e+11   1.269649e+06   3.868541e+11    116s
   60676    4.0524998e+11   9.494251e+05   8.634358e+10    120s
   63114    2.2030876e+11   6.867605e+05   3.733456e+10    125s
   66558    8.4183955e+10   3.533090e+05   2.636809e+10    130s
   70330    5.7231568e+10   7.550532e+04   8.428048e+09    135s
   73404    4.2744629e+10   1.372548e+04   1.436017e+09    140s
   75368    4.2923572e+10   1.259638e+02   3.040559e+08    145s
   76824    4.2570747e+10   1.164322e+02   4.815122e+08    150s
   78190    4.2568986e+10   1.164322e+02   1.376207e+08    155s
   79570    4.2568986e+10   1.164322e+02   2.496368e+08    160s
   80790    4.2568986e+10   1.164322e+02   2.496368e+08    165s
   82164    4.2568986e+10   1.164322e+02   1.374736e+08    170s
   83534    4.2568986e+10   1.164322e+02   1.374736e+08    175s

Solved with primal simplex
Solved in 60241 iterations and 175.44 seconds
Optimal objective  5.500494475e+10

User-callback calls 88842, time in user-callback 0.28 sec
