
Gurobi 9.1.2 (linux64) logging started Thu Jun 24 16:11:00 2021


Gurobi 9.1.2 (linux64) logging started Thu Jun 24 16:11:06 2021

Gurobi Optimizer version 9.1.2 build v9.1.2rc0 (linux64)
Thread count: 40 physical cores, 40 logical processors, using up to 32 threads
Optimize a model with 64962 rows, 25295 columns and 187288 nonzeros
Model fingerprint: 0xdfaf72bc
Coefficient statistics:
  Matrix range     [3e-04, 1e+02]
  Objective range  [3e+02, 4e+05]
  Bounds range     [1e+03, 8e+06]
  RHS range        [6e+00, 1e+09]
Presolve removed 3976 rows and 15686 columns
Presolve time: 0.11s
Presolved: 21319 rows, 49276 columns, 156807 nonzeros
Elapsed ordering time = 5s
Ordering time: 5.31s

Barrier statistics:
 Dense cols : 2
 Free vars  : 2680
 AA' NZ     : 2.177e+05
 Factor NZ  : 1.652e+06 (roughly 40 MBytes of memory)
 Factor Ops : 2.369e+08 (less than 1 second per iteration)
 Threads    : 32

                  Objective                Residual
Iter       Primal          Dual         Primal    Dual     Compl     Time
   0  -3.28953929e+16  1.46874000e+10  1.09e+08 6.53e+05  3.21e+13     8s
   1  -8.41316597e+15  1.03292604e+15  2.14e+07 5.86e+07  9.31e+12     9s
   2  -4.07686371e+15  2.35348458e+15  7.61e+06 1.36e+07  2.83e+12    10s
   3  -2.52420062e+15  2.77936490e+15  3.44e+06 5.67e+06  1.28e+12    12s
   4  -1.29755314e+15  2.72995961e+15  1.12e+06 1.79e+06  4.41e+11    13s
   5  -6.70594177e+14  2.12492301e+15  3.93e+05 7.67e+05  1.72e+11    14s
   6  -3.39784240e+14  1.40911905e+15  1.26e+05 2.72e+05  6.36e+10    15s
   7  -1.30936051e+14  6.60590464e+14  3.01e+04 7.03e+04  1.89e+10    16s
   8  -3.30867693e+13  2.11948966e+14  4.98e+03 1.79e+04  4.72e+09    17s
   9  -5.04769903e+12  5.02353002e+13  4.11e+02 3.48e+03  9.69e+08    18s
  10  -5.41045906e+12  3.20393934e+13  3.19e+02 2.18e+03  6.44e+08    20s
  11  -1.12904562e+12  1.36403183e+13  4.48e+01 8.50e+02  2.44e+08    21s
  12  -4.72721190e+11  3.12511792e+12  1.52e+01 1.84e+02  5.83e+07    22s
  13  -1.76631702e+11  1.00400400e+12  5.89e+00 5.41e+01  1.89e+07    23s
  14  -1.01790388e+11  4.89479493e+11  3.90e+00 2.40e+01  9.39e+06    24s
  15  -2.30966995e+10  3.41824179e+11  2.26e+00 1.46e+01  5.78e+06    25s
  16   5.91315079e+10  2.52187333e+11  8.12e-01 8.55e+00  3.05e+06    26s
  17   8.48895188e+10  2.14816470e+11  4.23e-01 6.22e+00  2.05e+06    27s
  18   9.69677168e+10  1.70943850e+11  2.42e-01 3.38e+00  1.17e+06    28s
  19   1.03564243e+11  1.39403759e+11  1.32e-01 1.52e+00  5.66e+05    30s
  20   1.07850953e+11  1.32409667e+11  6.35e-02 1.12e+00  3.88e+05    31s
  21   1.09614462e+11  1.26590806e+11  4.25e-02 7.61e-01  2.68e+05    32s
  22   1.11073173e+11  1.22327256e+11  2.87e-02 5.53e-01  1.78e+05    33s
  23   1.11984742e+11  1.20335606e+11  2.03e-02 5.88e-01  1.32e+05    34s
  24   1.12562111e+11  1.18968083e+11  1.51e-02 5.45e-01  1.01e+05    35s
  25   1.13260564e+11  1.18053039e+11  9.06e-03 5.02e-01  7.60e+04    37s
  26   1.13500919e+11  1.16789486e+11  6.95e-03 4.71e-01  5.22e+04    38s
  27   1.13866422e+11  1.16165313e+11  3.94e-03 4.91e-01  3.66e+04    40s
  28   1.14004243e+11  1.15562489e+11  2.89e-03 5.63e-01  2.49e+04    41s
  29   1.14140412e+11  1.15367787e+11  1.94e-03 5.91e-01  1.97e+04    42s
  30   1.14196192e+11  1.15144535e+11  1.54e-03 5.37e-01  1.52e+04    44s
  31   1.14275570e+11  1.15052603e+11  1.02e-03 4.91e-01  1.25e+04    45s
  32   1.14288015e+11  1.14948645e+11  8.88e-04 4.86e-01  1.07e+04    47s
  33   1.14341585e+11  1.14794059e+11  5.52e-04 5.37e-01  7.39e+03    48s
  34   1.14389908e+11  1.14664829e+11  2.56e-04 4.78e-01  4.59e+03    50s
  35   1.14402581e+11  1.14610036e+11  1.88e-04 4.49e-01  3.53e+03    53s
  36   1.14411700e+11  1.14568880e+11  1.41e-04 4.58e-01  2.75e+03    56s
  37   1.14418587e+11  1.14527429e+11  1.06e-04 4.35e-01  1.99e+03    58s
  38   1.14428571e+11  1.14485320e+11  5.79e-05 4.13e-01  1.17e+03    61s
  39   1.14437157e+11  1.14458881e+11  2.02e-05 3.97e-01  6.38e+02    63s
  40   1.14440625e+11  1.14445822e+11  1.07e-05 3.86e-01  3.94e+02    67s
  41   1.14442977e+11  1.14427289e+11  2.06e-06 3.81e-01  6.50e+01    69s
  42   1.14443614e+11  1.14425693e+11  2.45e-06 3.80e-01  3.19e+01    71s
  43   1.14443951e+11  1.14424913e+11  5.76e-06 3.79e-01  1.61e+01    73s
  44   1.14444302e+11  1.14424551e+11  5.82e-06 3.78e-01  8.33e+00    74s
  45   1.14444460e+11  1.14424488e+11  4.51e-06 3.78e-01  6.94e+00    75s
  46   1.14444621e+11  1.14424504e+11  4.38e-06 3.78e-01  6.51e+00    78s
  47   1.14444920e+11  1.14424527e+11  4.34e-06 3.77e-01  6.48e+00    80s
  48   1.14445041e+11  1.14424610e+11  4.33e-06 3.76e-01  6.45e+00    83s
  49   1.14445113e+11  1.14424899e+11  4.31e-06 3.70e-01  6.35e+00    86s
  50   1.14444907e+11  1.14426238e+11  7.77e-06 3.45e-01  6.24e+00    91s
  51   1.14445089e+11  1.14426381e+11  5.37e-05 3.42e-01  6.07e+00    93s
  52   1.14445137e+11  1.14426400e+11  5.39e-05 3.42e-01  6.05e+00    95s
  53   1.14445222e+11  1.14426517e+11  5.33e-05 3.40e-01  6.02e+00    99s
  54   1.14445097e+11  1.14426517e+11  5.34e-05 3.40e-01  6.04e+00   104s
  55   1.14445148e+11  1.14426533e+11  5.42e-05 3.40e-01  6.01e+00   105s
  56   1.14445371e+11  1.14426574e+11  5.44e-05 3.39e-01  5.99e+00   108s

Barrier performed 56 iterations in 108.18 seconds
Sub-optimal termination - objective 1.14443614e+11


User-callback calls 2303, time in user-callback 0.01 sec
