
Gurobi 9.1.2 (linux64) logging started Thu Jul  8 12:42:46 2021


Gurobi 9.1.2 (linux64) logging started Thu Jul  8 12:42:48 2021

Gurobi Optimizer version 9.1.2 build v9.1.2rc0 (linux64)
Thread count: 40 physical cores, 40 logical processors, using up to 32 threads
Optimize a model with 59682 rows, 25295 columns and 179855 nonzeros
Model fingerprint: 0x7a06160e
Coefficient statistics:
  Matrix range     [3e-04, 3e+00]
  Objective range  [1e+01, 4e+05]
  Bounds range     [1e+03, 8e+06]
  RHS range        [6e+00, 3e+07]

Concurrent LP optimizer: primal simplex, dual simplex, and barrier
Showing barrier log only...

Presolve removed 18372 rows and 6337 columns
Presolve removed 7569 rows and 15650 columns
Presolve time: 0.55s
Presolved: 17726 rows, 44032 columns, 152006 nonzeros

Ordering time: 2.53s

Barrier statistics:
 Dense cols : 2
 Free vars  : 576
 AA' NZ     : 1.904e+05
 Factor NZ  : 1.468e+06 (roughly 40 MBytes of memory)
 Factor Ops : 2.184e+08 (less than 1 second per iteration)
 Threads    : 30

                  Objective                Residual
Iter       Primal          Dual         Primal    Dual     Compl     Time
   0  -3.84305922e+14 -9.81642293e+11  7.51e+07 9.80e+03  3.10e+11     4s
   1  -1.73486989e+14  2.29288306e+14  3.30e+07 1.87e+05  1.31e+11     7s
   2  -9.52947426e+13  2.76442959e+14  1.77e+07 8.81e+04  6.45e+10    10s
   3  -3.43323959e+13  2.55488415e+14  6.39e+06 3.42e+04  2.53e+10    15s
   4  -1.38294793e+13  1.87314120e+14  2.14e+06 1.44e+04  1.01e+10    19s
   5  -5.45628587e+12  1.13564409e+14  6.58e+05 6.92e+03  4.31e+09    22s
   6  -3.02937681e+12  5.74414955e+13  2.56e+05 3.10e+03  1.89e+09    25s
   7  -1.88199198e+12  3.10079510e+13  1.13e+05 1.54e+03  9.22e+08    28s
   8  -1.23588762e+12  1.17224022e+13  5.38e+04 5.00e+02  3.47e+08    32s
   9  -5.03889130e+11  5.14375163e+12  1.20e+04 1.84e+02  1.25e+08    37s
  10  -1.25919005e+11  1.21860707e+12  1.12e+03 3.35e+01  2.58e+07    45s
  11  -5.21110715e+10  6.04457146e+11  2.50e+02 1.58e+01  1.23e+07    53s
  12  -3.05049867e+10  3.73658358e+11  1.50e+02 9.50e+00  7.52e+06    59s
  13  -4.41815474e+09  2.67757214e+11  7.47e+01 6.50e+00  5.04e+06    65s
  14   1.30702807e+10  1.80601094e+11  4.28e+01 3.96e+00  3.09e+06    71s
  15   2.41829965e+10  1.03502260e+11  2.57e+01 1.70e+00  1.45e+06    81s
  16   3.21278392e+10  9.15517370e+10  1.77e+01 1.31e+00  1.09e+06    88s
  17   4.04214708e+10  7.83423861e+10  8.89e+00 8.84e-01  6.96e+05   100s
  18   4.16506003e+10  7.20444046e+10  7.61e+00 6.85e-01  5.57e+05   106s
  19   4.41041328e+10  6.62131795e+10  4.95e+00 5.04e-01  4.05e+05   112s
  20   4.60585466e+10  5.84683412e+10  2.88e+00 2.76e-01  2.27e+05   116s
  21   4.71732750e+10  5.50054305e+10  1.74e+00 1.71e-01  1.43e+05   122s
  22   4.76878039e+10  5.29399030e+10  1.19e+00 1.12e-01  9.59e+04   126s
  23   4.80613564e+10  5.11197900e+10  8.09e-01 5.89e-02  5.56e+04   130s
  24   4.82626618e+10  5.04922258e+10  6.12e-01 4.14e-02  4.04e+04   132s
  25   4.83567995e+10  5.01855808e+10  5.23e-01 3.29e-02  3.31e+04   135s
  26   4.84508475e+10  4.98794821e+10  4.33e-01 2.48e-02  2.58e+04   138s
  27   4.85517509e+10  4.96857875e+10  3.38e-01 2.21e-02  2.05e+04   141s
  28   4.87040183e+10  4.94377428e+10  1.90e-01 1.78e-02  1.33e+04   145s
  29   4.87711461e+10  4.93198036e+10  1.27e-01 1.38e-02  9.95e+03   151s
  30   4.87986714e+10  4.92054150e+10  1.01e-01 1.16e-02  7.36e+03   154s
  31   4.88180310e+10  4.91273041e+10  8.34e-02 1.31e-02  5.59e+03   157s
  32   4.88373930e+10  4.90869716e+10  6.49e-02 1.10e-02  4.51e+03   160s
  33   4.88616458e+10  4.90384445e+10  4.28e-02 9.29e-03  3.20e+03   166s
  34   4.88774784e+10  4.90045818e+10  2.73e-02 7.00e-03  2.30e+03   173s
  35   4.88856944e+10  4.89642542e+10  1.96e-02 4.28e-03  1.42e+03   179s
  36   4.88919266e+10  4.89502675e+10  1.40e-02 3.82e-03  1.05e+03   185s
  37   4.88954737e+10  4.89431436e+10  1.08e-02 3.30e-03  8.63e+02   188s
  38   4.88968163e+10  4.89366153e+10  9.59e-03 2.96e-03  7.20e+02   191s
  39   4.88990550e+10  4.89263424e+10  7.52e-03 3.63e-03  4.92e+02   196s
  40   4.89021031e+10  4.89203211e+10  4.82e-03 3.16e-03  3.29e+02   201s
  41   4.89035963e+10  4.89163265e+10  3.74e-03 5.28e-03  2.30e+02   205s
  42   4.89046404e+10  4.89134980e+10  2.72e-03 4.88e-03  1.60e+02   208s
  43   4.89051871e+10  4.89122756e+10  2.43e-03 3.95e-03  1.28e+02   211s
  44   4.89057374e+10  4.89108966e+10  1.69e-03 3.53e-03  9.30e+01   214s
  45   4.89063734e+10  4.89096868e+10  8.90e-04 3.00e-03  5.99e+01   217s
  46   4.89067256e+10  4.89088982e+10  8.67e-04 2.75e-03  3.94e+01   220s
  47   4.89069449e+10  4.89086011e+10  3.42e-04 2.55e-03  3.02e+01   223s
  48   4.89070837e+10  4.89079056e+10  4.28e-04 3.95e-03  1.51e+01   225s
  49   4.89071472e+10  4.89077560e+10  3.74e-04 4.48e-03  1.13e+01   229s
  50   4.89072254e+10  4.89074168e+10  6.49e-04 5.13e-03  3.73e+00   232s
  51   4.89072414e+10  4.89072655e+10  2.96e-04 4.52e-03  7.01e-01   235s
  52   4.89072437e+10  4.89072344e+10  8.18e-05 4.98e-03  9.51e-02   241s

Barrier performed 52 iterations in 240.71 seconds
Barrier solve interrupted - model solved by another algorithm


Solved with primal simplex
Solved in 26565 iterations and 240.84 seconds
Optimal objective  4.890725613e+10

User-callback calls 2209, time in user-callback 0.01 sec

Gurobi 9.1.2 (linux64) logging started Thu Jul  8 18:24:08 2021


Gurobi 9.1.2 (linux64) logging started Thu Jul  8 18:24:10 2021

Gurobi Optimizer version 9.1.2 build v9.1.2rc0 (linux64)
Thread count: 40 physical cores, 40 logical processors, using up to 32 threads
Optimize a model with 59682 rows, 25295 columns and 179855 nonzeros
Model fingerprint: 0x9e8b328a
Coefficient statistics:
  Matrix range     [1e-06, 3e-03]
  Objective range  [1e+01, 4e+05]
  Bounds range     [1e+03, 8e+06]
  RHS range        [6e-03, 8e+05]

Concurrent LP optimizer: primal simplex, dual simplex, and barrier
Showing barrier log only...

Presolve removed 18356 rows and 6321 columns
Presolve removed 7541 rows and 15612 columns
Presolve time: 0.47s
Presolved: 17754 rows, 44070 columns, 152146 nonzeros

Ordering time: 2.39s

Barrier statistics:
 Dense cols : 2
 Free vars  : 584
 AA' NZ     : 1.908e+05
 Factor NZ  : 1.476e+06 (roughly 40 MBytes of memory)
 Factor Ops : 2.195e+08 (less than 1 second per iteration)
 Threads    : 30

                  Objective                Residual
Iter       Primal          Dual         Primal    Dual     Compl     Time
   0  -2.80010581e+14 -1.05440040e+12  2.62e+10 3.14e+02  1.62e+12     4s
   1  -1.56554847e+14  7.29875221e+14  1.12e+10 4.58e+03  6.81e+11     8s
   2  -8.59970064e+13  9.21925311e+14  3.83e+09 2.30e+03  2.61e+11    14s
   3  -8.03991112e+13  7.82048107e+14  1.09e+09 8.69e+02  8.74e+10    21s
   4  -7.58995114e+13  4.68881071e+14  1.30e+08 2.79e+02  2.04e+10    26s
   5  -3.17040256e+13  1.26470231e+14  1.28e+07 3.71e+01  3.60e+09    29s
   6  -4.35399286e+12  2.15242101e+13  1.27e+06 5.33e+00  5.24e+08    32s
   7  -1.08829481e+12  1.28442042e+13  3.73e+05 2.94e+00  2.76e+08    35s
   8  -7.30042715e+11  6.50488841e+12  3.01e+05 1.20e+00  1.40e+08    38s
   9  -1.05553189e+12  5.29615455e+12  2.51e+05 9.18e-01  1.21e+08    41s
  10  -2.41121595e+11  1.98054350e+12  2.49e+04 1.66e-01  4.01e+07    46s
  11  -6.00677587e+10  3.88403175e+11  3.12e+03 8.84e-03  7.98e+06    49s
  12  -1.16528393e+10  1.56986838e+11  1.07e+03 2.72e-03  2.98e+06    55s
  13   6.41803098e+09  1.18979102e+11  6.98e+02 1.75e-03  1.98e+06    60s
  14   2.48350314e+10  8.65146796e+10  3.96e+02 9.55e-04  1.08e+06    67s
  15   3.51769415e+10  7.21713958e+10  2.36e+02 5.37e-04  6.50e+05    72s
  16   4.10429594e+10  6.52690493e+10  1.43e+02 3.57e-04  4.26e+05    80s
  17   4.27820337e+10  6.15566630e+10  1.11e+02 2.74e-04  3.30e+05    86s
  18   4.34912474e+10  5.90054119e+10  9.77e+01 2.18e-04  2.72e+05    96s
  19   4.47689796e+10  5.53868521e+10  7.53e+01 1.24e-04  1.86e+05   103s
  20   4.66314524e+10  5.35632652e+10  4.18e+01 8.42e-05  1.22e+05   114s
  21   4.67922138e+10  5.27983975e+10  3.87e+01 7.03e-05  1.05e+05   128s
  22   4.71925752e+10  5.19642274e+10  3.12e+01 5.51e-05  8.36e+04   138s
  23   4.74736577e+10  5.11552946e+10  2.61e+01 3.90e-05  6.44e+04   150s
  24   4.78900499e+10  5.04216616e+10  1.85e+01 2.54e-05  4.43e+04   170s
  25   4.81770452e+10  5.00891139e+10  1.32e+01 1.93e-05  3.35e+04   191s
  26   4.82596451e+10  4.98168028e+10  1.18e+01 1.45e-05  2.72e+04   214s
  27   4.84239065e+10  4.95790087e+10  9.00e+00 1.03e-05  2.02e+04   238s
  28   4.85882394e+10  4.93853167e+10  6.05e+00 6.98e-06  1.39e+04   262s
  29   4.86736027e+10  4.92496129e+10  4.41e+00 4.81e-06  1.01e+04   295s
  30   4.87362518e+10  4.91485691e+10  3.24e+00 1.64e-05  7.20e+03   317s
  31   4.87600352e+10  4.90962145e+10  2.80e+00 1.16e-05  5.86e+03   336s
  32   4.87981619e+10  4.90651554e+10  2.08e+00 1.01e-04  4.66e+03   351s

Barrier performed 32 iterations in 350.98 seconds
Barrier solve interrupted - model solved by another algorithm


Solved with primal simplex
Solved in 30748 iterations and 351.12 seconds
Optimal objective  4.890671338e+10

User-callback calls 983, time in user-callback 0.01 sec
