
Gurobi 9.1.2 (linux64) logging started Wed Jul  7 13:37:03 2021


Gurobi 9.1.2 (linux64) logging started Wed Jul  7 13:37:05 2021

Gurobi Optimizer version 9.1.2 build v9.1.2rc0 (linux64)
Thread count: 40 physical cores, 40 logical processors, using up to 32 threads
Optimize a model with 59682 rows, 25295 columns and 180468 nonzeros
Model fingerprint: 0x5ada5fe4
Coefficient statistics:
  Matrix range     [3e-04, 3e+01]
  Objective range  [7e+01, 4e+05]
  Bounds range     [1e+03, 8e+06]
  RHS range        [6e+00, 3e+07]

Concurrent LP optimizer: primal simplex, dual simplex, and barrier
Showing barrier log only...

Presolve removed 15819 rows and 4948 columns
Presolve removed 5884 rows and 12770 columns
Presolve time: 0.53s
Presolved: 19411 rows, 46912 columns, 151775 nonzeros

Ordering time: 2.68s

Barrier statistics:
 Dense cols : 2
 Free vars  : 1336
 AA' NZ     : 1.949e+05
 Factor NZ  : 1.508e+06 (roughly 40 MBytes of memory)
 Factor Ops : 2.128e+08 (less than 1 second per iteration)
 Threads    : 30

                  Objective                Residual
Iter       Primal          Dual         Primal    Dual     Compl     Time
   0  -4.15508005e+14 -1.32624338e+13  3.19e+08 1.17e+05  5.91e+12     4s
   1  -4.30090545e+14  8.80215391e+14  1.88e+08 1.77e+06  3.21e+12     7s
   2  -3.41442769e+14  1.48744957e+15  7.75e+07 7.64e+05  1.36e+12    10s
   3  -2.24235998e+14  1.63053744e+15  2.05e+07 2.99e+05  4.21e+11    15s
   4  -1.70592462e+14  1.39407486e+15  7.78e+06 1.29e+05  1.75e+11    19s
   5  -1.64797853e+14  1.05991191e+15  4.33e+06 6.29e+04  9.43e+10    22s
   6  -1.20764901e+14  8.16305447e+14  2.09e+06 3.39e+04  4.87e+10    25s
   7  -7.59895703e+13  5.32131473e+14  9.40e+05 1.64e+04  2.33e+10    28s
   8  -3.66537395e+13  3.18249958e+14  3.76e+05 7.89e+03  1.06e+10    31s
   9  -1.24023952e+13  1.38676589e+14  8.75e+04 2.67e+03  3.52e+09    37s
  10  -4.99603459e+12  5.25907140e+13  2.53e+04 8.66e+02  1.18e+09    40s
  11  -2.66332798e+12  1.86833036e+13  1.30e+04 2.69e+02  4.12e+08    46s
  12  -2.32845927e+12  8.40088719e+12  1.16e+04 1.04e+02  2.03e+08    51s
  13  -7.04521207e+11  3.91344977e+12  2.60e+03 4.33e+01  8.03e+07    59s
  14  -3.25055813e+11  2.06001506e+12  1.18e+03 2.18e+01  4.06e+07    65s
  15  -1.38736265e+11  7.93826616e+11  5.12e+02 7.82e+00  1.57e+07    75s
  16  -2.80833014e+10  3.82936322e+11  1.91e+02 3.42e+00  6.86e+06    80s
  17   2.64011268e+10  2.32337202e+11  7.11e+01 1.73e+00  3.43e+06    84s
  18   5.04787524e+10  1.67662440e+11  3.32e+01 1.04e+00  1.95e+06    86s
  19   6.46206483e+10  1.30329395e+11  1.58e+01 5.90e-01  1.09e+06    92s
  20   6.99265508e+10  1.06443992e+11  1.01e+01 3.06e-01  6.07e+05    95s
  21   7.30762066e+10  9.81124687e+10  6.60e+00 2.09e-01  4.16e+05    98s
  22   7.52270397e+10  9.19959597e+10  4.50e+00 1.36e-01  2.79e+05   103s
  23   7.71763815e+10  8.85299058e+10  2.76e+00 9.40e-02  1.89e+05   107s
  24   7.83599842e+10  8.53243866e+10  1.71e+00 1.43e-01  1.16e+05   112s
  25   7.89810959e+10  8.41188293e+10  1.21e+00 1.70e-01  8.61e+04   115s
  26   7.94316252e+10  8.30862812e+10  8.74e-01 2.20e-01  6.16e+04   120s
  27   7.97515238e+10  8.24926427e+10  6.54e-01 2.39e-01  4.66e+04   125s
  28   8.01319540e+10  8.19345706e+10  3.95e-01 2.33e-01  3.12e+04   128s
  29   8.04014087e+10  8.15141962e+10  2.20e-01 2.41e-01  1.98e+04   134s
  30   8.05663477e+10  8.13253049e+10  1.19e-01 2.48e-01  1.40e+04   137s
  31   8.05837561e+10  8.12327332e+10  1.09e-01 2.56e-01  1.22e+04   139s
  32   8.06130993e+10  8.11401250e+10  9.10e-02 2.64e-01  1.02e+04   142s
  33   8.06544105e+10  8.10785622e+10  6.63e-02 2.71e-01  8.56e+03   144s
  34   8.06920880e+10  8.09277886e+10  4.47e-02 2.87e-01  5.47e+03   148s
  35   8.07147789e+10  8.08333149e+10  3.16e-02 2.99e-01  3.55e+03   151s
  36   8.07330517e+10  8.08117388e+10  2.19e-02 3.01e-01  2.90e+03   155s
  37   8.07410622e+10  8.07852663e+10  1.73e-02 3.02e-01  2.32e+03   157s
  38   8.07494018e+10  8.07650355e+10  1.30e-02 3.05e-01  1.85e+03   159s
  39   8.07590723e+10  8.07372480e+10  7.78e-03 3.09e-01  1.25e+03   163s
  40   8.07635142e+10  8.07245273e+10  5.42e-03 3.11e-01  9.72e+02   166s
  41   8.07664063e+10  8.07056447e+10  3.86e-03 3.11e-01  6.16e+02   170s
  42   8.07683358e+10  8.06988630e+10  2.92e-03 3.11e-01  4.75e+02   172s
  43   8.07701151e+10  8.06938891e+10  2.01e-03 3.11e-01  3.68e+02   174s
  44   8.07711734e+10  8.06881148e+10  1.50e-03 3.10e-01  2.59e+02   177s
  45   8.07720670e+10  8.06845257e+10  1.41e-03 3.08e-01  1.85e+02   179s
  46   8.07727148e+10  8.06826212e+10  3.79e-03 3.07e-01  1.44e+02   182s
  47   8.07735204e+10  8.06804610e+10  1.96e-03 3.07e-01  9.58e+01   186s
  48   8.07740380e+10  8.06792665e+10  1.63e-03 3.07e-01  6.75e+01   189s
  49   8.07744006e+10  8.06780012e+10  1.57e-03 3.06e-01  4.17e+01   192s
  50   8.07745746e+10  8.06773217e+10  1.21e-03 3.06e-01  2.65e+01   194s
  51   8.07749504e+10  8.06768792e+10  1.26e-03 3.06e-01  1.55e+01   197s
  52   8.07751180e+10  8.06766358e+10  1.32e-03 3.07e-01  1.03e+01   199s
  53   8.07752530e+10  8.06763934e+10  1.27e-03 3.07e-01  5.42e+00   203s
  54   8.07754520e+10  8.06763725e+10  9.75e-04 3.04e-01  3.31e+00   206s
  55   8.07754752e+10  8.06765718e+10  8.74e-04 3.02e-01  3.21e+00   209s
  56   8.07755391e+10  8.06766994e+10  3.14e-03 3.02e-01  3.19e+00   212s
  57   8.07755420e+10  8.06768498e+10  3.15e-03 3.01e-01  3.18e+00   216s
  58   8.07756139e+10  8.06768861e+10  3.48e-03 3.01e-01  3.17e+00   219s
  59   8.07757708e+10  8.06768835e+10  3.36e-03 3.01e-01  3.17e+00   225s
  60   8.07759225e+10  8.06768976e+10  3.36e-03 3.01e-01  3.18e+00   230s
  61   8.07757598e+10  8.06769038e+10  3.32e-03 3.01e-01  3.19e+00   235s
  62   8.07760012e+10  8.06769231e+10  3.38e-03 3.01e-01  3.20e+00   240s
  63   8.07760005e+10  8.06769830e+10  3.37e-03 3.01e-01  3.22e+00   244s
  64   8.07759334e+10  8.06770531e+10  3.31e-03 3.01e-01  3.24e+00   250s

Barrier performed 64 iterations in 249.97 seconds
Sub-optimal termination - objective 8.07754520e+10

Crossover log...

   11741 DPushes remaining with DInf 0.0000000e+00               251s
     672 DPushes remaining with DInf 0.0000000e+00               255s
     236 DPushes remaining with DInf 0.0000000e+00               260s
       0 DPushes remaining with DInf 0.0000000e+00               263s

   42885 PPushes remaining with PInf 8.6729679e-01               263s
   10717 PPushes remaining with PInf 5.9166071e+07               265s
       0 PPushes remaining with PInf 3.0311440e+07               269s

  Push phase complete: Pinf 3.0311440e+07, Dinf 7.4459732e-13    269s

Iteration    Objective       Primal Inf.    Dual Inf.      Time
   52252    7.9585218e+10   0.000000e+00   7.556279e+08    269s
   52460    7.9641018e+10   0.000000e+00   2.772508e+09    271s
   53188    7.9847937e+10   0.000000e+00   1.618046e+09    276s
   54124    8.0227440e+10   0.000000e+00   4.579691e+08    281s
   54748    8.0399264e+10   0.000000e+00   1.479434e+08    285s
   55580    8.0565236e+10   0.000000e+00   1.101807e+07    291s
   56308    8.0630999e+10   0.000000e+00   2.512018e+07    295s
   57140    8.0704597e+10   0.000000e+00   2.904837e+07    300s
   57868    8.0761870e+10   0.000000e+00   4.216008e+06    305s
   58700    8.0807438e+10   0.000000e+00   1.212581e+07    310s
   59740    8.0850903e+10   0.000000e+00   1.046113e+07    315s
   60572    8.0883147e+10   0.000000e+00   1.140372e+07    320s
   61508    8.0900492e+10   0.000000e+00   8.427598e+07    325s
   62548    8.0911959e+10   0.000000e+00   4.801140e+05    330s
   63484    8.0925147e+10   0.000000e+00   3.385794e+05    335s
   64420    8.0943789e+10   0.000000e+00   4.043029e+05    340s
   65356    8.0954341e+10   0.000000e+00   4.814319e+04    346s
   66292    8.1006568e+10   0.000000e+00   1.148517e+06    350s
   67436    8.1039986e+10   0.000000e+00   3.152748e+05    355s
   68580    8.1061796e+10   0.000000e+00   7.543011e+05    360s
   69620    8.1085314e+10   0.000000e+00   3.378132e+07    365s
   70556    8.1133530e+10   0.000000e+00   5.567652e+06    371s
   71492    8.1158224e+10   0.000000e+00   5.477792e+06    376s
   72636    8.1165573e+10   0.000000e+00   2.377949e+07    380s
   73468    8.1188681e+10   0.000000e+00   3.098508e+06    385s
   74388    8.1118549e+10   0.000000e+00   3.084492e+08    391s
   75000    8.1183516e+10   0.000000e+00   9.952146e+07    395s
   75816    8.1205107e+10   0.000000e+00   6.075564e+07    400s
   76530    8.1213597e+10   0.000000e+00   5.702371e+03    405s
   77244    8.1229393e+10   0.000000e+00   1.455447e+06    410s
   78060    8.1254351e+10   0.000000e+00   8.301258e+06    416s
   78672    8.1262469e+10   0.000000e+00   2.538347e+07    420s
   79692    8.1275063e+10   0.000000e+00   5.340310e+06    425s
   80610    8.1289574e+10   0.000000e+00   1.203015e+07    430s
   81528    8.1300743e+10   0.000000e+00   3.625001e+06    435s
   82446    8.1309817e+10   0.000000e+00   8.117322e+05    440s
   83364    8.1324125e+10   0.000000e+00   6.077285e+06    446s
   84078    8.1335096e+10   0.000000e+00   3.956747e+05    450s
   84996    8.1369381e+10   0.000000e+00   1.004852e+07    455s
   85710    8.1375322e+10   0.000000e+00   1.383219e+06    460s
   86526    8.1384773e+10   0.000000e+00   1.348272e+06    465s
   87240    8.1416568e+10   0.000000e+00   3.691792e+06    470s
   88158    8.1432875e+10   0.000000e+00   2.775455e+05    476s
   89076    8.1443423e+10   0.000000e+00   1.768859e+06    480s
   89892    8.1472600e+10   0.000000e+00   6.182832e+06    485s
   90321    8.1450505e+10   1.245085e+03   8.684677e+09    490s
   91239    8.1501585e+10   0.000000e+00   1.402430e+06    495s
   92055    8.1520830e+10   0.000000e+00   7.235407e+07    500s
   92973    8.1539343e+10   0.000000e+00   4.257688e+07    505s
   94095    8.1561530e+10   0.000000e+00   1.123246e+05    510s
   95319    8.1580757e+10   0.000000e+00   6.093338e+03    515s
   96339    8.1597484e+10   0.000000e+00   3.831775e+05    520s
   97390    8.1597714e+10   8.996554e+04   3.577894e+10    525s
   98413    7.9473596e+10   3.184939e+38   1.203931e+43    532s
   98513    7.9473596e+10   1.215184e+38   1.138785e+43    535s
   98754    7.9473596e+10   9.532384e+35   9.479146e+39    540s
   98954    7.9473596e+10   3.084345e+31   2.585316e+35    548s
   99054    7.9473596e+10   7.149521e+22   2.074673e+27    552s
   99923    7.8777056e+10   1.341137e+07   2.067876e+12    555s
  100663   -2.7011847e+11   5.877193e+07   1.220519e+12    562s
  100973   -1.9107125e+11   2.214163e+29   1.325966e+35    566s
  101285   -3.8420974e+10   1.018358e+07   1.574333e+12    570s
  101957   -1.5523863e+11   4.928104e+07   2.216578e+12    576s
  102334    6.6563311e+10   1.257853e+07   4.626722e+11    580s
  103412    1.1748886e+11   8.015447e+06   3.344206e+11    586s
  103853    3.2114529e+10   3.422996e+08   7.969028e+13    591s
  104520    5.7501148e+10   7.504827e+07   2.534385e+13    596s

Stopped in 104696 iterations and 3600.09 seconds
Numeric error

User-callback calls 2928707, time in user-callback 2.79 sec
